<?xml version="1.0" encoding="UTF-8"?>
<testsuites>
  <testsuite name="Quick test of pop dyn" timestamp="2019-08-23 12:35:31" hostname="DESKTOP-32IEE7L" tests="1" skipped="0" failures="0" errors="0" time="6.38">
    <testcase time="6.38" classname="Quick_test_of_pop_dyn" name="_unnamed_"/>
  </testsuite>
  <testsuite name="cpars works for all Stock, Fleet, Obs, Imp slots" timestamp="2019-08-23 12:35:37" hostname="DESKTOP-32IEE7L" tests="62" skipped="0" failures="0" errors="0" time="25.61">
    <testcase time="0.58" classname="cpars_works_for_all_Stock_Fleet_Obs_Imp_slots" name="cpars_works_with_Stock_slot_Name"/>
    <testcase time="0.43" classname="cpars_works_for_all_Stock_Fleet_Obs_Imp_slots" name="cpars_works_with_Stock_slot_Common_Name"/>
    <testcase time="0.44" classname="cpars_works_for_all_Stock_Fleet_Obs_Imp_slots" name="cpars_works_with_Stock_slot_Species"/>
    <testcase time="0.45" classname="cpars_works_for_all_Stock_Fleet_Obs_Imp_slots" name="cpars_works_with_Stock_slot_maxage"/>
    <testcase time="0.43" classname="cpars_works_for_all_Stock_Fleet_Obs_Imp_slots" name="cpars_works_with_Stock_slot_R0"/>
    <testcase time="0.5" classname="cpars_works_for_all_Stock_Fleet_Obs_Imp_slots" name="cpars_works_with_Stock_slot_M"/>
    <testcase time="0.42" classname="cpars_works_for_all_Stock_Fleet_Obs_Imp_slots" name="cpars_works_with_Stock_slot_M2"/>
    <testcase time="0.58" classname="cpars_works_for_all_Stock_Fleet_Obs_Imp_slots" name="cpars_works_with_Stock_slot_Mexp"/>
    <testcase time="0.45" classname="cpars_works_for_all_Stock_Fleet_Obs_Imp_slots" name="cpars_works_with_Stock_slot_Msd"/>
    <testcase time="0.41" classname="cpars_works_for_all_Stock_Fleet_Obs_Imp_slots" name="cpars_works_with_Stock_slot_Mgrad"/>
    <testcase time="0.46" classname="cpars_works_for_all_Stock_Fleet_Obs_Imp_slots" name="cpars_works_with_Stock_slot_h"/>
    <testcase time="0.41" classname="cpars_works_for_all_Stock_Fleet_Obs_Imp_slots" name="cpars_works_with_Stock_slot_SRrel"/>
    <testcase time="0.45" classname="cpars_works_for_all_Stock_Fleet_Obs_Imp_slots" name="cpars_works_with_Stock_slot_Perr"/>
    <testcase time="0.43" classname="cpars_works_for_all_Stock_Fleet_Obs_Imp_slots" name="cpars_works_with_Stock_slot_AC"/>
    <testcase time="0.4" classname="cpars_works_for_all_Stock_Fleet_Obs_Imp_slots" name="cpars_works_with_Stock_slot_Period"/>
    <testcase time="0.41" classname="cpars_works_for_all_Stock_Fleet_Obs_Imp_slots" name="cpars_works_with_Stock_slot_Amplitude"/>
    <testcase time="0.45" classname="cpars_works_for_all_Stock_Fleet_Obs_Imp_slots" name="cpars_works_with_Stock_slot_Linf"/>
    <testcase time="0.42" classname="cpars_works_for_all_Stock_Fleet_Obs_Imp_slots" name="cpars_works_with_Stock_slot_K"/>
    <testcase time="0.43" classname="cpars_works_for_all_Stock_Fleet_Obs_Imp_slots" name="cpars_works_with_Stock_slot_t0"/>
    <testcase time="0.42" classname="cpars_works_for_all_Stock_Fleet_Obs_Imp_slots" name="cpars_works_with_Stock_slot_LenCV"/>
    <testcase time="0.4" classname="cpars_works_for_all_Stock_Fleet_Obs_Imp_slots" name="cpars_works_with_Stock_slot_Ksd"/>
    <testcase time="0.44" classname="cpars_works_for_all_Stock_Fleet_Obs_Imp_slots" name="cpars_works_with_Stock_slot_Kgrad"/>
    <testcase time="0.44" classname="cpars_works_for_all_Stock_Fleet_Obs_Imp_slots" name="cpars_works_with_Stock_slot_Linfsd"/>
    <testcase time="0.4" classname="cpars_works_for_all_Stock_Fleet_Obs_Imp_slots" name="cpars_works_with_Stock_slot_Linfgrad"/>
    <testcase time="0.43" classname="cpars_works_for_all_Stock_Fleet_Obs_Imp_slots" name="cpars_works_with_Stock_slot_L50"/>
    <testcase time="0.43" classname="cpars_works_for_all_Stock_Fleet_Obs_Imp_slots" name="cpars_works_with_Stock_slot_L50_95"/>
    <testcase time="0.46" classname="cpars_works_for_all_Stock_Fleet_Obs_Imp_slots" name="cpars_works_with_Stock_slot_D"/>
    <testcase time="0.43" classname="cpars_works_for_all_Stock_Fleet_Obs_Imp_slots" name="cpars_works_with_Stock_slot_a"/>
    <testcase time="0.41" classname="cpars_works_for_all_Stock_Fleet_Obs_Imp_slots" name="cpars_works_with_Stock_slot_b"/>
    <testcase time="0.42" classname="cpars_works_for_all_Stock_Fleet_Obs_Imp_slots" name="cpars_works_with_Stock_slot_Size_area_1"/>
    <testcase time="0.42" classname="cpars_works_for_all_Stock_Fleet_Obs_Imp_slots" name="cpars_works_with_Stock_slot_Frac_area_1"/>
    <testcase time="0.41" classname="cpars_works_for_all_Stock_Fleet_Obs_Imp_slots" name="cpars_works_with_Stock_slot_Prob_staying"/>
    <testcase time="0.55" classname="cpars_works_for_all_Stock_Fleet_Obs_Imp_slots" name="cpars_works_with_Stock_slot_Fdisc"/>
    <testcase time="0.4" classname="cpars_works_for_all_Stock_Fleet_Obs_Imp_slots" name="cpars_works_with_Stock_slot_Source"/>
    <testcase time="0.41" classname="cpars_works_for_all_Stock_Fleet_Obs_Imp_slots" name="cpars_works_with_Fleet_slot_Name"/>
    <testcase time="0.41" classname="cpars_works_for_all_Stock_Fleet_Obs_Imp_slots" name="cpars_works_with_Fleet_slot_nyears"/>
    <testcase time="0.43" classname="cpars_works_for_all_Stock_Fleet_Obs_Imp_slots" name="cpars_works_with_Fleet_slot_Spat_targ"/>
    <testcase time="0" classname="cpars_works_for_all_Stock_Fleet_Obs_Imp_slots" name="cpars_works_with_Fleet_slot_EffYears"/>
    <testcase time="0.02" classname="cpars_works_for_all_Stock_Fleet_Obs_Imp_slots" name="cpars_works_with_Fleet_slot_EffLower"/>
    <testcase time="0" classname="cpars_works_for_all_Stock_Fleet_Obs_Imp_slots" name="cpars_works_with_Fleet_slot_EffUpper"/>
    <testcase time="0.42" classname="cpars_works_for_all_Stock_Fleet_Obs_Imp_slots" name="cpars_works_with_Fleet_slot_Esd"/>
    <testcase time="0.42" classname="cpars_works_for_all_Stock_Fleet_Obs_Imp_slots" name="cpars_works_with_Fleet_slot_qinc"/>
    <testcase time="0.44" classname="cpars_works_for_all_Stock_Fleet_Obs_Imp_slots" name="cpars_works_with_Fleet_slot_qcv"/>
    <testcase time="0.44" classname="cpars_works_for_all_Stock_Fleet_Obs_Imp_slots" name="cpars_works_with_Fleet_slot_L5"/>
    <testcase time="0.44" classname="cpars_works_for_all_Stock_Fleet_Obs_Imp_slots" name="cpars_works_with_Fleet_slot_LFS"/>
    <testcase time="0.43" classname="cpars_works_for_all_Stock_Fleet_Obs_Imp_slots" name="cpars_works_with_Fleet_slot_Vmaxlen"/>
    <testcase time="0.43" classname="cpars_works_for_all_Stock_Fleet_Obs_Imp_slots" name="cpars_works_with_Fleet_slot_isRel"/>
    <testcase time="0.4" classname="cpars_works_for_all_Stock_Fleet_Obs_Imp_slots" name="cpars_works_with_Fleet_slot_LR5"/>
    <testcase time="0.44" classname="cpars_works_for_all_Stock_Fleet_Obs_Imp_slots" name="cpars_works_with_Fleet_slot_LFR"/>
    <testcase time="0.44" classname="cpars_works_for_all_Stock_Fleet_Obs_Imp_slots" name="cpars_works_with_Fleet_slot_Rmaxlen"/>
    <testcase time="0.4" classname="cpars_works_for_all_Stock_Fleet_Obs_Imp_slots" name="cpars_works_with_Fleet_slot_DR"/>
    <testcase time="0.42" classname="cpars_works_for_all_Stock_Fleet_Obs_Imp_slots" name="cpars_works_with_Fleet_slot_SelYears"/>
    <testcase time="0.41" classname="cpars_works_for_all_Stock_Fleet_Obs_Imp_slots" name="cpars_works_with_Fleet_slot_AbsSelYears"/>
    <testcase time="0.42" classname="cpars_works_for_all_Stock_Fleet_Obs_Imp_slots" name="cpars_works_with_Fleet_slot_L5Lower"/>
    <testcase time="0.42" classname="cpars_works_for_all_Stock_Fleet_Obs_Imp_slots" name="cpars_works_with_Fleet_slot_L5Upper"/>
    <testcase time="0.43" classname="cpars_works_for_all_Stock_Fleet_Obs_Imp_slots" name="cpars_works_with_Fleet_slot_LFSLower"/>
    <testcase time="0.42" classname="cpars_works_for_all_Stock_Fleet_Obs_Imp_slots" name="cpars_works_with_Fleet_slot_LFSUpper"/>
    <testcase time="0.42" classname="cpars_works_for_all_Stock_Fleet_Obs_Imp_slots" name="cpars_works_with_Fleet_slot_VmaxLower"/>
    <testcase time="0.42" classname="cpars_works_for_all_Stock_Fleet_Obs_Imp_slots" name="cpars_works_with_Fleet_slot_VmaxUpper"/>
    <testcase time="0.42" classname="cpars_works_for_all_Stock_Fleet_Obs_Imp_slots" name="cpars_works_with_Fleet_slot_CurrentYr"/>
    <testcase time="0.43" classname="cpars_works_for_all_Stock_Fleet_Obs_Imp_slots" name="cpars_works_with_Fleet_slot_MPA"/>
    <testcase time="0.42" classname="cpars_works_for_all_Stock_Fleet_Obs_Imp_slots" name="cpars_works_with_Fleet_slots_EffLower_EffUpper_EffYears"/>
  </testsuite>
  <testsuite name="Data_Functions" timestamp="2019-08-23 12:36:03" hostname="DESKTOP-32IEE7L" tests="35" skipped="0" failures="0" errors="0" time="17.26">
    <testcase time="4.04" classname="Data_Functions" name="runMP_Can_Cant_Needed_Sense_TAC_work_with_Atlantic_mackerel"/>
    <testcase time="0" classname="Data_Functions" name="runMP_Can_Cant_Needed_Sense_TAC_work_with_Atlantic_mackerel"/>
    <testcase time="0" classname="Data_Functions" name="runMP_Can_Cant_Needed_Sense_TAC_work_with_Atlantic_mackerel"/>
    <testcase time="0.07" classname="Data_Functions" name="runMP_Can_Cant_Needed_Sense_TAC_work_with_Atlantic_mackerel"/>
    <testcase time="0.04" classname="Data_Functions" name="runMP_Can_Cant_Needed_Sense_TAC_work_with_Atlantic_mackerel"/>
    <testcase time="0.25" classname="Data_Functions" name="runMP_Can_Cant_Needed_Sense_TAC_work_with_China_rockfish"/>
    <testcase time="0" classname="Data_Functions" name="runMP_Can_Cant_Needed_Sense_TAC_work_with_China_rockfish"/>
    <testcase time="0" classname="Data_Functions" name="runMP_Can_Cant_Needed_Sense_TAC_work_with_China_rockfish"/>
    <testcase time="0.07" classname="Data_Functions" name="runMP_Can_Cant_Needed_Sense_TAC_work_with_China_rockfish"/>
    <testcase time="0.03" classname="Data_Functions" name="runMP_Can_Cant_Needed_Sense_TAC_work_with_China_rockfish"/>
    <testcase time="0.28" classname="Data_Functions" name="runMP_Can_Cant_Needed_Sense_TAC_work_with_Cobia"/>
    <testcase time="0.01" classname="Data_Functions" name="runMP_Can_Cant_Needed_Sense_TAC_work_with_Cobia"/>
    <testcase time="0" classname="Data_Functions" name="runMP_Can_Cant_Needed_Sense_TAC_work_with_Cobia"/>
    <testcase time="0.05" classname="Data_Functions" name="runMP_Can_Cant_Needed_Sense_TAC_work_with_Cobia"/>
    <testcase time="0.03" classname="Data_Functions" name="runMP_Can_Cant_Needed_Sense_TAC_work_with_Cobia"/>
    <testcase time="3.41" classname="Data_Functions" name="runMP_Can_Cant_Needed_Sense_TAC_work_with_Example_datafile"/>
    <testcase time="0" classname="Data_Functions" name="runMP_Can_Cant_Needed_Sense_TAC_work_with_Example_datafile"/>
    <testcase time="0" classname="Data_Functions" name="runMP_Can_Cant_Needed_Sense_TAC_work_with_Example_datafile"/>
    <testcase time="0.06" classname="Data_Functions" name="runMP_Can_Cant_Needed_Sense_TAC_work_with_Example_datafile"/>
    <testcase time="0.05" classname="Data_Functions" name="runMP_Can_Cant_Needed_Sense_TAC_work_with_Example_datafile"/>
    <testcase time="0.28" classname="Data_Functions" name="runMP_Can_Cant_Needed_Sense_TAC_work_with_Gulf_blue_tilefish"/>
    <testcase time="0" classname="Data_Functions" name="runMP_Can_Cant_Needed_Sense_TAC_work_with_Gulf_blue_tilefish"/>
    <testcase time="0" classname="Data_Functions" name="runMP_Can_Cant_Needed_Sense_TAC_work_with_Gulf_blue_tilefish"/>
    <testcase time="0.06" classname="Data_Functions" name="runMP_Can_Cant_Needed_Sense_TAC_work_with_Gulf_blue_tilefish"/>
    <testcase time="0.03" classname="Data_Functions" name="runMP_Can_Cant_Needed_Sense_TAC_work_with_Gulf_blue_tilefish"/>
    <testcase time="7.14" classname="Data_Functions" name="runMP_Can_Cant_Needed_Sense_TAC_work_with_ourReefFish"/>
    <testcase time="0" classname="Data_Functions" name="runMP_Can_Cant_Needed_Sense_TAC_work_with_ourReefFish"/>
    <testcase time="0" classname="Data_Functions" name="runMP_Can_Cant_Needed_Sense_TAC_work_with_ourReefFish"/>
    <testcase time="0.1" classname="Data_Functions" name="runMP_Can_Cant_Needed_Sense_TAC_work_with_ourReefFish"/>
    <testcase time="0.06" classname="Data_Functions" name="runMP_Can_Cant_Needed_Sense_TAC_work_with_ourReefFish"/>
    <testcase time="1.05" classname="Data_Functions" name="runMP_Can_Cant_Needed_Sense_TAC_work_with_Red_snapper"/>
    <testcase time="0" classname="Data_Functions" name="runMP_Can_Cant_Needed_Sense_TAC_work_with_Red_snapper"/>
    <testcase time="0" classname="Data_Functions" name="runMP_Can_Cant_Needed_Sense_TAC_work_with_Red_snapper"/>
    <testcase time="0.06" classname="Data_Functions" name="runMP_Can_Cant_Needed_Sense_TAC_work_with_Red_snapper"/>
    <testcase time="0.09" classname="Data_Functions" name="runMP_Can_Cant_Needed_Sense_TAC_work_with_Red_snapper"/>
  </testsuite>
  <testsuite name="test plot Data" timestamp="2019-08-23 12:36:20" hostname="DESKTOP-32IEE7L" tests="16" skipped="0" failures="0" errors="0" time="21.21">
    <testcase time="1.52" classname="test_plot_Data" name="plot_works_with_Atlantic_mackerel"/>
    <testcase time="0.5" classname="test_plot_Data" name="plot_works_with_China_rockfish"/>
    <testcase time="0.53" classname="test_plot_Data" name="plot_works_with_Cobia"/>
    <testcase time="3.58" classname="test_plot_Data" name="plot_works_with_Example_datafile"/>
    <testcase time="0.53" classname="test_plot_Data" name="plot_works_with_Gulf_blue_tilefish"/>
    <testcase time="7.19" classname="test_plot_Data" name="plot_works_with_ourReefFish"/>
    <testcase time="1.06" classname="test_plot_Data" name="plot_works_with_Red_snapper"/>
    <testcase time="1.08" classname="test_plot_Data" name="plot_works_with_out"/>
    <testcase time="0.64" classname="test_plot_Data" name="_summary_works_with_Atlantic_mackerel"/>
    <testcase time="0.53" classname="test_plot_Data" name="_summary_works_with_China_rockfish"/>
    <testcase time="0.61" classname="test_plot_Data" name="_summary_works_with_Cobia"/>
    <testcase time="0.64" classname="test_plot_Data" name="_summary_works_with_Example_datafile"/>
    <testcase time="0.5" classname="test_plot_Data" name="_summary_works_with_Gulf_blue_tilefish"/>
    <testcase time="0.91" classname="test_plot_Data" name="_summary_works_with_ourReefFish"/>
    <testcase time="0.68" classname="test_plot_Data" name="_summary_works_with_Red_snapper"/>
    <testcase time="0.71" classname="test_plot_Data" name="_summary_works_with_out"/>
  </testsuite>
  <testsuite name="Test Data2csv function" timestamp="2019-08-23 12:36:41" hostname="DESKTOP-32IEE7L" tests="1431" skipped="0" failures="2" errors="0" time="19.11">
    <testcase time="0.18" classname="Test_Data2csv_function" name="Data2csv_works_with_Atlantic_mackerel"/>
    <testcase time="0" classname="Test_Data2csv_function" name="Data2csv_works_with_Atlantic_mackerel"/>
    <testcase time="0" classname="Test_Data2csv_function" name="Data2csv_works_with_Atlantic_mackerel"/>
    <testcase time="0" classname="Test_Data2csv_function" name="Data2csv_works_with_Atlantic_mackerel"/>
    <testcase time="0" classname="Test_Data2csv_function" name="Data2csv_works_with_Atlantic_mackerel"/>
    <testcase time="0" classname="Test_Data2csv_function" name="Data2csv_works_with_Atlantic_mackerel"/>
    <testcase time="0" classname="Test_Data2csv_function" name="Data2csv_works_with_Atlantic_mackerel"/>
    <testcase time="0" classname="Test_Data2csv_function" name="Data2csv_works_with_Atlantic_mackerel"/>
    <testcase time="0" classname="Test_Data2csv_function" name="Data2csv_works_with_Atlantic_mackerel"/>
    <testcase time="0" classname="Test_Data2csv_function" name="Data2csv_works_with_Atlantic_mackerel"/>
    <testcase time="0" classname="Test_Data2csv_function" name="Data2csv_works_with_Atlantic_mackerel"/>
    <testcase time="0.02" classname="Test_Data2csv_function" name="Data2csv_works_with_Atlantic_mackerel"/>
    <testcase time="0" classname="Test_Data2csv_function" name="Data2csv_works_with_Atlantic_mackerel"/>
    <testcase time="0" classname="Test_Data2csv_function" name="Data2csv_works_with_Atlantic_mackerel"/>
    <testcase time="0" classname="Test_Data2csv_function" name="Data2csv_works_with_Atlantic_mackerel"/>
    <testcase time="0" classname="Test_Data2csv_function" name="Data2csv_works_with_Atlantic_mackerel"/>
    <testcase time="0" classname="Test_Data2csv_function" name="Data2csv_works_with_Atlantic_mackerel"/>
    <testcase time="0" classname="Test_Data2csv_function" name="Data2csv_works_with_Atlantic_mackerel"/>
    <testcase time="0" classname="Test_Data2csv_function" name="Data2csv_works_with_Atlantic_mackerel"/>
    <testcase time="0" classname="Test_Data2csv_function" name="Data2csv_works_with_Atlantic_mackerel"/>
    <testcase time="0" classname="Test_Data2csv_function" name="Data2csv_works_with_Atlantic_mackerel"/>
    <testcase time="0" classname="Test_Data2csv_function" name="Data2csv_works_with_Atlantic_mackerel"/>
    <testcase time="0" classname="Test_Data2csv_function" name="Data2csv_works_with_Atlantic_mackerel"/>
    <testcase time="0" classname="Test_Data2csv_function" name="Data2csv_works_with_Atlantic_mackerel"/>
    <testcase time="0" classname="Test_Data2csv_function" name="Data2csv_works_with_Atlantic_mackerel"/>
    <testcase time="0" classname="Test_Data2csv_function" name="Data2csv_works_with_Atlantic_mackerel"/>
    <testcase time="0" classname="Test_Data2csv_function" name="Data2csv_works_with_Atlantic_mackerel"/>
    <testcase time="0" classname="Test_Data2csv_function" name="Data2csv_works_with_Atlantic_mackerel"/>
    <testcase time="0" classname="Test_Data2csv_function" name="Data2csv_works_with_Atlantic_mackerel"/>
    <testcase time="0.02" classname="Test_Data2csv_function" name="Data2csv_works_with_Atlantic_mackerel"/>
    <testcase time="0" classname="Test_Data2csv_function" name="Data2csv_works_with_Atlantic_mackerel"/>
    <testcase time="0" classname="Test_Data2csv_function" name="Data2csv_works_with_Atlantic_mackerel"/>
    <testcase time="0" classname="Test_Data2csv_function" name="Data2csv_works_with_Atlantic_mackerel"/>
    <testcase time="0" classname="Test_Data2csv_function" name="Data2csv_works_with_Atlantic_mackerel"/>
    <testcase time="0" classname="Test_Data2csv_function" name="Data2csv_works_with_Atlantic_mackerel"/>
    <testcase time="0" classname="Test_Data2csv_function" name="Data2csv_works_with_Atlantic_mackerel"/>
    <testcase time="0" classname="Test_Data2csv_function" name="Data2csv_works_with_Atlantic_mackerel"/>
    <testcase time="0" classname="Test_Data2csv_function" name="Data2csv_works_with_Atlantic_mackerel"/>
    <testcase time="0" classname="Test_Data2csv_function" name="Data2csv_works_with_Atlantic_mackerel"/>
    <testcase time="0" classname="Test_Data2csv_function" name="Data2csv_works_with_Atlantic_mackerel"/>
    <testcase time="0" classname="Test_Data2csv_function" name="Data2csv_works_with_Atlantic_mackerel"/>
    <testcase time="0" classname="Test_Data2csv_function" name="Data2csv_works_with_Atlantic_mackerel"/>
    <testcase time="0" classname="Test_Data2csv_function" name="Data2csv_works_with_Atlantic_mackerel"/>
    <testcase time="0.01" classname="Test_Data2csv_function" name="Data2csv_works_with_Atlantic_mackerel"/>
    <testcase time="0" classname="Test_Data2csv_function" name="Data2csv_works_with_Atlantic_mackerel"/>
    <testcase time="0" classname="Test_Data2csv_function" name="Data2csv_works_with_Atlantic_mackerel"/>
    <testcase time="0" classname="Test_Data2csv_function" name="Data2csv_works_with_Atlantic_mackerel"/>
    <testcase time="0" classname="Test_Data2csv_function" name="Data2csv_works_with_Atlantic_mackerel"/>
    <testcase time="0" classname="Test_Data2csv_function" name="Data2csv_works_with_Atlantic_mackerel"/>
    <testcase time="0" classname="Test_Data2csv_function" name="Data2csv_works_with_Atlantic_mackerel"/>
    <testcase time="0.05" classname="Test_Data2csv_function" name="Data2csv_works_with_Atlantic_mackerel"/>
    <testcase time="0" classname="Test_Data2csv_function" name="Data2csv_works_with_Atlantic_mackerel"/>
    <testcase time="0" classname="Test_Data2csv_function" name="Data2csv_works_with_Atlantic_mackerel"/>
    <testcase time="0" classname="Test_Data2csv_function" name="Data2csv_works_with_Atlantic_mackerel"/>
    <testcase time="0" classname="Test_Data2csv_function" name="Data2csv_works_with_Atlantic_mackerel"/>
    <testcase time="0" classname="Test_Data2csv_function" name="Data2csv_works_with_Atlantic_mackerel"/>
    <testcase time="0" classname="Test_Data2csv_function" name="Data2csv_works_with_Atlantic_mackerel"/>
    <testcase time="0.01" classname="Test_Data2csv_function" name="Data2csv_works_with_Atlantic_mackerel"/>
    <testcase time="0" classname="Test_Data2csv_function" name="Data2csv_works_with_Atlantic_mackerel"/>
    <testcase time="0" classname="Test_Data2csv_function" name="Data2csv_works_with_Atlantic_mackerel"/>
    <testcase time="0" classname="Test_Data2csv_function" name="Data2csv_works_with_Atlantic_mackerel"/>
    <testcase time="0" classname="Test_Data2csv_function" name="Data2csv_works_with_Atlantic_mackerel"/>
    <testcase time="0" classname="Test_Data2csv_function" name="Data2csv_works_with_Atlantic_mackerel"/>
    <testcase time="0" classname="Test_Data2csv_function" name="Data2csv_works_with_Atlantic_mackerel"/>
    <testcase time="0" classname="Test_Data2csv_function" name="Data2csv_works_with_Atlantic_mackerel"/>
    <testcase time="0" classname="Test_Data2csv_function" name="Data2csv_works_with_Atlantic_mackerel"/>
    <testcase time="0" classname="Test_Data2csv_function" name="Data2csv_works_with_Atlantic_mackerel"/>
    <testcase time="0" classname="Test_Data2csv_function" name="Data2csv_works_with_Atlantic_mackerel"/>
    <testcase time="0" classname="Test_Data2csv_function" name="Data2csv_works_with_Atlantic_mackerel"/>
    <testcase time="0.02" classname="Test_Data2csv_function" name="Data2csv_works_with_Atlantic_mackerel"/>
    <testcase time="0" classname="Test_Data2csv_function" name="Data2csv_works_with_Atlantic_mackerel"/>
    <testcase time="0" classname="Test_Data2csv_function" name="Data2csv_works_with_Atlantic_mackerel"/>
    <testcase time="0.01" classname="Test_Data2csv_function" name="Data2csv_works_with_Atlantic_mackerel"/>
    <testcase time="0" classname="Test_Data2csv_function" name="Data2csv_works_with_Atlantic_mackerel"/>
    <testcase time="0" classname="Test_Data2csv_function" name="Data2csv_works_with_Atlantic_mackerel"/>
    <testcase time="0" classname="Test_Data2csv_function" name="Data2csv_works_with_Atlantic_mackerel"/>
    <testcase time="0" classname="Test_Data2csv_function" name="Data2csv_works_with_Atlantic_mackerel"/>
    <testcase time="0" classname="Test_Data2csv_function" name="Data2csv_works_with_Atlantic_mackerel"/>
    <testcase time="0" classname="Test_Data2csv_function" name="Data2csv_works_with_Atlantic_mackerel"/>
    <testcase time="0" classname="Test_Data2csv_function" name="Data2csv_works_with_Atlantic_mackerel"/>
    <testcase time="0.02" classname="Test_Data2csv_function" name="Data2csv_works_with_Atlantic_mackerel"/>
    <testcase time="0" classname="Test_Data2csv_function" name="Data2csv_works_with_Atlantic_mackerel"/>
    <testcase time="0" classname="Test_Data2csv_function" name="Data2csv_works_with_Atlantic_mackerel"/>
    <testcase time="0" classname="Test_Data2csv_function" name="Data2csv_works_with_Atlantic_mackerel"/>
    <testcase time="0" classname="Test_Data2csv_function" name="Data2csv_works_with_Atlantic_mackerel"/>
    <testcase time="0" classname="Test_Data2csv_function" name="Data2csv_works_with_Atlantic_mackerel"/>
    <testcase time="0" classname="Test_Data2csv_function" name="Data2csv_works_with_Atlantic_mackerel"/>
    <testcase time="0" classname="Test_Data2csv_function" name="Data2csv_works_with_Atlantic_mackerel"/>
    <testcase time="0" classname="Test_Data2csv_function" name="Data2csv_works_with_Atlantic_mackerel"/>
    <testcase time="0.02" classname="Test_Data2csv_function" name="Data2csv_works_with_Atlantic_mackerel"/>
    <testcase time="0" classname="Test_Data2csv_function" name="Data2csv_works_with_Atlantic_mackerel"/>
    <testcase time="0" classname="Test_Data2csv_function" name="Data2csv_works_with_Atlantic_mackerel"/>
    <testcase time="0" classname="Test_Data2csv_function" name="Data2csv_works_with_Atlantic_mackerel"/>
    <testcase time="0" classname="Test_Data2csv_function" name="Data2csv_works_with_Atlantic_mackerel"/>
    <testcase time="0" classname="Test_Data2csv_function" name="Data2csv_works_with_Atlantic_mackerel"/>
    <testcase time="0" classname="Test_Data2csv_function" name="Data2csv_works_with_Atlantic_mackerel"/>
    <testcase time="0" classname="Test_Data2csv_function" name="Data2csv_works_with_Atlantic_mackerel"/>
    <testcase time="0" classname="Test_Data2csv_function" name="Data2csv_works_with_Atlantic_mackerel"/>
    <testcase time="0" classname="Test_Data2csv_function" name="Data2csv_works_with_Atlantic_mackerel"/>
    <testcase time="0.01" classname="Test_Data2csv_function" name="Data2csv_works_with_Atlantic_mackerel"/>
    <testcase time="0" classname="Test_Data2csv_function" name="Data2csv_works_with_Atlantic_mackerel"/>
    <testcase time="0" classname="Test_Data2csv_function" name="Data2csv_works_with_Atlantic_mackerel"/>
    <testcase time="0" classname="Test_Data2csv_function" name="Data2csv_works_with_Atlantic_mackerel"/>
    <testcase time="0" classname="Test_Data2csv_function" name="Data2csv_works_with_Atlantic_mackerel"/>
    <testcase time="0" classname="Test_Data2csv_function" name="Data2csv_works_with_Atlantic_mackerel"/>
    <testcase time="0" classname="Test_Data2csv_function" name="Data2csv_works_with_Atlantic_mackerel"/>
    <testcase time="0" classname="Test_Data2csv_function" name="Data2csv_works_with_Atlantic_mackerel"/>
    <testcase time="0" classname="Test_Data2csv_function" name="Data2csv_works_with_Atlantic_mackerel"/>
    <testcase time="0.02" classname="Test_Data2csv_function" name="Data2csv_works_with_Atlantic_mackerel"/>
    <testcase time="0" classname="Test_Data2csv_function" name="Data2csv_works_with_Atlantic_mackerel"/>
    <testcase time="0" classname="Test_Data2csv_function" name="Data2csv_works_with_Atlantic_mackerel"/>
    <testcase time="0" classname="Test_Data2csv_function" name="Data2csv_works_with_Atlantic_mackerel"/>
    <testcase time="0" classname="Test_Data2csv_function" name="Data2csv_works_with_Atlantic_mackerel"/>
    <testcase time="0" classname="Test_Data2csv_function" name="Data2csv_works_with_Atlantic_mackerel"/>
    <testcase time="0" classname="Test_Data2csv_function" name="Data2csv_works_with_Atlantic_mackerel"/>
    <testcase time="0" classname="Test_Data2csv_function" name="Data2csv_works_with_Atlantic_mackerel"/>
    <testcase time="0.01" classname="Test_Data2csv_function" name="Data2csv_works_with_Atlantic_mackerel"/>
    <testcase time="0" classname="Test_Data2csv_function" name="Data2csv_works_with_Atlantic_mackerel"/>
    <testcase time="0" classname="Test_Data2csv_function" name="Data2csv_works_with_Atlantic_mackerel"/>
    <testcase time="0" classname="Test_Data2csv_function" name="Data2csv_works_with_Atlantic_mackerel"/>
    <testcase time="0" classname="Test_Data2csv_function" name="Data2csv_works_with_Atlantic_mackerel"/>
    <testcase time="0" classname="Test_Data2csv_function" name="Data2csv_works_with_Atlantic_mackerel"/>
    <testcase time="0" classname="Test_Data2csv_function" name="Data2csv_works_with_Atlantic_mackerel"/>
    <testcase time="0" classname="Test_Data2csv_function" name="Data2csv_works_with_Atlantic_mackerel"/>
    <testcase time="0" classname="Test_Data2csv_function" name="Data2csv_works_with_Atlantic_mackerel"/>
    <testcase time="0.02" classname="Test_Data2csv_function" name="Data2csv_works_with_Atlantic_mackerel"/>
    <testcase time="0" classname="Test_Data2csv_function" name="Data2csv_works_with_Atlantic_mackerel"/>
    <testcase time="0.01" classname="Test_Data2csv_function" name="Data2csv_works_with_Atlantic_mackerel"/>
    <testcase time="0" classname="Test_Data2csv_function" name="Data2csv_works_with_Atlantic_mackerel"/>
    <testcase time="0" classname="Test_Data2csv_function" name="Data2csv_works_with_Atlantic_mackerel"/>
    <testcase time="0" classname="Test_Data2csv_function" name="Data2csv_works_with_Atlantic_mackerel"/>
    <testcase time="0" classname="Test_Data2csv_function" name="Data2csv_works_with_Atlantic_mackerel"/>
    <testcase time="0" classname="Test_Data2csv_function" name="Data2csv_works_with_Atlantic_mackerel"/>
    <testcase time="0.02" classname="Test_Data2csv_function" name="Data2csv_works_with_Atlantic_mackerel"/>
    <testcase time="0" classname="Test_Data2csv_function" name="Data2csv_works_with_Atlantic_mackerel"/>
    <testcase time="0" classname="Test_Data2csv_function" name="Data2csv_works_with_Atlantic_mackerel"/>
    <testcase time="0" classname="Test_Data2csv_function" name="Data2csv_works_with_Atlantic_mackerel"/>
    <testcase time="0" classname="Test_Data2csv_function" name="Data2csv_works_with_Atlantic_mackerel"/>
    <testcase time="0" classname="Test_Data2csv_function" name="Data2csv_works_with_Atlantic_mackerel"/>
    <testcase time="0" classname="Test_Data2csv_function" name="Data2csv_works_with_Atlantic_mackerel"/>
    <testcase time="0.02" classname="Test_Data2csv_function" name="Data2csv_works_with_Atlantic_mackerel"/>
    <testcase time="0" classname="Test_Data2csv_function" name="Data2csv_works_with_Atlantic_mackerel"/>
    <testcase time="0" classname="Test_Data2csv_function" name="Data2csv_works_with_Atlantic_mackerel"/>
    <testcase time="0.26" classname="Test_Data2csv_function" name="Data2csv_works_with_China_rockfish"/>
    <testcase time="0" classname="Test_Data2csv_function" name="Data2csv_works_with_China_rockfish"/>
    <testcase time="0" classname="Test_Data2csv_function" name="Data2csv_works_with_China_rockfish"/>
    <testcase time="0" classname="Test_Data2csv_function" name="Data2csv_works_with_China_rockfish"/>
    <testcase time="0.02" classname="Test_Data2csv_function" name="Data2csv_works_with_China_rockfish"/>
    <testcase time="0" classname="Test_Data2csv_function" name="Data2csv_works_with_China_rockfish"/>
    <testcase time="0" classname="Test_Data2csv_function" name="Data2csv_works_with_China_rockfish"/>
    <testcase time="0" classname="Test_Data2csv_function" name="Data2csv_works_with_China_rockfish"/>
    <testcase time="0" classname="Test_Data2csv_function" name="Data2csv_works_with_China_rockfish"/>
    <testcase time="0" classname="Test_Data2csv_function" name="Data2csv_works_with_China_rockfish"/>
    <testcase time="0.01" classname="Test_Data2csv_function" name="Data2csv_works_with_China_rockfish"/>
    <testcase time="0" classname="Test_Data2csv_function" name="Data2csv_works_with_China_rockfish"/>
    <testcase time="0" classname="Test_Data2csv_function" name="Data2csv_works_with_China_rockfish"/>
    <testcase time="0" classname="Test_Data2csv_function" name="Data2csv_works_with_China_rockfish"/>
    <testcase time="0" classname="Test_Data2csv_function" name="Data2csv_works_with_China_rockfish"/>
    <testcase time="0" classname="Test_Data2csv_function" name="Data2csv_works_with_China_rockfish"/>
    <testcase time="0" classname="Test_Data2csv_function" name="Data2csv_works_with_China_rockfish"/>
    <testcase time="0.02" classname="Test_Data2csv_function" name="Data2csv_works_with_China_rockfish"/>
    <testcase time="0" classname="Test_Data2csv_function" name="Data2csv_works_with_China_rockfish"/>
    <testcase time="0.01" classname="Test_Data2csv_function" name="Data2csv_works_with_China_rockfish"/>
    <testcase time="0" classname="Test_Data2csv_function" name="Data2csv_works_with_China_rockfish"/>
    <testcase time="0" classname="Test_Data2csv_function" name="Data2csv_works_with_China_rockfish"/>
    <testcase time="0" classname="Test_Data2csv_function" name="Data2csv_works_with_China_rockfish"/>
    <testcase time="0" classname="Test_Data2csv_function" name="Data2csv_works_with_China_rockfish"/>
    <testcase time="0" classname="Test_Data2csv_function" name="Data2csv_works_with_China_rockfish"/>
    <testcase time="0.02" classname="Test_Data2csv_function" name="Data2csv_works_with_China_rockfish"/>
    <testcase time="0" classname="Test_Data2csv_function" name="Data2csv_works_with_China_rockfish"/>
    <testcase time="0" classname="Test_Data2csv_function" name="Data2csv_works_with_China_rockfish"/>
    <testcase time="0" classname="Test_Data2csv_function" name="Data2csv_works_with_China_rockfish"/>
    <testcase time="0" classname="Test_Data2csv_function" name="Data2csv_works_with_China_rockfish"/>
    <testcase time="0" classname="Test_Data2csv_function" name="Data2csv_works_with_China_rockfish"/>
    <testcase time="0.01" classname="Test_Data2csv_function" name="Data2csv_works_with_China_rockfish"/>
    <testcase time="0" classname="Test_Data2csv_function" name="Data2csv_works_with_China_rockfish"/>
    <testcase time="0" classname="Test_Data2csv_function" name="Data2csv_works_with_China_rockfish"/>
    <testcase time="0" classname="Test_Data2csv_function" name="Data2csv_works_with_China_rockfish"/>
    <testcase time="0" classname="Test_Data2csv_function" name="Data2csv_works_with_China_rockfish"/>
    <testcase time="0" classname="Test_Data2csv_function" name="Data2csv_works_with_China_rockfish"/>
    <testcase time="0" classname="Test_Data2csv_function" name="Data2csv_works_with_China_rockfish"/>
    <testcase time="0.02" classname="Test_Data2csv_function" name="Data2csv_works_with_China_rockfish"/>
    <testcase time="0" classname="Test_Data2csv_function" name="Data2csv_works_with_China_rockfish"/>
    <testcase time="0" classname="Test_Data2csv_function" name="Data2csv_works_with_China_rockfish"/>
    <testcase time="0" classname="Test_Data2csv_function" name="Data2csv_works_with_China_rockfish"/>
    <testcase time="0" classname="Test_Data2csv_function" name="Data2csv_works_with_China_rockfish"/>
    <testcase time="0" classname="Test_Data2csv_function" name="Data2csv_works_with_China_rockfish"/>
    <testcase time="0.02" classname="Test_Data2csv_function" name="Data2csv_works_with_China_rockfish"/>
    <testcase time="0" classname="Test_Data2csv_function" name="Data2csv_works_with_China_rockfish"/>
    <testcase time="0" classname="Test_Data2csv_function" name="Data2csv_works_with_China_rockfish"/>
    <testcase time="0" classname="Test_Data2csv_function" name="Data2csv_works_with_China_rockfish"/>
    <testcase time="0" classname="Test_Data2csv_function" name="Data2csv_works_with_China_rockfish"/>
    <testcase time="0.01" classname="Test_Data2csv_function" name="Data2csv_works_with_China_rockfish"/>
    <testcase time="0" classname="Test_Data2csv_function" name="Data2csv_works_with_China_rockfish"/>
    <testcase time="0.02" classname="Test_Data2csv_function" name="Data2csv_works_with_China_rockfish"/>
    <testcase time="0" classname="Test_Data2csv_function" name="Data2csv_works_with_China_rockfish"/>
    <testcase time="0" classname="Test_Data2csv_function" name="Data2csv_works_with_China_rockfish"/>
    <testcase time="0" classname="Test_Data2csv_function" name="Data2csv_works_with_China_rockfish"/>
    <testcase time="0" classname="Test_Data2csv_function" name="Data2csv_works_with_China_rockfish"/>
    <testcase time="0.01" classname="Test_Data2csv_function" name="Data2csv_works_with_China_rockfish"/>
    <testcase time="0" classname="Test_Data2csv_function" name="Data2csv_works_with_China_rockfish"/>
    <testcase time="0" classname="Test_Data2csv_function" name="Data2csv_works_with_China_rockfish"/>
    <testcase time="0" classname="Test_Data2csv_function" name="Data2csv_works_with_China_rockfish"/>
    <testcase time="0" classname="Test_Data2csv_function" name="Data2csv_works_with_China_rockfish"/>
    <testcase time="0" classname="Test_Data2csv_function" name="Data2csv_works_with_China_rockfish"/>
    <testcase time="0.02" classname="Test_Data2csv_function" name="Data2csv_works_with_China_rockfish"/>
    <testcase time="0" classname="Test_Data2csv_function" name="Data2csv_works_with_China_rockfish"/>
    <testcase time="0" classname="Test_Data2csv_function" name="Data2csv_works_with_China_rockfish"/>
    <testcase time="0" classname="Test_Data2csv_function" name="Data2csv_works_with_China_rockfish"/>
    <testcase time="0" classname="Test_Data2csv_function" name="Data2csv_works_with_China_rockfish"/>
    <testcase time="0" classname="Test_Data2csv_function" name="Data2csv_works_with_China_rockfish"/>
    <testcase time="0.01" classname="Test_Data2csv_function" name="Data2csv_works_with_China_rockfish"/>
    <testcase time="0" classname="Test_Data2csv_function" name="Data2csv_works_with_China_rockfish"/>
    <testcase time="0" classname="Test_Data2csv_function" name="Data2csv_works_with_China_rockfish"/>
    <testcase time="0" classname="Test_Data2csv_function" name="Data2csv_works_with_China_rockfish"/>
    <testcase time="0" classname="Test_Data2csv_function" name="Data2csv_works_with_China_rockfish"/>
    <testcase time="0.02" classname="Test_Data2csv_function" name="Data2csv_works_with_China_rockfish"/>
    <testcase time="0" classname="Test_Data2csv_function" name="Data2csv_works_with_China_rockfish"/>
    <testcase time="0" classname="Test_Data2csv_function" name="Data2csv_works_with_China_rockfish"/>
    <testcase time="0.02" classname="Test_Data2csv_function" name="Data2csv_works_with_China_rockfish"/>
    <testcase time="0" classname="Test_Data2csv_function" name="Data2csv_works_with_China_rockfish"/>
    <testcase time="0" classname="Test_Data2csv_function" name="Data2csv_works_with_China_rockfish"/>
    <testcase time="0" classname="Test_Data2csv_function" name="Data2csv_works_with_China_rockfish"/>
    <testcase time="0.01" classname="Test_Data2csv_function" name="Data2csv_works_with_China_rockfish"/>
    <testcase time="0" classname="Test_Data2csv_function" name="Data2csv_works_with_China_rockfish"/>
    <testcase time="0" classname="Test_Data2csv_function" name="Data2csv_works_with_China_rockfish"/>
    <testcase time="0" classname="Test_Data2csv_function" name="Data2csv_works_with_China_rockfish"/>
    <testcase time="0" classname="Test_Data2csv_function" name="Data2csv_works_with_China_rockfish"/>
    <testcase time="0.02" classname="Test_Data2csv_function" name="Data2csv_works_with_China_rockfish"/>
    <testcase time="0" classname="Test_Data2csv_function" name="Data2csv_works_with_China_rockfish"/>
    <testcase time="0" classname="Test_Data2csv_function" name="Data2csv_works_with_China_rockfish"/>
    <testcase time="0" classname="Test_Data2csv_function" name="Data2csv_works_with_China_rockfish"/>
    <testcase time="0" classname="Test_Data2csv_function" name="Data2csv_works_with_China_rockfish"/>
    <testcase time="0" classname="Test_Data2csv_function" name="Data2csv_works_with_China_rockfish"/>
    <testcase time="0.01" classname="Test_Data2csv_function" name="Data2csv_works_with_China_rockfish"/>
    <testcase time="0" classname="Test_Data2csv_function" name="Data2csv_works_with_China_rockfish"/>
    <testcase time="0" classname="Test_Data2csv_function" name="Data2csv_works_with_China_rockfish"/>
    <testcase time="0" classname="Test_Data2csv_function" name="Data2csv_works_with_China_rockfish"/>
    <testcase time="0" classname="Test_Data2csv_function" name="Data2csv_works_with_China_rockfish"/>
    <testcase time="0.02" classname="Test_Data2csv_function" name="Data2csv_works_with_China_rockfish"/>
    <testcase time="0" classname="Test_Data2csv_function" name="Data2csv_works_with_China_rockfish"/>
    <testcase time="0" classname="Test_Data2csv_function" name="Data2csv_works_with_China_rockfish"/>
    <testcase time="0" classname="Test_Data2csv_function" name="Data2csv_works_with_China_rockfish"/>
    <testcase time="0.01" classname="Test_Data2csv_function" name="Data2csv_works_with_China_rockfish"/>
    <testcase time="0.02" classname="Test_Data2csv_function" name="Data2csv_works_with_China_rockfish"/>
    <testcase time="0" classname="Test_Data2csv_function" name="Data2csv_works_with_China_rockfish"/>
    <testcase time="0" classname="Test_Data2csv_function" name="Data2csv_works_with_China_rockfish"/>
    <testcase time="0" classname="Test_Data2csv_function" name="Data2csv_works_with_China_rockfish"/>
    <testcase time="0.01" classname="Test_Data2csv_function" name="Data2csv_works_with_China_rockfish"/>
    <testcase time="0" classname="Test_Data2csv_function" name="Data2csv_works_with_China_rockfish"/>
    <testcase time="0" classname="Test_Data2csv_function" name="Data2csv_works_with_China_rockfish"/>
    <testcase time="0" classname="Test_Data2csv_function" name="Data2csv_works_with_China_rockfish"/>
    <testcase time="0" classname="Test_Data2csv_function" name="Data2csv_works_with_China_rockfish"/>
    <testcase time="0.02" classname="Test_Data2csv_function" name="Data2csv_works_with_China_rockfish"/>
    <testcase time="0" classname="Test_Data2csv_function" name="Data2csv_works_with_China_rockfish"/>
    <testcase time="0" classname="Test_Data2csv_function" name="Data2csv_works_with_China_rockfish"/>
    <testcase time="0" classname="Test_Data2csv_function" name="Data2csv_works_with_China_rockfish"/>
    <testcase time="0" classname="Test_Data2csv_function" name="Data2csv_works_with_China_rockfish"/>
    <testcase time="0.02" classname="Test_Data2csv_function" name="Data2csv_works_with_China_rockfish"/>
    <testcase time="0" classname="Test_Data2csv_function" name="Data2csv_works_with_China_rockfish"/>
    <testcase time="0" classname="Test_Data2csv_function" name="Data2csv_works_with_China_rockfish"/>
    <testcase time="0" classname="Test_Data2csv_function" name="Data2csv_works_with_China_rockfish"/>
    <testcase time="0.01" classname="Test_Data2csv_function" name="Data2csv_works_with_China_rockfish"/>
    <testcase time="0" classname="Test_Data2csv_function" name="Data2csv_works_with_China_rockfish"/>
    <testcase time="0.02" classname="Test_Data2csv_function" name="Data2csv_works_with_China_rockfish"/>
    <testcase time="0" classname="Test_Data2csv_function" name="Data2csv_works_with_China_rockfish"/>
    <testcase time="0" classname="Test_Data2csv_function" name="Data2csv_works_with_China_rockfish"/>
    <testcase time="0" classname="Test_Data2csv_function" name="Data2csv_works_with_China_rockfish"/>
    <testcase time="0.01" classname="Test_Data2csv_function" name="Data2csv_works_with_China_rockfish"/>
    <testcase time="0" classname="Test_Data2csv_function" name="Data2csv_works_with_China_rockfish"/>
    <testcase time="0" classname="Test_Data2csv_function" name="Data2csv_works_with_China_rockfish"/>
    <testcase time="0" classname="Test_Data2csv_function" name="Data2csv_works_with_China_rockfish"/>
    <testcase time="0" classname="Test_Data2csv_function" name="Data2csv_works_with_China_rockfish"/>
    <testcase time="0.02" classname="Test_Data2csv_function" name="Data2csv_works_with_China_rockfish"/>
    <testcase time="0" classname="Test_Data2csv_function" name="Data2csv_works_with_China_rockfish"/>
    <testcase time="0" classname="Test_Data2csv_function" name="Data2csv_works_with_China_rockfish"/>
    <testcase time="0" classname="Test_Data2csv_function" name="Data2csv_works_with_China_rockfish"/>
    <testcase time="0.01" classname="Test_Data2csv_function" name="Data2csv_works_with_China_rockfish"/>
    <testcase time="0" classname="Test_Data2csv_function" name="Data2csv_works_with_China_rockfish"/>
    <testcase time="0" classname="Test_Data2csv_function" name="Data2csv_works_with_China_rockfish"/>
    <testcase time="0" classname="Test_Data2csv_function" name="Data2csv_works_with_China_rockfish"/>
    <testcase time="0" classname="Test_Data2csv_function" name="Data2csv_works_with_China_rockfish"/>
    <testcase time="0.02" classname="Test_Data2csv_function" name="Data2csv_works_with_China_rockfish"/>
    <testcase time="0" classname="Test_Data2csv_function" name="Data2csv_works_with_China_rockfish"/>
    <testcase time="0.02" classname="Test_Data2csv_function" name="Data2csv_works_with_China_rockfish"/>
    <testcase time="0" classname="Test_Data2csv_function" name="Data2csv_works_with_China_rockfish"/>
    <testcase time="0.32" classname="Test_Data2csv_function" name="Data2csv_works_with_Cobia"/>
    <testcase time="0" classname="Test_Data2csv_function" name="Data2csv_works_with_Cobia"/>
    <testcase time="0.07" classname="Test_Data2csv_function" name="Data2csv_works_with_Cobia"/>
    <testcase time="0" classname="Test_Data2csv_function" name="Data2csv_works_with_Cobia"/>
    <testcase time="0" classname="Test_Data2csv_function" name="Data2csv_works_with_Cobia"/>
    <testcase time="0" classname="Test_Data2csv_function" name="Data2csv_works_with_Cobia"/>
    <testcase time="0.01" classname="Test_Data2csv_function" name="Data2csv_works_with_Cobia"/>
    <testcase time="0" classname="Test_Data2csv_function" name="Data2csv_works_with_Cobia"/>
    <testcase time="0" classname="Test_Data2csv_function" name="Data2csv_works_with_Cobia"/>
    <testcase time="0" classname="Test_Data2csv_function" name="Data2csv_works_with_Cobia"/>
    <testcase time="0.02" classname="Test_Data2csv_function" name="Data2csv_works_with_Cobia"/>
    <testcase time="0" classname="Test_Data2csv_function" name="Data2csv_works_with_Cobia"/>
    <testcase time="0" classname="Test_Data2csv_function" name="Data2csv_works_with_Cobia"/>
    <testcase time="0.01" classname="Test_Data2csv_function" name="Data2csv_works_with_Cobia"/>
    <testcase time="0.02" classname="Test_Data2csv_function" name="Data2csv_works_with_Cobia"/>
    <testcase time="0" classname="Test_Data2csv_function" name="Data2csv_works_with_Cobia"/>
    <testcase time="0" classname="Test_Data2csv_function" name="Data2csv_works_with_Cobia"/>
    <testcase time="0" classname="Test_Data2csv_function" name="Data2csv_works_with_Cobia"/>
    <testcase time="0.01" classname="Test_Data2csv_function" name="Data2csv_works_with_Cobia"/>
    <testcase time="0" classname="Test_Data2csv_function" name="Data2csv_works_with_Cobia"/>
    <testcase time="0" classname="Test_Data2csv_function" name="Data2csv_works_with_Cobia"/>
    <testcase time="0" classname="Test_Data2csv_function" name="Data2csv_works_with_Cobia"/>
    <testcase time="0.02" classname="Test_Data2csv_function" name="Data2csv_works_with_Cobia"/>
    <testcase time="0" classname="Test_Data2csv_function" name="Data2csv_works_with_Cobia"/>
    <testcase time="0" classname="Test_Data2csv_function" name="Data2csv_works_with_Cobia"/>
    <testcase time="0" classname="Test_Data2csv_function" name="Data2csv_works_with_Cobia"/>
    <testcase time="0.02" classname="Test_Data2csv_function" name="Data2csv_works_with_Cobia"/>
    <testcase time="0" classname="Test_Data2csv_function" name="Data2csv_works_with_Cobia"/>
    <testcase time="0" classname="Test_Data2csv_function" name="Data2csv_works_with_Cobia"/>
    <testcase time="0.01" classname="Test_Data2csv_function" name="Data2csv_works_with_Cobia"/>
    <testcase time="0" classname="Test_Data2csv_function" name="Data2csv_works_with_Cobia"/>
    <testcase time="0.02" classname="Test_Data2csv_function" name="Data2csv_works_with_Cobia"/>
    <testcase time="0" classname="Test_Data2csv_function" name="Data2csv_works_with_Cobia"/>
    <testcase time="0" classname="Test_Data2csv_function" name="Data2csv_works_with_Cobia"/>
    <testcase time="0" classname="Test_Data2csv_function" name="Data2csv_works_with_Cobia"/>
    <testcase time="0.01" classname="Test_Data2csv_function" name="Data2csv_works_with_Cobia"/>
    <testcase time="0" classname="Test_Data2csv_function" name="Data2csv_works_with_Cobia"/>
    <testcase time="0" classname="Test_Data2csv_function" name="Data2csv_works_with_Cobia"/>
    <testcase time="0" classname="Test_Data2csv_function" name="Data2csv_works_with_Cobia"/>
    <testcase time="0.02" classname="Test_Data2csv_function" name="Data2csv_works_with_Cobia"/>
    <testcase time="0" classname="Test_Data2csv_function" name="Data2csv_works_with_Cobia"/>
    <testcase time="0" classname="Test_Data2csv_function" name="Data2csv_works_with_Cobia"/>
    <testcase time="0" classname="Test_Data2csv_function" name="Data2csv_works_with_Cobia"/>
    <testcase time="0.01" classname="Test_Data2csv_function" name="Data2csv_works_with_Cobia"/>
    <testcase time="0" classname="Test_Data2csv_function" name="Data2csv_works_with_Cobia"/>
    <testcase time="0.25" classname="Test_Data2csv_function" name="Data2csv_works_with_Cobia"/>
    <testcase time="0" classname="Test_Data2csv_function" name="Data2csv_works_with_Cobia"/>
    <testcase time="0" classname="Test_Data2csv_function" name="Data2csv_works_with_Cobia"/>
    <testcase time="0.02" classname="Test_Data2csv_function" name="Data2csv_works_with_Cobia"/>
    <testcase time="0" classname="Test_Data2csv_function" name="Data2csv_works_with_Cobia"/>
    <testcase time="0" classname="Test_Data2csv_function" name="Data2csv_works_with_Cobia"/>
    <testcase time="0" classname="Test_Data2csv_function" name="Data2csv_works_with_Cobia"/>
    <testcase time="0.01" classname="Test_Data2csv_function" name="Data2csv_works_with_Cobia"/>
    <testcase time="0" classname="Test_Data2csv_function" name="Data2csv_works_with_Cobia"/>
    <testcase time="0" classname="Test_Data2csv_function" name="Data2csv_works_with_Cobia"/>
    <testcase time="0" classname="Test_Data2csv_function" name="Data2csv_works_with_Cobia"/>
    <testcase time="0.02" classname="Test_Data2csv_function" name="Data2csv_works_with_Cobia"/>
    <testcase time="0" classname="Test_Data2csv_function" name="Data2csv_works_with_Cobia"/>
    <testcase time="0" classname="Test_Data2csv_function" name="Data2csv_works_with_Cobia"/>
    <testcase time="0" classname="Test_Data2csv_function" name="Data2csv_works_with_Cobia"/>
    <testcase time="0.02" classname="Test_Data2csv_function" name="Data2csv_works_with_Cobia"/>
    <testcase time="0" classname="Test_Data2csv_function" name="Data2csv_works_with_Cobia"/>
    <testcase time="0" classname="Test_Data2csv_function" name="Data2csv_works_with_Cobia"/>
    <testcase time="0" classname="Test_Data2csv_function" name="Data2csv_works_with_Cobia"/>
    <testcase time="0.01" classname="Test_Data2csv_function" name="Data2csv_works_with_Cobia"/>
    <testcase time="0" classname="Test_Data2csv_function" name="Data2csv_works_with_Cobia"/>
    <testcase time="0" classname="Test_Data2csv_function" name="Data2csv_works_with_Cobia"/>
    <testcase time="0.02" classname="Test_Data2csv_function" name="Data2csv_works_with_Cobia"/>
    <testcase time="0" classname="Test_Data2csv_function" name="Data2csv_works_with_Cobia"/>
    <testcase time="0" classname="Test_Data2csv_function" name="Data2csv_works_with_Cobia"/>
    <testcase time="0.01" classname="Test_Data2csv_function" name="Data2csv_works_with_Cobia"/>
    <testcase time="0" classname="Test_Data2csv_function" name="Data2csv_works_with_Cobia"/>
    <testcase time="0" classname="Test_Data2csv_function" name="Data2csv_works_with_Cobia"/>
    <testcase time="0" classname="Test_Data2csv_function" name="Data2csv_works_with_Cobia"/>
    <testcase time="0.02" classname="Test_Data2csv_function" name="Data2csv_works_with_Cobia"/>
    <testcase time="0" classname="Test_Data2csv_function" name="Data2csv_works_with_Cobia"/>
    <testcase time="0" classname="Test_Data2csv_function" name="Data2csv_works_with_Cobia"/>
    <testcase time="0" classname="Test_Data2csv_function" name="Data2csv_works_with_Cobia"/>
    <testcase time="0.01" classname="Test_Data2csv_function" name="Data2csv_works_with_Cobia"/>
    <testcase time="0" classname="Test_Data2csv_function" name="Data2csv_works_with_Cobia"/>
    <testcase time="0" classname="Test_Data2csv_function" name="Data2csv_works_with_Cobia"/>
    <testcase time="0" classname="Test_Data2csv_function" name="Data2csv_works_with_Cobia"/>
    <testcase time="0" classname="Test_Data2csv_function" name="Data2csv_works_with_Cobia"/>
    <testcase time="0.02" classname="Test_Data2csv_function" name="Data2csv_works_with_Cobia"/>
    <testcase time="0" classname="Test_Data2csv_function" name="Data2csv_works_with_Cobia"/>
    <testcase time="0" classname="Test_Data2csv_function" name="Data2csv_works_with_Cobia"/>
    <testcase time="0" classname="Test_Data2csv_function" name="Data2csv_works_with_Cobia"/>
    <testcase time="0.02" classname="Test_Data2csv_function" name="Data2csv_works_with_Cobia"/>
    <testcase time="0.01" classname="Test_Data2csv_function" name="Data2csv_works_with_Cobia"/>
    <testcase time="0" classname="Test_Data2csv_function" name="Data2csv_works_with_Cobia"/>
    <testcase time="0.02" classname="Test_Data2csv_function" name="Data2csv_works_with_Cobia"/>
    <testcase time="0" classname="Test_Data2csv_function" name="Data2csv_works_with_Cobia"/>
    <testcase time="0" classname="Test_Data2csv_function" name="Data2csv_works_with_Cobia"/>
    <testcase time="0" classname="Test_Data2csv_function" name="Data2csv_works_with_Cobia"/>
    <testcase time="0.01" classname="Test_Data2csv_function" name="Data2csv_works_with_Cobia"/>
    <testcase time="0" classname="Test_Data2csv_function" name="Data2csv_works_with_Cobia"/>
    <testcase time="0" classname="Test_Data2csv_function" name="Data2csv_works_with_Cobia"/>
    <testcase time="0" classname="Test_Data2csv_function" name="Data2csv_works_with_Cobia"/>
    <testcase time="0.02" classname="Test_Data2csv_function" name="Data2csv_works_with_Cobia"/>
    <testcase time="0" classname="Test_Data2csv_function" name="Data2csv_works_with_Cobia"/>
    <testcase time="0" classname="Test_Data2csv_function" name="Data2csv_works_with_Cobia"/>
    <testcase time="0" classname="Test_Data2csv_function" name="Data2csv_works_with_Cobia"/>
    <testcase time="0.01" classname="Test_Data2csv_function" name="Data2csv_works_with_Cobia"/>
    <testcase time="0" classname="Test_Data2csv_function" name="Data2csv_works_with_Cobia"/>
    <testcase time="0" classname="Test_Data2csv_function" name="Data2csv_works_with_Cobia"/>
    <testcase time="0.02" classname="Test_Data2csv_function" name="Data2csv_works_with_Cobia"/>
    <testcase time="0" classname="Test_Data2csv_function" name="Data2csv_works_with_Cobia"/>
    <testcase time="0" classname="Test_Data2csv_function" name="Data2csv_works_with_Cobia"/>
    <testcase time="0.01" classname="Test_Data2csv_function" name="Data2csv_works_with_Cobia"/>
    <testcase time="0" classname="Test_Data2csv_function" name="Data2csv_works_with_Cobia"/>
    <testcase time="0.02" classname="Test_Data2csv_function" name="Data2csv_works_with_Cobia"/>
    <testcase time="0" classname="Test_Data2csv_function" name="Data2csv_works_with_Cobia"/>
    <testcase time="0" classname="Test_Data2csv_function" name="Data2csv_works_with_Cobia"/>
    <testcase time="0" classname="Test_Data2csv_function" name="Data2csv_works_with_Cobia"/>
    <testcase time="0.02" classname="Test_Data2csv_function" name="Data2csv_works_with_Cobia"/>
    <testcase time="0" classname="Test_Data2csv_function" name="Data2csv_works_with_Cobia"/>
    <testcase time="0" classname="Test_Data2csv_function" name="Data2csv_works_with_Cobia"/>
    <testcase time="0" classname="Test_Data2csv_function" name="Data2csv_works_with_Cobia"/>
    <testcase time="0.01" classname="Test_Data2csv_function" name="Data2csv_works_with_Cobia"/>
    <testcase time="0" classname="Test_Data2csv_function" name="Data2csv_works_with_Cobia"/>
    <testcase time="0" classname="Test_Data2csv_function" name="Data2csv_works_with_Cobia"/>
    <testcase time="0.02" classname="Test_Data2csv_function" name="Data2csv_works_with_Cobia"/>
    <testcase time="0" classname="Test_Data2csv_function" name="Data2csv_works_with_Cobia"/>
    <testcase time="0" classname="Test_Data2csv_function" name="Data2csv_works_with_Cobia"/>
    <testcase time="0" classname="Test_Data2csv_function" name="Data2csv_works_with_Cobia"/>
    <testcase time="0.01" classname="Test_Data2csv_function" name="Data2csv_works_with_Cobia"/>
    <testcase time="0.02" classname="Test_Data2csv_function" name="Data2csv_works_with_Cobia"/>
    <testcase time="0" classname="Test_Data2csv_function" name="Data2csv_works_with_Cobia"/>
    <testcase time="0" classname="Test_Data2csv_function" name="Data2csv_works_with_Cobia"/>
    <testcase time="0" classname="Test_Data2csv_function" name="Data2csv_works_with_Cobia"/>
    <testcase time="0.01" classname="Test_Data2csv_function" name="Data2csv_works_with_Cobia"/>
    <testcase time="0" classname="Test_Data2csv_function" name="Data2csv_works_with_Cobia"/>
    <testcase time="0" classname="Test_Data2csv_function" name="Data2csv_works_with_Cobia"/>
    <testcase time="0.02" classname="Test_Data2csv_function" name="Data2csv_works_with_Cobia"/>
    <testcase time="0" classname="Test_Data2csv_function" name="Data2csv_works_with_Cobia"/>
    <testcase time="0" classname="Test_Data2csv_function" name="Data2csv_works_with_Cobia"/>
    <testcase time="0" classname="Test_Data2csv_function" name="Data2csv_works_with_Cobia"/>
    <testcase time="0.02" classname="Test_Data2csv_function" name="Data2csv_works_with_Cobia"/>
    <testcase time="0" classname="Test_Data2csv_function" name="Data2csv_works_with_Cobia"/>
    <testcase time="0" classname="Test_Data2csv_function" name="Data2csv_works_with_Cobia"/>
    <testcase time="0.01" classname="Test_Data2csv_function" name="Data2csv_works_with_Cobia"/>
    <testcase time="0" classname="Test_Data2csv_function" name="Data2csv_works_with_Cobia"/>
    <testcase time="0" classname="Test_Data2csv_function" name="Data2csv_works_with_Cobia"/>
    <testcase time="0.28" classname="Test_Data2csv_function" name="Data2csv_works_with_Example_datafile"/>
    <testcase time="0" classname="Test_Data2csv_function" name="Data2csv_works_with_Example_datafile"/>
    <testcase time="0.02" classname="Test_Data2csv_function" name="Data2csv_works_with_Example_datafile"/>
    <testcase time="0" classname="Test_Data2csv_function" name="Data2csv_works_with_Example_datafile"/>
    <testcase time="0" classname="Test_Data2csv_function" name="Data2csv_works_with_Example_datafile"/>
    <testcase time="0.01" classname="Test_Data2csv_function" name="Data2csv_works_with_Example_datafile"/>
    <testcase time="0" classname="Test_Data2csv_function" name="Data2csv_works_with_Example_datafile"/>
    <testcase time="0" classname="Test_Data2csv_function" name="Data2csv_works_with_Example_datafile"/>
    <testcase time="0" classname="Test_Data2csv_function" name="Data2csv_works_with_Example_datafile"/>
    <testcase time="0.02" classname="Test_Data2csv_function" name="Data2csv_works_with_Example_datafile"/>
    <testcase time="0" classname="Test_Data2csv_function" name="Data2csv_works_with_Example_datafile"/>
    <testcase time="0" classname="Test_Data2csv_function" name="Data2csv_works_with_Example_datafile"/>
    <testcase time="0.01" classname="Test_Data2csv_function" name="Data2csv_works_with_Example_datafile"/>
    <testcase time="0" classname="Test_Data2csv_function" name="Data2csv_works_with_Example_datafile"/>
    <testcase time="0" classname="Test_Data2csv_function" name="Data2csv_works_with_Example_datafile"/>
    <testcase time="0.02" classname="Test_Data2csv_function" name="Data2csv_works_with_Example_datafile"/>
    <testcase time="0.02" classname="Test_Data2csv_function" name="Data2csv_works_with_Example_datafile"/>
    <testcase time="0" classname="Test_Data2csv_function" name="Data2csv_works_with_Example_datafile"/>
    <testcase time="0" classname="Test_Data2csv_function" name="Data2csv_works_with_Example_datafile"/>
    <testcase time="0.01" classname="Test_Data2csv_function" name="Data2csv_works_with_Example_datafile"/>
    <testcase time="0" classname="Test_Data2csv_function" name="Data2csv_works_with_Example_datafile"/>
    <testcase time="0" classname="Test_Data2csv_function" name="Data2csv_works_with_Example_datafile"/>
    <testcase time="0.02" classname="Test_Data2csv_function" name="Data2csv_works_with_Example_datafile"/>
    <testcase time="0" classname="Test_Data2csv_function" name="Data2csv_works_with_Example_datafile"/>
    <testcase time="0" classname="Test_Data2csv_function" name="Data2csv_works_with_Example_datafile"/>
    <testcase time="0" classname="Test_Data2csv_function" name="Data2csv_works_with_Example_datafile"/>
    <testcase time="0.01" classname="Test_Data2csv_function" name="Data2csv_works_with_Example_datafile"/>
    <testcase time="0" classname="Test_Data2csv_function" name="Data2csv_works_with_Example_datafile"/>
    <testcase time="0" classname="Test_Data2csv_function" name="Data2csv_works_with_Example_datafile"/>
    <testcase time="0.02" classname="Test_Data2csv_function" name="Data2csv_works_with_Example_datafile"/>
    <testcase time="0" classname="Test_Data2csv_function" name="Data2csv_works_with_Example_datafile"/>
    <testcase time="0.01" classname="Test_Data2csv_function" name="Data2csv_works_with_Example_datafile"/>
    <testcase time="0" classname="Test_Data2csv_function" name="Data2csv_works_with_Example_datafile"/>
    <testcase time="0.02" classname="Test_Data2csv_function" name="Data2csv_works_with_Example_datafile"/>
    <testcase time="0.05" classname="Test_Data2csv_function" name="Data2csv_works_with_Example_datafile"/>
    <testcase time="0" classname="Test_Data2csv_function" name="Data2csv_works_with_Example_datafile"/>
    <testcase time="0" classname="Test_Data2csv_function" name="Data2csv_works_with_Example_datafile"/>
    <testcase time="0.01" classname="Test_Data2csv_function" name="Data2csv_works_with_Example_datafile"/>
    <testcase time="0" classname="Test_Data2csv_function" name="Data2csv_works_with_Example_datafile"/>
    <testcase time="0" classname="Test_Data2csv_function" name="Data2csv_works_with_Example_datafile"/>
    <testcase time="0.02" classname="Test_Data2csv_function" name="Data2csv_works_with_Example_datafile"/>
    <testcase time="0" classname="Test_Data2csv_function" name="Data2csv_works_with_Example_datafile"/>
    <testcase time="0" classname="Test_Data2csv_function" name="Data2csv_works_with_Example_datafile"/>
    <testcase time="0.01" classname="Test_Data2csv_function" name="Data2csv_works_with_Example_datafile"/>
    <testcase time="0" classname="Test_Data2csv_function" name="Data2csv_works_with_Example_datafile"/>
    <testcase time="0.02" classname="Test_Data2csv_function" name="Data2csv_works_with_Example_datafile"/>
    <testcase time="0.01" classname="Test_Data2csv_function" name="Data2csv_works_with_Example_datafile"/>
    <testcase time="0" classname="Test_Data2csv_function" name="Data2csv_works_with_Example_datafile"/>
    <testcase time="0" classname="Test_Data2csv_function" name="Data2csv_works_with_Example_datafile"/>
    <testcase time="0.02" classname="Test_Data2csv_function" name="Data2csv_works_with_Example_datafile"/>
    <testcase time="0" classname="Test_Data2csv_function" name="Data2csv_works_with_Example_datafile"/>
    <testcase time="0" classname="Test_Data2csv_function" name="Data2csv_works_with_Example_datafile"/>
    <testcase time="0" classname="Test_Data2csv_function" name="Data2csv_works_with_Example_datafile"/>
    <testcase time="0.02" classname="Test_Data2csv_function" name="Data2csv_works_with_Example_datafile"/>
    <testcase time="0" classname="Test_Data2csv_function" name="Data2csv_works_with_Example_datafile"/>
    <testcase time="0" classname="Test_Data2csv_function" name="Data2csv_works_with_Example_datafile"/>
    <testcase time="0.01" classname="Test_Data2csv_function" name="Data2csv_works_with_Example_datafile"/>
    <testcase time="0" classname="Test_Data2csv_function" name="Data2csv_works_with_Example_datafile"/>
    <testcase time="0.02" classname="Test_Data2csv_function" name="Data2csv_works_with_Example_datafile"/>
    <testcase time="0" classname="Test_Data2csv_function" name="Data2csv_works_with_Example_datafile"/>
    <testcase time="0.01" classname="Test_Data2csv_function" name="Data2csv_works_with_Example_datafile"/>
    <testcase time="0" classname="Test_Data2csv_function" name="Data2csv_works_with_Example_datafile"/>
    <testcase time="0" classname="Test_Data2csv_function" name="Data2csv_works_with_Example_datafile"/>
    <testcase time="0.02" classname="Test_Data2csv_function" name="Data2csv_works_with_Example_datafile"/>
    <testcase time="0" classname="Test_Data2csv_function" name="Data2csv_works_with_Example_datafile"/>
    <testcase time="0" classname="Test_Data2csv_function" name="Data2csv_works_with_Example_datafile"/>
    <testcase time="0.01" classname="Test_Data2csv_function" name="Data2csv_works_with_Example_datafile"/>
    <testcase time="0" classname="Test_Data2csv_function" name="Data2csv_works_with_Example_datafile"/>
    <testcase time="0" classname="Test_Data2csv_function" name="Data2csv_works_with_Example_datafile"/>
    <testcase time="0.02" classname="Test_Data2csv_function" name="Data2csv_works_with_Example_datafile"/>
    <testcase time="0" classname="Test_Data2csv_function" name="Data2csv_works_with_Example_datafile"/>
    <testcase time="0.02" classname="Test_Data2csv_function" name="Data2csv_works_with_Example_datafile"/>
    <testcase time="0" classname="Test_Data2csv_function" name="Data2csv_works_with_Example_datafile"/>
    <testcase time="0.01" classname="Test_Data2csv_function" name="Data2csv_works_with_Example_datafile"/>
    <testcase time="0" classname="Test_Data2csv_function" name="Data2csv_works_with_Example_datafile"/>
    <testcase time="0" classname="Test_Data2csv_function" name="Data2csv_works_with_Example_datafile"/>
    <testcase time="0.02" classname="Test_Data2csv_function" name="Data2csv_works_with_Example_datafile"/>
    <testcase time="0" classname="Test_Data2csv_function" name="Data2csv_works_with_Example_datafile"/>
    <testcase time="0" classname="Test_Data2csv_function" name="Data2csv_works_with_Example_datafile"/>
    <testcase time="0.01" classname="Test_Data2csv_function" name="Data2csv_works_with_Example_datafile"/>
    <testcase time="0" classname="Test_Data2csv_function" name="Data2csv_works_with_Example_datafile"/>
    <testcase time="0" classname="Test_Data2csv_function" name="Data2csv_works_with_Example_datafile"/>
    <testcase time="0.02" classname="Test_Data2csv_function" name="Data2csv_works_with_Example_datafile"/>
    <testcase time="0" classname="Test_Data2csv_function" name="Data2csv_works_with_Example_datafile"/>
    <testcase time="0.01" classname="Test_Data2csv_function" name="Data2csv_works_with_Example_datafile"/>
    <testcase time="0" classname="Test_Data2csv_function" name="Data2csv_works_with_Example_datafile"/>
    <testcase time="0.02" classname="Test_Data2csv_function" name="Data2csv_works_with_Example_datafile"/>
    <testcase time="0" classname="Test_Data2csv_function" name="Data2csv_works_with_Example_datafile"/>
    <testcase time="0" classname="Test_Data2csv_function" name="Data2csv_works_with_Example_datafile"/>
    <testcase time="0.01" classname="Test_Data2csv_function" name="Data2csv_works_with_Example_datafile"/>
    <testcase time="0" classname="Test_Data2csv_function" name="Data2csv_works_with_Example_datafile"/>
    <testcase time="0" classname="Test_Data2csv_function" name="Data2csv_works_with_Example_datafile"/>
    <testcase time="0.02" classname="Test_Data2csv_function" name="Data2csv_works_with_Example_datafile"/>
    <testcase time="0" classname="Test_Data2csv_function" name="Data2csv_works_with_Example_datafile"/>
    <testcase time="0.02" classname="Test_Data2csv_function" name="Data2csv_works_with_Example_datafile"/>
    <testcase time="0.01" classname="Test_Data2csv_function" name="Data2csv_works_with_Example_datafile"/>
    <testcase time="0" classname="Test_Data2csv_function" name="Data2csv_works_with_Example_datafile"/>
    <testcase time="0" classname="Test_Data2csv_function" name="Data2csv_works_with_Example_datafile"/>
    <testcase time="0.02" classname="Test_Data2csv_function" name="Data2csv_works_with_Example_datafile"/>
    <testcase time="0" classname="Test_Data2csv_function" name="Data2csv_works_with_Example_datafile"/>
    <testcase time="0" classname="Test_Data2csv_function" name="Data2csv_works_with_Example_datafile"/>
    <testcase time="0.01" classname="Test_Data2csv_function" name="Data2csv_works_with_Example_datafile"/>
    <testcase time="0" classname="Test_Data2csv_function" name="Data2csv_works_with_Example_datafile"/>
    <testcase time="0" classname="Test_Data2csv_function" name="Data2csv_works_with_Example_datafile"/>
    <testcase time="0.02" classname="Test_Data2csv_function" name="Data2csv_works_with_Example_datafile"/>
    <testcase time="0" classname="Test_Data2csv_function" name="Data2csv_works_with_Example_datafile"/>
    <testcase time="0.01" classname="Test_Data2csv_function" name="Data2csv_works_with_Example_datafile"/>
    <testcase time="0" classname="Test_Data2csv_function" name="Data2csv_works_with_Example_datafile"/>
    <testcase time="0.02" classname="Test_Data2csv_function" name="Data2csv_works_with_Example_datafile"/>
    <testcase time="0" classname="Test_Data2csv_function" name="Data2csv_works_with_Example_datafile"/>
    <testcase time="0" classname="Test_Data2csv_function" name="Data2csv_works_with_Example_datafile"/>
    <testcase time="0.02" classname="Test_Data2csv_function" name="Data2csv_works_with_Example_datafile"/>
    <testcase time="0" classname="Test_Data2csv_function" name="Data2csv_works_with_Example_datafile"/>
    <testcase time="0" classname="Test_Data2csv_function" name="Data2csv_works_with_Example_datafile"/>
    <testcase time="0.01" classname="Test_Data2csv_function" name="Data2csv_works_with_Example_datafile"/>
    <testcase time="0" classname="Test_Data2csv_function" name="Data2csv_works_with_Example_datafile"/>
    <testcase time="0.02" classname="Test_Data2csv_function" name="Data2csv_works_with_Example_datafile"/>
    <testcase time="0.01" classname="Test_Data2csv_function" name="Data2csv_works_with_Example_datafile"/>
    <testcase time="0" classname="Test_Data2csv_function" name="Data2csv_works_with_Example_datafile"/>
    <testcase time="0" classname="Test_Data2csv_function" name="Data2csv_works_with_Example_datafile"/>
    <testcase time="0.02" classname="Test_Data2csv_function" name="Data2csv_works_with_Example_datafile"/>
    <testcase time="0" classname="Test_Data2csv_function" name="Data2csv_works_with_Example_datafile"/>
    <testcase time="0" classname="Test_Data2csv_function" name="Data2csv_works_with_Example_datafile"/>
    <testcase time="0.01" classname="Test_Data2csv_function" name="Data2csv_works_with_Example_datafile"/>
    <testcase time="0" classname="Test_Data2csv_function" name="Data2csv_works_with_Example_datafile"/>
    <testcase time="0.02" classname="Test_Data2csv_function" name="Data2csv_works_with_Example_datafile"/>
    <testcase time="0" classname="Test_Data2csv_function" name="Data2csv_works_with_Example_datafile"/>
    <testcase time="0.01" classname="Test_Data2csv_function" name="Data2csv_works_with_Example_datafile"/>
    <testcase time="0" classname="Test_Data2csv_function" name="Data2csv_works_with_Example_datafile"/>
    <testcase time="0.02" classname="Test_Data2csv_function" name="Data2csv_works_with_Example_datafile"/>
    <testcase time="0" classname="Test_Data2csv_function" name="Data2csv_works_with_Example_datafile"/>
    <testcase time="0" classname="Test_Data2csv_function" name="Data2csv_works_with_Example_datafile"/>
    <testcase time="0.02" classname="Test_Data2csv_function" name="Data2csv_works_with_Example_datafile"/>
    <testcase time="0" classname="Test_Data2csv_function" name="Data2csv_works_with_Example_datafile"/>
    <testcase time="0.01" classname="Test_Data2csv_function" name="Data2csv_works_with_Example_datafile"/>
    <testcase time="0" classname="Test_Data2csv_function" name="Data2csv_works_with_Example_datafile"/>
    <testcase time="0.02" classname="Test_Data2csv_function" name="Data2csv_works_with_Example_datafile"/>
    <testcase time="0" classname="Test_Data2csv_function" name="Data2csv_works_with_Example_datafile"/>
    <testcase time="0.01" classname="Test_Data2csv_function" name="Data2csv_works_with_Example_datafile"/>
    <testcase time="0" classname="Test_Data2csv_function" name="Data2csv_works_with_Example_datafile"/>
    <testcase time="0.02" classname="Test_Data2csv_function" name="Data2csv_works_with_Example_datafile"/>
    <testcase time="0" classname="Test_Data2csv_function" name="Data2csv_works_with_Example_datafile"/>
    <testcase time="0" classname="Test_Data2csv_function" name="Data2csv_works_with_Example_datafile"/>
    <testcase time="0.22" classname="Test_Data2csv_function" name="Data2csv_works_with_Gulf_blue_tilefish"/>
    <testcase time="0.01" classname="Test_Data2csv_function" name="Data2csv_works_with_Gulf_blue_tilefish"/>
    <testcase time="0" classname="Test_Data2csv_function" name="Data2csv_works_with_Gulf_blue_tilefish"/>
    <testcase time="0.02" classname="Test_Data2csv_function" name="Data2csv_works_with_Gulf_blue_tilefish"/>
    <testcase time="0" classname="Test_Data2csv_function" name="Data2csv_works_with_Gulf_blue_tilefish"/>
    <testcase time="0" classname="Test_Data2csv_function" name="Data2csv_works_with_Gulf_blue_tilefish"/>
    <testcase time="0.01" classname="Test_Data2csv_function" name="Data2csv_works_with_Gulf_blue_tilefish"/>
    <testcase time="0" classname="Test_Data2csv_function" name="Data2csv_works_with_Gulf_blue_tilefish"/>
    <testcase time="0.02" classname="Test_Data2csv_function" name="Data2csv_works_with_Gulf_blue_tilefish"/>
    <testcase time="0" classname="Test_Data2csv_function" name="Data2csv_works_with_Gulf_blue_tilefish"/>
    <testcase time="0.06" classname="Test_Data2csv_function" name="Data2csv_works_with_Gulf_blue_tilefish"/>
    <testcase time="0" classname="Test_Data2csv_function" name="Data2csv_works_with_Gulf_blue_tilefish"/>
    <testcase time="0.02" classname="Test_Data2csv_function" name="Data2csv_works_with_Gulf_blue_tilefish"/>
    <testcase time="0" classname="Test_Data2csv_function" name="Data2csv_works_with_Gulf_blue_tilefish"/>
    <testcase time="0" classname="Test_Data2csv_function" name="Data2csv_works_with_Gulf_blue_tilefish"/>
    <testcase time="0.01" classname="Test_Data2csv_function" name="Data2csv_works_with_Gulf_blue_tilefish"/>
    <testcase time="0" classname="Test_Data2csv_function" name="Data2csv_works_with_Gulf_blue_tilefish"/>
    <testcase time="0.02" classname="Test_Data2csv_function" name="Data2csv_works_with_Gulf_blue_tilefish"/>
    <testcase time="0.01" classname="Test_Data2csv_function" name="Data2csv_works_with_Gulf_blue_tilefish"/>
    <testcase time="0" classname="Test_Data2csv_function" name="Data2csv_works_with_Gulf_blue_tilefish"/>
    <testcase time="0.02" classname="Test_Data2csv_function" name="Data2csv_works_with_Gulf_blue_tilefish"/>
    <testcase time="0" classname="Test_Data2csv_function" name="Data2csv_works_with_Gulf_blue_tilefish"/>
    <testcase time="0" classname="Test_Data2csv_function" name="Data2csv_works_with_Gulf_blue_tilefish"/>
    <testcase time="0.02" classname="Test_Data2csv_function" name="Data2csv_works_with_Gulf_blue_tilefish"/>
    <testcase time="0" classname="Test_Data2csv_function" name="Data2csv_works_with_Gulf_blue_tilefish"/>
    <testcase time="0.01" classname="Test_Data2csv_function" name="Data2csv_works_with_Gulf_blue_tilefish"/>
    <testcase time="0.02" classname="Test_Data2csv_function" name="Data2csv_works_with_Gulf_blue_tilefish"/>
    <testcase time="0" classname="Test_Data2csv_function" name="Data2csv_works_with_Gulf_blue_tilefish"/>
    <testcase time="0.01" classname="Test_Data2csv_function" name="Data2csv_works_with_Gulf_blue_tilefish"/>
    <testcase time="0" classname="Test_Data2csv_function" name="Data2csv_works_with_Gulf_blue_tilefish"/>
    <testcase time="0" classname="Test_Data2csv_function" name="Data2csv_works_with_Gulf_blue_tilefish"/>
    <testcase time="0.02" classname="Test_Data2csv_function" name="Data2csv_works_with_Gulf_blue_tilefish"/>
    <testcase time="0" classname="Test_Data2csv_function" name="Data2csv_works_with_Gulf_blue_tilefish"/>
    <testcase time="0.01" classname="Test_Data2csv_function" name="Data2csv_works_with_Gulf_blue_tilefish"/>
    <testcase time="0.02" classname="Test_Data2csv_function" name="Data2csv_works_with_Gulf_blue_tilefish"/>
    <testcase time="0" classname="Test_Data2csv_function" name="Data2csv_works_with_Gulf_blue_tilefish"/>
    <testcase time="0" classname="Test_Data2csv_function" name="Data2csv_works_with_Gulf_blue_tilefish"/>
    <testcase time="0.02" classname="Test_Data2csv_function" name="Data2csv_works_with_Gulf_blue_tilefish"/>
    <testcase time="0" classname="Test_Data2csv_function" name="Data2csv_works_with_Gulf_blue_tilefish"/>
    <testcase time="0.01" classname="Test_Data2csv_function" name="Data2csv_works_with_Gulf_blue_tilefish"/>
    <testcase time="0" classname="Test_Data2csv_function" name="Data2csv_works_with_Gulf_blue_tilefish"/>
    <testcase time="0.02" classname="Test_Data2csv_function" name="Data2csv_works_with_Gulf_blue_tilefish"/>
    <testcase time="0.01" classname="Test_Data2csv_function" name="Data2csv_works_with_Gulf_blue_tilefish"/>
    <testcase time="0" classname="Test_Data2csv_function" name="Data2csv_works_with_Gulf_blue_tilefish"/>
    <testcase time="0" classname="Test_Data2csv_function" name="Data2csv_works_with_Gulf_blue_tilefish"/>
    <testcase time="0.02" classname="Test_Data2csv_function" name="Data2csv_works_with_Gulf_blue_tilefish"/>
    <testcase time="0" classname="Test_Data2csv_function" name="Data2csv_works_with_Gulf_blue_tilefish"/>
    <testcase time="0.01" classname="Test_Data2csv_function" name="Data2csv_works_with_Gulf_blue_tilefish"/>
    <testcase time="0.03" classname="Test_Data2csv_function" name="Data2csv_works_with_Gulf_blue_tilefish"/>
    <testcase time="0" classname="Test_Data2csv_function" name="Data2csv_works_with_Gulf_blue_tilefish"/>
    <testcase time="0.02" classname="Test_Data2csv_function" name="Data2csv_works_with_Gulf_blue_tilefish"/>
    <testcase time="0.02" classname="Test_Data2csv_function" name="Data2csv_works_with_Gulf_blue_tilefish"/>
    <testcase time="0" classname="Test_Data2csv_function" name="Data2csv_works_with_Gulf_blue_tilefish"/>
    <testcase time="0" classname="Test_Data2csv_function" name="Data2csv_works_with_Gulf_blue_tilefish"/>
    <testcase time="0.01" classname="Test_Data2csv_function" name="Data2csv_works_with_Gulf_blue_tilefish"/>
    <testcase time="0" classname="Test_Data2csv_function" name="Data2csv_works_with_Gulf_blue_tilefish"/>
    <testcase time="0.02" classname="Test_Data2csv_function" name="Data2csv_works_with_Gulf_blue_tilefish"/>
    <testcase time="0" classname="Test_Data2csv_function" name="Data2csv_works_with_Gulf_blue_tilefish"/>
    <testcase time="0.01" classname="Test_Data2csv_function" name="Data2csv_works_with_Gulf_blue_tilefish"/>
    <testcase time="0" classname="Test_Data2csv_function" name="Data2csv_works_with_Gulf_blue_tilefish"/>
    <testcase time="0" classname="Test_Data2csv_function" name="Data2csv_works_with_Gulf_blue_tilefish"/>
    <testcase time="0.03" classname="Test_Data2csv_function" name="Data2csv_works_with_Gulf_blue_tilefish"/>
    <testcase time="0" classname="Test_Data2csv_function" name="Data2csv_works_with_Gulf_blue_tilefish"/>
    <testcase time="0.02" classname="Test_Data2csv_function" name="Data2csv_works_with_Gulf_blue_tilefish"/>
    <testcase time="0" classname="Test_Data2csv_function" name="Data2csv_works_with_Gulf_blue_tilefish"/>
    <testcase time="0.02" classname="Test_Data2csv_function" name="Data2csv_works_with_Gulf_blue_tilefish"/>
    <testcase time="0" classname="Test_Data2csv_function" name="Data2csv_works_with_Gulf_blue_tilefish"/>
    <testcase time="0.01" classname="Test_Data2csv_function" name="Data2csv_works_with_Gulf_blue_tilefish"/>
    <testcase time="0" classname="Test_Data2csv_function" name="Data2csv_works_with_Gulf_blue_tilefish"/>
    <testcase time="0" classname="Test_Data2csv_function" name="Data2csv_works_with_Gulf_blue_tilefish"/>
    <testcase time="0.02" classname="Test_Data2csv_function" name="Data2csv_works_with_Gulf_blue_tilefish"/>
    <testcase time="0" classname="Test_Data2csv_function" name="Data2csv_works_with_Gulf_blue_tilefish"/>
    <testcase time="0.01" classname="Test_Data2csv_function" name="Data2csv_works_with_Gulf_blue_tilefish"/>
    <testcase time="0.02" classname="Test_Data2csv_function" name="Data2csv_works_with_Gulf_blue_tilefish"/>
    <testcase time="0.01" classname="Test_Data2csv_function" name="Data2csv_works_with_Gulf_blue_tilefish"/>
    <testcase time="0" classname="Test_Data2csv_function" name="Data2csv_works_with_Gulf_blue_tilefish"/>
    <testcase time="0.02" classname="Test_Data2csv_function" name="Data2csv_works_with_Gulf_blue_tilefish"/>
    <testcase time="0" classname="Test_Data2csv_function" name="Data2csv_works_with_Gulf_blue_tilefish"/>
    <testcase time="0.01" classname="Test_Data2csv_function" name="Data2csv_works_with_Gulf_blue_tilefish"/>
    <testcase time="0" classname="Test_Data2csv_function" name="Data2csv_works_with_Gulf_blue_tilefish"/>
    <testcase time="0.02" classname="Test_Data2csv_function" name="Data2csv_works_with_Gulf_blue_tilefish"/>
    <testcase time="0" classname="Test_Data2csv_function" name="Data2csv_works_with_Gulf_blue_tilefish"/>
    <testcase time="0.02" classname="Test_Data2csv_function" name="Data2csv_works_with_Gulf_blue_tilefish"/>
    <testcase time="0" classname="Test_Data2csv_function" name="Data2csv_works_with_Gulf_blue_tilefish"/>
    <testcase time="0.01" classname="Test_Data2csv_function" name="Data2csv_works_with_Gulf_blue_tilefish"/>
    <testcase time="0.02" classname="Test_Data2csv_function" name="Data2csv_works_with_Gulf_blue_tilefish"/>
    <testcase time="0" classname="Test_Data2csv_function" name="Data2csv_works_with_Gulf_blue_tilefish"/>
    <testcase time="0.01" classname="Test_Data2csv_function" name="Data2csv_works_with_Gulf_blue_tilefish"/>
    <testcase time="0" classname="Test_Data2csv_function" name="Data2csv_works_with_Gulf_blue_tilefish"/>
    <testcase time="0.02" classname="Test_Data2csv_function" name="Data2csv_works_with_Gulf_blue_tilefish"/>
    <testcase time="0" classname="Test_Data2csv_function" name="Data2csv_works_with_Gulf_blue_tilefish"/>
    <testcase time="0.01" classname="Test_Data2csv_function" name="Data2csv_works_with_Gulf_blue_tilefish"/>
    <testcase time="0" classname="Test_Data2csv_function" name="Data2csv_works_with_Gulf_blue_tilefish"/>
    <testcase time="0.02" classname="Test_Data2csv_function" name="Data2csv_works_with_Gulf_blue_tilefish"/>
    <testcase time="0.02" classname="Test_Data2csv_function" name="Data2csv_works_with_Gulf_blue_tilefish"/>
    <testcase time="0" classname="Test_Data2csv_function" name="Data2csv_works_with_Gulf_blue_tilefish"/>
    <testcase time="0.01" classname="Test_Data2csv_function" name="Data2csv_works_with_Gulf_blue_tilefish"/>
    <testcase time="0.02" classname="Test_Data2csv_function" name="Data2csv_works_with_Gulf_blue_tilefish"/>
    <testcase time="0" classname="Test_Data2csv_function" name="Data2csv_works_with_Gulf_blue_tilefish"/>
    <testcase time="0" classname="Test_Data2csv_function" name="Data2csv_works_with_Gulf_blue_tilefish"/>
    <testcase time="0.01" classname="Test_Data2csv_function" name="Data2csv_works_with_Gulf_blue_tilefish"/>
    <testcase time="0" classname="Test_Data2csv_function" name="Data2csv_works_with_Gulf_blue_tilefish"/>
    <testcase time="0.02" classname="Test_Data2csv_function" name="Data2csv_works_with_Gulf_blue_tilefish"/>
    <testcase time="0" classname="Test_Data2csv_function" name="Data2csv_works_with_Gulf_blue_tilefish"/>
    <testcase time="0.01" classname="Test_Data2csv_function" name="Data2csv_works_with_Gulf_blue_tilefish"/>
    <testcase time="0.02" classname="Test_Data2csv_function" name="Data2csv_works_with_Gulf_blue_tilefish"/>
    <testcase time="0.01" classname="Test_Data2csv_function" name="Data2csv_works_with_Gulf_blue_tilefish"/>
    <testcase time="0" classname="Test_Data2csv_function" name="Data2csv_works_with_Gulf_blue_tilefish"/>
    <testcase time="0.02" classname="Test_Data2csv_function" name="Data2csv_works_with_Gulf_blue_tilefish"/>
    <testcase time="0" classname="Test_Data2csv_function" name="Data2csv_works_with_Gulf_blue_tilefish"/>
    <testcase time="0" classname="Test_Data2csv_function" name="Data2csv_works_with_Gulf_blue_tilefish"/>
    <testcase time="0.02" classname="Test_Data2csv_function" name="Data2csv_works_with_Gulf_blue_tilefish"/>
    <testcase time="0" classname="Test_Data2csv_function" name="Data2csv_works_with_Gulf_blue_tilefish"/>
    <testcase time="0.01" classname="Test_Data2csv_function" name="Data2csv_works_with_Gulf_blue_tilefish"/>
    <testcase time="0.02" classname="Test_Data2csv_function" name="Data2csv_works_with_Gulf_blue_tilefish"/>
    <testcase time="0.01" classname="Test_Data2csv_function" name="Data2csv_works_with_Gulf_blue_tilefish"/>
    <testcase time="0" classname="Test_Data2csv_function" name="Data2csv_works_with_Gulf_blue_tilefish"/>
    <testcase time="0.02" classname="Test_Data2csv_function" name="Data2csv_works_with_Gulf_blue_tilefish"/>
    <testcase time="0" classname="Test_Data2csv_function" name="Data2csv_works_with_Gulf_blue_tilefish"/>
    <testcase time="0.01" classname="Test_Data2csv_function" name="Data2csv_works_with_Gulf_blue_tilefish"/>
    <testcase time="0" classname="Test_Data2csv_function" name="Data2csv_works_with_Gulf_blue_tilefish"/>
    <testcase time="0.02" classname="Test_Data2csv_function" name="Data2csv_works_with_Gulf_blue_tilefish"/>
    <testcase time="0" classname="Test_Data2csv_function" name="Data2csv_works_with_Gulf_blue_tilefish"/>
    <testcase time="0.02" classname="Test_Data2csv_function" name="Data2csv_works_with_Gulf_blue_tilefish"/>
    <testcase time="0.01" classname="Test_Data2csv_function" name="Data2csv_works_with_Gulf_blue_tilefish"/>
    <testcase time="0" classname="Test_Data2csv_function" name="Data2csv_works_with_Gulf_blue_tilefish"/>
    <testcase time="0.02" classname="Test_Data2csv_function" name="Data2csv_works_with_Gulf_blue_tilefish"/>
    <testcase time="0" classname="Test_Data2csv_function" name="Data2csv_works_with_Gulf_blue_tilefish"/>
    <testcase time="0.01" classname="Test_Data2csv_function" name="Data2csv_works_with_Gulf_blue_tilefish"/>
    <testcase time="0" classname="Test_Data2csv_function" name="Data2csv_works_with_Gulf_blue_tilefish"/>
    <testcase time="0.02" classname="Test_Data2csv_function" name="Data2csv_works_with_Gulf_blue_tilefish"/>
    <testcase time="0" classname="Test_Data2csv_function" name="Data2csv_works_with_Gulf_blue_tilefish"/>
    <testcase time="0.01" classname="Test_Data2csv_function" name="Data2csv_works_with_Gulf_blue_tilefish"/>
    <testcase time="0.02" classname="Test_Data2csv_function" name="Data2csv_works_with_Gulf_blue_tilefish"/>
    <testcase time="0.01" classname="Test_Data2csv_function" name="Data2csv_works_with_Gulf_blue_tilefish"/>
    <testcase time="0.02" classname="Test_Data2csv_function" name="Data2csv_works_with_Gulf_blue_tilefish"/>
    <testcase time="0" classname="Test_Data2csv_function" name="Data2csv_works_with_Gulf_blue_tilefish"/>
    <testcase time="0.02" classname="Test_Data2csv_function" name="Data2csv_works_with_Gulf_blue_tilefish"/>
    <testcase time="0" classname="Test_Data2csv_function" name="Data2csv_works_with_Gulf_blue_tilefish"/>
    <testcase time="0.01" classname="Test_Data2csv_function" name="Data2csv_works_with_Gulf_blue_tilefish"/>
    <testcase time="0" classname="Test_Data2csv_function" name="Data2csv_works_with_Gulf_blue_tilefish"/>
    <testcase time="0.02" classname="Test_Data2csv_function" name="Data2csv_works_with_Gulf_blue_tilefish"/>
    <testcase time="0.01" classname="Test_Data2csv_function" name="Data2csv_works_with_Gulf_blue_tilefish"/>
    <testcase time="0.42" classname="Test_Data2csv_function" name="Data2csv_works_with_ourReefFish"/>
    <testcase time="0" classname="Test_Data2csv_function" name="Data2csv_works_with_ourReefFish"/>
    <testcase time="0.02" classname="Test_Data2csv_function" name="Data2csv_works_with_ourReefFish"/>
    <testcase time="0" classname="Test_Data2csv_function" name="Data2csv_works_with_ourReefFish"/>
    <testcase time="0.02" classname="Test_Data2csv_function" name="Data2csv_works_with_ourReefFish"/>
    <testcase time="0" classname="Test_Data2csv_function" name="Data2csv_works_with_ourReefFish"/>
    <testcase time="0.06" classname="Test_Data2csv_function" name="Data2csv_works_with_ourReefFish"/>
    <testcase time="0.01" classname="Test_Data2csv_function" name="Data2csv_works_with_ourReefFish"/>
    <testcase time="0.02" classname="Test_Data2csv_function" name="Data2csv_works_with_ourReefFish"/>
    <testcase time="0" classname="Test_Data2csv_function" name="Data2csv_works_with_ourReefFish"/>
    <testcase time="0.02" classname="Test_Data2csv_function" name="Data2csv_works_with_ourReefFish"/>
    <testcase time="0" classname="Test_Data2csv_function" name="Data2csv_works_with_ourReefFish"/>
    <testcase time="0.01" classname="Test_Data2csv_function" name="Data2csv_works_with_ourReefFish"/>
    <testcase time="0" classname="Test_Data2csv_function" name="Data2csv_works_with_ourReefFish"/>
    <testcase time="0.02" classname="Test_Data2csv_function" name="Data2csv_works_with_ourReefFish"/>
    <testcase time="0.01" classname="Test_Data2csv_function" name="Data2csv_works_with_ourReefFish"/>
    <testcase time="0.02" classname="Test_Data2csv_function" name="Data2csv_works_with_ourReefFish"/>
    <testcase time="0" classname="Test_Data2csv_function" name="Data2csv_works_with_ourReefFish"/>
    <testcase time="0.01" classname="Test_Data2csv_function" name="Data2csv_works_with_ourReefFish"/>
    <testcase time="0" classname="Test_Data2csv_function" name="Data2csv_works_with_ourReefFish"/>
    <testcase time="0.02" classname="Test_Data2csv_function" name="Data2csv_works_with_ourReefFish"/>
    <testcase time="0.01" classname="Test_Data2csv_function" name="Data2csv_works_with_ourReefFish"/>
    <testcase time="0.02" classname="Test_Data2csv_function" name="Data2csv_works_with_ourReefFish"/>
    <testcase time="0" classname="Test_Data2csv_function" name="Data2csv_works_with_ourReefFish"/>
    <testcase time="0.02" classname="Test_Data2csv_function" name="Data2csv_works_with_ourReefFish"/>
    <testcase time="0" classname="Test_Data2csv_function" name="Data2csv_works_with_ourReefFish"/>
    <testcase time="0.01" classname="Test_Data2csv_function" name="Data2csv_works_with_ourReefFish"/>
    <testcase time="0" classname="Test_Data2csv_function" name="Data2csv_works_with_ourReefFish"/>
    <testcase time="0.02" classname="Test_Data2csv_function" name="Data2csv_works_with_ourReefFish"/>
    <testcase time="0.01" classname="Test_Data2csv_function" name="Data2csv_works_with_ourReefFish"/>
    <testcase time="0.02" classname="Test_Data2csv_function" name="Data2csv_works_with_ourReefFish"/>
    <testcase time="0" classname="Test_Data2csv_function" name="Data2csv_works_with_ourReefFish"/>
    <testcase time="0.01" classname="Test_Data2csv_function" name="Data2csv_works_with_ourReefFish"/>
    <testcase time="0" classname="Test_Data2csv_function" name="Data2csv_works_with_ourReefFish"/>
    <testcase time="0.02" classname="Test_Data2csv_function" name="Data2csv_works_with_ourReefFish"/>
    <testcase time="0.02" classname="Test_Data2csv_function" name="Data2csv_works_with_ourReefFish"/>
    <testcase time="0.01" classname="Test_Data2csv_function" name="Data2csv_works_with_ourReefFish"/>
    <testcase time="0" classname="Test_Data2csv_function" name="Data2csv_works_with_ourReefFish"/>
    <testcase time="0.02" classname="Test_Data2csv_function" name="Data2csv_works_with_ourReefFish"/>
    <testcase time="0.01" classname="Test_Data2csv_function" name="Data2csv_works_with_ourReefFish"/>
    <testcase time="0" classname="Test_Data2csv_function" name="Data2csv_works_with_ourReefFish"/>
    <testcase time="0.02" classname="Test_Data2csv_function" name="Data2csv_works_with_ourReefFish"/>
    <testcase time="0" classname="Test_Data2csv_function" name="Data2csv_works_with_ourReefFish"/>
    <testcase time="0.01" classname="Test_Data2csv_function" name="Data2csv_works_with_ourReefFish"/>
    <testcase time="0.02" classname="Test_Data2csv_function" name="Data2csv_works_with_ourReefFish"/>
    <testcase time="0.01" classname="Test_Data2csv_function" name="Data2csv_works_with_ourReefFish"/>
    <testcase time="0" classname="Test_Data2csv_function" name="Data2csv_works_with_ourReefFish"/>
    <testcase time="0.02" classname="Test_Data2csv_function" name="Data2csv_works_with_ourReefFish"/>
    <testcase time="0" classname="Test_Data2csv_function" name="Data2csv_works_with_ourReefFish"/>
    <testcase time="0.03" classname="Test_Data2csv_function" name="Data2csv_works_with_ourReefFish"/>
    <testcase time="0" classname="Test_Data2csv_function" name="Data2csv_works_with_ourReefFish"/>
    <testcase time="0.02" classname="Test_Data2csv_function" name="Data2csv_works_with_ourReefFish"/>
    <testcase time="0.01" classname="Test_Data2csv_function" name="Data2csv_works_with_ourReefFish"/>
    <testcase time="0" classname="Test_Data2csv_function" name="Data2csv_works_with_ourReefFish"/>
    <testcase time="0.02" classname="Test_Data2csv_function" name="Data2csv_works_with_ourReefFish"/>
    <testcase time="0.01" classname="Test_Data2csv_function" name="Data2csv_works_with_ourReefFish"/>
    <testcase time="0" classname="Test_Data2csv_function" name="Data2csv_works_with_ourReefFish"/>
    <testcase time="0.02" classname="Test_Data2csv_function" name="Data2csv_works_with_ourReefFish"/>
    <testcase time="0.02" classname="Test_Data2csv_function" name="Data2csv_works_with_ourReefFish"/>
    <testcase time="0" classname="Test_Data2csv_function" name="Data2csv_works_with_ourReefFish"/>
    <testcase time="0.01" classname="Test_Data2csv_function" name="Data2csv_works_with_ourReefFish"/>
    <testcase time="0.02" classname="Test_Data2csv_function" name="Data2csv_works_with_ourReefFish"/>
    <testcase time="0.01" classname="Test_Data2csv_function" name="Data2csv_works_with_ourReefFish"/>
    <testcase time="0" classname="Test_Data2csv_function" name="Data2csv_works_with_ourReefFish"/>
    <testcase time="0.02" classname="Test_Data2csv_function" name="Data2csv_works_with_ourReefFish"/>
    <testcase time="0.01" classname="Test_Data2csv_function" name="Data2csv_works_with_ourReefFish"/>
    <testcase time="0" classname="Test_Data2csv_function" name="Data2csv_works_with_ourReefFish"/>
    <testcase time="0.02" classname="Test_Data2csv_function" name="Data2csv_works_with_ourReefFish"/>
    <testcase time="0.01" classname="Test_Data2csv_function" name="Data2csv_works_with_ourReefFish"/>
    <testcase time="0.02" classname="Test_Data2csv_function" name="Data2csv_works_with_ourReefFish"/>
    <testcase time="0" classname="Test_Data2csv_function" name="Data2csv_works_with_ourReefFish"/>
    <testcase time="0.02" classname="Test_Data2csv_function" name="Data2csv_works_with_ourReefFish"/>
    <testcase time="0" classname="Test_Data2csv_function" name="Data2csv_works_with_ourReefFish"/>
    <testcase time="0.03" classname="Test_Data2csv_function" name="Data2csv_works_with_ourReefFish"/>
    <testcase time="0" classname="Test_Data2csv_function" name="Data2csv_works_with_ourReefFish"/>
    <testcase time="0.01" classname="Test_Data2csv_function" name="Data2csv_works_with_ourReefFish"/>
    <testcase time="0" classname="Test_Data2csv_function" name="Data2csv_works_with_ourReefFish"/>
    <testcase time="0.02" classname="Test_Data2csv_function" name="Data2csv_works_with_ourReefFish"/>
    <testcase time="0.05" classname="Test_Data2csv_function" name="Data2csv_works_with_ourReefFish"/>
    <testcase time="0.01" classname="Test_Data2csv_function" name="Data2csv_works_with_ourReefFish"/>
    <testcase time="0.02" classname="Test_Data2csv_function" name="Data2csv_works_with_ourReefFish"/>
    <testcase time="0" classname="Test_Data2csv_function" name="Data2csv_works_with_ourReefFish"/>
    <testcase time="0.01" classname="Test_Data2csv_function" name="Data2csv_works_with_ourReefFish"/>
    <testcase time="0" classname="Test_Data2csv_function" name="Data2csv_works_with_ourReefFish"/>
    <testcase time="0.02" classname="Test_Data2csv_function" name="Data2csv_works_with_ourReefFish"/>
    <testcase time="0.01" classname="Test_Data2csv_function" name="Data2csv_works_with_ourReefFish"/>
    <testcase time="0" classname="Test_Data2csv_function" name="Data2csv_works_with_ourReefFish"/>
    <testcase time="0.02" classname="Test_Data2csv_function" name="Data2csv_works_with_ourReefFish"/>
    <testcase time="0.01" classname="Test_Data2csv_function" name="Data2csv_works_with_ourReefFish"/>
    <testcase time="0.02" classname="Test_Data2csv_function" name="Data2csv_works_with_ourReefFish"/>
    <testcase time="0.02" classname="Test_Data2csv_function" name="Data2csv_works_with_ourReefFish"/>
    <testcase time="0" classname="Test_Data2csv_function" name="Data2csv_works_with_ourReefFish"/>
    <testcase time="0.01" classname="Test_Data2csv_function" name="Data2csv_works_with_ourReefFish"/>
    <testcase time="0" classname="Test_Data2csv_function" name="Data2csv_works_with_ourReefFish"/>
    <testcase time="0.02" classname="Test_Data2csv_function" name="Data2csv_works_with_ourReefFish"/>
    <testcase time="0.01" classname="Test_Data2csv_function" name="Data2csv_works_with_ourReefFish"/>
    <testcase time="0" classname="Test_Data2csv_function" name="Data2csv_works_with_ourReefFish"/>
    <testcase time="0.03" classname="Test_Data2csv_function" name="Data2csv_works_with_ourReefFish"/>
    <testcase time="0.02" classname="Test_Data2csv_function" name="Data2csv_works_with_ourReefFish"/>
    <testcase time="0" classname="Test_Data2csv_function" name="Data2csv_works_with_ourReefFish"/>
    <testcase time="0.02" classname="Test_Data2csv_function" name="Data2csv_works_with_ourReefFish"/>
    <testcase time="0.01" classname="Test_Data2csv_function" name="Data2csv_works_with_ourReefFish"/>
    <testcase time="0" classname="Test_Data2csv_function" name="Data2csv_works_with_ourReefFish"/>
    <testcase time="0.02" classname="Test_Data2csv_function" name="Data2csv_works_with_ourReefFish"/>
    <testcase time="0" classname="Test_Data2csv_function" name="Data2csv_works_with_ourReefFish"/>
    <testcase time="0.01" classname="Test_Data2csv_function" name="Data2csv_works_with_ourReefFish"/>
    <testcase time="0.02" classname="Test_Data2csv_function" name="Data2csv_works_with_ourReefFish"/>
    <testcase time="0.01" classname="Test_Data2csv_function" name="Data2csv_works_with_ourReefFish"/>
    <testcase time="0.02" classname="Test_Data2csv_function" name="Data2csv_works_with_ourReefFish"/>
    <testcase time="0.01" classname="Test_Data2csv_function" name="Data2csv_works_with_ourReefFish"/>
    <testcase time="0" classname="Test_Data2csv_function" name="Data2csv_works_with_ourReefFish"/>
    <testcase time="0.02" classname="Test_Data2csv_function" name="Data2csv_works_with_ourReefFish"/>
    <testcase time="0" classname="Test_Data2csv_function" name="Data2csv_works_with_ourReefFish"/>
    <testcase time="0.02" classname="Test_Data2csv_function" name="Data2csv_works_with_ourReefFish"/>
    <testcase time="0.01" classname="Test_Data2csv_function" name="Data2csv_works_with_ourReefFish"/>
    <testcase time="0.02" classname="Test_Data2csv_function" name="Data2csv_works_with_ourReefFish"/>
    <testcase time="0.01" classname="Test_Data2csv_function" name="Data2csv_works_with_ourReefFish"/>
    <testcase time="0.02" classname="Test_Data2csv_function" name="Data2csv_works_with_ourReefFish"/>
    <testcase time="0" classname="Test_Data2csv_function" name="Data2csv_works_with_ourReefFish"/>
    <testcase time="0.01" classname="Test_Data2csv_function" name="Data2csv_works_with_ourReefFish"/>
    <testcase time="0" classname="Test_Data2csv_function" name="Data2csv_works_with_ourReefFish"/>
    <testcase time="0.02" classname="Test_Data2csv_function" name="Data2csv_works_with_ourReefFish"/>
    <testcase time="0.02" classname="Test_Data2csv_function" name="Data2csv_works_with_ourReefFish"/>
    <testcase time="0.01" classname="Test_Data2csv_function" name="Data2csv_works_with_ourReefFish"/>
    <testcase time="0.02" classname="Test_Data2csv_function" name="Data2csv_works_with_ourReefFish"/>
    <testcase time="0.01" classname="Test_Data2csv_function" name="Data2csv_works_with_ourReefFish"/>
    <testcase time="0" classname="Test_Data2csv_function" name="Data2csv_works_with_ourReefFish"/>
    <testcase time="0.02" classname="Test_Data2csv_function" name="Data2csv_works_with_ourReefFish"/>
    <testcase time="0.01" classname="Test_Data2csv_function" name="Data2csv_works_with_ourReefFish"/>
    <testcase time="0" classname="Test_Data2csv_function" name="Data2csv_works_with_ourReefFish"/>
    <testcase time="0.03" classname="Test_Data2csv_function" name="Data2csv_works_with_ourReefFish"/>
    <testcase time="0.02" classname="Test_Data2csv_function" name="Data2csv_works_with_ourReefFish"/>
    <testcase time="0.02" classname="Test_Data2csv_function" name="Data2csv_works_with_ourReefFish"/>
    <testcase time="0" classname="Test_Data2csv_function" name="Data2csv_works_with_ourReefFish"/>
    <testcase time="0.01" classname="Test_Data2csv_function" name="Data2csv_works_with_ourReefFish"/>
    <testcase time="0" classname="Test_Data2csv_function" name="Data2csv_works_with_ourReefFish"/>
    <testcase time="0.02" classname="Test_Data2csv_function" name="Data2csv_works_with_ourReefFish"/>
    <testcase time="0.01" classname="Test_Data2csv_function" name="Data2csv_works_with_ourReefFish"/>
    <testcase time="0.02" classname="Test_Data2csv_function" name="Data2csv_works_with_ourReefFish"/>
    <testcase time="0.01" classname="Test_Data2csv_function" name="Data2csv_works_with_ourReefFish"/>
    <testcase time="0.02" classname="Test_Data2csv_function" name="Data2csv_works_with_ourReefFish"/>
    <testcase time="0" classname="Test_Data2csv_function" name="Data2csv_works_with_ourReefFish"/>
    <testcase time="0.02" classname="Test_Data2csv_function" name="Data2csv_works_with_ourReefFish"/>
    <testcase time="0.5" classname="Test_Data2csv_function" name="Data2csv_works_with_Red_snapper"/>
    <testcase time="0.01" classname="Test_Data2csv_function" name="Data2csv_works_with_Red_snapper"/>
    <testcase time="0.02" classname="Test_Data2csv_function" name="Data2csv_works_with_Red_snapper"/>
    <testcase time="0" classname="Test_Data2csv_function" name="Data2csv_works_with_Red_snapper"/>
    <testcase time="0.01" classname="Test_Data2csv_function" name="Data2csv_works_with_Red_snapper"/>
    <testcase time="0.02" classname="Test_Data2csv_function" name="Data2csv_works_with_Red_snapper"/>
    <testcase time="0.01" classname="Test_Data2csv_function" name="Data2csv_works_with_Red_snapper"/>
    <testcase time="0.02" classname="Test_Data2csv_function" name="Data2csv_works_with_Red_snapper"/>
    <testcase time="0.01" classname="Test_Data2csv_function" name="Data2csv_works_with_Red_snapper"/>
    <testcase time="0.07" classname="Test_Data2csv_function" name="Data2csv_works_with_Red_snapper"/>
    <testcase time="0" classname="Test_Data2csv_function" name="Data2csv_works_with_Red_snapper"/>
    <testcase time="0.01" classname="Test_Data2csv_function" name="Data2csv_works_with_Red_snapper"/>
    <testcase time="0.02" classname="Test_Data2csv_function" name="Data2csv_works_with_Red_snapper"/>
    <testcase time="0" classname="Test_Data2csv_function" name="Data2csv_works_with_Red_snapper"/>
    <testcase time="0.03" classname="Test_Data2csv_function" name="Data2csv_works_with_Red_snapper"/>
    <testcase time="0.02" classname="Test_Data2csv_function" name="Data2csv_works_with_Red_snapper"/>
    <testcase time="0" classname="Test_Data2csv_function" name="Data2csv_works_with_Red_snapper"/>
    <testcase time="0.01" classname="Test_Data2csv_function" name="Data2csv_works_with_Red_snapper"/>
    <testcase time="0.02" classname="Test_Data2csv_function" name="Data2csv_works_with_Red_snapper"/>
    <testcase time="0" classname="Test_Data2csv_function" name="Data2csv_works_with_Red_snapper"/>
    <testcase time="0.03" classname="Test_Data2csv_function" name="Data2csv_works_with_Red_snapper"/>
    <testcase time="0.01" classname="Test_Data2csv_function" name="Data2csv_works_with_Red_snapper"/>
    <testcase time="0.02" classname="Test_Data2csv_function" name="Data2csv_works_with_Red_snapper"/>
    <testcase time="0" classname="Test_Data2csv_function" name="Data2csv_works_with_Red_snapper"/>
    <testcase time="0.01" classname="Test_Data2csv_function" name="Data2csv_works_with_Red_snapper"/>
    <testcase time="0.02" classname="Test_Data2csv_function" name="Data2csv_works_with_Red_snapper"/>
    <testcase time="0.02" classname="Test_Data2csv_function" name="Data2csv_works_with_Red_snapper"/>
    <testcase time="0.01" classname="Test_Data2csv_function" name="Data2csv_works_with_Red_snapper"/>
    <testcase time="0.02" classname="Test_Data2csv_function" name="Data2csv_works_with_Red_snapper"/>
    <testcase time="0.01" classname="Test_Data2csv_function" name="Data2csv_works_with_Red_snapper"/>
    <testcase time="0" classname="Test_Data2csv_function" name="Data2csv_works_with_Red_snapper"/>
    <testcase time="0.02" classname="Test_Data2csv_function" name="Data2csv_works_with_Red_snapper"/>
    <testcase time="0.01" classname="Test_Data2csv_function" name="Data2csv_works_with_Red_snapper"/>
    <testcase time="0.02" classname="Test_Data2csv_function" name="Data2csv_works_with_Red_snapper"/>
    <testcase time="0.02" classname="Test_Data2csv_function" name="Data2csv_works_with_Red_snapper"/>
    <testcase time="0.01" classname="Test_Data2csv_function" name="Data2csv_works_with_Red_snapper"/>
    <testcase time="0.02" classname="Test_Data2csv_function" name="Data2csv_works_with_Red_snapper"/>
    <testcase time="0" classname="Test_Data2csv_function" name="Data2csv_works_with_Red_snapper"/>
    <testcase time="0.03" classname="Test_Data2csv_function" name="Data2csv_works_with_Red_snapper"/>
    <testcase time="0.01" classname="Test_Data2csv_function" name="Data2csv_works_with_Red_snapper"/>
    <testcase time="0.02" classname="Test_Data2csv_function" name="Data2csv_works_with_Red_snapper"/>
    <testcase time="0" classname="Test_Data2csv_function" name="Data2csv_works_with_Red_snapper"/>
    <testcase time="0.01" classname="Test_Data2csv_function" name="Data2csv_works_with_Red_snapper"/>
    <testcase time="0.02" classname="Test_Data2csv_function" name="Data2csv_works_with_Red_snapper"/>
    <testcase time="0.02" classname="Test_Data2csv_function" name="Data2csv_works_with_Red_snapper"/>
    <testcase time="0.01" classname="Test_Data2csv_function" name="Data2csv_works_with_Red_snapper"/>
    <testcase time="0.02" classname="Test_Data2csv_function" name="Data2csv_works_with_Red_snapper"/>
    <testcase time="0" classname="Test_Data2csv_function" name="Data2csv_works_with_Red_snapper"/>
    <testcase time="0.01" classname="Test_Data2csv_function" name="Data2csv_works_with_Red_snapper"/>
    <testcase time="0.03" classname="Test_Data2csv_function" name="Data2csv_works_with_Red_snapper"/>
    <testcase time="0" classname="Test_Data2csv_function" name="Data2csv_works_with_Red_snapper"/>
    <testcase time="0.02" classname="Test_Data2csv_function" name="Data2csv_works_with_Red_snapper"/>
    <testcase time="0.02" classname="Test_Data2csv_function" name="Data2csv_works_with_Red_snapper"/>
    <testcase time="0.01" classname="Test_Data2csv_function" name="Data2csv_works_with_Red_snapper"/>
    <testcase time="0.02" classname="Test_Data2csv_function" name="Data2csv_works_with_Red_snapper"/>
    <testcase time="0.01" classname="Test_Data2csv_function" name="Data2csv_works_with_Red_snapper"/>
    <testcase time="0.02" classname="Test_Data2csv_function" name="Data2csv_works_with_Red_snapper"/>
    <testcase time="0.01" classname="Test_Data2csv_function" name="Data2csv_works_with_Red_snapper"/>
    <testcase time="0" classname="Test_Data2csv_function" name="Data2csv_works_with_Red_snapper"/>
    <testcase time="0.03" classname="Test_Data2csv_function" name="Data2csv_works_with_Red_snapper"/>
    <testcase time="0.02" classname="Test_Data2csv_function" name="Data2csv_works_with_Red_snapper"/>
    <testcase time="0.02" classname="Test_Data2csv_function" name="Data2csv_works_with_Red_snapper"/>
    <testcase time="0" classname="Test_Data2csv_function" name="Data2csv_works_with_Red_snapper"/>
    <testcase time="0.01" classname="Test_Data2csv_function" name="Data2csv_works_with_Red_snapper"/>
    <testcase time="0.03" classname="Test_Data2csv_function" name="Data2csv_works_with_Red_snapper"/>
    <testcase time="0.02" classname="Test_Data2csv_function" name="Data2csv_works_with_Red_snapper"/>
    <testcase time="0.01" classname="Test_Data2csv_function" name="Data2csv_works_with_Red_snapper"/>
    <testcase time="0" classname="Test_Data2csv_function" name="Data2csv_works_with_Red_snapper"/>
    <testcase time="0.04" classname="Test_Data2csv_function" name="Data2csv_works_with_Red_snapper"/>
    <testcase time="0.01" classname="Test_Data2csv_function" name="Data2csv_works_with_Red_snapper"/>
    <testcase time="0.02" classname="Test_Data2csv_function" name="Data2csv_works_with_Red_snapper"/>
    <testcase time="0" classname="Test_Data2csv_function" name="Data2csv_works_with_Red_snapper"/>
    <testcase time="0.01" classname="Test_Data2csv_function" name="Data2csv_works_with_Red_snapper"/>
    <testcase time="0.05" classname="Test_Data2csv_function" name="Data2csv_works_with_Red_snapper"/>
    <testcase time="0.01" classname="Test_Data2csv_function" name="Data2csv_works_with_Red_snapper"/>
    <testcase time="0.02" classname="Test_Data2csv_function" name="Data2csv_works_with_Red_snapper"/>
    <testcase time="0.02" classname="Test_Data2csv_function" name="Data2csv_works_with_Red_snapper"/>
    <testcase time="0.01" classname="Test_Data2csv_function" name="Data2csv_works_with_Red_snapper"/>
    <testcase time="0.02" classname="Test_Data2csv_function" name="Data2csv_works_with_Red_snapper"/>
    <testcase time="0.01" classname="Test_Data2csv_function" name="Data2csv_works_with_Red_snapper"/>
    <testcase time="0" classname="Test_Data2csv_function" name="Data2csv_works_with_Red_snapper"/>
    <testcase time="0.03" classname="Test_Data2csv_function" name="Data2csv_works_with_Red_snapper"/>
    <testcase time="0.02" classname="Test_Data2csv_function" name="Data2csv_works_with_Red_snapper"/>
    <testcase time="0.02" classname="Test_Data2csv_function" name="Data2csv_works_with_Red_snapper"/>
    <testcase time="0.01" classname="Test_Data2csv_function" name="Data2csv_works_with_Red_snapper"/>
    <testcase time="0.02" classname="Test_Data2csv_function" name="Data2csv_works_with_Red_snapper"/>
    <testcase time="0.01" classname="Test_Data2csv_function" name="Data2csv_works_with_Red_snapper"/>
    <testcase time="0" classname="Test_Data2csv_function" name="Data2csv_works_with_Red_snapper"/>
    <testcase time="0.03" classname="Test_Data2csv_function" name="Data2csv_works_with_Red_snapper"/>
    <testcase time="0.02" classname="Test_Data2csv_function" name="Data2csv_works_with_Red_snapper"/>
    <testcase time="0.01" classname="Test_Data2csv_function" name="Data2csv_works_with_Red_snapper"/>
    <testcase time="0.02" classname="Test_Data2csv_function" name="Data2csv_works_with_Red_snapper"/>
    <testcase time="0.02" classname="Test_Data2csv_function" name="Data2csv_works_with_Red_snapper"/>
    <testcase time="0.01" classname="Test_Data2csv_function" name="Data2csv_works_with_Red_snapper"/>
    <testcase time="0" classname="Test_Data2csv_function" name="Data2csv_works_with_Red_snapper"/>
    <testcase time="0.02" classname="Test_Data2csv_function" name="Data2csv_works_with_Red_snapper"/>
    <testcase time="0.03" classname="Test_Data2csv_function" name="Data2csv_works_with_Red_snapper"/>
    <testcase time="0.01" classname="Test_Data2csv_function" name="Data2csv_works_with_Red_snapper"/>
    <testcase time="0.02" classname="Test_Data2csv_function" name="Data2csv_works_with_Red_snapper"/>
    <testcase time="0.02" classname="Test_Data2csv_function" name="Data2csv_works_with_Red_snapper"/>
    <testcase time="0" classname="Test_Data2csv_function" name="Data2csv_works_with_Red_snapper"/>
    <testcase time="0.01" classname="Test_Data2csv_function" name="Data2csv_works_with_Red_snapper"/>
    <testcase time="0.02" classname="Test_Data2csv_function" name="Data2csv_works_with_Red_snapper"/>
    <testcase time="0.03" classname="Test_Data2csv_function" name="Data2csv_works_with_Red_snapper"/>
    <testcase time="0.01" classname="Test_Data2csv_function" name="Data2csv_works_with_Red_snapper"/>
    <testcase time="0.02" classname="Test_Data2csv_function" name="Data2csv_works_with_Red_snapper"/>
    <testcase time="0.01" classname="Test_Data2csv_function" name="Data2csv_works_with_Red_snapper"/>
    <testcase time="0" classname="Test_Data2csv_function" name="Data2csv_works_with_Red_snapper"/>
    <testcase time="0.02" classname="Test_Data2csv_function" name="Data2csv_works_with_Red_snapper"/>
    <testcase time="0.02" classname="Test_Data2csv_function" name="Data2csv_works_with_Red_snapper"/>
    <testcase time="0.01" classname="Test_Data2csv_function" name="Data2csv_works_with_Red_snapper"/>
    <testcase time="0.03" classname="Test_Data2csv_function" name="Data2csv_works_with_Red_snapper"/>
    <testcase time="0.02" classname="Test_Data2csv_function" name="Data2csv_works_with_Red_snapper"/>
    <testcase time="0.01" classname="Test_Data2csv_function" name="Data2csv_works_with_Red_snapper"/>
    <testcase time="0" classname="Test_Data2csv_function" name="Data2csv_works_with_Red_snapper"/>
    <testcase time="0.02" classname="Test_Data2csv_function" name="Data2csv_works_with_Red_snapper"/>
    <testcase time="0.02" classname="Test_Data2csv_function" name="Data2csv_works_with_Red_snapper"/>
    <testcase time="0.03" classname="Test_Data2csv_function" name="Data2csv_works_with_Red_snapper"/>
    <testcase time="0.01" classname="Test_Data2csv_function" name="Data2csv_works_with_Red_snapper"/>
    <testcase time="0.02" classname="Test_Data2csv_function" name="Data2csv_works_with_Red_snapper"/>
    <testcase time="0" classname="Test_Data2csv_function" name="Data2csv_works_with_Red_snapper"/>
    <testcase time="0.01" classname="Test_Data2csv_function" name="Data2csv_works_with_Red_snapper"/>
    <testcase time="0.02" classname="Test_Data2csv_function" name="Data2csv_works_with_Red_snapper"/>
    <testcase time="0.03" classname="Test_Data2csv_function" name="Data2csv_works_with_Red_snapper"/>
    <testcase time="0.02" classname="Test_Data2csv_function" name="Data2csv_works_with_Red_snapper"/>
    <testcase time="0.01" classname="Test_Data2csv_function" name="Data2csv_works_with_Red_snapper"/>
    <testcase time="0.02" classname="Test_Data2csv_function" name="Data2csv_works_with_Red_snapper"/>
    <testcase time="0.01" classname="Test_Data2csv_function" name="Data2csv_works_with_Red_snapper"/>
    <testcase time="0" classname="Test_Data2csv_function" name="Data2csv_works_with_Red_snapper"/>
    <testcase time="0.03" classname="Test_Data2csv_function" name="Data2csv_works_with_Red_snapper"/>
    <testcase time="0.02" classname="Test_Data2csv_function" name="Data2csv_works_with_Red_snapper"/>
    <testcase time="0.02" classname="Test_Data2csv_function" name="Data2csv_works_with_Red_snapper"/>
    <testcase time="0.01" classname="Test_Data2csv_function" name="Data2csv_works_with_Red_snapper"/>
    <testcase time="0.02" classname="Test_Data2csv_function" name="Data2csv_works_with_Red_snapper"/>
    <testcase time="0.01" classname="Test_Data2csv_function" name="Data2csv_works_with_Red_snapper"/>
    <testcase time="0.03" classname="Test_Data2csv_function" name="Data2csv_works_with_Red_snapper"/>
    <testcase time="0.02" classname="Test_Data2csv_function" name="Data2csv_works_with_Red_snapper"/>
    <testcase time="0.01" classname="Test_Data2csv_function" name="Data2csv_works_with_Red_snapper"/>
    <testcase time="0.02" classname="Test_Data2csv_function" name="Data2csv_works_with_Red_snapper"/>
    <testcase time="0.02" classname="Test_Data2csv_function" name="Data2csv_works_with_Red_snapper"/>
    <testcase time="0.01" classname="Test_Data2csv_function" name="Data2csv_works_with_Red_snapper"/>
    <testcase time="0.02" classname="Test_Data2csv_function" name="Data2csv_works_with_Red_snapper"/>
    <testcase time="0.01" classname="Test_Data2csv_function" name="Data2csv_works_with_Red_snapper"/>
    <testcase time="0.52" classname="Test_Data2csv_function" name="Data2csv_works_with_SimulatedData"/>
    <testcase time="0.01" classname="Test_Data2csv_function" name="Data2csv_works_with_SimulatedData"/>
    <testcase time="0.04" classname="Test_Data2csv_function" name="Data2csv_works_with_SimulatedData"/>
    <testcase time="0.01" classname="Test_Data2csv_function" name="Data2csv_works_with_SimulatedData"/>
    <testcase time="0.02" classname="Test_Data2csv_function" name="Data2csv_works_with_SimulatedData"/>
    <testcase time="0.01" classname="Test_Data2csv_function" name="Data2csv_works_with_SimulatedData"/>
    <testcase time="0.05" classname="Test_Data2csv_function" name="Data2csv_works_with_SimulatedData"/>
    <testcase time="0.03" classname="Test_Data2csv_function" name="Data2csv_works_with_SimulatedData"/>
    <testcase time="0.02" classname="Test_Data2csv_function" name="Data2csv_works_with_SimulatedData"/>
    <testcase time="0.03" classname="Test_Data2csv_function" name="Data2csv_works_with_SimulatedData"/>
    <testcase time="0.01" classname="Test_Data2csv_function" name="Data2csv_works_with_SimulatedData"/>
    <testcase time="0" classname="Test_Data2csv_function" name="Data2csv_works_with_SimulatedData"/>
    <testcase time="0.02" classname="Test_Data2csv_function" name="Data2csv_works_with_SimulatedData"/>
    <testcase time="0.03" classname="Test_Data2csv_function" name="Data2csv_works_with_SimulatedData"/>
    <testcase time="0.02" classname="Test_Data2csv_function" name="Data2csv_works_with_SimulatedData"/>
    <testcase time="0.01" classname="Test_Data2csv_function" name="Data2csv_works_with_SimulatedData"/>
    <testcase time="0.02" classname="Test_Data2csv_function" name="Data2csv_works_with_SimulatedData"/>
    <testcase time="0.03" classname="Test_Data2csv_function" name="Data2csv_works_with_SimulatedData"/>
    <testcase time="0.01" classname="Test_Data2csv_function" name="Data2csv_works_with_SimulatedData"/>
    <testcase time="0.02" classname="Test_Data2csv_function" name="Data2csv_works_with_SimulatedData"/>
    <testcase time="0.01" classname="Test_Data2csv_function" name="Data2csv_works_with_SimulatedData"/>
    <testcase time="0.02" classname="Test_Data2csv_function" name="Data2csv_works_with_SimulatedData"/>
    <testcase time="0.03" classname="Test_Data2csv_function" name="Data2csv_works_with_SimulatedData"/>
    <testcase time="0.02" classname="Test_Data2csv_function" name="Data2csv_works_with_SimulatedData"/>
    <testcase time="0.01" classname="Test_Data2csv_function" name="Data2csv_works_with_SimulatedData"/>
    <testcase time="0.02" classname="Test_Data2csv_function" name="Data2csv_works_with_SimulatedData"/>
    <testcase time="0.01" classname="Test_Data2csv_function" name="Data2csv_works_with_SimulatedData"/>
    <testcase time="0.04" classname="Test_Data2csv_function" name="Data2csv_works_with_SimulatedData"/>
    <testcase time="0.01" classname="Test_Data2csv_function" name="Data2csv_works_with_SimulatedData"/>
    <testcase time="0.02" classname="Test_Data2csv_function" name="Data2csv_works_with_SimulatedData"/>
    <testcase time="0.01" classname="Test_Data2csv_function" name="Data2csv_works_with_SimulatedData"/>
    <testcase time="0.02" classname="Test_Data2csv_function" name="Data2csv_works_with_SimulatedData"/>
    <testcase time="0.03" classname="Test_Data2csv_function" name="Data2csv_works_with_SimulatedData"/>
    <testcase time="0.01" classname="Test_Data2csv_function" name="Data2csv_works_with_SimulatedData"/>
    <testcase time="0.02" classname="Test_Data2csv_function" name="Data2csv_works_with_SimulatedData"/>
    <testcase time="0.02" classname="Test_Data2csv_function" name="Data2csv_works_with_SimulatedData"/>
    <testcase time="0.03" classname="Test_Data2csv_function" name="Data2csv_works_with_SimulatedData"/>
    <testcase time="0.01" classname="Test_Data2csv_function" name="Data2csv_works_with_SimulatedData"/>
    <testcase time="0.02" classname="Test_Data2csv_function" name="Data2csv_works_with_SimulatedData"/>
    <testcase time="0.25" classname="Test_Data2csv_function" name="Data2csv_works_with_SimulatedData"/>
    <testcase time="0.01" classname="Test_Data2csv_function" name="Data2csv_works_with_SimulatedData"/>
    <testcase time="0.02" classname="Test_Data2csv_function" name="Data2csv_works_with_SimulatedData"/>
    <testcase time="0" classname="Test_Data2csv_function" name="Data2csv_works_with_SimulatedData"/>
    <testcase time="0.02" classname="Test_Data2csv_function" name="Data2csv_works_with_SimulatedData"/>
    <testcase time="0" classname="Test_Data2csv_function" name="Data2csv_works_with_SimulatedData"/>
    <testcase time="0" classname="Test_Data2csv_function" name="Data2csv_works_with_SimulatedData"/>
    <testcase time="0.02" classname="Test_Data2csv_function" name="Data2csv_works_with_SimulatedData"/>
    <testcase time="0.01" classname="Test_Data2csv_function" name="Data2csv_works_with_SimulatedData"/>
    <testcase time="0.02" classname="Test_Data2csv_function" name="Data2csv_works_with_SimulatedData"/>
    <testcase time="0" classname="Test_Data2csv_function" name="Data2csv_works_with_SimulatedData"/>
    <testcase time="0.01" classname="Test_Data2csv_function" name="Data2csv_works_with_SimulatedData"/>
    <testcase time="0.02" classname="Test_Data2csv_function" name="Data2csv_works_with_SimulatedData"/>
    <testcase time="0" classname="Test_Data2csv_function" name="Data2csv_works_with_SimulatedData"/>
    <testcase time="0.01" classname="Test_Data2csv_function" name="Data2csv_works_with_SimulatedData"/>
    <testcase time="0.02" classname="Test_Data2csv_function" name="Data2csv_works_with_SimulatedData"/>
    <testcase time="0.02" classname="Test_Data2csv_function" name="Data2csv_works_with_SimulatedData"/>
    <testcase time="0" classname="Test_Data2csv_function" name="Data2csv_works_with_SimulatedData"/>
    <testcase time="0.01" classname="Test_Data2csv_function" name="Data2csv_works_with_SimulatedData"/>
    <testcase time="0.02" classname="Test_Data2csv_function" name="Data2csv_works_with_SimulatedData"/>
    <testcase time="0.01" classname="Test_Data2csv_function" name="Data2csv_works_with_SimulatedData"/>
    <testcase time="0" classname="Test_Data2csv_function" name="Data2csv_works_with_SimulatedData"/>
    <testcase time="0.03" classname="Test_Data2csv_function" name="Data2csv_works_with_SimulatedData"/>
    <testcase time="0" classname="Test_Data2csv_function" name="Data2csv_works_with_SimulatedData"/>
    <testcase time="0.02" classname="Test_Data2csv_function" name="Data2csv_works_with_SimulatedData"/>
    <testcase time="0.02" classname="Test_Data2csv_function" name="Data2csv_works_with_SimulatedData"/>
    <testcase time="0" classname="Test_Data2csv_function" name="Data2csv_works_with_SimulatedData"/>
    <testcase time="0.01" classname="Test_Data2csv_function" name="Data2csv_works_with_SimulatedData"/>
    <testcase time="0.03" classname="Test_Data2csv_function" name="Data2csv_works_with_SimulatedData"/>
    <testcase time="0.02" classname="Test_Data2csv_function" name="Data2csv_works_with_SimulatedData"/>
    <testcase time="0" classname="Test_Data2csv_function" name="Data2csv_works_with_SimulatedData"/>
    <testcase time="0.01" classname="Test_Data2csv_function" name="Data2csv_works_with_SimulatedData"/>
    <testcase time="0.02" classname="Test_Data2csv_function" name="Data2csv_works_with_SimulatedData"/>
    <testcase time="0" classname="Test_Data2csv_function" name="Data2csv_works_with_SimulatedData"/>
    <testcase time="0.01" classname="Test_Data2csv_function" name="Data2csv_works_with_SimulatedData"/>
    <testcase time="0.02" classname="Test_Data2csv_function" name="Data2csv_works_with_SimulatedData"/>
    <testcase time="0.02" classname="Test_Data2csv_function" name="Data2csv_works_with_SimulatedData"/>
    <testcase time="0.01" classname="Test_Data2csv_function" name="Data2csv_works_with_SimulatedData"/>
    <testcase time="0" classname="Test_Data2csv_function" name="Data2csv_works_with_SimulatedData"/>
    <testcase time="0.02" classname="Test_Data2csv_function" name="Data2csv_works_with_SimulatedData"/>
    <testcase time="0.01" classname="Test_Data2csv_function" name="Data2csv_works_with_SimulatedData"/>
    <testcase time="0.02" classname="Test_Data2csv_function" name="Data2csv_works_with_SimulatedData"/>
    <testcase time="0.01" classname="Test_Data2csv_function" name="Data2csv_works_with_SimulatedData"/>
    <testcase time="0.02" classname="Test_Data2csv_function" name="Data2csv_works_with_SimulatedData"/>
    <testcase time="0" classname="Test_Data2csv_function" name="Data2csv_works_with_SimulatedData"/>
    <testcase time="0.02" classname="Test_Data2csv_function" name="Data2csv_works_with_SimulatedData"/>
    <testcase time="0.01" classname="Test_Data2csv_function" name="Data2csv_works_with_SimulatedData"/>
    <testcase time="0" classname="Test_Data2csv_function" name="Data2csv_works_with_SimulatedData"/>
    <testcase time="0.02" classname="Test_Data2csv_function" name="Data2csv_works_with_SimulatedData"/>
    <testcase time="0.03" classname="Test_Data2csv_function" name="Data2csv_works_with_SimulatedData"/>
    <testcase time="0" classname="Test_Data2csv_function" name="Data2csv_works_with_SimulatedData"/>
    <testcase time="0.01" classname="Test_Data2csv_function" name="Data2csv_works_with_SimulatedData"/>
    <testcase time="0.02" classname="Test_Data2csv_function" name="Data2csv_works_with_SimulatedData"/>
    <testcase time="0.01" classname="Test_Data2csv_function" name="Data2csv_works_with_SimulatedData"/>
    <testcase time="0" classname="Test_Data2csv_function" name="Data2csv_works_with_SimulatedData"/>
    <testcase time="0.04" classname="Test_Data2csv_function" name="Data2csv_works_with_SimulatedData"/>
    <testcase time="0.01" classname="Test_Data2csv_function" name="Data2csv_works_with_SimulatedData"/>
    <testcase time="0" classname="Test_Data2csv_function" name="Data2csv_works_with_SimulatedData"/>
    <testcase time="0.02" classname="Test_Data2csv_function" name="Data2csv_works_with_SimulatedData"/>
    <testcase time="0.01" classname="Test_Data2csv_function" name="Data2csv_works_with_SimulatedData"/>
    <testcase time="0" classname="Test_Data2csv_function" name="Data2csv_works_with_SimulatedData"/>
    <testcase time="0.03" classname="Test_Data2csv_function" name="Data2csv_works_with_SimulatedData"/>
    <testcase time="0.02" classname="Test_Data2csv_function" name="Data2csv_works_with_SimulatedData"/>
    <testcase time="0" classname="Test_Data2csv_function" name="Data2csv_works_with_SimulatedData"/>
    <testcase time="0.02" classname="Test_Data2csv_function" name="Data2csv_works_with_SimulatedData"/>
    <testcase time="0.01" classname="Test_Data2csv_function" name="Data2csv_works_with_SimulatedData"/>
    <testcase time="0" classname="Test_Data2csv_function" name="Data2csv_works_with_SimulatedData"/>
    <testcase time="0.03" classname="Test_Data2csv_function" name="Data2csv_works_with_SimulatedData"/>
    <testcase time="0.02" classname="Test_Data2csv_function" name="Data2csv_works_with_SimulatedData"/>
    <testcase time="0" classname="Test_Data2csv_function" name="Data2csv_works_with_SimulatedData"/>
    <testcase time="0.01" classname="Test_Data2csv_function" name="Data2csv_works_with_SimulatedData"/>
    <testcase time="0.02" classname="Test_Data2csv_function" name="Data2csv_works_with_SimulatedData"/>
    <testcase time="0" classname="Test_Data2csv_function" name="Data2csv_works_with_SimulatedData"/>
    <testcase time="0.03" classname="Test_Data2csv_function" name="Data2csv_works_with_SimulatedData"/>
    <testcase time="0.02" classname="Test_Data2csv_function" name="Data2csv_works_with_SimulatedData"/>
    <testcase time="0" classname="Test_Data2csv_function" name="Data2csv_works_with_SimulatedData"/>
    <testcase time="0.01" classname="Test_Data2csv_function" name="Data2csv_works_with_SimulatedData"/>
    <testcase time="0.02" classname="Test_Data2csv_function" name="Data2csv_works_with_SimulatedData"/>
    <testcase time="0.01" classname="Test_Data2csv_function" name="Data2csv_works_with_SimulatedData"/>
    <testcase time="0.02" classname="Test_Data2csv_function" name="Data2csv_works_with_SimulatedData"/>
    <testcase time="0.01" classname="Test_Data2csv_function" name="Data2csv_works_with_SimulatedData"/>
    <testcase time="0" classname="Test_Data2csv_function" name="Data2csv_works_with_SimulatedData"/>
    <testcase time="0.02" classname="Test_Data2csv_function" name="Data2csv_works_with_SimulatedData"/>
    <testcase time="0.02" classname="Test_Data2csv_function" name="Data2csv_works_with_SimulatedData"/>
    <testcase time="0.01" classname="Test_Data2csv_function" name="Data2csv_works_with_SimulatedData"/>
    <testcase time="0.02" classname="Test_Data2csv_function" name="Data2csv_works_with_SimulatedData"/>
    <testcase time="0.01" classname="Test_Data2csv_function" name="Data2csv_works_with_SimulatedData"/>
    <testcase time="0.02" classname="Test_Data2csv_function" name="Data2csv_works_with_SimulatedData"/>
    <testcase time="0" classname="Test_Data2csv_function" name="Data2csv_works_with_SimulatedData"/>
    <testcase time="0.03" classname="Test_Data2csv_function" name="Data2csv_works_with_SimulatedData"/>
    <testcase time="0.01" classname="Test_Data2csv_function" name="Data2csv_works_with_SimulatedData"/>
    <testcase time="0" classname="Test_Data2csv_function" name="Data2csv_works_with_SimulatedData"/>
    <testcase time="0.02" classname="Test_Data2csv_function" name="Data2csv_works_with_SimulatedData"/>
    <testcase time="0.02" classname="Test_Data2csv_function" name="Data2csv_works_with_SimulatedData"/>
    <testcase time="0.01" classname="Test_Data2csv_function" name="Data2csv_works_with_SimulatedData"/>
    <testcase time="0.02" classname="Test_Data2csv_function" name="Data2csv_works_with_SimulatedData"/>
    <testcase time="0.01" classname="Test_Data2csv_function" name="Data2csv_works_with_SimulatedData"/>
    <testcase time="0.02" classname="Test_Data2csv_function" name="Data2csv_works_with_SimulatedData"/>
    <testcase time="0.01" classname="Test_Data2csv_function" name="Data2csv_works_with_SimulatedData"/>
    <testcase time="0.02" classname="Test_Data2csv_function" name="Data2csv_works_with_SimulatedData"/>
    <testcase time="0.02" classname="Test_Data2csv_function" name="Data2csv_works_with_SimulatedData"/>
    <testcase time="0" classname="Test_Data2csv_function" name="Data2csv_works_with_SimulatedData"/>
    <testcase time="0.01" classname="Test_Data2csv_function" name="Data2csv_works_with_SimulatedData"/>
    <testcase time="0.03" classname="Test_Data2csv_function" name="Data2csv_works_with_SimulatedData"/>
    <testcase time="0.55" classname="Test_Data2csv_function" name="Data2csv_works_with_Simulation_1"/>
    <testcase time="0" classname="Test_Data2csv_function" name="Data2csv_works_with_Simulation_1"/>
    <testcase time="0.01" classname="Test_Data2csv_function" name="Data2csv_works_with_Simulation_1"/>
    <testcase time="0.04" classname="Test_Data2csv_function" name="Data2csv_works_with_Simulation_1"/>
    <testcase time="0.01" classname="Test_Data2csv_function" name="Data2csv_works_with_Simulation_1"/>
    <testcase time="0" classname="Test_Data2csv_function" name="Data2csv_works_with_Simulation_1"/>
    <testcase time="0.02" classname="Test_Data2csv_function" name="Data2csv_works_with_Simulation_1"/>
    <testcase time="0.03" classname="Test_Data2csv_function" name="Data2csv_works_with_Simulation_1"/>
    <testcase time="0.05" classname="Test_Data2csv_function" name="Data2csv_works_with_Simulation_1"/>
    <testcase time="0.01" classname="Test_Data2csv_function" name="Data2csv_works_with_Simulation_1"/>
    <testcase time="0" classname="Test_Data2csv_function" name="Data2csv_works_with_Simulation_1"/>
    <testcase time="0.03" classname="Test_Data2csv_function" name="Data2csv_works_with_Simulation_1"/>
    <testcase time="0.02" classname="Test_Data2csv_function" name="Data2csv_works_with_Simulation_1"/>
    <testcase time="0" classname="Test_Data2csv_function" name="Data2csv_works_with_Simulation_1"/>
    <testcase time="0.01" classname="Test_Data2csv_function" name="Data2csv_works_with_Simulation_1"/>
    <testcase time="0.03" classname="Test_Data2csv_function" name="Data2csv_works_with_Simulation_1"/>
    <testcase time="0" classname="Test_Data2csv_function" name="Data2csv_works_with_Simulation_1"/>
    <testcase time="0.02" classname="Test_Data2csv_function" name="Data2csv_works_with_Simulation_1"/>
    <testcase time="0.02" classname="Test_Data2csv_function" name="Data2csv_works_with_Simulation_1"/>
    <testcase time="0.01" classname="Test_Data2csv_function" name="Data2csv_works_with_Simulation_1"/>
    <testcase time="0.02" classname="Test_Data2csv_function" name="Data2csv_works_with_Simulation_1"/>
    <testcase time="0.01" classname="Test_Data2csv_function" name="Data2csv_works_with_Simulation_1"/>
    <testcase time="0.02" classname="Test_Data2csv_function" name="Data2csv_works_with_Simulation_1"/>
    <testcase time="0.01" classname="Test_Data2csv_function" name="Data2csv_works_with_Simulation_1"/>
    <testcase time="0.02" classname="Test_Data2csv_function" name="Data2csv_works_with_Simulation_1"/>
    <testcase time="0.02" classname="Test_Data2csv_function" name="Data2csv_works_with_Simulation_1"/>
    <testcase time="0.04" classname="Test_Data2csv_function" name="Data2csv_works_with_Simulation_1"/>
    <testcase time="0.02" classname="Test_Data2csv_function" name="Data2csv_works_with_Simulation_1"/>
    <testcase time="0.01" classname="Test_Data2csv_function" name="Data2csv_works_with_Simulation_1"/>
    <testcase time="0.02" classname="Test_Data2csv_function" name="Data2csv_works_with_Simulation_1"/>
    <testcase time="0.01" classname="Test_Data2csv_function" name="Data2csv_works_with_Simulation_1"/>
    <testcase time="0" classname="Test_Data2csv_function" name="Data2csv_works_with_Simulation_1"/>
    <testcase time="0.02" classname="Test_Data2csv_function" name="Data2csv_works_with_Simulation_1"/>
    <testcase time="0.03" classname="Test_Data2csv_function" name="Data2csv_works_with_Simulation_1"/>
    <testcase time="0.02" classname="Test_Data2csv_function" name="Data2csv_works_with_Simulation_1"/>
    <testcase time="0.01" classname="Test_Data2csv_function" name="Data2csv_works_with_Simulation_1"/>
    <testcase time="0.02" classname="Test_Data2csv_function" name="Data2csv_works_with_Simulation_1"/>
    <testcase time="0" classname="Test_Data2csv_function" name="Data2csv_works_with_Simulation_1"/>
    <testcase time="0.01" classname="Test_Data2csv_function" name="Data2csv_works_with_Simulation_1"/>
    <testcase time="0.04" classname="Test_Data2csv_function" name="Data2csv_works_with_Simulation_1"/>
    <testcase time="0.01" classname="Test_Data2csv_function" name="Data2csv_works_with_Simulation_1"/>
    <testcase time="0.02" classname="Test_Data2csv_function" name="Data2csv_works_with_Simulation_1"/>
    <testcase time="0.01" classname="Test_Data2csv_function" name="Data2csv_works_with_Simulation_1"/>
    <testcase time="0.02" classname="Test_Data2csv_function" name="Data2csv_works_with_Simulation_1"/>
    <testcase time="0.01" classname="Test_Data2csv_function" name="Data2csv_works_with_Simulation_1"/>
    <testcase time="0.02" classname="Test_Data2csv_function" name="Data2csv_works_with_Simulation_1"/>
    <testcase time="0.01" classname="Test_Data2csv_function" name="Data2csv_works_with_Simulation_1"/>
    <testcase time="0.02" classname="Test_Data2csv_function" name="Data2csv_works_with_Simulation_1"/>
    <testcase time="0.02" classname="Test_Data2csv_function" name="Data2csv_works_with_Simulation_1"/>
    <testcase time="0.01" classname="Test_Data2csv_function" name="Data2csv_works_with_Simulation_1"/>
    <testcase time="0.02" classname="Test_Data2csv_function" name="Data2csv_works_with_Simulation_1"/>
    <testcase time="0.01" classname="Test_Data2csv_function" name="Data2csv_works_with_Simulation_1"/>
    <testcase time="0.02" classname="Test_Data2csv_function" name="Data2csv_works_with_Simulation_1"/>
    <testcase time="0.01" classname="Test_Data2csv_function" name="Data2csv_works_with_Simulation_1"/>
    <testcase time="0.02" classname="Test_Data2csv_function" name="Data2csv_works_with_Simulation_1"/>
    <testcase time="0.02" classname="Test_Data2csv_function" name="Data2csv_works_with_Simulation_1"/>
    <testcase time="0.01" classname="Test_Data2csv_function" name="Data2csv_works_with_Simulation_1"/>
    <testcase time="0.02" classname="Test_Data2csv_function" name="Data2csv_works_with_Simulation_1"/>
    <testcase time="0.01" classname="Test_Data2csv_function" name="Data2csv_works_with_Simulation_1"/>
    <testcase time="0.02" classname="Test_Data2csv_function" name="Data2csv_works_with_Simulation_1"/>
    <testcase time="0.01" classname="Test_Data2csv_function" name="Data2csv_works_with_Simulation_1"/>
    <testcase time="0.02" classname="Test_Data2csv_function" name="Data2csv_works_with_Simulation_1"/>
    <testcase time="0.01" classname="Test_Data2csv_function" name="Data2csv_works_with_Simulation_1"/>
    <testcase time="0.04" classname="Test_Data2csv_function" name="Data2csv_works_with_Simulation_1"/>
    <testcase time="0" classname="Test_Data2csv_function" name="Data2csv_works_with_Simulation_1"/>
    <testcase time="0.01" classname="Test_Data2csv_function" name="Data2csv_works_with_Simulation_1"/>
    <testcase time="0.02" classname="Test_Data2csv_function" name="Data2csv_works_with_Simulation_1"/>
    <testcase time="0.03" classname="Test_Data2csv_function" name="Data2csv_works_with_Simulation_1"/>
    <testcase time="0.01" classname="Test_Data2csv_function" name="Data2csv_works_with_Simulation_1"/>
    <testcase time="0.02" classname="Test_Data2csv_function" name="Data2csv_works_with_Simulation_1"/>
    <testcase time="0.02" classname="Test_Data2csv_function" name="Data2csv_works_with_Simulation_1"/>
    <testcase time="0.01" classname="Test_Data2csv_function" name="Data2csv_works_with_Simulation_1"/>
    <testcase time="0.02" classname="Test_Data2csv_function" name="Data2csv_works_with_Simulation_1"/>
    <testcase time="0.01" classname="Test_Data2csv_function" name="Data2csv_works_with_Simulation_1"/>
    <testcase time="0.02" classname="Test_Data2csv_function" name="Data2csv_works_with_Simulation_1"/>
    <testcase time="0.01" classname="Test_Data2csv_function" name="Data2csv_works_with_Simulation_1"/>
    <testcase time="0.02" classname="Test_Data2csv_function" name="Data2csv_works_with_Simulation_1"/>
    <testcase time="0.03" classname="Test_Data2csv_function" name="Data2csv_works_with_Simulation_1"/>
    <testcase time="0.02" classname="Test_Data2csv_function" name="Data2csv_works_with_Simulation_1"/>
    <testcase time="0" classname="Test_Data2csv_function" name="Data2csv_works_with_Simulation_1"/>
    <testcase time="0.01" classname="Test_Data2csv_function" name="Data2csv_works_with_Simulation_1"/>
    <testcase time="0.02" classname="Test_Data2csv_function" name="Data2csv_works_with_Simulation_1"/>
    <testcase time="0.03" classname="Test_Data2csv_function" name="Data2csv_works_with_Simulation_1"/>
    <testcase time="0.01" classname="Test_Data2csv_function" name="Data2csv_works_with_Simulation_1"/>
    <testcase time="0.02" classname="Test_Data2csv_function" name="Data2csv_works_with_Simulation_1"/>
    <testcase time="0.02" classname="Test_Data2csv_function" name="Data2csv_works_with_Simulation_1"/>
    <testcase time="0.01" classname="Test_Data2csv_function" name="Data2csv_works_with_Simulation_1"/>
    <testcase time="0.02" classname="Test_Data2csv_function" name="Data2csv_works_with_Simulation_1"/>
    <testcase time="0.01" classname="Test_Data2csv_function" name="Data2csv_works_with_Simulation_1"/>
    <testcase time="0.02" classname="Test_Data2csv_function" name="Data2csv_works_with_Simulation_1"/>
    <testcase time="0.01" classname="Test_Data2csv_function" name="Data2csv_works_with_Simulation_1"/>
    <testcase time="0.03" classname="Test_Data2csv_function" name="Data2csv_works_with_Simulation_1"/>
    <testcase time="0.02" classname="Test_Data2csv_function" name="Data2csv_works_with_Simulation_1"/>
    <testcase time="0.02" classname="Test_Data2csv_function" name="Data2csv_works_with_Simulation_1"/>
    <testcase time="0" classname="Test_Data2csv_function" name="Data2csv_works_with_Simulation_1"/>
    <testcase time="0.03" classname="Test_Data2csv_function" name="Data2csv_works_with_Simulation_1"/>
    <testcase time="0.01" classname="Test_Data2csv_function" name="Data2csv_works_with_Simulation_1"/>
    <testcase time="0.02" classname="Test_Data2csv_function" name="Data2csv_works_with_Simulation_1"/>
    <testcase time="0.01" classname="Test_Data2csv_function" name="Data2csv_works_with_Simulation_1"/>
    <testcase time="0.02" classname="Test_Data2csv_function" name="Data2csv_works_with_Simulation_1"/>
    <testcase time="0.03" classname="Test_Data2csv_function" name="Data2csv_works_with_Simulation_1"/>
    <testcase time="0.02" classname="Test_Data2csv_function" name="Data2csv_works_with_Simulation_1"/>
    <testcase time="0" classname="Test_Data2csv_function" name="Data2csv_works_with_Simulation_1"/>
    <testcase time="0.03" classname="Test_Data2csv_function" name="Data2csv_works_with_Simulation_1"/>
    <testcase time="0.01" classname="Test_Data2csv_function" name="Data2csv_works_with_Simulation_1"/>
    <testcase time="0.02" classname="Test_Data2csv_function" name="Data2csv_works_with_Simulation_1"/>
    <testcase time="0.01" classname="Test_Data2csv_function" name="Data2csv_works_with_Simulation_1"/>
    <testcase time="0.04" classname="Test_Data2csv_function" name="Data2csv_works_with_Simulation_1"/>
    <testcase time="0.01" classname="Test_Data2csv_function" name="Data2csv_works_with_Simulation_1"/>
    <testcase time="0.02" classname="Test_Data2csv_function" name="Data2csv_works_with_Simulation_1"/>
    <testcase time="0" classname="Test_Data2csv_function" name="Data2csv_works_with_Simulation_1"/>
    <testcase time="0.03" classname="Test_Data2csv_function" name="Data2csv_works_with_Simulation_1"/>
    <testcase time="0.01" classname="Test_Data2csv_function" name="Data2csv_works_with_Simulation_1"/>
    <testcase time="0.02" classname="Test_Data2csv_function" name="Data2csv_works_with_Simulation_1"/>
    <testcase time="0.03" classname="Test_Data2csv_function" name="Data2csv_works_with_Simulation_1"/>
    <testcase time="0.02" classname="Test_Data2csv_function" name="Data2csv_works_with_Simulation_1"/>
    <testcase time="0.01" classname="Test_Data2csv_function" name="Data2csv_works_with_Simulation_1"/>
    <testcase time="0.02" classname="Test_Data2csv_function" name="Data2csv_works_with_Simulation_1"/>
    <testcase time="0.01" classname="Test_Data2csv_function" name="Data2csv_works_with_Simulation_1"/>
    <testcase time="0.02" classname="Test_Data2csv_function" name="Data2csv_works_with_Simulation_1"/>
    <testcase time="0.01" classname="Test_Data2csv_function" name="Data2csv_works_with_Simulation_1"/>
    <testcase time="0.07" classname="Test_Data2csv_function" name="Data2csv_works_with_Simulation_1"/>
    <testcase time="0.01" classname="Test_Data2csv_function" name="Data2csv_works_with_Simulation_1"/>
    <testcase time="0.02" classname="Test_Data2csv_function" name="Data2csv_works_with_Simulation_1"/>
    <testcase time="0.01" classname="Test_Data2csv_function" name="Data2csv_works_with_Simulation_1"/>
    <testcase time="0.02" classname="Test_Data2csv_function" name="Data2csv_works_with_Simulation_1"/>
    <testcase time="0.02" classname="Test_Data2csv_function" name="Data2csv_works_with_Simulation_1"/>
    <testcase time="0.03" classname="Test_Data2csv_function" name="Data2csv_works_with_Simulation_1"/>
    <testcase time="0.01" classname="Test_Data2csv_function" name="Data2csv_works_with_Simulation_1"/>
    <testcase time="0.02" classname="Test_Data2csv_function" name="Data2csv_works_with_Simulation_1"/>
    <testcase time="0.01" classname="Test_Data2csv_function" name="Data2csv_works_with_Simulation_1"/>
    <testcase time="0.02" classname="Test_Data2csv_function" name="Data2csv_works_with_Simulation_1"/>
    <testcase time="0.03" classname="Test_Data2csv_function" name="Data2csv_works_with_Simulation_1"/>
    <testcase time="0.02" classname="Test_Data2csv_function" name="Data2csv_works_with_Simulation_1"/>
    <testcase time="0.01" classname="Test_Data2csv_function" name="Data2csv_works_with_Simulation_1"/>
    <testcase time="0.02" classname="Test_Data2csv_function" name="Data2csv_works_with_Simulation_1"/>
    <testcase time="0.01" classname="Test_Data2csv_function" name="Data2csv_works_with_Simulation_1"/>
    <testcase time="0.03" classname="Test_Data2csv_function" name="Data2csv_works_with_Simulation_1"/>
    <testcase time="0.02" classname="Test_Data2csv_function" name="Data2csv_works_with_Simulation_1"/>
    <testcase time="0.03" classname="Test_Data2csv_function" name="Data2csv_works_with_Simulation_1"/>
    <testcase time="0.02" classname="Test_Data2csv_function" name="Data2csv_works_with_Simulation_1"/>
    <testcase time="0" classname="Test_Data2csv_function" name="Data2csv_works_with_Simulation_1"/>
    <testcase time="0.04" classname="Test_Data2csv_function" name="Data2csv_works_with_Simulation_1"/>
    <testcase time="0.44" classname="Test_Data2csv_function" name="Data2csv_works_with_out"/>
    <testcase time="0.02" classname="Test_Data2csv_function" name="Data2csv_works_with_out"/>
    <testcase time="0.01" classname="Test_Data2csv_function" name="Data2csv_works_with_out"/>
    <testcase time="0.02" classname="Test_Data2csv_function" name="Data2csv_works_with_out"/>
    <testcase time="0.03" classname="Test_Data2csv_function" name="Data2csv_works_with_out"/>
    <testcase time="0.06" classname="Test_Data2csv_function" name="Data2csv_works_with_out"/>
    <testcase time="0.02" classname="Test_Data2csv_function" name="Data2csv_works_with_out"/>
    <testcase time="0.01" classname="Test_Data2csv_function" name="Data2csv_works_with_out"/>
    <testcase time="0.02" classname="Test_Data2csv_function" name="Data2csv_works_with_out"/>
    <testcase time="0.03" classname="Test_Data2csv_function" name="Data2csv_works_with_out"/>
    <testcase time="0.02" classname="Test_Data2csv_function" name="Data2csv_works_with_out"/>
    <testcase time="0.01" classname="Test_Data2csv_function" name="Data2csv_works_with_out"/>
    <testcase time="0.02" classname="Test_Data2csv_function" name="Data2csv_works_with_out"/>
    <testcase time="0.01" classname="Test_Data2csv_function" name="Data2csv_works_with_out"/>
    <testcase time="0.03" classname="Test_Data2csv_function" name="Data2csv_works_with_out"/>
    <testcase time="0.02" classname="Test_Data2csv_function" name="Data2csv_works_with_out"/>
    <testcase time="0.01" classname="Test_Data2csv_function" name="Data2csv_works_with_out"/>
    <testcase time="0.02" classname="Test_Data2csv_function" name="Data2csv_works_with_out"/>
    <testcase time="0.02" classname="Test_Data2csv_function" name="Data2csv_works_with_out"/>
    <testcase time="0.03" classname="Test_Data2csv_function" name="Data2csv_works_with_out"/>
    <testcase time="0.03" classname="Test_Data2csv_function" name="Data2csv_works_with_out"/>
    <testcase time="0.01" classname="Test_Data2csv_function" name="Data2csv_works_with_out"/>
    <testcase time="0.02" classname="Test_Data2csv_function" name="Data2csv_works_with_out"/>
    <testcase time="0.03" classname="Test_Data2csv_function" name="Data2csv_works_with_out"/>
    <testcase time="0.02" classname="Test_Data2csv_function" name="Data2csv_works_with_out"/>
    <testcase time="0.01" classname="Test_Data2csv_function" name="Data2csv_works_with_out"/>
    <testcase time="0.02" classname="Test_Data2csv_function" name="Data2csv_works_with_out"/>
    <testcase time="0.01" classname="Test_Data2csv_function" name="Data2csv_works_with_out"/>
    <testcase time="0.03" classname="Test_Data2csv_function" name="Data2csv_works_with_out"/>
    <testcase time="0.04" classname="Test_Data2csv_function" name="Data2csv_works_with_out"/>
    <testcase time="0.01" classname="Test_Data2csv_function" name="Data2csv_works_with_out"/>
    <testcase time="0.02" classname="Test_Data2csv_function" name="Data2csv_works_with_out"/>
    <testcase time="0.03" classname="Test_Data2csv_function" name="Data2csv_works_with_out"/>
    <testcase time="0.01" classname="Test_Data2csv_function" name="Data2csv_works_with_out"/>
    <testcase time="0.02" classname="Test_Data2csv_function" name="Data2csv_works_with_out"/>
    <testcase time="0.02" classname="Test_Data2csv_function" name="Data2csv_works_with_out"/>
    <testcase time="0.03" classname="Test_Data2csv_function" name="Data2csv_works_with_out"/>
    <testcase time="0.03" classname="Test_Data2csv_function" name="Data2csv_works_with_out"/>
    <testcase time="0.01" classname="Test_Data2csv_function" name="Data2csv_works_with_out"/>
    <testcase time="0.02" classname="Test_Data2csv_function" name="Data2csv_works_with_out"/>
    <testcase time="0.01" classname="Test_Data2csv_function" name="Data2csv_works_with_out"/>
    <testcase time="0.04" classname="Test_Data2csv_function" name="Data2csv_works_with_out"/>
    <testcase time="0.01" classname="Test_Data2csv_function" name="Data2csv_works_with_out"/>
    <testcase time="0.02" classname="Test_Data2csv_function" name="Data2csv_works_with_out"/>
    <testcase time="0.03" classname="Test_Data2csv_function" name="Data2csv_works_with_out"/>
    <testcase time="0.03" classname="Test_Data2csv_function" name="Data2csv_works_with_out"/>
    <testcase time="0.02" classname="Test_Data2csv_function" name="Data2csv_works_with_out"/>
    <testcase time="0.01" classname="Test_Data2csv_function" name="Data2csv_works_with_out"/>
    <testcase time="0.03" classname="Test_Data2csv_function" name="Data2csv_works_with_out"/>
    <testcase time="0.02" classname="Test_Data2csv_function" name="Data2csv_works_with_out"/>
    <testcase time="0.01" classname="Test_Data2csv_function" name="Data2csv_works_with_out"/>
    <testcase time="0.02" classname="Test_Data2csv_function" name="Data2csv_works_with_out"/>
    <testcase time="0.03" classname="Test_Data2csv_function" name="Data2csv_works_with_out"/>
    <testcase time="0.02" classname="Test_Data2csv_function" name="Data2csv_works_with_out"/>
    <testcase time="0.01" classname="Test_Data2csv_function" name="Data2csv_works_with_out"/>
    <testcase time="0.03" classname="Test_Data2csv_function" name="Data2csv_works_with_out"/>
    <testcase time="0.03" classname="Test_Data2csv_function" name="Data2csv_works_with_out"/>
    <testcase time="0.02" classname="Test_Data2csv_function" name="Data2csv_works_with_out"/>
    <testcase time="0.03" classname="Test_Data2csv_function" name="Data2csv_works_with_out"/>
    <testcase time="0.02" classname="Test_Data2csv_function" name="Data2csv_works_with_out"/>
    <testcase time="0.03" classname="Test_Data2csv_function" name="Data2csv_works_with_out"/>
    <testcase time="0.01" classname="Test_Data2csv_function" name="Data2csv_works_with_out"/>
    <testcase time="0.03" classname="Test_Data2csv_function" name="Data2csv_works_with_out"/>
    <testcase time="0.02" classname="Test_Data2csv_function" name="Data2csv_works_with_out"/>
    <testcase time="0.02" classname="Test_Data2csv_function" name="Data2csv_works_with_out"/>
    <testcase time="0.26" classname="Test_Data2csv_function" name="Data2csv_works_with_out"/>
    <testcase time="0.02" classname="Test_Data2csv_function" name="Data2csv_works_with_out"/>
    <testcase time="0.01" classname="Test_Data2csv_function" name="Data2csv_works_with_out"/>
    <testcase time="0.02" classname="Test_Data2csv_function" name="Data2csv_works_with_out"/>
    <testcase time="0" classname="Test_Data2csv_function" name="Data2csv_works_with_out"/>
    <testcase time="0.01" classname="Test_Data2csv_function" name="Data2csv_works_with_out"/>
    <testcase time="0.04" classname="Test_Data2csv_function" name="Data2csv_works_with_out"/>
    <testcase time="0.01" classname="Test_Data2csv_function" name="Data2csv_works_with_out"/>
    <testcase time="0.02" classname="Test_Data2csv_function" name="Data2csv_works_with_out"/>
    <testcase time="0" classname="Test_Data2csv_function" name="Data2csv_works_with_out"/>
    <testcase time="0.01" classname="Test_Data2csv_function" name="Data2csv_works_with_out"/>
    <testcase time="0.03" classname="Test_Data2csv_function" name="Data2csv_works_with_out"/>
    <testcase time="0.02" classname="Test_Data2csv_function" name="Data2csv_works_with_out"/>
    <testcase time="0" classname="Test_Data2csv_function" name="Data2csv_works_with_out"/>
    <testcase time="0.01" classname="Test_Data2csv_function" name="Data2csv_works_with_out"/>
    <testcase time="0.02" classname="Test_Data2csv_function" name="Data2csv_works_with_out"/>
    <testcase time="0.03" classname="Test_Data2csv_function" name="Data2csv_works_with_out"/>
    <testcase time="0" classname="Test_Data2csv_function" name="Data2csv_works_with_out"/>
    <testcase time="0.02" classname="Test_Data2csv_function" name="Data2csv_works_with_out"/>
    <testcase time="0.01" classname="Test_Data2csv_function" name="Data2csv_works_with_out"/>
    <testcase time="0.02" classname="Test_Data2csv_function" name="Data2csv_works_with_out"/>
    <testcase time="0.01" classname="Test_Data2csv_function" name="Data2csv_works_with_out"/>
    <testcase time="0.02" classname="Test_Data2csv_function" name="Data2csv_works_with_out"/>
    <testcase time="0.02" classname="Test_Data2csv_function" name="Data2csv_works_with_out"/>
    <testcase time="0.01" classname="Test_Data2csv_function" name="Data2csv_works_with_out"/>
    <testcase time="0.02" classname="Test_Data2csv_function" name="Data2csv_works_with_out"/>
    <testcase time="0.01" classname="Test_Data2csv_function" name="Data2csv_works_with_out"/>
    <testcase time="0.02" classname="Test_Data2csv_function" name="Data2csv_works_with_out"/>
    <testcase time="0.01" classname="Test_Data2csv_function" name="Data2csv_works_with_out"/>
    <testcase time="0.02" classname="Test_Data2csv_function" name="Data2csv_works_with_out"/>
    <testcase time="0.01" classname="Test_Data2csv_function" name="Data2csv_works_with_out"/>
    <testcase time="0.04" classname="Test_Data2csv_function" name="Data2csv_works_with_out"/>
    <testcase time="0.01" classname="Test_Data2csv_function" name="Data2csv_works_with_out"/>
    <testcase time="0.02" classname="Test_Data2csv_function" name="Data2csv_works_with_out"/>
    <testcase time="0" classname="Test_Data2csv_function" name="Data2csv_works_with_out"/>
    <testcase time="0.01" classname="Test_Data2csv_function" name="Data2csv_works_with_out"/>
    <testcase time="0.02" classname="Test_Data2csv_function" name="Data2csv_works_with_out"/>
    <testcase time="0.03" classname="Test_Data2csv_function" name="Data2csv_works_with_out"/>
    <testcase time="0.02" classname="Test_Data2csv_function" name="Data2csv_works_with_out"/>
    <testcase time="0.01" classname="Test_Data2csv_function" name="Data2csv_works_with_out"/>
    <testcase time="0" classname="Test_Data2csv_function" name="Data2csv_works_with_out"/>
    <testcase time="0.02" classname="Test_Data2csv_function" name="Data2csv_works_with_out"/>
    <testcase time="0.03" classname="Test_Data2csv_function" name="Data2csv_works_with_out"/>
    <testcase time="0.01" classname="Test_Data2csv_function" name="Data2csv_works_with_out"/>
    <testcase time="0.02" classname="Test_Data2csv_function" name="Data2csv_works_with_out"/>
    <testcase time="0.01" classname="Test_Data2csv_function" name="Data2csv_works_with_out"/>
    <testcase time="0" classname="Test_Data2csv_function" name="Data2csv_works_with_out"/>
    <testcase time="0.04" classname="Test_Data2csv_function" name="Data2csv_works_with_out"/>
    <testcase time="0.01" classname="Test_Data2csv_function" name="Data2csv_works_with_out"/>
    <testcase time="0.02" classname="Test_Data2csv_function" name="Data2csv_works_with_out"/>
    <testcase time="0.01" classname="Test_Data2csv_function" name="Data2csv_works_with_out"/>
    <testcase time="0.02" classname="Test_Data2csv_function" name="Data2csv_works_with_out"/>
    <testcase time="0.01" classname="Test_Data2csv_function" name="Data2csv_works_with_out"/>
    <testcase time="0.02" classname="Test_Data2csv_function" name="Data2csv_works_with_out"/>
    <testcase time="0.02" classname="Test_Data2csv_function" name="Data2csv_works_with_out">
      <failure type="failure" message="class(orig) not equal to class(read). (@test-Data2csv.R#17)">class(orig) not equal to class(read).
1/1 mismatches
x[1]: "character"
y[1]: "logical"</failure>
    </testcase>
    <testcase time="0.01" classname="Test_Data2csv_function" name="Data2csv_works_with_out">
      <failure type="failure" message="`och` not equal to nchar(read). (@test-Data2csv.R#21)">`och` not equal to nchar(read).
Lengths differ: 40 is not 1</failure>
    </testcase>
    <testcase time="0.02" classname="Test_Data2csv_function" name="Data2csv_works_with_out"/>
    <testcase time="0.03" classname="Test_Data2csv_function" name="Data2csv_works_with_out"/>
    <testcase time="0.01" classname="Test_Data2csv_function" name="Data2csv_works_with_out"/>
    <testcase time="0" classname="Test_Data2csv_function" name="Data2csv_works_with_out"/>
    <testcase time="0.02" classname="Test_Data2csv_function" name="Data2csv_works_with_out"/>
    <testcase time="0.03" classname="Test_Data2csv_function" name="Data2csv_works_with_out"/>
    <testcase time="0.02" classname="Test_Data2csv_function" name="Data2csv_works_with_out"/>
    <testcase time="0.01" classname="Test_Data2csv_function" name="Data2csv_works_with_out"/>
    <testcase time="0.02" classname="Test_Data2csv_function" name="Data2csv_works_with_out"/>
    <testcase time="0.01" classname="Test_Data2csv_function" name="Data2csv_works_with_out"/>
    <testcase time="0.02" classname="Test_Data2csv_function" name="Data2csv_works_with_out"/>
    <testcase time="0.01" classname="Test_Data2csv_function" name="Data2csv_works_with_out"/>
    <testcase time="0.02" classname="Test_Data2csv_function" name="Data2csv_works_with_out"/>
    <testcase time="0.02" classname="Test_Data2csv_function" name="Data2csv_works_with_out"/>
    <testcase time="0.03" classname="Test_Data2csv_function" name="Data2csv_works_with_out"/>
    <testcase time="0" classname="Test_Data2csv_function" name="Data2csv_works_with_out"/>
    <testcase time="0.01" classname="Test_Data2csv_function" name="Data2csv_works_with_out"/>
    <testcase time="0.02" classname="Test_Data2csv_function" name="Data2csv_works_with_out"/>
    <testcase time="0.03" classname="Test_Data2csv_function" name="Data2csv_works_with_out"/>
    <testcase time="0.01" classname="Test_Data2csv_function" name="Data2csv_works_with_out"/>
    <testcase time="0.02" classname="Test_Data2csv_function" name="Data2csv_works_with_out"/>
    <testcase time="0.02" classname="Test_Data2csv_function" name="Data2csv_works_with_out"/>
    <testcase time="0.01" classname="Test_Data2csv_function" name="Data2csv_works_with_out"/>
  </testsuite>
  <testsuite name="Feasibility Functions" timestamp="2019-08-23 12:37:00" hostname="DESKTOP-32IEE7L" tests="62" skipped="0" failures="0" errors="0" time="35.91">
    <testcase time="0.66" classname="Feasibility_Functions" name="Fease_works_with_out"/>
    <testcase time="0.59" classname="Feasibility_Functions" name="Fease_works_with_out"/>
    <testcase time="0.58" classname="Feasibility_Functions" name="Fease_works_with_out"/>
    <testcase time="0.62" classname="Feasibility_Functions" name="Fease_works_with_out"/>
    <testcase time="0.6" classname="Feasibility_Functions" name="Fease_works_with_out"/>
    <testcase time="0.59" classname="Feasibility_Functions" name="Fease_works_with_out"/>
    <testcase time="0.6" classname="Feasibility_Functions" name="Fease_works_with_out"/>
    <testcase time="0.61" classname="Feasibility_Functions" name="Fease_works_with_out"/>
    <testcase time="0.57" classname="Feasibility_Functions" name="Fease_works_with_out"/>
    <testcase time="0.6" classname="Feasibility_Functions" name="Fease_works_with_out"/>
    <testcase time="0.59" classname="Feasibility_Functions" name="Fease_works_with_out"/>
    <testcase time="0.63" classname="Feasibility_Functions" name="Fease_works_with_out"/>
    <testcase time="0.59" classname="Feasibility_Functions" name="Fease_works_with_out"/>
    <testcase time="0.61" classname="Feasibility_Functions" name="Fease_works_with_out"/>
    <testcase time="0.59" classname="Feasibility_Functions" name="Fease_works_with_out"/>
    <testcase time="0.6" classname="Feasibility_Functions" name="Fease_works_with_out"/>
    <testcase time="0.61" classname="Feasibility_Functions" name="Fease_works_with_out"/>
    <testcase time="0.59" classname="Feasibility_Functions" name="Fease_works_with_out"/>
    <testcase time="0.61" classname="Feasibility_Functions" name="Fease_works_with_out"/>
    <testcase time="0.61" classname="Feasibility_Functions" name="Fease_works_with_out"/>
    <testcase time="0.61" classname="Feasibility_Functions" name="Fease_works_with_out"/>
    <testcase time="0.59" classname="Feasibility_Functions" name="Fease_works_with_out"/>
    <testcase time="0.63" classname="Feasibility_Functions" name="Fease_works_with_out"/>
    <testcase time="0.59" classname="Feasibility_Functions" name="Fease_works_with_out"/>
    <testcase time="0.63" classname="Feasibility_Functions" name="Fease_works_with_out"/>
    <testcase time="0.59" classname="Feasibility_Functions" name="Fease_works_with_out"/>
    <testcase time="0.62" classname="Feasibility_Functions" name="Fease_works_with_out"/>
    <testcase time="0.6" classname="Feasibility_Functions" name="Fease_works_with_out"/>
    <testcase time="0.64" classname="Feasibility_Functions" name="Fease_works_with_out"/>
    <testcase time="0.59" classname="Feasibility_Functions" name="Fease_works_with_out"/>
    <testcase time="0.02" classname="Feasibility_Functions" name="Fease_works_with_out"/>
    <testcase time="0.62" classname="Feasibility_Functions" name="Fease_works_with_out"/>
    <testcase time="0.61" classname="Feasibility_Functions" name="Fease_works_with_out"/>
    <testcase time="0.63" classname="Feasibility_Functions" name="Fease_works_with_out"/>
    <testcase time="0.61" classname="Feasibility_Functions" name="Fease_works_with_out"/>
    <testcase time="0.64" classname="Feasibility_Functions" name="Fease_works_with_out"/>
    <testcase time="0.59" classname="Feasibility_Functions" name="Fease_works_with_out"/>
    <testcase time="0.84" classname="Feasibility_Functions" name="Fease_works_with_out"/>
    <testcase time="0.6" classname="Feasibility_Functions" name="Fease_works_with_out"/>
    <testcase time="0.56" classname="Feasibility_Functions" name="Fease_works_with_out"/>
    <testcase time="0.56" classname="Feasibility_Functions" name="Fease_works_with_out"/>
    <testcase time="0.57" classname="Feasibility_Functions" name="Fease_works_with_out"/>
    <testcase time="0.54" classname="Feasibility_Functions" name="Fease_works_with_out"/>
    <testcase time="0.57" classname="Feasibility_Functions" name="Fease_works_with_out"/>
    <testcase time="0.56" classname="Feasibility_Functions" name="Fease_works_with_out"/>
    <testcase time="0.54" classname="Feasibility_Functions" name="Fease_works_with_out"/>
    <testcase time="0.6" classname="Feasibility_Functions" name="Fease_works_with_out"/>
    <testcase time="0.56" classname="Feasibility_Functions" name="Fease_works_with_out"/>
    <testcase time="0.58" classname="Feasibility_Functions" name="Fease_works_with_out"/>
    <testcase time="0.58" classname="Feasibility_Functions" name="Fease_works_with_out"/>
    <testcase time="0.58" classname="Feasibility_Functions" name="Fease_works_with_out"/>
    <testcase time="0.57" classname="Feasibility_Functions" name="Fease_works_with_out"/>
    <testcase time="0.58" classname="Feasibility_Functions" name="Fease_works_with_out"/>
    <testcase time="0.58" classname="Feasibility_Functions" name="Fease_works_with_out"/>
    <testcase time="0.56" classname="Feasibility_Functions" name="Fease_works_with_out"/>
    <testcase time="0.6" classname="Feasibility_Functions" name="Fease_works_with_out"/>
    <testcase time="0.57" classname="Feasibility_Functions" name="Fease_works_with_out"/>
    <testcase time="0.58" classname="Feasibility_Functions" name="Fease_works_with_out"/>
    <testcase time="0.6" classname="Feasibility_Functions" name="Fease_works_with_out"/>
    <testcase time="0.59" classname="Feasibility_Functions" name="Fease_works_with_out"/>
    <testcase time="0.58" classname="Feasibility_Functions" name="Fease_works_with_out"/>
    <testcase time="0" classname="Feasibility_Functions" name="Fease_works_with_out"/>
  </testsuite>
  <testsuite name="Import Data objects" timestamp="2019-08-23 12:37:36" hostname="DESKTOP-32IEE7L" tests="16" skipped="0" failures="0" errors="0" time="8.37">
    <testcase time="0.01" classname="Import_Data_objects" name="new_Data_works_with_Atlantic_mackerel.csv"/>
    <testcase time="0.69" classname="Import_Data_objects" name="new_Data_works_with_Atlantic_mackerel.csv"/>
    <testcase time="0.02" classname="Import_Data_objects" name="new_Data_works_with_China_rockfish.csv"/>
    <testcase time="0.75" classname="Import_Data_objects" name="new_Data_works_with_China_rockfish.csv"/>
    <testcase time="0.01" classname="Import_Data_objects" name="new_Data_works_with_Cobia.csv"/>
    <testcase time="1.08" classname="Import_Data_objects" name="new_Data_works_with_Cobia.csv"/>
    <testcase time="0" classname="Import_Data_objects" name="new_Data_works_with_Example_datafile.csv"/>
    <testcase time="1.05" classname="Import_Data_objects" name="new_Data_works_with_Example_datafile.csv"/>
    <testcase time="0.03" classname="Import_Data_objects" name="new_Data_works_with_Gulf_blue_tilefish.csv"/>
    <testcase time="0.84" classname="Import_Data_objects" name="new_Data_works_with_Gulf_blue_tilefish.csv"/>
    <testcase time="0.03" classname="Import_Data_objects" name="new_Data_works_with_ourReefFish.csv"/>
    <testcase time="1.22" classname="Import_Data_objects" name="new_Data_works_with_ourReefFish.csv"/>
    <testcase time="0.02" classname="Import_Data_objects" name="new_Data_works_with_Red_snapper.csv"/>
    <testcase time="1.17" classname="Import_Data_objects" name="new_Data_works_with_Red_snapper.csv"/>
    <testcase time="0.02" classname="Import_Data_objects" name="new_Data_works_with_Simulation_1.csv"/>
    <testcase time="1.43" classname="Import_Data_objects" name="new_Data_works_with_Simulation_1.csv"/>
  </testsuite>
  <testsuite name="test MPs with testOM" timestamp="2019-08-23 12:37:45" hostname="DESKTOP-32IEE7L" tests="109" skipped="0" failures="0" errors="0" time="116.19">
    <testcase time="2.1" classname="test_MPs_with_testOM" name="avail_MP_returns_correct_length"/>
    <testcase time="0.98" classname="test_MPs_with_testOM" name="testOM_works_with_AvC"/>
    <testcase time="1.14" classname="test_MPs_with_testOM" name="testOM_works_with_AvC_MLL"/>
    <testcase time="0.99" classname="test_MPs_with_testOM" name="testOM_works_with_BK"/>
    <testcase time="1.04" classname="test_MPs_with_testOM" name="testOM_works_with_BK_CC"/>
    <testcase time="1.11" classname="test_MPs_with_testOM" name="testOM_works_with_BK_ML"/>
    <testcase time="0.97" classname="test_MPs_with_testOM" name="testOM_works_with_CC1"/>
    <testcase time="0.99" classname="test_MPs_with_testOM" name="testOM_works_with_CC2"/>
    <testcase time="1.1" classname="test_MPs_with_testOM" name="testOM_works_with_CC3"/>
    <testcase time="0.83" classname="test_MPs_with_testOM" name="testOM_works_with_CC4"/>
    <testcase time="0.83" classname="test_MPs_with_testOM" name="testOM_works_with_CC5"/>
    <testcase time="2.19" classname="test_MPs_with_testOM" name="testOM_works_with_CompSRA"/>
    <testcase time="2.22" classname="test_MPs_with_testOM" name="testOM_works_with_CompSRA4010"/>
    <testcase time="0.84" classname="test_MPs_with_testOM" name="testOM_works_with_curE"/>
    <testcase time="0.84" classname="test_MPs_with_testOM" name="testOM_works_with_curE75"/>
    <testcase time="0.85" classname="test_MPs_with_testOM" name="testOM_works_with_DAAC"/>
    <testcase time="1" classname="test_MPs_with_testOM" name="testOM_works_with_DBSRA"/>
    <testcase time="1.01" classname="test_MPs_with_testOM" name="testOM_works_with_DBSRA_40"/>
    <testcase time="1" classname="test_MPs_with_testOM" name="testOM_works_with_DBSRA4010"/>
    <testcase time="0.86" classname="test_MPs_with_testOM" name="testOM_works_with_DCAC"/>
    <testcase time="0.86" classname="test_MPs_with_testOM" name="testOM_works_with_DCAC_40"/>
    <testcase time="1.03" classname="test_MPs_with_testOM" name="testOM_works_with_DCAC_ML"/>
    <testcase time="0.86" classname="test_MPs_with_testOM" name="testOM_works_with_DCAC4010"/>
    <testcase time="0.88" classname="test_MPs_with_testOM" name="testOM_works_with_DCACs"/>
    <testcase time="1.81" classname="test_MPs_with_testOM" name="testOM_works_with_DD"/>
    <testcase time="1.81" classname="test_MPs_with_testOM" name="testOM_works_with_DD4010"/>
    <testcase time="1.83" classname="test_MPs_with_testOM" name="testOM_works_with_DDe"/>
    <testcase time="2.06" classname="test_MPs_with_testOM" name="testOM_works_with_DDe75"/>
    <testcase time="2.08" classname="test_MPs_with_testOM" name="testOM_works_with_DDes"/>
    <testcase time="0.83" classname="test_MPs_with_testOM" name="testOM_works_with_DepF"/>
    <testcase time="0.84" classname="test_MPs_with_testOM" name="testOM_works_with_DTe40"/>
    <testcase time="0.86" classname="test_MPs_with_testOM" name="testOM_works_with_DTe50"/>
    <testcase time="1" classname="test_MPs_with_testOM" name="testOM_works_with_DynF"/>
    <testcase time="0.86" classname="test_MPs_with_testOM" name="testOM_works_with_EtargetLopt"/>
    <testcase time="1.11" classname="test_MPs_with_testOM" name="testOM_works_with_Fadapt"/>
    <testcase time="0.88" classname="test_MPs_with_testOM" name="testOM_works_with_Fdem"/>
    <testcase time="0.95" classname="test_MPs_with_testOM" name="testOM_works_with_Fdem_CC"/>
    <testcase time="0.97" classname="test_MPs_with_testOM" name="testOM_works_with_Fdem_ML"/>
    <testcase time="0.86" classname="test_MPs_with_testOM" name="testOM_works_with_FMSYref"/>
    <testcase time="0.87" classname="test_MPs_with_testOM" name="testOM_works_with_FMSYref50"/>
    <testcase time="0.86" classname="test_MPs_with_testOM" name="testOM_works_with_FMSYref75"/>
    <testcase time="0.88" classname="test_MPs_with_testOM" name="testOM_works_with_Fratio"/>
    <testcase time="0.92" classname="test_MPs_with_testOM" name="testOM_works_with_Fratio_CC"/>
    <testcase time="0.97" classname="test_MPs_with_testOM" name="testOM_works_with_Fratio_ML"/>
    <testcase time="0.94" classname="test_MPs_with_testOM" name="testOM_works_with_Fratio4010"/>
    <testcase time="0.87" classname="test_MPs_with_testOM" name="testOM_works_with_GB_CC"/>
    <testcase time="0.94" classname="test_MPs_with_testOM" name="testOM_works_with_GB_slope"/>
    <testcase time="0.89" classname="test_MPs_with_testOM" name="testOM_works_with_GB_target"/>
    <testcase time="1.12" classname="test_MPs_with_testOM" name="testOM_works_with_Gcontrol"/>
    <testcase time="0.88" classname="test_MPs_with_testOM" name="testOM_works_with_HDAAC"/>
    <testcase time="0.91" classname="test_MPs_with_testOM" name="testOM_works_with_ICI"/>
    <testcase time="0.89" classname="test_MPs_with_testOM" name="testOM_works_with_ICI2"/>
    <testcase time="1.06" classname="test_MPs_with_testOM" name="testOM_works_with_Iratio"/>
    <testcase time="0.86" classname="test_MPs_with_testOM" name="testOM_works_with_Islope1"/>
    <testcase time="0.87" classname="test_MPs_with_testOM" name="testOM_works_with_Islope2"/>
    <testcase time="0.88" classname="test_MPs_with_testOM" name="testOM_works_with_Islope4"/>
    <testcase time="0.86" classname="test_MPs_with_testOM" name="testOM_works_with_IT10"/>
    <testcase time="0.84" classname="test_MPs_with_testOM" name="testOM_works_with_IT5"/>
    <testcase time="0.86" classname="test_MPs_with_testOM" name="testOM_works_with_Itarget1"/>
    <testcase time="0.84" classname="test_MPs_with_testOM" name="testOM_works_with_Itarget1_MPA"/>
    <testcase time="0.86" classname="test_MPs_with_testOM" name="testOM_works_with_Itarget2"/>
    <testcase time="0.86" classname="test_MPs_with_testOM" name="testOM_works_with_Itarget3"/>
    <testcase time="0.86" classname="test_MPs_with_testOM" name="testOM_works_with_Itarget4"/>
    <testcase time="0.88" classname="test_MPs_with_testOM" name="testOM_works_with_ItargetE1"/>
    <testcase time="0.87" classname="test_MPs_with_testOM" name="testOM_works_with_ItargetE2"/>
    <testcase time="0.89" classname="test_MPs_with_testOM" name="testOM_works_with_ItargetE3"/>
    <testcase time="0.88" classname="test_MPs_with_testOM" name="testOM_works_with_ItargetE4"/>
    <testcase time="0.87" classname="test_MPs_with_testOM" name="testOM_works_with_ITe10"/>
    <testcase time="0.88" classname="test_MPs_with_testOM" name="testOM_works_with_ITe5"/>
    <testcase time="0.87" classname="test_MPs_with_testOM" name="testOM_works_with_ITM"/>
    <testcase time="0.88" classname="test_MPs_with_testOM" name="testOM_works_with_L95target"/>
    <testcase time="4.89" classname="test_MPs_with_testOM" name="testOM_works_with_LBSPR"/>
    <testcase time="1.65" classname="test_MPs_with_testOM" name="testOM_works_with_LBSPR_MLL"/>
    <testcase time="0.9" classname="test_MPs_with_testOM" name="testOM_works_with_Lratio_BHI"/>
    <testcase time="0.89" classname="test_MPs_with_testOM" name="testOM_works_with_Lratio_BHI2"/>
    <testcase time="0.89" classname="test_MPs_with_testOM" name="testOM_works_with_Lratio_BHI3"/>
    <testcase time="1.06" classname="test_MPs_with_testOM" name="testOM_works_with_LstepCC1"/>
    <testcase time="0.83" classname="test_MPs_with_testOM" name="testOM_works_with_LstepCC2"/>
    <testcase time="0.84" classname="test_MPs_with_testOM" name="testOM_works_with_LstepCC3"/>
    <testcase time="0.81" classname="test_MPs_with_testOM" name="testOM_works_with_LstepCC4"/>
    <testcase time="0.86" classname="test_MPs_with_testOM" name="testOM_works_with_LstepCE1"/>
    <testcase time="0.85" classname="test_MPs_with_testOM" name="testOM_works_with_LstepCE2"/>
    <testcase time="0.84" classname="test_MPs_with_testOM" name="testOM_works_with_Ltarget1"/>
    <testcase time="0.84" classname="test_MPs_with_testOM" name="testOM_works_with_Ltarget2"/>
    <testcase time="0.86" classname="test_MPs_with_testOM" name="testOM_works_with_Ltarget3"/>
    <testcase time="0.86" classname="test_MPs_with_testOM" name="testOM_works_with_Ltarget4"/>
    <testcase time="0.85" classname="test_MPs_with_testOM" name="testOM_works_with_LtargetE1"/>
    <testcase time="0.87" classname="test_MPs_with_testOM" name="testOM_works_with_LtargetE4"/>
    <testcase time="0.97" classname="test_MPs_with_testOM" name="testOM_works_with_matlenlim"/>
    <testcase time="0.98" classname="test_MPs_with_testOM" name="testOM_works_with_matlenlim2"/>
    <testcase time="0.86" classname="test_MPs_with_testOM" name="testOM_works_with_MCD"/>
    <testcase time="0.86" classname="test_MPs_with_testOM" name="testOM_works_with_MCD4010"/>
    <testcase time="0.97" classname="test_MPs_with_testOM" name="testOM_works_with_minlenLopt1"/>
    <testcase time="0.85" classname="test_MPs_with_testOM" name="testOM_works_with_MRnoreal"/>
    <testcase time="0.86" classname="test_MPs_with_testOM" name="testOM_works_with_MRreal"/>
    <testcase time="0.85" classname="test_MPs_with_testOM" name="testOM_works_with_NFref"/>
    <testcase time="1.11" classname="test_MPs_with_testOM" name="testOM_works_with_Rcontrol"/>
    <testcase time="1.11" classname="test_MPs_with_testOM" name="testOM_works_with_Rcontrol2"/>
    <testcase time="0.93" classname="test_MPs_with_testOM" name="testOM_works_with_SBT1"/>
    <testcase time="0.87" classname="test_MPs_with_testOM" name="testOM_works_with_SBT2"/>
    <testcase time="1.02" classname="test_MPs_with_testOM" name="testOM_works_with_slotlim"/>
    <testcase time="1.07" classname="test_MPs_with_testOM" name="testOM_works_with_SPmod"/>
    <testcase time="0.86" classname="test_MPs_with_testOM" name="testOM_works_with_SPMSY"/>
    <testcase time="0.89" classname="test_MPs_with_testOM" name="testOM_works_with_SPslope"/>
    <testcase time="0.94" classname="test_MPs_with_testOM" name="testOM_works_with_SPSRA"/>
    <testcase time="1.13" classname="test_MPs_with_testOM" name="testOM_works_with_SPSRA_ML"/>
    <testcase time="1.87" classname="test_MPs_with_testOM" name="testOM_works_with_YPR"/>
    <testcase time="1.99" classname="test_MPs_with_testOM" name="testOM_works_with_YPR_CC"/>
    <testcase time="1.73" classname="test_MPs_with_testOM" name="testOM_works_with_YPR_ML"/>
  </testsuite>
  <testsuite name="Test MSE_functions" timestamp="2019-08-23 12:39:41" hostname="DESKTOP-32IEE7L" tests="8" skipped="0" failures="0" errors="0" time="0.88">
    <testcase time="0.78" classname="Test_MSE_functions" name="Converge"/>
    <testcase time="0" classname="Test_MSE_functions" name="checkMSE"/>
    <testcase time="0.02" classname="Test_MSE_functions" name="Sub_by_MP"/>
    <testcase time="0" classname="Test_MSE_functions" name="Sub_by_MP"/>
    <testcase time="0" classname="Test_MSE_functions" name="Sub_by_sim"/>
    <testcase time="0" classname="Test_MSE_functions" name="Sub_by_sim"/>
    <testcase time="0.01" classname="Test_MSE_functions" name="joinMSE"/>
    <testcase time="0.07" classname="Test_MSE_functions" name="joinMSE_returns_same_object"/>
  </testsuite>
  <testsuite name="Test MSE Plotting functions" timestamp="2019-08-23 12:39:42" hostname="DESKTOP-32IEE7L" tests="27" skipped="0" failures="0" errors="0" time="37.39">
    <testcase time="32.31" classname="Test_MSE_Plotting_functions" name="main_plot_MSE_functions"/>
    <testcase time="0.09" classname="Test_MSE_Plotting_functions" name="main_plot_MSE_functions"/>
    <testcase time="0.05" classname="Test_MSE_Plotting_functions" name="main_plot_MSE_functions"/>
    <testcase time="0.11" classname="Test_MSE_Plotting_functions" name="main_plot_MSE_functions"/>
    <testcase time="0.22" classname="Test_MSE_Plotting_functions" name="main_plot_MSE_functions"/>
    <testcase time="0" classname="Test_MSE_Plotting_functions" name="main_plot_MSE_functions"/>
    <testcase time="0.03" classname="Test_MSE_Plotting_functions" name="main_plot_MSE_functions"/>
    <testcase time="0.11" classname="Test_MSE_Plotting_functions" name="main_plot_MSE_functions"/>
    <testcase time="0.01" classname="Test_MSE_Plotting_functions" name="main_plot_MSE_functions"/>
    <testcase time="0.07" classname="Test_MSE_Plotting_functions" name="main_plot_MSE_functions"/>
    <testcase time="0.03" classname="Test_MSE_Plotting_functions" name="main_plot_MSE_functions"/>
    <testcase time="0.48" classname="Test_MSE_Plotting_functions" name="main_plot_MSE_functions"/>
    <testcase time="0.13" classname="Test_MSE_Plotting_functions" name="main_plot_MSE_functions"/>
    <testcase time="0.2" classname="Test_MSE_Plotting_functions" name="main_plot_MSE_functions"/>
    <testcase time="0.05" classname="Test_MSE_Plotting_functions" name="main_plot_MSE_functions"/>
    <testcase time="0.83" classname="Test_MSE_Plotting_functions" name="main_plot_MSE_functions"/>
    <testcase time="0.03" classname="Test_MSE_Plotting_functions" name="main_plot_MSE_functions"/>
    <testcase time="0.55" classname="Test_MSE_Plotting_functions" name="main_plot_MSE_functions"/>
    <testcase time="0.01" classname="Test_MSE_Plotting_functions" name="main_plot_MSE_functions"/>
    <testcase time="0.52" classname="Test_MSE_Plotting_functions" name="main_plot_MSE_functions"/>
    <testcase time="0.51" classname="Test_MSE_Plotting_functions" name="main_plot_MSE_functions"/>
    <testcase time="0.02" classname="Test_MSE_Plotting_functions" name="main_plot_MSE_functions"/>
    <testcase time="0.48" classname="Test_MSE_Plotting_functions" name="main_plot_MSE_functions"/>
    <testcase time="0.08" classname="Test_MSE_Plotting_functions" name="main_plot_MSE_functions"/>
    <testcase time="0.19" classname="Test_MSE_Plotting_functions" name="main_plot_MSE_functions"/>
    <testcase time="0.17" classname="Test_MSE_Plotting_functions" name="main_plot_MSE_functions"/>
    <testcase time="0.11" classname="Test_MSE_Plotting_functions" name="main_plot_MSE_functions"/>
  </testsuite>
  <testsuite name="test OM_functions" timestamp="2019-08-23 12:40:20" hostname="DESKTOP-32IEE7L" tests="188" skipped="0" failures="0" errors="0" time="70.6">
    <testcase time="4.35" classname="test_OM_functions" name="ForceCor_works_"/>
    <testcase time="0" classname="test_OM_functions" name="Replace_and_SubOM_work_with_Stock"/>
    <testcase time="0" classname="test_OM_functions" name="Replace_and_SubOM_work_with_Stock"/>
    <testcase time="0.01" classname="test_OM_functions" name="Replace_and_SubOM_work_with_Stock"/>
    <testcase time="0" classname="test_OM_functions" name="Replace_and_SubOM_work_with_Stock"/>
    <testcase time="0" classname="test_OM_functions" name="Replace_and_SubOM_work_with_Stock"/>
    <testcase time="0" classname="test_OM_functions" name="Replace_and_SubOM_work_with_Stock"/>
    <testcase time="0" classname="test_OM_functions" name="Replace_and_SubOM_work_with_Stock"/>
    <testcase time="0" classname="test_OM_functions" name="Replace_and_SubOM_work_with_Stock"/>
    <testcase time="0" classname="test_OM_functions" name="Replace_and_SubOM_work_with_Stock"/>
    <testcase time="0" classname="test_OM_functions" name="Replace_and_SubOM_work_with_Stock"/>
    <testcase time="0" classname="test_OM_functions" name="Replace_and_SubOM_work_with_Stock"/>
    <testcase time="0" classname="test_OM_functions" name="Replace_and_SubOM_work_with_Stock"/>
    <testcase time="0" classname="test_OM_functions" name="Replace_and_SubOM_work_with_Stock"/>
    <testcase time="0" classname="test_OM_functions" name="Replace_and_SubOM_work_with_Stock"/>
    <testcase time="0" classname="test_OM_functions" name="Replace_and_SubOM_work_with_Stock"/>
    <testcase time="0" classname="test_OM_functions" name="Replace_and_SubOM_work_with_Stock"/>
    <testcase time="0" classname="test_OM_functions" name="Replace_and_SubOM_work_with_Stock"/>
    <testcase time="0" classname="test_OM_functions" name="Replace_and_SubOM_work_with_Stock"/>
    <testcase time="0.02" classname="test_OM_functions" name="Replace_and_SubOM_work_with_Stock"/>
    <testcase time="0" classname="test_OM_functions" name="Replace_and_SubOM_work_with_Stock"/>
    <testcase time="0" classname="test_OM_functions" name="Replace_and_SubOM_work_with_Stock"/>
    <testcase time="0" classname="test_OM_functions" name="Replace_and_SubOM_work_with_Stock"/>
    <testcase time="0" classname="test_OM_functions" name="Replace_and_SubOM_work_with_Stock"/>
    <testcase time="0" classname="test_OM_functions" name="Replace_and_SubOM_work_with_Stock"/>
    <testcase time="0" classname="test_OM_functions" name="Replace_and_SubOM_work_with_Stock"/>
    <testcase time="0" classname="test_OM_functions" name="Replace_and_SubOM_work_with_Stock"/>
    <testcase time="0" classname="test_OM_functions" name="Replace_and_SubOM_work_with_Stock"/>
    <testcase time="0" classname="test_OM_functions" name="Replace_and_SubOM_work_with_Stock"/>
    <testcase time="0" classname="test_OM_functions" name="Replace_and_SubOM_work_with_Stock"/>
    <testcase time="0" classname="test_OM_functions" name="Replace_and_SubOM_work_with_Stock"/>
    <testcase time="0" classname="test_OM_functions" name="Replace_and_SubOM_work_with_Stock"/>
    <testcase time="0.01" classname="test_OM_functions" name="Replace_and_SubOM_work_with_Fleet"/>
    <testcase time="0" classname="test_OM_functions" name="Replace_and_SubOM_work_with_Fleet"/>
    <testcase time="0" classname="test_OM_functions" name="Replace_and_SubOM_work_with_Fleet"/>
    <testcase time="0" classname="test_OM_functions" name="Replace_and_SubOM_work_with_Fleet"/>
    <testcase time="0" classname="test_OM_functions" name="Replace_and_SubOM_work_with_Fleet"/>
    <testcase time="0" classname="test_OM_functions" name="Replace_and_SubOM_work_with_Fleet"/>
    <testcase time="0" classname="test_OM_functions" name="Replace_and_SubOM_work_with_Fleet"/>
    <testcase time="0" classname="test_OM_functions" name="Replace_and_SubOM_work_with_Fleet"/>
    <testcase time="0" classname="test_OM_functions" name="Replace_and_SubOM_work_with_Fleet"/>
    <testcase time="0.02" classname="test_OM_functions" name="Replace_and_SubOM_work_with_Fleet"/>
    <testcase time="0" classname="test_OM_functions" name="Replace_and_SubOM_work_with_Fleet"/>
    <testcase time="0" classname="test_OM_functions" name="Replace_and_SubOM_work_with_Fleet"/>
    <testcase time="0" classname="test_OM_functions" name="Replace_and_SubOM_work_with_Fleet"/>
    <testcase time="0.01" classname="test_OM_functions" name="Replace_and_SubOM_work_with_Fleet"/>
    <testcase time="0" classname="test_OM_functions" name="Replace_and_SubOM_work_with_Fleet"/>
    <testcase time="0" classname="test_OM_functions" name="Replace_and_SubOM_work_with_Fleet"/>
    <testcase time="0" classname="test_OM_functions" name="Replace_and_SubOM_work_with_Fleet"/>
    <testcase time="0" classname="test_OM_functions" name="Replace_and_SubOM_work_with_Fleet"/>
    <testcase time="0" classname="test_OM_functions" name="Replace_and_SubOM_work_with_Fleet"/>
    <testcase time="0" classname="test_OM_functions" name="Replace_and_SubOM_work_with_Fleet"/>
    <testcase time="0" classname="test_OM_functions" name="Replace_and_SubOM_work_with_Fleet"/>
    <testcase time="0" classname="test_OM_functions" name="Replace_and_SubOM_work_with_Fleet"/>
    <testcase time="0.02" classname="test_OM_functions" name="Replace_and_SubOM_work_with_Fleet"/>
    <testcase time="0" classname="test_OM_functions" name="Replace_and_SubOM_work_with_Fleet"/>
    <testcase time="0" classname="test_OM_functions" name="Replace_and_SubOM_work_with_Fleet"/>
    <testcase time="0" classname="test_OM_functions" name="Replace_and_SubOM_work_with_Fleet"/>
    <testcase time="0" classname="test_OM_functions" name="Replace_and_SubOM_work_with_Obs"/>
    <testcase time="0" classname="test_OM_functions" name="Replace_and_SubOM_work_with_Obs"/>
    <testcase time="0.01" classname="test_OM_functions" name="Replace_and_SubOM_work_with_Obs"/>
    <testcase time="0" classname="test_OM_functions" name="Replace_and_SubOM_work_with_Obs"/>
    <testcase time="0" classname="test_OM_functions" name="Replace_and_SubOM_work_with_Obs"/>
    <testcase time="0" classname="test_OM_functions" name="Replace_and_SubOM_work_with_Obs"/>
    <testcase time="0" classname="test_OM_functions" name="Replace_and_SubOM_work_with_Obs"/>
    <testcase time="0" classname="test_OM_functions" name="Replace_and_SubOM_work_with_Obs"/>
    <testcase time="0" classname="test_OM_functions" name="Replace_and_SubOM_work_with_Obs"/>
    <testcase time="0" classname="test_OM_functions" name="Replace_and_SubOM_work_with_Obs"/>
    <testcase time="0" classname="test_OM_functions" name="Replace_and_SubOM_work_with_Obs"/>
    <testcase time="0" classname="test_OM_functions" name="Replace_and_SubOM_work_with_Obs"/>
    <testcase time="0.02" classname="test_OM_functions" name="Replace_and_SubOM_work_with_Obs"/>
    <testcase time="0" classname="test_OM_functions" name="Replace_and_SubOM_work_with_Obs"/>
    <testcase time="0" classname="test_OM_functions" name="Replace_and_SubOM_work_with_Obs"/>
    <testcase time="0" classname="test_OM_functions" name="Replace_and_SubOM_work_with_Obs"/>
    <testcase time="0" classname="test_OM_functions" name="Replace_and_SubOM_work_with_Obs"/>
    <testcase time="0" classname="test_OM_functions" name="Replace_and_SubOM_work_with_Obs"/>
    <testcase time="0" classname="test_OM_functions" name="Replace_and_SubOM_work_with_Obs"/>
    <testcase time="0" classname="test_OM_functions" name="Replace_and_SubOM_work_with_Obs"/>
    <testcase time="0" classname="test_OM_functions" name="Replace_and_SubOM_work_with_Obs"/>
    <testcase time="0.02" classname="test_OM_functions" name="Replace_and_SubOM_work_with_Obs"/>
    <testcase time="0" classname="test_OM_functions" name="Replace_and_SubOM_work_with_Obs"/>
    <testcase time="0" classname="test_OM_functions" name="Replace_and_SubOM_work_with_Obs"/>
    <testcase time="0" classname="test_OM_functions" name="Replace_and_SubOM_work_with_Obs"/>
    <testcase time="0" classname="test_OM_functions" name="Replace_and_SubOM_work_with_Obs"/>
    <testcase time="0" classname="test_OM_functions" name="Replace_and_SubOM_work_with_Obs"/>
    <testcase time="0" classname="test_OM_functions" name="Replace_and_SubOM_work_with_Obs"/>
    <testcase time="0.01" classname="test_OM_functions" name="Replace_and_SubOM_work_with_Imp"/>
    <testcase time="0" classname="test_OM_functions" name="Replace_and_SubOM_work_with_Imp"/>
    <testcase time="0" classname="test_OM_functions" name="Replace_and_SubOM_work_with_Imp"/>
    <testcase time="0" classname="test_OM_functions" name="Replace_and_SubOM_work_with_Imp"/>
    <testcase time="0" classname="test_OM_functions" name="Replace_and_SubOM_work_with_Imp"/>
    <testcase time="0" classname="test_OM_functions" name="Replace_and_SubOM_work_with_Imp"/>
    <testcase time="0.24" classname="test_OM_functions" name="LH2OM_works_with_testOM"/>
    <testcase time="0.26" classname="test_OM_functions" name="LH2OM_works_with_testOM"/>
    <testcase time="1.03" classname="test_OM_functions" name="LH2OM_works_with_Almaco_Jack_GOM_NOAA"/>
    <testcase time="2.1" classname="test_OM_functions" name="LH2OM_works_with_Almaco_Jack_GOM_NOAA"/>
    <testcase time="0" classname="test_OM_functions" name="LH2OM_works_with_Arrowtooth_Flounder_BC_DFO"/>
    <testcase time="0" classname="test_OM_functions" name="LH2OM_works_with_Arrowtooth_Flounder_BC_DFO"/>
    <testcase time="1.5" classname="test_OM_functions" name="LH2OM_works_with_Atlantic_Herring_4TFallSpawn_DFO"/>
    <testcase time="0.29" classname="test_OM_functions" name="LH2OM_works_with_Atlantic_Herring_4TFallSpawn_DFO"/>
    <testcase time="0.3" classname="test_OM_functions" name="LH2OM_works_with_Atlantic_Herring_4TSpringSpawn_DFO"/>
    <testcase time="0.28" classname="test_OM_functions" name="LH2OM_works_with_Atlantic_Herring_4TSpringSpawn_DFO"/>
    <testcase time="0.38" classname="test_OM_functions" name="LH2OM_works_with_Banded_Morwong_Tasmania"/>
    <testcase time="0.37" classname="test_OM_functions" name="LH2OM_works_with_Banded_Morwong_Tasmania"/>
    <testcase time="0.88" classname="test_OM_functions" name="LH2OM_works_with_Barred_Sand_Bass_CA_CDFW"/>
    <testcase time="1.18" classname="test_OM_functions" name="LH2OM_works_with_Barred_Sand_Bass_CA_CDFW"/>
    <testcase time="0.02" classname="test_OM_functions" name="LH2OM_works_with_Blue_Shark_IO_IOTC"/>
    <testcase time="0" classname="test_OM_functions" name="LH2OM_works_with_Blue_Shark_IO_IOTC"/>
    <testcase time="0" classname="test_OM_functions" name="LH2OM_works_with_Bluefin_Tuna_EAtl_ICCAT"/>
    <testcase time="0" classname="test_OM_functions" name="LH2OM_works_with_Bluefin_Tuna_EAtl_ICCAT"/>
    <testcase time="0" classname="test_OM_functions" name="LH2OM_works_with_Bluefin_Tuna_WAtl_ICCAT"/>
    <testcase time="0.02" classname="test_OM_functions" name="LH2OM_works_with_Bluefin_Tuna_WAtl_ICCAT"/>
    <testcase time="1.21" classname="test_OM_functions" name="LH2OM_works_with_California_Halibut_CA_CDFW"/>
    <testcase time="0.57" classname="test_OM_functions" name="LH2OM_works_with_California_Halibut_CA_CDFW"/>
    <testcase time="0" classname="test_OM_functions" name="LH2OM_works_with_Canary_Rockfish_BC_DFO"/>
    <testcase time="0.01" classname="test_OM_functions" name="LH2OM_works_with_Canary_Rockfish_BC_DFO"/>
    <testcase time="0" classname="test_OM_functions" name="LH2OM_works_with_Capelin_GSL_DFO"/>
    <testcase time="0" classname="test_OM_functions" name="LH2OM_works_with_Capelin_GSL_DFO"/>
    <testcase time="0.3" classname="test_OM_functions" name="LH2OM_works_with_Cod_4T4Vn_DFO"/>
    <testcase time="0.28" classname="test_OM_functions" name="LH2OM_works_with_Cod_4T4Vn_DFO"/>
    <testcase time="0.3" classname="test_OM_functions" name="LH2OM_works_with_Cod_4X5Y_DFO"/>
    <testcase time="0.28" classname="test_OM_functions" name="LH2OM_works_with_Cod_4X5Y_DFO"/>
    <testcase time="0.3" classname="test_OM_functions" name="LH2OM_works_with_Cod_5ZJM_DFO"/>
    <testcase time="0.28" classname="test_OM_functions" name="LH2OM_works_with_Cod_5ZJM_DFO"/>
    <testcase time="0.36" classname="test_OM_functions" name="LH2OM_works_with_Gatuzo_Argentina_INIDEP"/>
    <testcase time="0.34" classname="test_OM_functions" name="LH2OM_works_with_Gatuzo_Argentina_INIDEP"/>
    <testcase time="0" classname="test_OM_functions" name="LH2OM_works_with_Grey_Seal_5ZJM_DFO"/>
    <testcase time="0.02" classname="test_OM_functions" name="LH2OM_works_with_Grey_Seal_5ZJM_DFO"/>
    <testcase time="0.28" classname="test_OM_functions" name="LH2OM_works_with_Haddock_4X5Y_DFO"/>
    <testcase time="0.29" classname="test_OM_functions" name="LH2OM_works_with_Haddock_4X5Y_DFO"/>
    <testcase time="0.38" classname="test_OM_functions" name="LH2OM_works_with_Haddock_Faroe_Islands"/>
    <testcase time="0.36" classname="test_OM_functions" name="LH2OM_works_with_Haddock_Faroe_Islands"/>
    <testcase time="0.29" classname="test_OM_functions" name="LH2OM_works_with_Halibut_Atl_DFO"/>
    <testcase time="0.3" classname="test_OM_functions" name="LH2OM_works_with_Halibut_Atl_DFO"/>
    <testcase time="1.08" classname="test_OM_functions" name="LH2OM_works_with_Hogfish_PR_NOAA"/>
    <testcase time="2.09" classname="test_OM_functions" name="LH2OM_works_with_Hogfish_PR_NOAA"/>
    <testcase time="0" classname="test_OM_functions" name="LH2OM_works_with_Jonah_Crab_LFA34_DFO"/>
    <testcase time="0" classname="test_OM_functions" name="LH2OM_works_with_Jonah_Crab_LFA34_DFO"/>
    <testcase time="2.13" classname="test_OM_functions" name="LH2OM_works_with_Lane_Snapper_GOM_NOAA"/>
    <testcase time="2.09" classname="test_OM_functions" name="LH2OM_works_with_Lane_Snapper_GOM_NOAA"/>
    <testcase time="2.13" classname="test_OM_functions" name="LH2OM_works_with_Lesser_Amberjack_GOM_NOAA"/>
    <testcase time="2.09" classname="test_OM_functions" name="LH2OM_works_with_Lesser_Amberjack_GOM_NOAA"/>
    <testcase time="0.58" classname="test_OM_functions" name="LH2OM_works_with_Pacific_Hake_USCan"/>
    <testcase time="0.92" classname="test_OM_functions" name="LH2OM_works_with_Pacific_Hake_USCan"/>
    <testcase time="0" classname="test_OM_functions" name="LH2OM_works_with_Pacific_Ocean_Perch_QC_BC_DFO"/>
    <testcase time="0" classname="test_OM_functions" name="LH2OM_works_with_Pacific_Ocean_Perch_QC_BC_DFO"/>
    <testcase time="0" classname="test_OM_functions" name="LH2OM_works_with_Palo_Argentina_INIDEP"/>
    <testcase time="0.02" classname="test_OM_functions" name="LH2OM_works_with_Palo_Argentina_INIDEP"/>
    <testcase time="1.17" classname="test_OM_functions" name="LH2OM_works_with_Queen_Triggerfish_STT_NOAA"/>
    <testcase time="2.09" classname="test_OM_functions" name="LH2OM_works_with_Queen_Triggerfish_STT_NOAA"/>
    <testcase time="2.1" classname="test_OM_functions" name="LH2OM_works_with_Red_Drum_GOM_NOAA"/>
    <testcase time="2.11" classname="test_OM_functions" name="LH2OM_works_with_Red_Drum_GOM_NOAA"/>
    <testcase time="1.75" classname="test_OM_functions" name="LH2OM_works_with_Red_Sea_Urchin_CA_CDFW"/>
    <testcase time="0.56" classname="test_OM_functions" name="LH2OM_works_with_Red_Sea_Urchin_CA_CDFW"/>
    <testcase time="0" classname="test_OM_functions" name="LH2OM_works_with_Redbanded_Rockfish_BC_DFO"/>
    <testcase time="0.01" classname="test_OM_functions" name="LH2OM_works_with_Redbanded_Rockfish_BC_DFO"/>
    <testcase time="0" classname="test_OM_functions" name="LH2OM_works_with_Rougheye_Rockfish_BC_DFO"/>
    <testcase time="0" classname="test_OM_functions" name="LH2OM_works_with_Rougheye_Rockfish_BC_DFO"/>
    <testcase time="1.03" classname="test_OM_functions" name="LH2OM_works_with_Shortspine_Thornyhead_BC_DFO"/>
    <testcase time="0.41" classname="test_OM_functions" name="LH2OM_works_with_Shortspine_Thornyhead_BC_DFO"/>
    <testcase time="1.25" classname="test_OM_functions" name="LH2OM_works_with_Snowy_Grouper_GOM_NOAA"/>
    <testcase time="2.08" classname="test_OM_functions" name="LH2OM_works_with_Snowy_Grouper_GOM_NOAA"/>
    <testcase time="2.11" classname="test_OM_functions" name="LH2OM_works_with_Speckled_Hind_GOM_NOAA"/>
    <testcase time="2.09" classname="test_OM_functions" name="LH2OM_works_with_Speckled_Hind_GOM_NOAA"/>
    <testcase time="2.1" classname="test_OM_functions" name="LH2OM_works_with_Spiny_Lobster_STX_NOAA"/>
    <testcase time="2.11" classname="test_OM_functions" name="LH2OM_works_with_Spiny_Lobster_STX_NOAA"/>
    <testcase time="0" classname="test_OM_functions" name="LH2OM_works_with_Stones_Sheep_BC"/>
    <testcase time="0" classname="test_OM_functions" name="LH2OM_works_with_Stones_Sheep_BC"/>
    <testcase time="2.09" classname="test_OM_functions" name="LH2OM_works_with_Stoplight_Parrotfish_STX_NOAA"/>
    <testcase time="2.09" classname="test_OM_functions" name="LH2OM_works_with_Stoplight_Parrotfish_STX_NOAA"/>
    <testcase time="0" classname="test_OM_functions" name="LH2OM_works_with_Swordfish_NAtl_DFO"/>
    <testcase time="0" classname="test_OM_functions" name="LH2OM_works_with_Swordfish_NAtl_DFO"/>
    <testcase time="0" classname="test_OM_functions" name="LH2OM_works_with_Tiger_flathead_SEAus_AFMA"/>
    <testcase time="0" classname="test_OM_functions" name="LH2OM_works_with_Tiger_flathead_SEAus_AFMA"/>
    <testcase time="0.02" classname="test_OM_functions" name="LH2OM_works_with_Toothfish_HeardIsland_CCAMLR"/>
    <testcase time="0" classname="test_OM_functions" name="LH2OM_works_with_Toothfish_HeardIsland_CCAMLR"/>
    <testcase time="0" classname="test_OM_functions" name="LH2OM_works_with_Vermillion_Snapper_GOM_NOAA"/>
    <testcase time="0" classname="test_OM_functions" name="LH2OM_works_with_Vermillion_Snapper_GOM_NOAA"/>
    <testcase time="1.76" classname="test_OM_functions" name="LH2OM_works_with_Warty_Sea_Cucumber_CA_CDFW"/>
    <testcase time="1.21" classname="test_OM_functions" name="LH2OM_works_with_Warty_Sea_Cucumber_CA_CDFW"/>
    <testcase time="0" classname="test_OM_functions" name="LH2OM_works_with_Yelloweye_Rockfish_BC_DFO"/>
    <testcase time="0" classname="test_OM_functions" name="LH2OM_works_with_Yelloweye_Rockfish_BC_DFO"/>
    <testcase time="0.01" classname="test_OM_functions" name="LH2OM_works_with_Yellowfin_Tuna_IO_IOTC"/>
    <testcase time="0" classname="test_OM_functions" name="LH2OM_works_with_Yellowfin_Tuna_IO_IOTC"/>
    <testcase time="1.53" classname="test_OM_functions" name="LH2OM_works_with_Yellowmouth_Grouper_GOM_NOAA"/>
    <testcase time="2.1" classname="test_OM_functions" name="LH2OM_works_with_Yellowmouth_Grouper_GOM_NOAA"/>
    <testcase time="2.11" classname="test_OM_functions" name="LH2OM_works_with_Yellowtail_Snapper_PR_NOAA"/>
    <testcase time="2.08" classname="test_OM_functions" name="LH2OM_works_with_Yellowtail_Snapper_PR_NOAA"/>
  </testsuite>
  <testsuite name="OM_init_doc" timestamp="2019-08-23 12:41:30" hostname="DESKTOP-32IEE7L" tests="9" skipped="0" failures="0" errors="0" time="57.48">
    <testcase time="0.01" classname="OM_init_doc" name="OM_init_works"/>
    <testcase time="2.06" classname="OM_init_doc" name="OM_init_works"/>
    <testcase time="0.3" classname="OM_init_doc" name="OM_init_works"/>
    <testcase time="0.22" classname="OM_init_doc" name="OM_init_works"/>
    <testcase time="0.17" classname="OM_init_doc" name="OM_init_works"/>
    <testcase time="0.3" classname="OM_init_doc" name="OM_init_works"/>
    <testcase time="26.56" classname="OM_init_doc" name="OM_doc_works_from_XL"/>
    <testcase time="1.08" classname="OM_init_doc" name="XL2OM_works"/>
    <testcase time="26.78" classname="OM_init_doc" name="OM_doc_works_with_OM"/>
  </testsuite>
  <testsuite name="Test OM Plotting functions" timestamp="2019-08-23 12:42:27" hostname="DESKTOP-32IEE7L" tests="84" skipped="0" failures="49" errors="0" time="46.12">
    <testcase time="1.09" classname="Test_OM_Plotting_functions" name="plot.Stock_works_with_all_available_Stock_objects"/>
    <testcase time="1.02" classname="Test_OM_Plotting_functions" name="plot.Stock_works_with_all_available_Stock_objects"/>
    <testcase time="1.25" classname="Test_OM_Plotting_functions" name="plot.Stock_works_with_all_available_Stock_objects"/>
    <testcase time="1.36" classname="Test_OM_Plotting_functions" name="plot.Stock_works_with_all_available_Stock_objects"/>
    <testcase time="0.56" classname="Test_OM_Plotting_functions" name="plot.Stock_works_with_all_available_Stock_objects"/>
    <testcase time="1.17" classname="Test_OM_Plotting_functions" name="plot.Stock_works_with_all_available_Stock_objects"/>
    <testcase time="0.94" classname="Test_OM_Plotting_functions" name="plot.Stock_works_with_all_available_Stock_objects"/>
    <testcase time="1.25" classname="Test_OM_Plotting_functions" name="plot.Stock_works_with_all_available_Stock_objects"/>
    <testcase time="3.42" classname="Test_OM_Plotting_functions" name="plot.Stock_works_with_all_available_Stock_objects"/>
    <testcase time="1.88" classname="Test_OM_Plotting_functions" name="plot.Stock_works_with_all_available_Stock_objects"/>
    <testcase time="1.36" classname="Test_OM_Plotting_functions" name="plot.Stock_works_with_all_available_Stock_objects"/>
    <testcase time="1.11" classname="Test_OM_Plotting_functions" name="plot.Stock_works_with_all_available_Stock_objects"/>
    <testcase time="2" classname="Test_OM_Plotting_functions" name="plot.Fleet_works_with_all_available_Fleet_objects"/>
    <testcase time="2.23" classname="Test_OM_Plotting_functions" name="plot.Fleet_works_with_all_available_Fleet_objects"/>
    <testcase time="2.2" classname="Test_OM_Plotting_functions" name="plot.Fleet_works_with_all_available_Fleet_objects"/>
    <testcase time="1.99" classname="Test_OM_Plotting_functions" name="plot.Fleet_works_with_all_available_Fleet_objects"/>
    <testcase time="2.08" classname="Test_OM_Plotting_functions" name="plot.Fleet_works_with_all_available_Fleet_objects"/>
    <testcase time="1.54" classname="Test_OM_Plotting_functions" name="plot.Fleet_works_with_all_available_Fleet_objects"/>
    <testcase time="3.13" classname="Test_OM_Plotting_functions" name="plot.Fleet_works_with_all_available_Fleet_objects"/>
    <testcase time="2.19" classname="Test_OM_Plotting_functions" name="plot.Fleet_works_with_all_available_Fleet_objects"/>
    <testcase time="1.31" classname="Test_OM_Plotting_functions" name="plot.Fleet_works_with_all_available_Fleet_objects"/>
    <testcase time="1.34" classname="Test_OM_Plotting_functions" name="plot.Fleet_works_with_all_available_Fleet_objects"/>
    <testcase time="1.66" classname="Test_OM_Plotting_functions" name="plot.Fleet_works_with_all_available_Fleet_objects"/>
    <testcase time="1.61" classname="Test_OM_Plotting_functions" name="plot.Fleet_works_with_all_available_Fleet_objects"/>
    <testcase time="1.09" classname="Test_OM_Plotting_functions" name="plot.Fleet_works_with_all_available_Fleet_objects"/>
    <testcase time="1.77" classname="Test_OM_Plotting_functions" name="plot.Fleet_works_with_all_available_Fleet_objects"/>
    <testcase time="2.45" classname="Test_OM_Plotting_functions" name="plot.Fleet_works_with_all_available_Fleet_objects"/>
    <testcase time="0.05" classname="Test_OM_Plotting_functions" name="plot.Imp_works_with_all_available_Imp_objects"/>
    <testcase time="0.03" classname="Test_OM_Plotting_functions" name="plot.Imp_works_with_all_available_Imp_objects"/>
    <testcase time="0.11" classname="Test_OM_Plotting_functions" name="plot.Obs_works_with_all_available_Obs_objects"/>
    <testcase time="0.08" classname="Test_OM_Plotting_functions" name="plot.Obs_works_with_all_available_Obs_objects"/>
    <testcase time="0.09" classname="Test_OM_Plotting_functions" name="plot.Obs_works_with_all_available_Obs_objects"/>
    <testcase time="0.08" classname="Test_OM_Plotting_functions" name="plot.Obs_works_with_all_available_Obs_objects"/>
    <testcase time="0.09" classname="Test_OM_Plotting_functions" name="plot.Obs_works_with_all_available_Obs_objects"/>
    <testcase time="0.08" classname="Test_OM_Plotting_functions" name="plot.Obs_works_with_all_available_Obs_objects"/>
    <testcase time="0.34" classname="Test_OM_Plotting_functions" name="plot.OM_works_with_all_OMs">
      <failure type="failure" message="`plot(obj, silent = TRUE, open = FALSE)` threw an error. (@test-OM_Plotting.R#88)">`plot(obj, silent = TRUE, open = FALSE)` threw an error.
Message: unused argument (open = FALSE)
Class:   simpleError/error/condition
testOM 934</failure>
    </testcase>
    <testcase time="0.02" classname="Test_OM_Plotting_functions" name="plot.OM_works_with_all_OMs">
      <failure type="failure" message="`plot(obj, silent = TRUE, open = FALSE)` threw an error. (@test-OM_Plotting.R#88)">`plot(obj, silent = TRUE, open = FALSE)` threw an error.
Message: unused argument (open = FALSE)
Class:   simpleError/error/condition
OM 344</failure>
    </testcase>
    <testcase time="0" classname="Test_OM_Plotting_functions" name="plot.OM_works_with_all_OMs">
      <failure type="failure" message="`plot(obj, silent = TRUE, open = FALSE)` threw an error. (@test-OM_Plotting.R#88)">`plot(obj, silent = TRUE, open = FALSE)` threw an error.
Message: unused argument (open = FALSE)
Class:   simpleError/error/condition
Almaco_Jack_GOM_NOAA 176</failure>
    </testcase>
    <testcase time="0" classname="Test_OM_Plotting_functions" name="plot.OM_works_with_all_OMs">
      <failure type="failure" message="`plot(obj, silent = TRUE, open = FALSE)` threw an error. (@test-OM_Plotting.R#88)">`plot(obj, silent = TRUE, open = FALSE)` threw an error.
Message: unused argument (open = FALSE)
Class:   simpleError/error/condition
Arrowtooth_Flounder_BC_DFO 212</failure>
    </testcase>
    <testcase time="0" classname="Test_OM_Plotting_functions" name="plot.OM_works_with_all_OMs">
      <failure type="failure" message="`plot(obj, silent = TRUE, open = FALSE)` threw an error. (@test-OM_Plotting.R#88)">`plot(obj, silent = TRUE, open = FALSE)` threw an error.
Message: unused argument (open = FALSE)
Class:   simpleError/error/condition
Atlantic_Herring_4TFallSpawn_DFO 499</failure>
    </testcase>
    <testcase time="0" classname="Test_OM_Plotting_functions" name="plot.OM_works_with_all_OMs">
      <failure type="failure" message="`plot(obj, silent = TRUE, open = FALSE)` threw an error. (@test-OM_Plotting.R#88)">`plot(obj, silent = TRUE, open = FALSE)` threw an error.
Message: unused argument (open = FALSE)
Class:   simpleError/error/condition
Atlantic_Herring_4TSpringSpawn_DFO 670</failure>
    </testcase>
    <testcase time="0.01" classname="Test_OM_Plotting_functions" name="plot.OM_works_with_all_OMs">
      <failure type="failure" message="`plot(obj, silent = TRUE, open = FALSE)` threw an error. (@test-OM_Plotting.R#88)">`plot(obj, silent = TRUE, open = FALSE)` threw an error.
Message: unused argument (open = FALSE)
Class:   simpleError/error/condition
Banded_Morwong_Tasmania 958</failure>
    </testcase>
    <testcase time="0" classname="Test_OM_Plotting_functions" name="plot.OM_works_with_all_OMs">
      <failure type="failure" message="`plot(obj, silent = TRUE, open = FALSE)` threw an error. (@test-OM_Plotting.R#88)">`plot(obj, silent = TRUE, open = FALSE)` threw an error.
Message: unused argument (open = FALSE)
Class:   simpleError/error/condition
Barred_Sand_Bass_CA_CDFW 977</failure>
    </testcase>
    <testcase time="0" classname="Test_OM_Plotting_functions" name="plot.OM_works_with_all_OMs">
      <failure type="failure" message="`plot(obj, silent = TRUE, open = FALSE)` threw an error. (@test-OM_Plotting.R#88)">`plot(obj, silent = TRUE, open = FALSE)` threw an error.
Message: unused argument (open = FALSE)
Class:   simpleError/error/condition
Blue_Shark_IO_IOTC 920</failure>
    </testcase>
    <testcase time="0" classname="Test_OM_Plotting_functions" name="plot.OM_works_with_all_OMs">
      <failure type="failure" message="`plot(obj, silent = TRUE, open = FALSE)` threw an error. (@test-OM_Plotting.R#88)">`plot(obj, silent = TRUE, open = FALSE)` threw an error.
Message: unused argument (open = FALSE)
Class:   simpleError/error/condition
Bluefin_Tuna_EAtl_ICCAT 186</failure>
    </testcase>
    <testcase time="0" classname="Test_OM_Plotting_functions" name="plot.OM_works_with_all_OMs">
      <failure type="failure" message="`plot(obj, silent = TRUE, open = FALSE)` threw an error. (@test-OM_Plotting.R#88)">`plot(obj, silent = TRUE, open = FALSE)` threw an error.
Message: unused argument (open = FALSE)
Class:   simpleError/error/condition
Bluefin_Tuna_WAtl_ICCAT 272</failure>
    </testcase>
    <testcase time="0" classname="Test_OM_Plotting_functions" name="plot.OM_works_with_all_OMs">
      <failure type="failure" message="`plot(obj, silent = TRUE, open = FALSE)` threw an error. (@test-OM_Plotting.R#88)">`plot(obj, silent = TRUE, open = FALSE)` threw an error.
Message: unused argument (open = FALSE)
Class:   simpleError/error/condition
California_Halibut_CA_CDFW 329</failure>
    </testcase>
    <testcase time="0.04" classname="Test_OM_Plotting_functions" name="plot.OM_works_with_all_OMs">
      <failure type="failure" message="`plot(obj, silent = TRUE, open = FALSE)` threw an error. (@test-OM_Plotting.R#88)">`plot(obj, silent = TRUE, open = FALSE)` threw an error.
Message: unused argument (open = FALSE)
Class:   simpleError/error/condition
Canary_Rockfish_BC_DFO 664</failure>
    </testcase>
    <testcase time="0" classname="Test_OM_Plotting_functions" name="plot.OM_works_with_all_OMs">
      <failure type="failure" message="`plot(obj, silent = TRUE, open = FALSE)` threw an error. (@test-OM_Plotting.R#88)">`plot(obj, silent = TRUE, open = FALSE)` threw an error.
Message: unused argument (open = FALSE)
Class:   simpleError/error/condition
Capelin_GSL_DFO 945</failure>
    </testcase>
    <testcase time="0.01" classname="Test_OM_Plotting_functions" name="plot.OM_works_with_all_OMs">
      <failure type="failure" message="`plot(obj, silent = TRUE, open = FALSE)` threw an error. (@test-OM_Plotting.R#88)">`plot(obj, silent = TRUE, open = FALSE)` threw an error.
Message: unused argument (open = FALSE)
Class:   simpleError/error/condition
Cod_4T4Vn_DFO 54</failure>
    </testcase>
    <testcase time="0" classname="Test_OM_Plotting_functions" name="plot.OM_works_with_all_OMs">
      <failure type="failure" message="`plot(obj, silent = TRUE, open = FALSE)` threw an error. (@test-OM_Plotting.R#88)">`plot(obj, silent = TRUE, open = FALSE)` threw an error.
Message: unused argument (open = FALSE)
Class:   simpleError/error/condition
Cod_4X5Y_DFO 823</failure>
    </testcase>
    <testcase time="0" classname="Test_OM_Plotting_functions" name="plot.OM_works_with_all_OMs">
      <failure type="failure" message="`plot(obj, silent = TRUE, open = FALSE)` threw an error. (@test-OM_Plotting.R#88)">`plot(obj, silent = TRUE, open = FALSE)` threw an error.
Message: unused argument (open = FALSE)
Class:   simpleError/error/condition
Cod_5ZJM_DFO 508</failure>
    </testcase>
    <testcase time="0" classname="Test_OM_Plotting_functions" name="plot.OM_works_with_all_OMs">
      <failure type="failure" message="`plot(obj, silent = TRUE, open = FALSE)` threw an error. (@test-OM_Plotting.R#88)">`plot(obj, silent = TRUE, open = FALSE)` threw an error.
Message: unused argument (open = FALSE)
Class:   simpleError/error/condition
Gatuzo_Argentina_INIDEP 22</failure>
    </testcase>
    <testcase time="0" classname="Test_OM_Plotting_functions" name="plot.OM_works_with_all_OMs">
      <failure type="failure" message="`plot(obj, silent = TRUE, open = FALSE)` threw an error. (@test-OM_Plotting.R#88)">`plot(obj, silent = TRUE, open = FALSE)` threw an error.
Message: unused argument (open = FALSE)
Class:   simpleError/error/condition
Grey_Seal_5ZJM_DFO 295</failure>
    </testcase>
    <testcase time="0" classname="Test_OM_Plotting_functions" name="plot.OM_works_with_all_OMs">
      <failure type="failure" message="`plot(obj, silent = TRUE, open = FALSE)` threw an error. (@test-OM_Plotting.R#88)">`plot(obj, silent = TRUE, open = FALSE)` threw an error.
Message: unused argument (open = FALSE)
Class:   simpleError/error/condition
Haddock_4X5Y_DFO 684</failure>
    </testcase>
    <testcase time="0.02" classname="Test_OM_Plotting_functions" name="plot.OM_works_with_all_OMs">
      <failure type="failure" message="`plot(obj, silent = TRUE, open = FALSE)` threw an error. (@test-OM_Plotting.R#88)">`plot(obj, silent = TRUE, open = FALSE)` threw an error.
Message: unused argument (open = FALSE)
Class:   simpleError/error/condition
Haddock_Faroe_Islands 837</failure>
    </testcase>
    <testcase time="0" classname="Test_OM_Plotting_functions" name="plot.OM_works_with_all_OMs">
      <failure type="failure" message="`plot(obj, silent = TRUE, open = FALSE)` threw an error. (@test-OM_Plotting.R#88)">`plot(obj, silent = TRUE, open = FALSE)` threw an error.
Message: unused argument (open = FALSE)
Class:   simpleError/error/condition
Halibut_Atl_DFO 66</failure>
    </testcase>
    <testcase time="0" classname="Test_OM_Plotting_functions" name="plot.OM_works_with_all_OMs">
      <failure type="failure" message="`plot(obj, silent = TRUE, open = FALSE)` threw an error. (@test-OM_Plotting.R#88)">`plot(obj, silent = TRUE, open = FALSE)` threw an error.
Message: unused argument (open = FALSE)
Class:   simpleError/error/condition
Hogfish_PR_NOAA 35</failure>
    </testcase>
    <testcase time="0" classname="Test_OM_Plotting_functions" name="plot.OM_works_with_all_OMs">
      <failure type="failure" message="`plot(obj, silent = TRUE, open = FALSE)` threw an error. (@test-OM_Plotting.R#88)">`plot(obj, silent = TRUE, open = FALSE)` threw an error.
Message: unused argument (open = FALSE)
Class:   simpleError/error/condition
Jonah_Crab_LFA34_DFO 141</failure>
    </testcase>
    <testcase time="0" classname="Test_OM_Plotting_functions" name="plot.OM_works_with_all_OMs">
      <failure type="failure" message="`plot(obj, silent = TRUE, open = FALSE)` threw an error. (@test-OM_Plotting.R#88)">`plot(obj, silent = TRUE, open = FALSE)` threw an error.
Message: unused argument (open = FALSE)
Class:   simpleError/error/condition
Lane_Snapper_GOM_NOAA 840</failure>
    </testcase>
    <testcase time="0" classname="Test_OM_Plotting_functions" name="plot.OM_works_with_all_OMs">
      <failure type="failure" message="`plot(obj, silent = TRUE, open = FALSE)` threw an error. (@test-OM_Plotting.R#88)">`plot(obj, silent = TRUE, open = FALSE)` threw an error.
Message: unused argument (open = FALSE)
Class:   simpleError/error/condition
Lesser_Amberjack_GOM_NOAA 368</failure>
    </testcase>
    <testcase time="0.01" classname="Test_OM_Plotting_functions" name="plot.OM_works_with_all_OMs">
      <failure type="failure" message="`plot(obj, silent = TRUE, open = FALSE)` threw an error. (@test-OM_Plotting.R#88)">`plot(obj, silent = TRUE, open = FALSE)` threw an error.
Message: unused argument (open = FALSE)
Class:   simpleError/error/condition
Pacific_Hake_USCan 350</failure>
    </testcase>
    <testcase time="0" classname="Test_OM_Plotting_functions" name="plot.OM_works_with_all_OMs">
      <failure type="failure" message="`plot(obj, silent = TRUE, open = FALSE)` threw an error. (@test-OM_Plotting.R#88)">`plot(obj, silent = TRUE, open = FALSE)` threw an error.
Message: unused argument (open = FALSE)
Class:   simpleError/error/condition
Pacific_Ocean_Perch_QC_BC_DFO 808</failure>
    </testcase>
    <testcase time="0" classname="Test_OM_Plotting_functions" name="plot.OM_works_with_all_OMs">
      <failure type="failure" message="`plot(obj, silent = TRUE, open = FALSE)` threw an error. (@test-OM_Plotting.R#88)">`plot(obj, silent = TRUE, open = FALSE)` threw an error.
Message: unused argument (open = FALSE)
Class:   simpleError/error/condition
Palo_Argentina_INIDEP 616</failure>
    </testcase>
    <testcase time="0" classname="Test_OM_Plotting_functions" name="plot.OM_works_with_all_OMs">
      <failure type="failure" message="`plot(obj, silent = TRUE, open = FALSE)` threw an error. (@test-OM_Plotting.R#88)">`plot(obj, silent = TRUE, open = FALSE)` threw an error.
Message: unused argument (open = FALSE)
Class:   simpleError/error/condition
Queen_Triggerfish_STT_NOAA 684</failure>
    </testcase>
    <testcase time="0" classname="Test_OM_Plotting_functions" name="plot.OM_works_with_all_OMs">
      <failure type="failure" message="`plot(obj, silent = TRUE, open = FALSE)` threw an error. (@test-OM_Plotting.R#88)">`plot(obj, silent = TRUE, open = FALSE)` threw an error.
Message: unused argument (open = FALSE)
Class:   simpleError/error/condition
Red_Drum_GOM_NOAA 311</failure>
    </testcase>
    <testcase time="0" classname="Test_OM_Plotting_functions" name="plot.OM_works_with_all_OMs">
      <failure type="failure" message="`plot(obj, silent = TRUE, open = FALSE)` threw an error. (@test-OM_Plotting.R#88)">`plot(obj, silent = TRUE, open = FALSE)` threw an error.
Message: unused argument (open = FALSE)
Class:   simpleError/error/condition
Red_Sea_Urchin_CA_CDFW 592</failure>
    </testcase>
    <testcase time="0.02" classname="Test_OM_Plotting_functions" name="plot.OM_works_with_all_OMs">
      <failure type="failure" message="`plot(obj, silent = TRUE, open = FALSE)` threw an error. (@test-OM_Plotting.R#88)">`plot(obj, silent = TRUE, open = FALSE)` threw an error.
Message: unused argument (open = FALSE)
Class:   simpleError/error/condition
Redbanded_Rockfish_BC_DFO 167</failure>
    </testcase>
    <testcase time="0" classname="Test_OM_Plotting_functions" name="plot.OM_works_with_all_OMs">
      <failure type="failure" message="`plot(obj, silent = TRUE, open = FALSE)` threw an error. (@test-OM_Plotting.R#88)">`plot(obj, silent = TRUE, open = FALSE)` threw an error.
Message: unused argument (open = FALSE)
Class:   simpleError/error/condition
Rougheye_Rockfish_BC_DFO 208</failure>
    </testcase>
    <testcase time="0" classname="Test_OM_Plotting_functions" name="plot.OM_works_with_all_OMs">
      <failure type="failure" message="`plot(obj, silent = TRUE, open = FALSE)` threw an error. (@test-OM_Plotting.R#88)">`plot(obj, silent = TRUE, open = FALSE)` threw an error.
Message: unused argument (open = FALSE)
Class:   simpleError/error/condition
Shortspine_Thornyhead_BC_DFO 112</failure>
    </testcase>
    <testcase time="0" classname="Test_OM_Plotting_functions" name="plot.OM_works_with_all_OMs">
      <failure type="failure" message="`plot(obj, silent = TRUE, open = FALSE)` threw an error. (@test-OM_Plotting.R#88)">`plot(obj, silent = TRUE, open = FALSE)` threw an error.
Message: unused argument (open = FALSE)
Class:   simpleError/error/condition
Snowy_Grouper_GOM_NOAA 873</failure>
    </testcase>
    <testcase time="0" classname="Test_OM_Plotting_functions" name="plot.OM_works_with_all_OMs">
      <failure type="failure" message="`plot(obj, silent = TRUE, open = FALSE)` threw an error. (@test-OM_Plotting.R#88)">`plot(obj, silent = TRUE, open = FALSE)` threw an error.
Message: unused argument (open = FALSE)
Class:   simpleError/error/condition
Speckled_Hind_GOM_NOAA 356</failure>
    </testcase>
    <testcase time="0.01" classname="Test_OM_Plotting_functions" name="plot.OM_works_with_all_OMs">
      <failure type="failure" message="`plot(obj, silent = TRUE, open = FALSE)` threw an error. (@test-OM_Plotting.R#88)">`plot(obj, silent = TRUE, open = FALSE)` threw an error.
Message: unused argument (open = FALSE)
Class:   simpleError/error/condition
Spiny_Lobster_STX_NOAA 540</failure>
    </testcase>
    <testcase time="0" classname="Test_OM_Plotting_functions" name="plot.OM_works_with_all_OMs">
      <failure type="failure" message="`plot(obj, silent = TRUE, open = FALSE)` threw an error. (@test-OM_Plotting.R#88)">`plot(obj, silent = TRUE, open = FALSE)` threw an error.
Message: unused argument (open = FALSE)
Class:   simpleError/error/condition
Stones_Sheep_BC 329</failure>
    </testcase>
    <testcase time="0" classname="Test_OM_Plotting_functions" name="plot.OM_works_with_all_OMs">
      <failure type="failure" message="`plot(obj, silent = TRUE, open = FALSE)` threw an error. (@test-OM_Plotting.R#88)">`plot(obj, silent = TRUE, open = FALSE)` threw an error.
Message: unused argument (open = FALSE)
Class:   simpleError/error/condition
Stoplight_Parrotfish_STX_NOAA 655</failure>
    </testcase>
    <testcase time="0" classname="Test_OM_Plotting_functions" name="plot.OM_works_with_all_OMs">
      <failure type="failure" message="`plot(obj, silent = TRUE, open = FALSE)` threw an error. (@test-OM_Plotting.R#88)">`plot(obj, silent = TRUE, open = FALSE)` threw an error.
Message: unused argument (open = FALSE)
Class:   simpleError/error/condition
Swordfish_NAtl_DFO 82</failure>
    </testcase>
    <testcase time="0" classname="Test_OM_Plotting_functions" name="plot.OM_works_with_all_OMs">
      <failure type="failure" message="`plot(obj, silent = TRUE, open = FALSE)` threw an error. (@test-OM_Plotting.R#88)">`plot(obj, silent = TRUE, open = FALSE)` threw an error.
Message: unused argument (open = FALSE)
Class:   simpleError/error/condition
Tiger_flathead_SEAus_AFMA 516</failure>
    </testcase>
    <testcase time="0" classname="Test_OM_Plotting_functions" name="plot.OM_works_with_all_OMs">
      <failure type="failure" message="`plot(obj, silent = TRUE, open = FALSE)` threw an error. (@test-OM_Plotting.R#88)">`plot(obj, silent = TRUE, open = FALSE)` threw an error.
Message: unused argument (open = FALSE)
Class:   simpleError/error/condition
Toothfish_HeardIsland_CCAMLR 419</failure>
    </testcase>
    <testcase time="0.02" classname="Test_OM_Plotting_functions" name="plot.OM_works_with_all_OMs">
      <failure type="failure" message="`plot(obj, silent = TRUE, open = FALSE)` threw an error. (@test-OM_Plotting.R#88)">`plot(obj, silent = TRUE, open = FALSE)` threw an error.
Message: unused argument (open = FALSE)
Class:   simpleError/error/condition
Vermillion_Snapper_GOM_NOAA 97</failure>
    </testcase>
    <testcase time="0" classname="Test_OM_Plotting_functions" name="plot.OM_works_with_all_OMs">
      <failure type="failure" message="`plot(obj, silent = TRUE, open = FALSE)` threw an error. (@test-OM_Plotting.R#88)">`plot(obj, silent = TRUE, open = FALSE)` threw an error.
Message: unused argument (open = FALSE)
Class:   simpleError/error/condition
Warty_Sea_Cucumber_CA_CDFW 293</failure>
    </testcase>
    <testcase time="0" classname="Test_OM_Plotting_functions" name="plot.OM_works_with_all_OMs">
      <failure type="failure" message="`plot(obj, silent = TRUE, open = FALSE)` threw an error. (@test-OM_Plotting.R#88)">`plot(obj, silent = TRUE, open = FALSE)` threw an error.
Message: unused argument (open = FALSE)
Class:   simpleError/error/condition
Yelloweye_Rockfish_BC_DFO 66</failure>
    </testcase>
    <testcase time="0" classname="Test_OM_Plotting_functions" name="plot.OM_works_with_all_OMs">
      <failure type="failure" message="`plot(obj, silent = TRUE, open = FALSE)` threw an error. (@test-OM_Plotting.R#88)">`plot(obj, silent = TRUE, open = FALSE)` threw an error.
Message: unused argument (open = FALSE)
Class:   simpleError/error/condition
Yellowfin_Tuna_IO_IOTC 361</failure>
    </testcase>
    <testcase time="0" classname="Test_OM_Plotting_functions" name="plot.OM_works_with_all_OMs">
      <failure type="failure" message="`plot(obj, silent = TRUE, open = FALSE)` threw an error. (@test-OM_Plotting.R#88)">`plot(obj, silent = TRUE, open = FALSE)` threw an error.
Message: unused argument (open = FALSE)
Class:   simpleError/error/condition
Yellowmouth_Grouper_GOM_NOAA 175</failure>
    </testcase>
    <testcase time="0.01" classname="Test_OM_Plotting_functions" name="plot.OM_works_with_all_OMs">
      <failure type="failure" message="`plot(obj, silent = TRUE, open = FALSE)` threw an error. (@test-OM_Plotting.R#88)">`plot(obj, silent = TRUE, open = FALSE)` threw an error.
Message: unused argument (open = FALSE)
Class:   simpleError/error/condition
Yellowtail_Snapper_PR_NOAA 714</failure>
    </testcase>
  </testsuite>
  <testsuite name="Test PM Functions" timestamp="2019-08-23 12:43:13" hostname="DESKTOP-32IEE7L" tests="32" skipped="0" failures="0" errors="0" time="16.85">
    <testcase time="16.79" classname="Test_PM_Functions" name="Test_AAVY_works_with_6_MPs"/>
    <testcase time="0" classname="Test_PM_Functions" name="Test_AAVY_works_with_6_MPs"/>
    <testcase time="0" classname="Test_PM_Functions" name="Test_LTY_works_with_6_MPs"/>
    <testcase time="0" classname="Test_PM_Functions" name="Test_LTY_works_with_6_MPs"/>
    <testcase time="0.01" classname="Test_PM_Functions" name="Test_P10_works_with_6_MPs"/>
    <testcase time="0" classname="Test_PM_Functions" name="Test_P10_works_with_6_MPs"/>
    <testcase time="0" classname="Test_PM_Functions" name="Test_P100_works_with_6_MPs"/>
    <testcase time="0" classname="Test_PM_Functions" name="Test_P100_works_with_6_MPs"/>
    <testcase time="0" classname="Test_PM_Functions" name="Test_P50_works_with_6_MPs"/>
    <testcase time="0" classname="Test_PM_Functions" name="Test_P50_works_with_6_MPs"/>
    <testcase time="0.02" classname="Test_PM_Functions" name="Test_PNOF_works_with_6_MPs"/>
    <testcase time="0" classname="Test_PM_Functions" name="Test_PNOF_works_with_6_MPs"/>
    <testcase time="0" classname="Test_PM_Functions" name="Test_STY_works_with_6_MPs"/>
    <testcase time="0" classname="Test_PM_Functions" name="Test_STY_works_with_6_MPs"/>
    <testcase time="0" classname="Test_PM_Functions" name="Test_Yield_works_with_6_MPs"/>
    <testcase time="0.01" classname="Test_PM_Functions" name="Test_Yield_works_with_6_MPs"/>
    <testcase time="0" classname="Test_PM_Functions" name="Test_AAVY_works_with_1_MP"/>
    <testcase time="0" classname="Test_PM_Functions" name="Test_AAVY_works_with_1_MP"/>
    <testcase time="0" classname="Test_PM_Functions" name="Test_LTY_works_with_1_MP"/>
    <testcase time="0" classname="Test_PM_Functions" name="Test_LTY_works_with_1_MP"/>
    <testcase time="0" classname="Test_PM_Functions" name="Test_P10_works_with_1_MP"/>
    <testcase time="0" classname="Test_PM_Functions" name="Test_P10_works_with_1_MP"/>
    <testcase time="0" classname="Test_PM_Functions" name="Test_P100_works_with_1_MP"/>
    <testcase time="0" classname="Test_PM_Functions" name="Test_P100_works_with_1_MP"/>
    <testcase time="0.02" classname="Test_PM_Functions" name="Test_P50_works_with_1_MP"/>
    <testcase time="0" classname="Test_PM_Functions" name="Test_P50_works_with_1_MP"/>
    <testcase time="0" classname="Test_PM_Functions" name="Test_PNOF_works_with_1_MP"/>
    <testcase time="0" classname="Test_PM_Functions" name="Test_PNOF_works_with_1_MP"/>
    <testcase time="0" classname="Test_PM_Functions" name="Test_STY_works_with_1_MP"/>
    <testcase time="0" classname="Test_PM_Functions" name="Test_STY_works_with_1_MP"/>
    <testcase time="0" classname="Test_PM_Functions" name="Test_Yield_works_with_1_MP"/>
    <testcase time="0" classname="Test_PM_Functions" name="Test_Yield_works_with_1_MP"/>
  </testsuite>
  <testsuite name="Test runMSE works with built-in objects with MP of each type" timestamp="2019-08-23 12:43:33" hostname="DESKTOP-32IEE7L" tests="42" skipped="0" failures="0" errors="1" time="741.4">
    <testcase time="13.78" classname="Test_runMSE_works_with_built_in_objects_with_MP_of_each_type" name="runMSE_Stock_Rockfish_Fleet_Increasing_effort_Flat_topped_Obs_model_Generic_Obs_Imp_model_Perfect_Imp_seed_532_interval_4"/>
    <testcase time="4.53" classname="Test_runMSE_works_with_built_in_objects_with_MP_of_each_type" name="runMSE_Stock_Bluefin_tuna_Fleet_Declining_effort_Domed_Obs_model_Generic_Obs_Imp_model_Perfect_Imp_seed_591_interval_4"/>
    <testcase time="5.19" classname="Test_runMSE_works_with_built_in_objects_with_MP_of_each_type" name="runMSE_Stock_Sole_Fleet_Declining_effort_Domed_Obs_model_Precise_Unbiased_Imp_model_Perfect_Imp_seed_423_interval_4"/>
    <testcase time="7.7" classname="Test_runMSE_works_with_built_in_objects_with_MP_of_each_type" name="runMSE_Stock_Bluefin_tuna_WAtl_Fleet_Generic_Increasing_effort_Obs_model_Perfect_Information_Imp_model_Overages_seed_193_interval_4"/>
    <testcase time="5.05" classname="Test_runMSE_works_with_built_in_objects_with_MP_of_each_type" name="runMSE_Stock_Bluefin_tuna_Fleet_Generic_Fleet_Obs_model_Imprecise_Unbiased_Imp_model_Perfect_Imp_seed_711_interval_3"/>
    <testcase time="5.26" classname="Test_runMSE_works_with_built_in_objects_with_MP_of_each_type" name="runMSE_Stock_Bluefin_tuna_Fleet_Flat_effort_Heavily_domed_Obs_model_Generic_Obs_Imp_model_Perfect_Imp_seed_650_interval_3"/>
    <testcase time="6.74" classname="Test_runMSE_works_with_built_in_objects_with_MP_of_each_type" name="runMSE_Stock_Patagonian_toothfish_Fleet_Generic_Increasing_effort_Obs_model_Imprecise_Biased_Imp_model_Overages_seed_522_interval_2"/>
    <testcase time="3.7" classname="Test_runMSE_works_with_built_in_objects_with_MP_of_each_type" name="runMSE_Stock_Porgy_Fleet_Increasing_effort_Heavily_domed_Obs_model_Imprecise_Biased_Imp_model_Overages_seed_156_interval_4"/>
    <testcase time="3.97" classname="Test_runMSE_works_with_built_in_objects_with_MP_of_each_type" name="runMSE_Stock_Mackerel_Fleet_Increasing_effort_Heavily_domed_Obs_model_Precise_Unbiased_Imp_model_Perfect_Imp_seed_439_interval_5"/>
    <testcase time="3.72" classname="Test_runMSE_works_with_built_in_objects_with_MP_of_each_type" name="runMSE_Stock_Porgy_Fleet_Increasing_effort_Heavily_domed_Obs_model_Precise_Unbiased_Imp_model_Overages_seed_31_interval_5"/>
    <testcase time="13.25" classname="Test_runMSE_works_with_built_in_objects_with_MP_of_each_type" name="runMSE_Stock_Rockfish_Fleet_Generic_Fleet_Obs_model_Precise_Biased_Imp_model_Overages_seed_248_interval_3"/>
    <testcase time="9.8" classname="Test_runMSE_works_with_built_in_objects_with_MP_of_each_type" name="runMSE_Stock_Rockfish_Fleet_Increasing_effort_Flat_topped_Obs_model_Imprecise_Biased_Imp_model_Overages_seed_406_interval_5"/>
    <testcase time="10.43" classname="Test_runMSE_works_with_built_in_objects_with_MP_of_each_type" name="runMSE_with_Ricker_SRR_Stock_Rockfish_Fleet_Increasing_effort_Flat_topped_Obs_model_Generic_Obs_Imp_model_Perfect_Imp_seed_154_interval_4"/>
    <testcase time="4.8" classname="Test_runMSE_works_with_built_in_objects_with_MP_of_each_type" name="runMSE_with_Ricker_SRR_Stock_Bluefin_tuna_Fleet_Declining_effort_Domed_Obs_model_Generic_Obs_Imp_model_Perfect_Imp_seed_378_interval_4"/>
    <testcase time="6.11" classname="Test_runMSE_works_with_built_in_objects_with_MP_of_each_type" name="runMSE_with_Ricker_SRR_Stock_Sole_Fleet_Declining_effort_Domed_Obs_model_Precise_Unbiased_Imp_model_Perfect_Imp_seed_805_interval_3"/>
    <testcase time="7.59" classname="Test_runMSE_works_with_built_in_objects_with_MP_of_each_type" name="runMSE_with_Ricker_SRR_Stock_Bluefin_tuna_WAtl_Fleet_Generic_Increasing_effort_Obs_model_Perfect_Information_Imp_model_Overages_seed_736_interval_4"/>
    <testcase time="5.24" classname="Test_runMSE_works_with_built_in_objects_with_MP_of_each_type" name="runMSE_with_Ricker_SRR_Stock_Bluefin_tuna_Fleet_Generic_Fleet_Obs_model_Imprecise_Unbiased_Imp_model_Perfect_Imp_seed_697_interval_3"/>
    <testcase time="6.42" classname="Test_runMSE_works_with_built_in_objects_with_MP_of_each_type" name="runMSE_with_Ricker_SRR_Stock_Bluefin_tuna_Fleet_Flat_effort_Heavily_domed_Obs_model_Generic_Obs_Imp_model_Perfect_Imp_seed_969_interval_2"/>
    <testcase time="4.19" classname="Test_runMSE_works_with_built_in_objects_with_MP_of_each_type" name="runMSE_with_Ricker_SRR_Stock_Patagonian_toothfish_Fleet_Generic_Increasing_effort_Obs_model_Imprecise_Biased_Imp_model_Overages_seed_214_interval_5"/>
    <testcase time="3.75" classname="Test_runMSE_works_with_built_in_objects_with_MP_of_each_type" name="runMSE_with_Ricker_SRR_Stock_Porgy_Fleet_Increasing_effort_Heavily_domed_Obs_model_Imprecise_Biased_Imp_model_Overages_seed_285_interval_4"/>
    <testcase time="5.06" classname="Test_runMSE_works_with_built_in_objects_with_MP_of_each_type" name="runMSE_with_Ricker_SRR_Stock_Mackerel_Fleet_Increasing_effort_Heavily_domed_Obs_model_Precise_Unbiased_Imp_model_Perfect_Imp_seed_668_interval_3"/>
    <testcase time="4.22" classname="Test_runMSE_works_with_built_in_objects_with_MP_of_each_type" name="runMSE_with_Ricker_SRR_Stock_Porgy_Fleet_Increasing_effort_Heavily_domed_Obs_model_Precise_Unbiased_Imp_model_Overages_seed_637_interval_4"/>
    <testcase time="16.47" classname="Test_runMSE_works_with_built_in_objects_with_MP_of_each_type" name="runMSE_with_Ricker_SRR_Stock_Rockfish_Fleet_Generic_Fleet_Obs_model_Precise_Biased_Imp_model_Overages_seed_717_interval_2"/>
    <testcase time="12.09" classname="Test_runMSE_works_with_built_in_objects_with_MP_of_each_type" name="runMSE_with_Ricker_SRR_Stock_Rockfish_Fleet_Increasing_effort_Flat_topped_Obs_model_Imprecise_Biased_Imp_model_Overages_seed_656_interval_3"/>
    <testcase time="18.52" classname="Test_runMSE_works_with_built_in_objects_with_MP_of_each_type" name="runMSE_with_parallel_Stock_Rockfish_Fleet_Increasing_effort_Flat_topped_Obs_model_Generic_Obs_Imp_model_Perfect_Imp_seed_757_interval_3"/>
    <testcase time="7.17" classname="Test_runMSE_works_with_built_in_objects_with_MP_of_each_type" name="runMSE_with_parallel_Stock_Bluefin_tuna_Fleet_Declining_effort_Domed_Obs_model_Generic_Obs_Imp_model_Perfect_Imp_seed_860_interval_2"/>
    <testcase time="8.2" classname="Test_runMSE_works_with_built_in_objects_with_MP_of_each_type" name="runMSE_with_parallel_Stock_Sole_Fleet_Declining_effort_Domed_Obs_model_Precise_Unbiased_Imp_model_Perfect_Imp_seed_805_interval_2"/>
    <testcase time="7.74" classname="Test_runMSE_works_with_built_in_objects_with_MP_of_each_type" name="runMSE_with_parallel_Stock_Bluefin_tuna_WAtl_Fleet_Generic_Increasing_effort_Obs_model_Perfect_Information_Imp_model_Overages_seed_370_interval_4"/>
    <testcase time="4.42" classname="Test_runMSE_works_with_built_in_objects_with_MP_of_each_type" name="runMSE_with_parallel_Stock_Bluefin_tuna_Fleet_Generic_Fleet_Obs_model_Imprecise_Unbiased_Imp_model_Perfect_Imp_seed_552_interval_5"/>
    <testcase time="5.42" classname="Test_runMSE_works_with_built_in_objects_with_MP_of_each_type" name="runMSE_with_parallel_Stock_Bluefin_tuna_Fleet_Flat_effort_Heavily_domed_Obs_model_Generic_Obs_Imp_model_Perfect_Imp_seed_151_interval_4"/>
    <testcase time="6.27" classname="Test_runMSE_works_with_built_in_objects_with_MP_of_each_type" name="runMSE_with_parallel_Stock_Patagonian_toothfish_Fleet_Generic_Increasing_effort_Obs_model_Imprecise_Biased_Imp_model_Overages_seed_314_interval_3"/>
    <testcase time="6.15" classname="Test_runMSE_works_with_built_in_objects_with_MP_of_each_type" name="runMSE_with_parallel_Stock_Porgy_Fleet_Increasing_effort_Heavily_domed_Obs_model_Imprecise_Biased_Imp_model_Overages_seed_232_interval_2"/>
    <testcase time="4.47" classname="Test_runMSE_works_with_built_in_objects_with_MP_of_each_type" name="runMSE_with_parallel_Stock_Mackerel_Fleet_Increasing_effort_Heavily_domed_Obs_model_Precise_Unbiased_Imp_model_Perfect_Imp_seed_389_interval_5"/>
    <testcase time="4.48" classname="Test_runMSE_works_with_built_in_objects_with_MP_of_each_type" name="runMSE_with_parallel_Stock_Porgy_Fleet_Increasing_effort_Heavily_domed_Obs_model_Precise_Unbiased_Imp_model_Overages_seed_775_interval_5"/>
    <testcase time="21.69" classname="Test_runMSE_works_with_built_in_objects_with_MP_of_each_type" name="runMSE_with_parallel_Stock_Rockfish_Fleet_Generic_Fleet_Obs_model_Precise_Biased_Imp_model_Overages_seed_89_interval_2"/>
    <testcase time="15.6" classname="Test_runMSE_works_with_built_in_objects_with_MP_of_each_type" name="runMSE_with_parallel_Stock_Rockfish_Fleet_Increasing_effort_Flat_topped_Obs_model_Imprecise_Biased_Imp_model_Overages_seed_514_interval_4"/>
    <testcase time="167.06" classname="Test_runMSE_works_with_built_in_objects_with_MP_of_each_type" name="runMSE_with_all_MPs_and_BH_SRR_Stock_Rockfish_Fleet_Increasing_effort_Flat_topped_Obs_model_Generic_Obs_Imp_model_Perfect_Imp_seed_443_interval_4"/>
    <testcase time="116.15" classname="Test_runMSE_works_with_built_in_objects_with_MP_of_each_type" name="runMSE_with_all_MPs_and_Ricker_SRR_Stock_Rockfish_Fleet_Increasing_effort_Flat_topped_Obs_model_Generic_Obs_Imp_model_Perfect_Imp_seed_389_interval_2"/>
    <testcase time="0.1" classname="Test_runMSE_works_with_built_in_objects_with_MP_of_each_type" name="runMSE_with_all_MPs_and_Ricker_SRR_Stock_Rockfish_Fleet_Increasing_effort_Flat_topped_Obs_model_Generic_Obs_Imp_model_Perfect_Imp_seed_389_interval_2"/>
    <testcase time="0.08" classname="Test_runMSE_works_with_built_in_objects_with_MP_of_each_type" name="runMSE_with_all_MPs_and_Ricker_SRR_Stock_Rockfish_Fleet_Increasing_effort_Flat_topped_Obs_model_Generic_Obs_Imp_model_Perfect_Imp_seed_389_interval_2"/>
    <testcase time="160.29" classname="Test_runMSE_works_with_built_in_objects_with_MP_of_each_type" name="runMSE_with_all_MPs_and_Ricker_SRR_Stock_Rockfish_Fleet_Increasing_effort_Flat_topped_Obs_model_Generic_Obs_Imp_model_Perfect_Imp_seed_389_interval_2"/>
    <testcase time="18.53" classname="Test_runMSE_works_with_built_in_objects_with_MP_of_each_type" name="runMSE_with_Hist_TRUE_and_parallel_TRUE_Stock_Rockfish_Fleet_Increasing_effort_Flat_topped_Obs_model_Generic_Obs_Imp_model_Perfect_Imp_seed_389">
      <error type="error" message="numbers of columns of arguments do not match (@test-runMSE.R#99)">numbers of columns of arguments do not match
1: testthat::expect_is(runMSE(OM, Hist = TRUE, parallel = TRUE), "Hist", info = info) at tests/manual/test-code/test-runMSE.R:99
2: quasi_label(enquo(object), label, arg = "object")
3: eval_bare(get_expr(quo), get_env(quo))
4: runMSE(OM, Hist = TRUE, parallel = TRUE)
5: joinMSE(temp)
6: joinData(obj)
7: do.call(rbind, templist)
8: (function (..., deparse.level = 1) 
   .Internal(rbind(deparse.level, ...)))(structure(list(A = c(1561.9865584025, 19443.2709419073, 
   2032.56621414855, 32076.0297911109, 5578.77684491259, 7721.42196245279, 12990.6619665234, 
   4420.30455355998, 8053.19849967593, 13997.8804768648, 9435.76598223803, 39845.8435689368, 
   3615.66260625764, 8446.70905774623, 15447.1352515004, 11318.6184998421, 13104.0765696157, 
   13416.4710128955, 34268.0709902755, 13083.290686974, 21205.3246416699, 17248.148643402, 
   5418.42699161587, 5602.54622007254, 14065.8650047102, 25803.8139100024, 32261.5409759674, 
   10102.8159922693), AC = c(0.814778896793723, 0.344845086149871, 0.874668237194419, 
   0.194211685843766, 0.33647862765938, 0.269680192880333, 0.232452279888093, 0.123253551870584, 
   0.317625708132982, 0.658830846101046, 0.668000364303589, 0.773308782093227, 0.442871226556599, 
   0.695007260143757, 0.28060287386179, 0.624393838271499, 0.847982838749886, 0.590580572746694, 
   0.821616511233151, 0.160050610266626, 0.338604700379074, 0.738553339056671, 0.812921487726271, 
   0.283344000950456, 0.768694025091827, 0.468765354901552, 0.200835912674665, 0.258023746684194
   ), ageM = c(6.10210725908394, 6.45721409350238, 5.03309781155315, 5.68384321767124, 
   5.67534904659932, 6.61825027871093, 6.12347708146719, 6.36329711776213, 7.08444451684576, 
   5.66408356100554, 5.86238022407914, 5.99079921780049, 6.64064763004081, 5.69957936212003, 
   6.30600728676178, 5.50786398604607, 6.79268946088494, 6.57294755078266, 5.63973894171851, 
   5.35806194452584, 5.61515099311288, 5.04838729391506, 5.85156159025689, 5.07659281463962, 
   5.43159616891747, 5.91700508395917, 6.05979850180441, 5.72139171187157), Asp = c(1248.95416647279, 
   18696.5523080665, 1908.92211418397, 30890.145042001, 4906.63597637691, 6778.75832407795, 
   12084.0720923513, 3900.7992467849, 6947.94859734314, 13067.261977497, 8797.07704279997, 
   38835.0621952985, 3286.35381122202, 7933.71683608927, 14427.6949003373, 10600.9245454866, 
   12231.4748020007, 12566.0833961007, 33117.4857488547, 12461.0593019391, 20154.9508653459, 
   16688.453090728, 5042.72422014802, 5201.24487799676, 13795.6862376863, 24667.1675803841, 
   31131.2861907012, 9420.2078334049), Blow = c(362.144575506572, 6213.90190954691, 
   844.936392044724, 639.08485998166, 456.749885683244, 363.868418018568, 853.967902320391, 
   869.483853175926, 384.106294987053, 728.04126541905, 617.674529749691, 1423.40622023188, 
   1363.10970922511, 2771.99260933378, 379.122672167937, 417.336086804568, 2014.49348913703, 
   4081.32749635864, 2969.28519465398, 1939.78136279803, 628.685553684968, 952.061335963892, 
   2478.32241995213, 738.356607699333, 4158.13720494444, 2723.14557406796, 770.345516420922, 
   809.051891779751), BMSY = c(12237.7179655611, 30131.120734856, 14936.0993181839, 
   30411.1823942349, 26867.9417313717, 16452.0250193727, 25842.5794642911, 21275.7204718486, 
   12605.1963162675, 14294.34906305, 14801.4757268198, 32125.7267475878, 15317.6500738245, 
   18868.7976820859, 15256.603205844, 17528.6036476585, 25381.4020968145, 25010.9542762318, 
   31366.2057238558, 18707.0713660812, 20640.6089276531, 17293.9989526784, 22596.5141734632, 
   18641.6305218071, 22412.6550432488, 25703.0238989408, 26320.195820834, 20477.9906233308
   ), BMSY_B0 = c(0.460189467512876, 0.485972687729835, 0.509591263954951, 0.427079487565869, 
   0.463476925298997, 0.496870315802361, 0.46195879546035, 0.4824661312968, 0.486286661029898, 
   0.485615431842533, 0.492721060926217, 0.46328948804489, 0.422789370775096, 0.479321989141099, 
   0.470462754388668, 0.484847226835137, 0.478666322435524, 0.484652119643837, 0.470957830416941, 
   0.487310767352064, 0.457977299660732, 0.491297982276036, 0.485624069556417, 0.46854963485331, 
   0.468762780272715, 0.482255399955811, 0.442039528594005, 0.454492517530253), D = c(0.0517983404337429, 
   0.320023077668156, 0.0701054411241785, 0.453568175167311, 0.0890326777473092, 0.2239247951773, 
   0.228279606043361, 0.0953298262902535, 0.301294512418099, 0.485917177563533, 0.318928360345308, 
   0.586659329303075, 0.0995015463326126, 0.216561833408196, 0.485572943580337, 0.31261717203306, 
   0.247602926997934, 0.261680775287095, 0.519684803648852, 0.346204760682303, 0.475373966852203, 
   0.505437248013914, 0.115589690278284, 0.138715710223187, 0.305261802114546, 0.490701945975888, 
   0.552291340159718, 0.222622910037171), dFfinal = c(0.0133208350156155, 0.0135315379806101, 
   0.0206449408771719, 0.0134668232642337, 0.0161427084442379, 0.0200069865503069, 0.00845209756818719, 
   0.0154162529396483, 0.0112946230082699, 0.014350726266751, 0.0197335140034052, 0.0170981719478466, 
   0.0140576841612008, 0.0223135283257966, 0.0250872222594425, 0.0256722933756898, 0.024530448547162, 
   0.0217948467731304, 0.0158638357216815, 0.0180321729832342, 0.0181889852054405, 0.0160716809472125, 
   0.0134783257512311, 0.0193931331397536, 0.0109859948296612, 0.0122710324693873, 0.0254738570242618, 
   0.0169232398663619), DR = c(0, 0, 0, 0, 0, 0, 0, 0, 0, 0, 0, 0, 0, 0, 0, 0, 0, 0, 
   0, 0, 0, 0, 0, 0, 0, 0, 0, 0), Esd = c(0.301416245149449, 0.364078881638125, 0.189731997670606, 
   0.221569054527208, 0.361331519321539, 0.136042926413938, 0.368917980371043, 0.103829706297256, 
   0.283113050670363, 0.377998217125423, 0.211649704817683, 0.173253118200228, 0.39541141372174, 
   0.102481100405566, 0.233596253045835, 0.123222724837251, 0.294785533891991, 0.182778537389822, 
   0.231156025943346, 0.343589405249804, 0.357390478090383, 0.221257333713584, 0.290380783425644, 
   0.318321777880192, 0.292095834948123, 0.352244011196308, 0.248172756005079, 0.1847397739999
   ), Fdisc = c(0, 0, 0, 0, 0, 0, 0, 0, 0, 0, 0, 0, 0, 0, 0, 0, 0, 0, 0, 0, 0, 0, 0, 
   0, 0, 0, 0, 0), FinF = c(0.616913559956228, 0.484690408474751, 0.637193547555787, 
   0.760519432511, 1.04948511638223, 0.91724671350399, 0.434402421911566, 0.823845180932828, 
   0.975788819057107, 0.436134429299065, 0.839974377959734, 0.737096402820724, 0.833796026267372, 
   0.896431907107831, 0.848279465102577, 1.03031603754332, 1.6615699093525, 0.896056934740568, 
   0.805393021937926, 0.577620559199027, 0.625746587263092, 0.924770028343651, 1.05236970379031, 
   0.843869696047415, 0.622710248163659, 0.894860068033155, 1.11012337327666, 0.754634811056335
   ), FMSY = c(0.0456713371036987, 0.013743217018876, 0.0397391025590835, 0.0361732206489622, 
   0.0357229835796176, 0.0398303400236934, 0.0290687085936784, 0.0317777456730354, 0.0483984881274396, 
   0.0385142408213515, 0.0430076167190699, 0.0274096975406601, 0.0333298084946021, 0.0185475653799089, 
   0.0469633865083266, 0.0434678679796769, 0.0269627458017913, 0.0158463724138454, 0.0166814223924108, 
   0.0241776350550422, 0.0382737074230449, 0.0375529521482173, 0.0203792728631742, 0.0368931541673543, 
   0.0172333554091912, 0.0192868248922286, 0.0359979028116766, 0.0376423929083897), 
       FMSY_M = c(0.594419081714494, 0.291718643865336, 0.524151858908963, 0.798726052755602, 
       0.76082301009235, 0.603967425800924, 0.596729381707076, 0.557085918269451, 0.629993549564376, 
       0.505435446210652, 0.600394489581637, 0.642477241608586, 0.456627915450278, 0.286250077986643, 
       0.697887729773377, 0.707283340473586, 0.520380410207262, 0.306784333273861, 0.390585237499451, 
       0.370933627819716, 0.673373490864404, 0.562884257432907, 0.354636319030969, 0.557552780062752, 
       0.297288425539833, 0.377920716087765, 0.75822612099984, 0.639314188233528), Frac_area_1 = c(0.0979036077181809, 
       0.104899343925063, 0.0990919718472287, 0.102063446908724, 0.10210341702681, 0.101428024647757, 
       0.0964559488114901, 0.103368702919688, 0.104922499670647, 0.100624568196945, 
       0.102075773205142, 0.0965400871541351, 0.101687683002092, 0.104209542300086, 
       0.103089442129713, 0.0983454176736996, 0.102720850901678, 0.100621247754898, 
       0.0987743345019408, 0.101934532909654, 0.0999558408628218, 0.100834965780377, 
       0.0951575505849905, 0.0954342065332457, 0.103893418402877, 0.104371146361809, 
       0.0967185035324655, 0.101173741226085), hs = c(0.609746689237654, 0.346508026354713, 
       0.568777262493968, 0.692169516258873, 0.667570236719912, 0.625843068379909, 0.566556271455483, 
       0.558143243396189, 0.672763247973053, 0.536698134527542, 0.615432890363736, 0.561517570952419, 
       0.509814451360144, 0.358846335117705, 0.71469465832226, 0.710970326412935, 0.508751996326027, 
       0.364161192176398, 0.408504284393275, 0.430482179158134, 0.648858798695728, 0.576338416953804, 
       0.406520168645075, 0.579627465368248, 0.364593746575993, 0.407716628570342, 0.663034726398764, 
       0.630860582662281), K = c(0.123862831148785, 0.122047178642824, 0.127725043781102, 
       0.126799027612898, 0.127540476895403, 0.12308089970611, 0.123477269213181, 0.124493609916884, 
       0.124198459956795, 0.125853788065258, 0.127937302371021, 0.124416648951359, 0.125244947489817, 
       0.122431774857454, 0.124261475048959, 0.127713026720565, 0.123873042586725, 0.124684279596433, 
       0.125719638172071, 0.126477933472022, 0.122442401456647, 0.127669629858341, 0.123499451660085, 
       0.126897019850556, 0.126532183323056, 0.127902266148478, 0.12437272685254, 0.123014883424621
       ), Ksd = c(0.00875188135541976, 0.000610558589687571, 0.00287728322437033, 0.0216641272767447, 
       0.0134334678994492, 0.0194190989655908, 0.0155837033584248, 0.010349700844381, 
       0.0155452010745648, 0.0219320129079279, 0.0124097807798535, 0.0049159559130203, 
       0.0175663424830418, 0.00467897225171328, 0.0238474428653717, 0.00514629624667578, 
       0.00630859396769665, 0.00288274824852124, 0.0167763299075887, 0.00768080878187902, 
       0.0112492821295746, 0.0183826362015679, 0.0247492231719662, 0.00645328938262537, 
       0.00187629908905365, 0.00887490884633735, 0.0109040425217245, 0.0141961428103969
       ), L5 = c(9.59916367216903, 10.056854964957, 7.74552498456778, 7.30052325829814, 
       11.3443592664955, 11.1040294439456, 9.15065520988227, 9.87345393584169, 10.3691039875495, 
       13.1974258117271, 11.6877678830498, 12.7246748536583, 8.86900758869173, 12.416217167617, 
       12.3055086047698, 8.11014539004992, 14.2278442976485, 9.8260089684732, 6.82206453216617, 
       7.94727368789124, 7.43707158424434, 8.20563914046066, 7.12280483868046, 6.75942229907754, 
       9.68631317255159, 7.33716761729535, 12.3421432066094, 10.9905719957022), L50 = c(34.4239713093266, 
       36.718888534233, 32.0660452283919, 34.7364325146191, 33.8841187185608, 36.4957083244808, 
       34.2159593198448, 36.3331528725103, 37.6152371000499, 35.3773904908448, 34.7574722385034, 
       35.0280295410194, 37.6742530562915, 34.2690053256229, 35.1135795363225, 32.7526742699556, 
       37.9127394203097, 36.8632704457268, 33.6966434172355, 32.9758011791855, 33.1725956313312, 
       32.0913798715919, 35.0554853728972, 32.541702806484, 33.198017896153, 34.9421131880954, 
       34.7616115030833, 33.5600039954297), L50_95 = c(14.620089760283, 13.4191571250558, 
       14.0447641296778, 12.7584062959068, 13.896837314358, 12.3007541236002, 14.8710832153447, 
       14.4485587924719, 12.7530175892171, 13.0659615795594, 12.9363646020647, 12.7625316213816, 
       12.5035574943759, 14.7867763631511, 13.8732076829765, 12.0832933404017, 13.1198170061689, 
       14.9217642657459, 12.9345866551157, 12.9498380629811, 14.2683971815277, 13.2493368645664, 
       13.1124440256972, 12.0477320223581, 12.8312049675733, 14.0049287374131, 14.0315434718505, 
       14.1516302770469), L95 = c(49.0440610696096, 50.1380456592888, 46.1108093580697, 
       47.4948388105258, 47.7809560329188, 48.796462448081, 49.0870425351895, 50.7817116649821, 
       50.3682546892669, 48.4433520704042, 47.6938368405681, 47.790561162401, 50.1778105506673, 
       49.055781688774, 48.986787219299, 44.8359676103573, 51.0325564264785, 51.7850347114727, 
       46.6312300723512, 45.9256392421667, 47.4409928128589, 45.3407167361584, 48.1679293985944, 
       44.5894348288421, 46.0292228637263, 48.9470419255085, 48.7931549749337, 47.7116342724767
       ), LenCV = c(0.0914063354302198, 0.0918517991993576, 0.112268164297566, 0.112131202016026, 
       0.108158183610067, 0.0893297753762454, 0.114865996353328, 0.0858210350479931, 
       0.0865092793945223, 0.0998427465744317, 0.113378819627687, 0.115953248515725, 
       0.106696305135265, 0.112581706019118, 0.0803379606921226, 0.0946402960643172, 
       0.0950851930025965, 0.0979928365536034, 0.085472176996991, 0.107410405613482, 
       0.113188072005287, 0.118656105957925, 0.105955495480448, 0.099267957713455, 0.118556921528652, 
       0.114982601637021, 0.109478678712621, 0.0939672693423927), LFR = c(0, 0, 0, 0, 
       0, 0, 0, 0, 0, 0, 0, 0, 0, 0, 0, 0, 0, 0, 0, 0, 0, 0, 0, 0, 0, 0, 0, 0), LFS = c(37.0565248476161, 
       40.3642856620036, 31.2047648540731, 37.0159965981137, 33.8765601740348, 30.1514665589483, 
       30.9039718914373, 31.7878005220258, 32.2190279529653, 32.3977260075755, 32.1981944715689, 
       32.8962259788092, 30.2021198051446, 37.0180749468496, 27.1272939855083, 25.2274870919866, 
       33.2030723469751, 36.0297199561934, 28.0176420141266, 25.7685572466236, 33.0516713849182, 
       32.4633445403894, 31.6968226533282, 30.045377195366, 34.0858244450529, 34.8608709961927, 
       35.4336957368996, 29.5853921154321), Linf = c(64.4726194441319, 67.0951338149607, 
       67.0001151980832, 67.6649113539606, 64.8373510930687, 64.4249566718936, 65.0364454034716, 
       65.8700946811587, 64.729216856882, 66.8461506450549, 65.0843423064798, 66.2023873282596, 
       67.7303481213748, 67.8326872307807, 64.2443886762485, 64.2770382426679, 66.2515866262838, 
       65.5555505827069, 64.9096491411328, 66.7192349536344, 66.0680233342573, 66.7310254201293, 
       66.7743737250566, 67.9150337418541, 66.3867545928806, 65.5969754150137, 65.3655004948378, 
       66.501253221184), Linfsd = c(0.000979122327407822, 0.00437121674767695, 0.0235152435780037, 
       0.0246207243937533, 0.00397861962555908, 0.0230109283060301, 0.000954433513106778, 
       0.00904764460865408, 0.00455442236270756, 0.00914128733566031, 0.000132495712023228, 
       0.00554079372086562, 0.0177028347563464, 0.0210762988950592, 0.0149036752816755, 
       0.0230901133036241, 0.0014960095693823, 0.00059097979683429, 0.0042438029544428, 
       0.0227823922177777, 0.00446953172213398, 0.00923911574645899, 0.0171277143992484, 
       0.00907037304132246, 0.0248213659331668, 0.00609871177002788, 0.020368442038307, 
       0.0183799953607377), LR5 = c(0, 0, 0, 0, 0, 0, 0, 0, 0, 0, 0, 0, 0, 0, 0, 0, 
       0, 0, 0, 0, 0, 0, 0, 0, 0, 0, 0, 0), M = c(0.0768335649184883, 0.0471112056355923, 
       0.0758160099666566, 0.0452886449918151, 0.0469530798960477, 0.065947828181088, 
       0.0487133858073503, 0.0570428090728819, 0.0768237836100161, 0.0762001183535904, 
       0.0716322642285377, 0.0426625190209597, 0.0729911758936942, 0.0647949705738574, 
       0.0672936125751585, 0.0614575029443949, 0.0518135296273977, 0.0516531344503164, 
       0.0427087887376547, 0.065180488480255, 0.0568387498799711, 0.066715229023248, 
       0.0574652729276568, 0.0661697968095541, 0.0579684707801789, 0.0510340504534543, 
       0.047476474121213, 0.0588793328870088), maxF = c(0.8, 0.8, 0.8, 0.8, 0.8, 0.8, 
       0.8, 0.8, 0.8, 0.8, 0.8, 0.8, 0.8, 0.8, 0.8, 0.8, 0.8, 0.8, 0.8, 0.8, 0.8, 0.8, 
       0.8, 0.8, 0.8, 0.8, 0.8, 0.8), maxlen = c(64.4222993247364, 66.8836436966554, 
       67.2110242568564, 67.8237999547453, 65.2603834321733, 68.3781996076996, 64.9608703476008, 
       66.1978731803764, 64.3185756487715, 66.3824146779955, 65.0878925804242, 66.007602046308, 
       69.7180177787833, 68.09166923268, 63.581434591273, 64.852342331764, 66.2620071720149, 
       65.5364670168617, 65.1616574165305, 65.9691466971722, 66.0617901880443, 65.9104480186827, 
       66.9862042316575, 68.5546116793117, 66.3540194034831, 65.2069207506861, 64.3752495434978, 
       63.9680178021874), Mexp = c(0, 0, 0, 0, 0, 0, 0, 0, 0, 0, 0, 0, 0, 0, 0, 0, 0, 
       0, 0, 0, 0, 0, 0, 0, 0, 0, 0, 0), MGT = c(18.7570783798798, 25.421845397161, 
       18.1159095416507, 27.0764915030586, 27.0416201053665, 21.1602107857837, 26.9338079709018, 
       23.3612136350378, 19.2938866654087, 18.246754304383, 19.370811425542, 28.3516154573144, 
       19.4079678931119, 20.5980411074678, 20.8202933898135, 21.0917238921654, 25.11954827746, 
       24.931060619187, 28.4972736435081, 20.5131108969872, 22.4765799058733, 19.7125667202984, 
       22.6387095832067, 20.1327789655057, 22.5562551775852, 24.8030309002753, 26.3595453831767, 
       22.3374961416113), Msd = c(0.0349340858403593, 0.0479808510630392, 0.0438546996796504, 
       0.0257982809678651, 0.0297495712293312, 0.0226005660369992, 0.0471900928765535, 
       0.00783934869104996, 0.0101366852875799, 0.0278682963689789, 0.0378016717848368, 
       0.0433810540474951, 0.0423977620666847, 0.00378249863861129, 0.0192687389091589, 
       0.0247377853374928, 0.0279382548062131, 0.0128518492099829, 0.0180972686153837, 
       0.0346741932909936, 0.0201432751957327, 0.0364478711388074, 0.00365279363468289, 
       0.0433097636909224, 0.0419698159210384, 0.0017802192363888, 0.0033886858727783, 
       0.00692736321361736), MSY = c(512.461415713422, 396.928426247441, 554.328109745535, 
       1045.2889802238, 911.311320901786, 615.917178068024, 717.561354769518, 641.677339367683, 
       564.319474743572, 512.715392283815, 592.371636791899, 843.019606669727, 479.974657477321, 
       331.484511767039, 670.934204762297, 719.048768278145, 650.9118917431, 380.037694436768, 
       506.525288294107, 430.660324766101, 746.516477628323, 610.661749626797, 440.579241944908, 
       648.075220527301, 369.459016107611, 475.473828879589, 897.554087466668, 729.184998459044
       ), OFLreal = c(69.7334831197552, 265.385291222807, 79.1884964440746, 1139.55829946596, 
       195.772938007731, 301.50252911741, 372.186075441068, 138.258901220237, 380.481011684121, 
       528.867894034716, 397.207118271046, 1077.3304217155, 118.523192743791, 155.221944087648, 
       708.678562687327, 481.456466440754, 348.601144626256, 210.926770316309, 566.898682731604, 
       312.529689002935, 796.271067345429, 635.707841776279, 109.30603043361, 202.929234845835, 
       240.325297340302, 492.905074298248, 1140.6933544826, 373.225548577588), Prob_staying = c(0.980721786115319, 
       0.984583913739771, 0.958388077141717, 0.983163014352322, 0.972685016728938, 0.988060034811497, 
       0.963329989062622, 0.965986184813082, 0.987069814503193, 0.988349186582491, 0.977492263792083, 
       0.963945717867464, 0.954282845556736, 0.965529194539413, 0.958579984782264, 0.973709320044145, 
       0.970167813934386, 0.959067386621609, 0.977102782065049, 0.970615668864921, 0.978221112862229, 
       0.966335366833955, 0.976558239692822, 0.978953798059374, 0.981500883782283, 0.97122762392275, 
       0.97262218602933, 0.959754405235872), procmu = c(-0.0723126966648321, -0.0241830544523043, 
       -0.116887035101371, -0.0876263873539504, -0.113882772772968, -0.0423015504362761, 
       -0.0244035535724269, -0.0472741085448512, -0.0615106797839948, -0.0581611735469598, 
       -0.106834302863949, -0.1095485070227, -0.0618453554304592, -0.108895037889157, 
       -0.0992612461450786, -0.0451885775049608, -0.104622924831473, -0.105647080155787, 
       -0.0344952630787355, -0.0326621589916513, -0.0355336899575361, -0.0758952980133755, 
       -0.0343696073845035, -0.0461615813803839, -0.104777309439614, -0.0820271130697404, 
       -0.0879969954270963, -0.092643156679671), procsd = c(0.380296454532072, 0.219922961294651, 
       0.483501882315613, 0.418632027809508, 0.477247886895202, 0.290866121905856, 0.220923306024633, 
       0.307486938079819, 0.350744008598849, 0.341060620849021, 0.462243015877903, 0.468077999958768, 
       0.351696901977994, 0.466679842909798, 0.445558629464358, 0.300627934513614, 0.4574339839397, 
       0.459667445346713, 0.262660476961173, 0.255586224165745, 0.266584658063948, 0.389603126305155, 
       0.262181644607335, 0.303847268805839, 0.457771360920742, 0.405036080046557, 0.419516377337277, 
       0.430448967195116), qcv = c(0.190041318675503, 0.260939321713522, 0.129745577136055, 
       0.224267937429249, 0.19517149082385, 0.24618452959694, 0.194281192449853, 0.225326839415357, 
       0.266655065584928, 0.156470991531387, 0.273612071853131, 0.237905280804262, 0.115892925532535, 
       0.187732963357121, 0.262470359215513, 0.224412917299196, 0.13116935826838, 0.18694279869087, 
       0.260937858326361, 0.187617043266073, 0.2033071547281, 0.21559333903715, 0.290906757721677, 
       0.101118104951456, 0.251293043745682, 0.284855999425054, 0.13160010962747, 0.15900693773292
       ), qinc = c(-0.711576567962766, -1.1300795590505, -1.74133295565844, -0.0619091773405671, 
       -1.49519710801542, 0.0359951918944716, 1.41116343531758, 1.81414329819381, -0.419177960604429, 
       -1.89297461975366, 1.59210696350783, -0.0629898067563772, 1.14689744170755, -0.467170068062842, 
       1.30215347371995, -1.28096355870366, 0.757510838098824, -0.0908779790624976, 
       -1.44596151076257, 0.113136337138712, 1.3156821783632, -1.81581449881196, -1.57466735690832, 
       1.19925764668733, -0.327704443596303, 1.66885239910334, -1.31449655536562, -0.213397254236042
       ), R0 = c(1000, 1000, 1000, 1000, 1000, 1000, 1000, 1000, 1000, 1000, 1000, 1000, 
       1000, 1000, 1000, 1000, 1000, 1000, 1000, 1000, 1000, 1000, 1000, 1000, 1000, 
       1000, 1000, 1000), RefY = c(275.6476193323, 379.943448784664, 37.2830907859103, 
       846.359091942247, 503.729848435455, 470.73531813422, 625.913817095305, 375.982980238923, 
       493.413375415307, 314.506076767695, 444.627431323252, 605.679287162471, 223.605040258619, 
       137.390876440747, 752.010121259414, 727.446365311229, 308.349787895748, 297.593226413788, 
       490.981789646486, 400.137671654575, 662.223590999152, 616.13496652787, 221.588106217794, 
       460.84157641906, 113.36384376391, 502.033179958543, 750.429007927478, 633.220732233723
       ), Rmaxlen = c(1, 1, 1, 1, 1, 1, 1, 1, 1, 1, 1, 1, 1, 1, 1, 1, 1, 1, 1, 1, 1, 
       1, 1, 1, 1, 1, 1, 1), Size_area_1 = c(0.103223242685199, 0.104802752237301, 0.100995908349287, 
       0.0990961095737293, 0.0988908578967676, 0.102487148351502, 0.101103381039575, 
       0.095059523798991, 0.099515419122763, 0.097971379479859, 0.0973340126639232, 
       0.100912235793658, 0.104208604989108, 0.0977611718396656, 0.097204231522046, 
       0.0953071739152074, 0.0966213259077631, 0.103811053412501, 0.0990164452418685, 
       0.0970411203824915, 0.0963473203871399, 0.100867973808199, 0.102327627604827, 
       0.103403226528317, 0.0973497521132231, 0.101726669669151, 0.103833651007153, 
       0.102882547765039), SizeLimFrac = c(1, 1, 1, 1, 1, 1, 1, 1, 1, 1, 1, 1, 1, 1, 
       1, 1, 1, 1, 1, 1, 1, 1, 1, 1, 1, 1, 1, 1), SizeLimSD = c(0, 0, 0, 0, 0, 0, 0, 
       0, 0, 0, 0, 0, 0, 0, 0, 0, 0, 0, 0, 0, 0, 0, 0, 0, 0, 0, 0, 0), Spat_targ = c(1, 
       1, 1, 1, 1, 1, 1, 1, 1, 1, 1, 1, 1, 1, 1, 1, 1, 1, 1, 1, 1, 1, 1, 1, 1, 1, 1, 
       1), SRrel = c(2, 2, 2, 2, 2, 2, 2, 2, 2, 2, 2, 2, 2, 2, 2, 2, 2, 2, 2, 2, 2, 
       2, 2, 2, 2, 2, 2, 2), SSB0 = c(25036.0678399141, 59926.0576928319, 28258.931812087, 
       69651.0679904931, 56359.0042250348, 31298.6831899701, 54164.7765064207, 42093.8806158859, 
       23971.0317538652, 27945.4366813742, 28588.7017864587, 67622.0373290434, 34297.0126226997, 
       37845.4819760516, 30712.1584478129, 34990.4666529237, 50716.113687184, 49290.630572916, 
       65065.2667405884, 37171.1352195616, 43636.560023665, 34136.2052083395, 44910.4342544918, 
       38737.084915698, 46498.5938473896, 51571.4989073586, 57716.0417576833, 43567.9152358974
       ), SSBMSY = c(10915.7595032594, 28764.4684258451, 14015.5056272409, 28937.6655654404, 
       25365.7790677665, 14813.7229633853, 24347.9230396826, 19606.6935380778, 10879.5934060513, 
       13070.8807088505, 13519.0003544723, 30657.7838229237, 13881.2656797696, 17864.7677608573, 
       13690.2819094738, 16396.2926653664, 23546.5385560043, 23473.4493027696, 30279.5539070342, 
       17809.8711860693, 19354.8058779721, 16359.3421212182, 21456.8329298541, 17739.7962403364, 
       21546.5390200325, 24465.6447955688, 24683.46971701, 19182.9410108652), SSBMSY_SSB0 = c(0.436001355047329, 
       0.479999344747247, 0.495967282855545, 0.4154662146658, 0.450075004279422, 0.473301795908539, 
       0.449515803629253, 0.465784889661097, 0.453864210675745, 0.467728626246957, 0.472879127406748, 
       0.453369715463399, 0.404736874096788, 0.472044926582306, 0.445760982014233, 0.468593140754709, 
       0.464281208557085, 0.476225380562846, 0.465372009120582, 0.479131753196945, 0.443545638507609, 
       0.479237279638266, 0.477769437905358, 0.45795382587365, 0.463380443089293, 0.474402437662674, 
       0.427670868709983, 0.440299723018639), t0 = c(-0.0352182780718431, -0.0382208644971251, 
       -0.0499114852631465, -0.0365077536646277, -0.0482662557205185, -0.0446890010498464, 
       -0.0430123611306772, -0.0414110940601677, -0.0430136967543513, -0.0426452768966556, 
       -0.0339396050060168, -0.0412009989470244, -0.0367772294767201, -0.0436467431858182, 
       -0.0470192882465199, -0.0410416357917711, -0.0389903064072132, -0.044235793040134, 
       -0.0462087986525148, -0.0362280239909887, -0.0453442968567833, -0.0487102692900226, 
       -0.0388591383257881, -0.0387588455388322, -0.0488026561122388, -0.0444705827906728, 
       -0.0422820385079831, -0.0477267478918657), TACFrac = c(1, 1, 1, 1, 1, 1, 1, 1, 
       1, 1, 1, 1, 1, 1, 1, 1, 1, 1, 1, 1, 1, 1, 1, 1, 1, 1, 1, 1), TACSD = c(0, 0, 
       0, 0, 0, 0, 0, 0, 0, 0, 0, 0, 0, 0, 0, 0, 0, 0, 0, 0, 0, 0, 0, 0, 0, 0, 0, 0), 
       TAEFrac = c(1, 1, 1, 1, 1, 1, 1, 1, 1, 1, 1, 1, 1, 1, 1, 1, 1, 1, 1, 1, 1, 1, 
       1, 1, 1, 1, 1, 1), TAESD = c(0, 0, 0, 0, 0, 0, 0, 0, 0, 0, 0, 0, 0, 0, 0, 0, 
       0, 0, 0, 0, 0, 0, 0, 0, 0, 0, 0, 0), UMSY = c(0.0428865818104755, 0.0133127108127069, 
       0.0374279792036094, 0.0346974286497284, 0.0342562607660634, 0.0377949057539636, 
       0.0279248771684307, 0.0304000732018808, 0.0454696506816933, 0.0363481736763601, 
       0.0405453957405089, 0.0264346285139038, 0.0315648056707621, 0.0177889471873771, 
       0.0443493817442554, 0.0412022617793047, 0.02588087374142, 0.0153170796744562, 
       0.0161893037178315, 0.02308914873375, 0.0364850417172649, 0.0356300513958449, 
       0.0195981700323364, 0.0349662494954189, 0.016602875751011, 0.0186200964289881, 
       0.0345225063796425, 0.0358693992097015), Vmaxlen = c(0.999357031547697, 0.999357279626653, 
       0.999678596279817, 0.999908017338719, 0.999139622635674, 0.999653254189529, 0.999778774410952, 
       0.999209178677294, 0.999024676972302, 0.999572814099025, 0.999585962701589, 0.999172783651389, 
       0.99984173267195, 0.99997879493935, 0.99959436474042, 0.999514651620761, 0.999791901584016, 
       0.99987871357752, 0.999631706205197, 0.999850993835134, 0.999857337144203, 0.999626852603396, 
       0.999378056724789, 0.999514322025934, 0.999575889197411, 0.999580491518369, 0.999551857612096, 
       0.999384282213636)), class = "data.frame", row.names = c(NA, -28L)), structure(list(
       A = c(8802.2258334838, 13625.0094461348, 9617.31806285895, 17365.0386434885, 
       19663.5304993646, 10993.1768471762, 23855.5265464401, 19287.8793584198, 27651.1615653406, 
       17095.3009128219, 7569.3212122426, 28565.3825719897, 3744.15946534075, 15371.2388367773, 
       13922.6054592908, 2571.64841804678, 12169.9460360444, 17503.4892875714, 19568.0161977553, 
       41377.8122037367, 10544.1355178744, 33744.267273735, 27957.123968163, 6026.30493420089, 
       3916.01961291455, 1749.36206969819, 10337.9343238213, 16732.541065099), AC = c(0.506471912376583, 
       0.853253047540784, 0.190033339709044, 0.548656638525426, 0.505172927118838, 0.339598795026541, 
       0.61142344865948, 0.380953793227673, 0.461948587186635, 0.25973633620888, 0.47789970356971, 
       0.750065365806222, 0.496157694421709, 0.616585092246532, 0.605748297832906, 0.544502519257367, 
       0.132919227704406, 0.718812363222241, 0.392640940472484, 0.331667944788933, 0.409207214973867, 
       0.518170107342303, 0.221461077220738, 0.682552406936884, 0.408789077214897, 0.215870849601924, 
       0.856956008635461, 0.641108820401132), ageM = c(6.34307591344774, 5.7042216403988, 
       5.0813907510889, 6.31770629911937, 6.74628666155353, 5.73402748313831, 5.63147937068906, 
       5.84089787216203, 6.06604713869264, 5.86171565417738, 5.6454848091462, 5.92626122546887, 
       5.99922590855707, 5.75699863872565, 5.41593895148818, 6.51906835472128, 6.45668226801101, 
       5.42481765163973, 6.31612806617437, 5.97503296773966, 5.53770098194854, 6.34159764463132, 
       5.48555492744936, 6.15893058062319, 5.3011852406563, 6.17852731247194, 5.69879537371612, 
       6.46726961027407), Asp = c(8082.35338640147, 12969.260808619, 9113.34274318574, 
       16221.6923934795, 18219.247977151, 10513.872451374, 22959.8000832986, 18088.2588792062, 
       26920.3360234343, 16280.8622404246, 7166.63116911087, 27995.1048523076, 3532.94700614258, 
       14722.0214625742, 12984.8234504212, 2208.07900170946, 11009.8559853466, 16746.1394975597, 
       18343.5768934898, 40119.1470702283, 9737.98416557747, 31888.2306302517, 27156.4089893423, 
       5607.73310248093, 3660.21254622466, 1587.66652121748, 9807.90069870465, 15274.2504693466
       ), Blow = c(1244.13716475807, 1723.68179083725, 1894.18105313336, 457.508056089326, 
       1375.24298117536, 1255.99424422975, 1813.27438307039, 1072.98335912156, 3321.0263345483, 
       1817.13947397024, 924.497213564718, 1760.74204270496, 3197.59890068095, 1734.24728681434, 
       295.646014226626, 569.450406123828, 744.141128852057, 1813.58991357394, 589.623957199338, 
       1827.7660233011, 447.481652387686, 806.314735372155, 714.819744588226, 994.828071410137, 
       2259.75663507748, 2901.42081547655, 1580.14169482661, 1697.11822365225), BMSY = c(22142.9303754085, 
       23599.8763805418, 33615.8097658795, 24348.4767045489, 20372.037769403, 30793.387154242, 
       28804.7163116172, 17019.7061240101, 34266.34764096, 34250.6043616247, 36612.0928940512, 
       34176.7691368801, 19300.3013494388, 30193.5824591241, 19618.1393964315, 12513.6503956951, 
       17299.8736008517, 16631.0676101934, 21520.1033276989, 34123.7711890838, 16587.6121487508, 
       26720.2306161399, 23765.3657264669, 20271.5057581339, 16789.5198894677, 14408.4386538986, 
       13149.3387836999, 15227.0754208588), BMSY_B0 = c(0.458965163552621, 0.473732414097322, 
       0.494267121766057, 0.46140594586075, 0.480746414847987, 0.460846614140641, 0.476031861214009, 
       0.456967278908811, 0.488034433172376, 0.463970312578888, 0.478313227851867, 0.459488388498331, 
       0.494002519374112, 0.495186789312226, 0.4560376095156, 0.482364224139772, 0.484376598960714, 
       0.489818009380239, 0.475528951128155, 0.478893940768421, 0.468501768820221, 0.454851090000779, 
       0.473566891640622, 0.476469234755169, 0.468527257022538, 0.478999861402098, 0.468896972157479, 
       0.491650380889678), D = c(0.179305551759899, 0.275906095770188, 0.139858785143588, 
       0.327113655593712, 0.468069201160688, 0.164683561085258, 0.397275637229904, 0.522952899592929, 
       0.401540253683925, 0.230222828336991, 0.0976059245644137, 0.394071680610068, 
       0.097140976251103, 0.253422565746587, 0.320895963639487, 0.095181913068518, 0.335794722056016, 
       0.5306629963452, 0.433744489343371, 0.588676479971036, 0.295405621291138, 0.580044706433546, 
       0.573408612271305, 0.141268086421769, 0.110091430053581, 0.0580429257359356, 
       0.380691748321988, 0.547721146757249), dFfinal = c(0.0188960173342528, 0.0150280697921072, 
       0.0159025214391707, 0.0163763281557153, 0.0201040209000038, 0.0156942162777354, 
       0.0158453564144637, 0.0153212966063181, 0.0189518542005815, 0.0109316309988797, 
       0.0128497420425132, 0.0248747933839027, 0.0154278970470966, 0.0189744699289721, 
       0.0241989008334079, 0.011680175833756, 0.0185159012789747, 0.0156010495469175, 
       0.0180515671325061, 0.0237923625079441, 0.0115160747420193, 0.0173894559770154, 
       0.0151876166903503, 0.0190578537282517, 0.019601681874437, 0.0162750758723344, 
       0.0148650556829023, 0.0233846029310402), DR = c(0, 0, 0, 0, 0, 0, 0, 0, 0, 0, 
       0, 0, 0, 0, 0, 0, 0, 0, 0, 0, 0, 0, 0, 0, 0, 0, 0, 0), Esd = c(0.226970486482605, 
       0.289063312322833, 0.163641828438267, 0.149471324402839, 0.159953845804557, 0.304456384060904, 
       0.366409664484672, 0.386204850161448, 0.267384365992621, 0.217936884751543, 0.399383688718081, 
       0.329112929757684, 0.100751409260556, 0.312238821410574, 0.243899164372124, 0.128945670742542, 
       0.252665530284867, 0.364479246246629, 0.317724539339542, 0.282695532147773, 0.294464477594011, 
       0.150263440865092, 0.274139202130027, 0.391688073566184, 0.25120814461261, 0.204935646569356, 
       0.379936673399061, 0.167001741635613), Fdisc = c(0, 0, 0, 0, 0, 0, 0, 0, 0, 0, 
       0, 0, 0, 0, 0, 0, 0, 0, 0, 0, 0, 0, 0, 0, 0, 0, 0, 0), FinF = c(1.0359786300778, 
       0.837407023925068, 0.803288689500996, 1.00557102098866, 0.784940011580128, 0.833478652865977, 
       1.63600328959968, 0.484044793015104, 0.957312489553178, 0.49360426089277, 0.479179893581072, 
       1.54188131668132, 0.893373277928017, 0.972650363497336, 1.17229551895209, 0.785845269259686, 
       0.633414486221371, 0.583765483680754, 0.854475560150727, 0.641337879030372, 0.403427552240045, 
       1.00305951524976, 0.7302477725061, 1.17926730341888, 0.798247786461135, 0.94830280202126, 
       1.1132423450506, 0.93626298216555), FMSY = c(0.030197573367137, 0.0256141769901772, 
       0.0240715465102812, 0.0370745370971764, 0.0294488144255873, 0.0277622641200933, 
       0.025348083629949, 0.0323853783197042, 0.0169672928986168, 0.0242238335028734, 
       0.0282045493237708, 0.0282591752539098, 0.018541984126351, 0.0226840404394517, 
       0.0419000991053347, 0.0403464528011068, 0.0355291266424217, 0.032829872286754, 
       0.0378007434526173, 0.0225270948831366, 0.0401001209959342, 0.0342896140448675, 
       0.0347744283000927, 0.0334905151082938, 0.0248456803358112, 0.0203596815018346, 
       0.0284895391857696, 0.0211839208561576), FMSY_M = c(0.558140930109634, 0.451116605973677, 
       0.530923950838536, 0.738310385593167, 0.486631566198505, 0.602421814390682, 0.565062661792686, 
       0.508817153469785, 0.395253750560934, 0.594540934833455, 0.702009797900533, 0.67549225234693, 
       0.288869062475726, 0.525228204188465, 0.697252434458789, 0.5232007947707, 0.529922330506453, 
       0.47067951781101, 0.668355104304203, 0.520759913079176, 0.584554912437792, 0.706286815987914, 
       0.632105576202655, 0.559462552505781, 0.355532916172805, 0.273504050243969, 0.384008394908195, 
       0.29652788482667), Frac_area_1 = c(0.102642572955228, 0.100581752690487, 0.0979572014510632, 
       0.100118939192034, 0.0975739757320844, 0.0976109165325761, 0.0965872607263736, 
       0.0950123909418471, 0.0957140411180444, 0.0958871946623549, 0.0970398824801669, 
       0.102009278617334, 0.0957732839463279, 0.102828397059347, 0.0954028992075473, 
       0.0997565872804262, 0.102656632703729, 0.101748131460045, 0.100885554782581, 
       0.101393953710794, 0.0984841344621964, 0.103822666755877, 0.0983150930143893, 
       0.0999782524537295, 0.0980529617099091, 0.0973820019187406, 0.103188715854194, 
       0.0998661543964408), hs = c(0.539075062056072, 0.461010570345679, 0.515182228350313, 
       0.655969615413342, 0.509814599353122, 0.554516254020855, 0.533287330587627, 0.513008259002818, 
       0.410546736092074, 0.53379283888964, 0.604390465478646, 0.586818299313309, 0.36193021733081, 
       0.487830177268479, 0.679733947558561, 0.550861942784395, 0.5611338821752, 0.509585613703821, 
       0.633138877716847, 0.486628027515253, 0.609855538902339, 0.628643227972789, 0.578360168582294, 
       0.551061340664746, 0.411554921620991, 0.364819403038127, 0.429899666137062, 0.376498524622293
       ), K = c(0.124502768953796, 0.126811206185725, 0.126939882584382, 0.127361805854365, 
       0.122849779994227, 0.123081059885677, 0.122855643011164, 0.125628772843163, 0.125603271258995, 
       0.126173417208716, 0.125005268422887, 0.127339225180447, 0.126842351530213, 0.123292107945774, 
       0.126069765113294, 0.123653857447673, 0.124137763364706, 0.126888614163734, 0.127129226821009, 
       0.124169108338188, 0.123568979802541, 0.124667352634948, 0.127776641268283, 0.126958790128119, 
       0.127504274358973, 0.126103153006639, 0.127830578714609, 0.125455415314063), 
       Ksd = c(0.0216818234999664, 0.00687699960544705, 0.0184192809974775, 0.00791211309842765, 
       0.0235952137387358, 0.00956816182006151, 0.000339322997024283, 0.00827736890059896, 
       0.0213343506737147, 0.00171354481717572, 0.0169411431008484, 0.00107933533145115, 
       0.0149061732576229, 0.0175293342967052, 0.0195191104023252, 0.00233438506838866, 
       0.018631570332218, 0.0214984978665598, 0.00508080014260486, 0.0140761173563078, 
       0.0229840703424998, 0.0189776308543514, 0.0190564891905524, 0.0214554283185862, 
       0.00687628063606098, 0.00634775608195923, 0.0139620142930653, 0.0201165429432876
       ), L5 = c(7.4213583660304, 9.65679067208136, 9.89410569970138, 10.0427202437323, 
       10.5403099720064, 10.7137305237762, 8.21955299163904, 8.30217913562191, 7.03254268072669, 
       8.73861248106009, 9.99391216201611, 7.3248861394341, 8.82672845343062, 12.9513630864941, 
       7.77095171786822, 10.8288237433832, 9.76938920837629, 8.55251842054559, 8.24086730257835, 
       11.4330640988128, 11.6448282951406, 9.0222302090766, 11.2008755665477, 9.17415935787504, 
       7.21065821798386, 12.0077425291471, 12.3575333089265, 13.3933660811018), L50 = c(35.7160632889718, 
       35.1967827007174, 32.9592392579652, 36.0003552646376, 37.9925533467904, 34.3827075101435, 
       32.5541984220035, 33.8875941014849, 35.0675033456646, 34.3277368936688, 34.8835195680149, 
       35.459270070307, 35.3084708773531, 33.2260103598237, 33.7483284506015, 36.0110707553104, 
       36.9084828463383, 33.4930889434181, 36.1915178727359, 34.8769992226735, 33.954278762918, 
       37.1254049427807, 34.5417649340816, 35.8219557148404, 33.6422886457294, 35.8498335881159, 
       33.9097362915054, 37.508488307707), L50_95 = c(13.6195080438629, 12.321459276136, 
       13.7791326977313, 12.7786412984133, 13.5151120475493, 12.0233350186609, 13.5777973341756, 
       14.3331310290378, 13.2715256209485, 13.2945797641296, 12.4847820040304, 13.2431249229703, 
       12.4881049543619, 14.9691184409894, 13.8932118115481, 14.758982869098, 12.0056383728515, 
       12.7196799824014, 12.1643281371798, 12.4164137102198, 12.1384029658511, 14.6792525143828, 
       14.1486160070635, 12.2300251889974, 14.8889745825436, 13.7412810812239, 12.4706242040265, 
       13.9062951039523), L95 = c(49.3355713328347, 47.5182419768535, 46.7383719556965, 
       48.7789965630509, 51.5076653943397, 46.4060425288044, 46.1319957561791, 48.2207251305226, 
       48.3390289666131, 47.6223166577984, 47.3683015720453, 48.7023949932773, 47.796575831715, 
       48.1951288008131, 47.6415402621496, 50.7700536244083, 48.9141212191898, 46.2127689258195, 
       48.3558460099157, 47.2934129328933, 46.0926817287691, 51.8046574571636, 48.6903809411451, 
       48.0519809038378, 48.531263228273, 49.5911146693397, 46.3803604955319, 51.4147834116593
       ), LenCV = c(0.087285503288731, 0.118552755741403, 0.0857596273999661, 0.0861230490729213, 
       0.0966789021994919, 0.0964598124567419, 0.110699643082917, 0.110548526495695, 
       0.0804641660768539, 0.101790293194354, 0.115776435639709, 0.0872919343411922, 
       0.0843435437325388, 0.104161624908447, 0.106993646686897, 0.117896597879007, 
       0.11138478057459, 0.118964507728815, 0.104078224496916, 0.111393042672426, 0.107853114185855, 
       0.0804620944522321, 0.0851381149608642, 0.0921734973788261, 0.0932888388261199, 
       0.105769750652835, 0.092582756280899, 0.112366010798141), LFR = c(0, 0, 0, 0, 
       0, 0, 0, 0, 0, 0, 0, 0, 0, 0, 0, 0, 0, 0, 0, 0, 0, 0, 0, 0, 0, 0, 0, 0), LFS = c(37.8967002704207, 
       35.3238999953617, 26.2195739951054, 37.1408509087549, 32.206218082555, 33.0800732670849, 
       29.117190819698, 37.128775020708, 35.8585331911427, 33.4129338079649, 33.1054947381079, 
       35.4409620055326, 36.5498322669196, 30.2346466378797, 32.6125692279277, 37.2512741348266, 
       32.1076308656363, 26.4890213122293, 36.9257997711312, 35.8657267663186, 27.8540269503172, 
       38.4850938338829, 37.4962821976119, 36.2613518124356, 35.7121437077339, 31.0024551026848, 
       33.4222104180059, 32.4690567564448), Linf = c(64.7820369936526, 67.7577266963199, 
       67.1916977269575, 64.6550828274339, 66.6903760014102, 67.2440968332812, 64.8734549749643, 
       64.9699194915593, 65.7712016785517, 65.2736876346171, 66.6243141777813, 66.6627328079194, 
       66.590712916106, 65.0938542392105, 66.3546436894685, 64.6842923946679, 66.5374324005097, 
       67.6740828752518, 65.4016935983673, 66.4652432389557, 66.7443199204281, 66.2428403617814, 
       67.3823391320184, 66.2949825339019, 67.9264666177332, 66.1490090480074, 64.8175984667614, 
       65.6744285570458), Linfsd = c(0.0182234910316765, 0.0231751912040636, 3.58756689820439e-05, 
       0.0170812968921382, 0.0212360102741513, 0.0181254099821672, 0.0104336952615995, 
       0.000593756441958249, 0.00119351436733268, 0.0228359139582608, 0.00426472766557708, 
       0.0125880513223819, 0.0148896613740362, 0.018238059070427, 0.00496651843423024, 
       0.00441598723991774, 0.010757214971818, 0.0170746050833259, 0.00242359776748344, 
       0.0148236313369125, 0.0131009648903273, 0.0181392477068584, 0.0103885373391677, 
       0.0137035349034704, 0.00889629714656621, 0.0223611106863245, 0.0105900052003562, 
       0.00137970651849173), LR5 = c(0, 0, 0, 0, 0, 0, 0, 0, 0, 0, 0, 0, 0, 0, 0, 0, 
       0, 0, 0, 0, 0, 0, 0, 0, 0, 0, 0, 0), M = c(0.0541038503684104, 0.0567795036826283, 
       0.0453389726951718, 0.0502153807133436, 0.060515627162531, 0.0460844269860536, 
       0.0448588897194713, 0.0636483618896455, 0.0429275949299335, 0.0407437605783343, 
       0.0401768599357456, 0.0418349361605942, 0.0641881964355707, 0.04318892294541, 
       0.0600931556988508, 0.0771146626770496, 0.067045913329348, 0.0697499488387257, 
       0.0565578735154122, 0.0432581201381981, 0.0685994081012905, 0.0485491350945085, 
       0.0550136395078152, 0.0598619424272329, 0.0698829256184399, 0.0744401462562382, 
       0.0741898863762617, 0.0714398946613073), maxF = c(0.8, 0.8, 0.8, 0.8, 0.8, 0.8, 
       0.8, 0.8, 0.8, 0.8, 0.8, 0.8, 0.8, 0.8, 0.8, 0.8, 0.8, 0.8, 0.8, 0.8, 0.8, 0.8, 
       0.8, 0.8, 0.8, 0.8, 0.8, 0.8), maxlen = c(65.6869090114112, 68.4315222000623, 
       67.1909276559534, 67.140752902352, 65.3723598054701, 68.4088064680375, 64.8959302385931, 
       65.0090548802048, 65.8577452037101, 64.1332632321502, 66.7661651232782, 66.4684520561732, 
       66.8943403693958, 65.4478749955442, 66.3558030754047, 64.9920572101996, 66.9786629233151, 
       67.1726578349071, 65.5991533368423, 66.7386677188019, 67.8720416320539, 66.6708569898832, 
       68.3200836105731, 66.5045550004439, 67.8974562406379, 65.1100446269161, 65.1439388060834, 
       65.6676863175282), Mexp = c(0, 0, 0, 0, 0, 0, 0, 0, 0, 0, 0, 0, 0, 0, 0, 0, 0, 
       0, 0, 0, 0, 0, 0, 0, 0, 0, 0, 0), MGT = c(23.9852333669798, 23.2244340822625, 
       26.3103645709013, 25.2818513823009, 22.4378400584965, 26.7387684737678, 26.6952682307036, 
       20.6755213972459, 29.0610816389001, 29.4100455076961, 29.4978865668823, 28.2681596499545, 
       21.0511536129093, 27.7004944939111, 23.2197698353271, 18.8121065529808, 20.6393223103954, 
       18.2550267592031, 23.8059732839508, 28.8629526458345, 19.9651917785598, 25.3813680908486, 
       23.6845982674057, 22.4083437072529, 18.5524984161259, 18.7998014880321, 18.49496839134, 
       19.6316926324515), Msd = c(0.02169988140231, 0.0359822532744147, 0.0402531517785974, 
       0.0256394624826498, 0.0340080047375523, 0.00785992165328935, 0.0382212079479359, 
       0.0174184595816769, 0.0428303294233046, 0.0355557799921371, 0.0181181914638728, 
       0.0238315327558666, 0.0179904290242121, 0.0341198574751616, 0.0492774848709814, 
       0.00787897607078776, 0.0262120702653192, 0.0489697539363988, 0.0216964704100974, 
       0.0258846279000863, 0.0234196171280928, 0.0236763695604168, 0.0444914532825351, 
       0.00639032498002052, 0.0316987775964662, 0.0281626010779291, 0.0298888573306613, 
       0.0148156852577813), MSY = c(633.092935571461, 574.492703486909, 779.019878335234, 
       851.805136795074, 568.587854062191, 818.487447301422, 701.9284785761, 517.328943038758, 
       561.104482277581, 798.639432271661, 991.974725334932, 925.624327075386, 340.025868451802, 
       658.259074487791, 771.903849344878, 465.094403281677, 578.647725658043, 513.162084435847, 
       766.090764089383, 738.355976876398, 625.286344074702, 867.097979719251, 777.787981250136, 
       640.048367191254, 393.375382404186, 276.920974745253, 350.43532346933, 304.573712240767
       ), OFLreal = c(261.832609039288, 344.561732538934, 228.7396159477, 632.012591017111, 
       570.62431773295, 300.997954364255, 597.092338433291, 614.63889429406, 465.20754034294, 
       409.138267888419, 210.506715363538, 795.934952140283, 68.7844743634186, 344.756781780573, 
       571.306077412185, 101.691648467101, 424.79654405723, 565.307065395232, 725.879731571549, 
       921.701297626982, 414.455711713183, 1137.46483761542, 955.483522490036, 198.481874995427, 
       96.0974251149273, 35.2563328634877, 290.36713258318, 350.732762015038), Prob_staying = c(0.950867668315768, 
       0.963632991025224, 0.956977261118591, 0.959418440721929, 0.962555562518537, 0.963787312526256, 
       0.974443644676357, 0.972942164158449, 0.979087709467858, 0.959727992257103, 0.953002997683361, 
       0.974209881750867, 0.950211466504261, 0.957068662941456, 0.97250096399337, 0.978341579614207, 
       0.952595996521413, 0.975478945774958, 0.98989421014674, 0.977094894759357, 0.957847353899851, 
       0.951946667414159, 0.980163909588009, 0.958786861905828, 0.950781608140096, 0.975540805123746, 
       0.971287234649062, 0.9750936345011), procmu = c(-0.0277429128939691, -0.0432536299712493, 
       -0.0310324888743377, -0.0440722373006695, -0.0506961969117279, -0.0927062838656921, 
       -0.0981607248014856, -0.0213281618163337, -0.0801944633903794, -0.11801741354552, 
       -0.0283140426014122, -0.11748663057972, -0.0668871906275099, -0.053138194797402, 
       -0.0228034310752609, -0.0389787123118223, -0.111607069520859, -0.104828351144021, 
       -0.0918181914162084, -0.0546718070506039, -0.0391475798141355, -0.0391626001784297, 
       -0.111898646636584, -0.0459427868161006, -0.0935610046325613, -0.0743493326211479, 
       -0.0248960011228906, -0.0399148281284174), procsd = c(0.235554294777103, 0.294121165410616, 
       0.249128436250612, 0.296891351509839, 0.318421723227948, 0.430595596507192, 0.443081764015369, 
       0.206534073781222, 0.400485863396898, 0.485834155953489, 0.237966563203372, 0.484740405948833, 
       0.36575180280488, 0.326000597537495, 0.213557631918229, 0.27920856832061, 0.472455436037853, 
       0.457882847776636, 0.428528158739209, 0.3306714594597, 0.27981272242032, 0.279866397334263, 
       0.473072186112404, 0.303126332792453, 0.432576015591621, 0.38561465900857, 0.223141215927899, 
       0.282541423966177), qcv = c(0.123260980797932, 0.206616898300126, 0.104566946532577, 
       0.117217597551644, 0.165035504149273, 0.101864547329023, 0.271165494062006, 0.142586391791701, 
       0.182218456920236, 0.261099025001749, 0.134642289066687, 0.115201596915722, 0.279048344260082, 
       0.275578015483916, 0.178013600502163, 0.228024377115071, 0.211769941169769, 0.155049847112969, 
       0.110045500891283, 0.155613161763176, 0.190143623482436, 0.280391834257171, 0.24655286166817, 
       0.122320968890563, 0.109715285617858, 0.297249075723812, 0.270171855995432, 0.222635996248573
       ), qinc = c(0.953076126985252, -0.379945901222527, 1.54440814722329, -1.41421777941287, 
       1.03515670634806, 0.905146138742566, -1.92786160577089, 0.853279605507851, 1.09619897790253, 
       0.19377548713237, -0.14247938990593, 0.128418447449803, 1.25859361421317, -0.54349703155458, 
       0.897559086792171, 0.602166948840022, -0.641293120570481, -1.39027899038047, 
       -0.720245223492384, -0.19469937030226, 1.87687190808356, -1.95769404992461, 1.69100592285395, 
       0.403201173059642, 1.77186456788331, 1.8285632384941, -1.60446813795716, -1.84127774741501
       ), R0 = c(1000, 1000, 1000, 1000, 1000, 1000, 1000, 1000, 1000, 1000, 1000, 1000, 
       1000, 1000, 1000, 1000, 1000, 1000, 1000, 1000, 1000, 1000, 1000, 1000, 1000, 
       1000, 1000, 1000), RefY = c(438.130477342067, 305.88640576347, 438.458365057091, 
       913.442104880634, 610.11844229833, 681.421629657365, 583.250293541723, 463.15854355026, 
       548.75935209728, 511.130967658431, 484.669414790873, 800.384167512596, 171.178346066648, 
       565.570516580782, 715.365577885661, 289.349145955017, 466.963463673889, 686.868078320015, 
       760.622430994647, 759.710902509952, 571.58452542084, 802.413271328895, 723.221516639546, 
       395.114149059871, 159.708697093735, 59.3820000955848, 268.028769841006, 278.545251458313
       ), Rmaxlen = c(1, 1, 1, 1, 1, 1, 1, 1, 1, 1, 1, 1, 1, 1, 1, 1, 1, 1, 1, 1, 1, 
       1, 1, 1, 1, 1, 1, 1), Size_area_1 = c(0.102864832612686, 0.0989248212706298, 
       0.0992074230965227, 0.104849690492265, 0.0986135691287927, 0.10414694923209, 
       0.103349191211164, 0.0994281416200101, 0.104804275217466, 0.0979016948002391, 
       0.104388341757003, 0.0988954688608646, 0.0954022907163017, 0.0990637541352771, 
       0.103511884910986, 0.104201657208614, 0.102015950505156, 0.099816137063317, 0.0962895836122334, 
       0.0993198540201411, 0.104951940143947, 0.103999745908659, 0.0989617852424271, 
       0.101581980290357, 0.101927649050485, 0.0951988248038106, 0.0984789391933009, 
       0.0989913137047552), SizeLimFrac = c(1, 1, 1, 1, 1, 1, 1, 1, 1, 1, 1, 1, 1, 1, 
       1, 1, 1, 1, 1, 1, 1, 1, 1, 1, 1, 1, 1, 1), SizeLimSD = c(0, 0, 0, 0, 0, 0, 0, 
       0, 0, 0, 0, 0, 0, 0, 0, 0, 0, 0, 0, 0, 0, 0, 0, 0, 0, 0, 0, 0), Spat_targ = c(1, 
       1, 1, 1, 1, 1, 1, 1, 1, 1, 1, 1, 1, 1, 1, 1, 1, 1, 1, 1, 1, 1, 1, 1, 1, 1, 1, 
       1), SRrel = c(2, 2, 2, 2, 2, 2, 2, 2, 2, 2, 2, 2, 2, 2, 2, 2, 2, 2, 2, 2, 2, 
       2, 2, 2, 2, 2, 2, 2), SSB0 = c(46326.4880271134, 48333.4864091405, 66656.5092202339, 
       50870.5703398029, 40135.1315526844, 65325.4469026373, 59126.4217112244, 35733.7829437073, 
       68437.4090041844, 72148.9731117323, 74894.071808657, 72570.7404012707, 37563.357945038, 
       59367.2095567276, 41585.2022387956, 24105.4173758195, 33927.0717138033, 32775.3230032158, 
       43480.4823150671, 69581.0063605934, 34100.6662967919, 56380.1338281386, 48640.6127917821, 
       40903.4318082136, 34483.159114148, 28410.8478876441, 26756.9998227223, 28916.1914270175
       ), SSBMSY = c(20593.6976098736, 22422.9803411637, 32510.0057481447, 22603.577002679, 
       18646.0448723344, 29537.4167696225, 27654.8829263364, 15820.2520860474, 32971.1098933743, 
       32867.6178251363, 35125.642984078, 32603.0236055025, 18258.2115139444, 28895.1409187013, 
       18286.0592718122, 11031.5421229618, 15808.066526193, 15677.9576582556, 19916.9551020044, 
       32803.4987641676, 15450.9750944246, 24659.7811096284, 22398.9719512292, 18890.935980178, 
       15828.7662921449, 13324.3728126871, 12231.6016472239, 13847.8269371766), SSBMSY_SSB0 = c(0.444533969374513, 
       0.463922261914945, 0.487724396738678, 0.444335041885566, 0.464581630880122, 0.452157898186993, 
       0.467724616608863, 0.442725364705147, 0.481770282848644, 0.45555212233217, 0.469004316841241, 
       0.449258522446212, 0.4860644125762, 0.486718866095447, 0.4397251495089, 0.457637465926131, 
       0.465942556420555, 0.478346396669144, 0.458066563238254, 0.471443292932101, 0.453098920705787, 
       0.437384224464558, 0.460499378309919, 0.461842323371619, 0.459028891168229, 0.468988918084417, 
       0.45713651486579, 0.478895257424464), t0 = c(-0.0429727040790021, -0.0327526448667049, 
       -0.0483393256319687, -0.0392436320241541, -0.0446441037859768, -0.031433147857897, 
       -0.0412004145886749, -0.0325854620104656, -0.0464067094633356, -0.0437263868376613, 
       -0.0486941156582907, -0.0463462728029117, -0.0331242964090779, -0.0465220526838675, 
       -0.040544419544749, -0.0471520794555545, -0.0340972666954622, -0.0328770024143159, 
       -0.0378152387728915, -0.040951488185674, -0.0402057005884126, -0.0460587607091293, 
       -0.0487711567152292, -0.0379458440747112, -0.0340100398706272, -0.0399761037714779, 
       -0.0487058161292225, -0.0440128781925887), TACFrac = c(1, 1, 1, 1, 1, 1, 1, 1, 
       1, 1, 1, 1, 1, 1, 1, 1, 1, 1, 1, 1, 1, 1, 1, 1, 1, 1, 1, 1), TACSD = c(0, 0, 
       0, 0, 0, 0, 0, 0, 0, 0, 0, 0, 0, 0, 0, 0, 0, 0, 0, 0, 0, 0, 0, 0, 0, 0, 0, 0), 
       TAEFrac = c(1, 1, 1, 1, 1, 1, 1, 1, 1, 1, 1, 1, 1, 1, 1, 1, 1, 1, 1, 1, 1, 1, 
       1, 1, 1, 1, 1, 1), TAESD = c(0, 0, 0, 0, 0, 0, 0, 0, 0, 0, 0, 0, 0, 0, 0, 0, 
       0, 0, 0, 0, 0, 0, 0, 0, 0, 0, 0, 0), UMSY = c(0.0289646220469174, 0.0245471658355371, 
       0.0232335472921632, 0.0354604133479546, 0.028136710140352, 0.0267594842622013, 
       0.0244624258101492, 0.0308512665998299, 0.0164686089796526, 0.0234519884436577, 
       0.0272567368365582, 0.0272573986573441, 0.0177903953667662, 0.0219181440446605, 
       0.039698801046431, 0.0380467458606208, 0.0337578117513087, 0.0309961900615134, 
       0.0360664669539165, 0.0218055458773958, 0.0379640151446462, 0.0328697173200867, 
       0.0331632415049668, 0.0319631904429042, 0.0236644448947577, 0.0193933686043196, 
       0.0270267259508171, 0.0202235823879757), Vmaxlen = c(0.999027549759252, 0.99986882300186, 
       0.999521844483446, 0.999700032631634, 0.999624531408772, 0.999297843982931, 0.999795954000903, 
       0.999394319958286, 0.999530187187949, 0.9993727852148, 0.999134352718014, 0.999903949886095, 
       0.999644557449734, 0.999711011133855, 0.999773239342961, 0.999835006979993, 0.999996683835285, 
       0.999085523092886, 0.999593637457816, 0.999550343203358, 0.999542349010706, 0.999996217555134, 
       0.999431876116665, 0.999418285897467, 0.999614897730527, 0.999144266825635, 0.999553995262831, 
       0.999135930172168)), class = "data.frame", row.names = c(NA, -28L)), structure(list(
       A = c(15784.7002918919, 26931.9124037121, 2601.3692264159, 25270.1059655651, 
       15832.252466291, 39929.2775296078, 36968.9461073273, 3047.83756707341, 17453.5643163655, 
       15139.6587864786, 10392.1542119934, 16295.4533041228, 9321.62608093019, 17574.0191850473, 
       8598.90856773306, 24271.1050180721, 24145.866694504, 13254.1280808597, 4705.68874047047, 
       8683.57671429597, 17988.4030321043, 19232.3302236194, 17157.7757851291, 9157.36005839723, 
       10336.9678930756, 6181.92696623753, 5005.55162307059, 9006.17716264326, 24305.6935962103
       ), AC = c(0.282622614316642, 0.211516942828894, 0.572895910218358, 0.232095389999449, 
       0.21539454087615, 0.490314069204032, 0.464350968040526, 0.89951785672456, 0.335891585610807, 
       0.205623550340533, 0.154900013282895, 0.122487253136933, 0.778189247101545, 0.205159540660679, 
       0.273524012230337, 0.411210798844695, 0.437413723766804, 0.432865680754185, 0.616032464616001, 
       0.244285967573524, 0.372464463114738, 0.135905704461038, 0.289764285646379, 0.288554961420596, 
       0.763627248629928, 0.523351362161338, 0.327923190407455, 0.665606452338398, 0.320976315625012
       ), ageM = c(6.29265586916095, 6.60234249753105, 6.69537642439794, 5.34091780184584, 
       6.48114072185037, 6.76663564383446, 7.07328681299061, 5.16435417839617, 5.47512334301266, 
       6.79166943655606, 5.18266185715281, 6.66073656374066, 6.6779223082331, 6.69228603569594, 
       5.50661061228159, 5.33720999011834, 6.45697789550773, 6.42215522631465, 5.26069028573484, 
       5.41214589030845, 6.29311705270715, 6.74444936834793, 6.50536193646965, 6.70101339958732, 
       6.15824919053135, 5.968866599979, 6.53982291114712, 6.24563359738144, 6.39986009960389
       ), Asp = c(14389.1342181235, 25143.2871634019, 2366.50376088803, 24496.3876641191, 
       14843.239880981, 38174.4935178571, 35107.8282885881, 2829.83883243293, 16779.5415623326, 
       13750.8877134164, 9583.24242177449, 15124.7509430765, 7835.13828599486, 16346.8109879684, 
       8171.57501248613, 23470.3600787111, 22476.3076526995, 11916.2548977199, 4473.11772337652, 
       8203.93948576831, 17044.6576396201, 17907.9185491422, 16172.3676481111, 8653.61382509799, 
       9381.7331764909, 5931.22399035852, 4460.1611410801, 8191.34539885866, 22871.96580896
       ), Blow = c(1705.50757747891, 1125.62878546346, 2182.29818738801, 1062.74343278674, 
       1588.46509560364, 786.532362961153, 2185.06254216052, 902.57215338068, 2485.45576065892, 
       579.969993182651, 509.526903217347, 1206.87496692991, 560.065520449132, 1005.15474778615, 
       1433.0585848043, 1283.68311972838, 335.825433387184, 595.471700154701, 669.826458733946, 
       657.051081877028, 1097.08042405617, 1494.60479265248, 2297.20775180088, 4037.28385290896, 
       1228.33376862452, 3996.95540238023, 1347.77944199378, 960.671702137629, 1236.30750659135
       ), BMSY = c(20758.6089302568, 23208.1001468961, 14265.7702377749, 25705.5640478269, 
       14671.7985000803, 30800.0791795302, 32602.3041882181, 22683.1448541624, 15063.6520465352, 
       18907.7394563267, 18225.8866020964, 17557.2960714195, 13639.4759399551, 27932.233731314, 
       17487.9524528652, 23321.4355165447, 19570.7917919607, 30732.1695867886, 15324.2846063205, 
       21657.1890625626, 28784.6257652488, 16219.6865245757, 31720.7095666524, 24631.5186788571, 
       15484.0246541088, 21929.0983392129, 17529.7705644481, 16376.6835931408, 27303.3383906716
       ), BMSY_B0 = c(0.522049090141394, 0.459420750082706, 0.481786745519633, 0.474073840278806, 
       0.466071500172722, 0.452102543365509, 0.486763436639927, 0.468207311266284, 0.483483294720022, 
       0.47163391981971, 0.456310127073765, 0.489332697299122, 0.493047741880635, 0.470210957258965, 
       0.475503925158781, 0.433728461228097, 0.450899270475451, 0.469107077151599, 0.452067812753287, 
       0.484561942704413, 0.453728343687264, 0.465712068748243, 0.489992559381968, 0.465572768190348, 
       0.490795564766104, 0.472702389733955, 0.468509463917662, 0.47457456363085, 0.453335320118499
       ), D = c(0.389709057635628, 0.535361272725277, 0.0885628176853061, 0.476174263795838, 
       0.51992555296747, 0.592947413597722, 0.559160753397737, 0.0616873257094994, 0.579922036163043, 
       0.373690620157868, 0.255203092191368, 0.461957190558314, 0.314841206360143, 0.292425076372456, 
       0.237906965916045, 0.458967973885592, 0.559223174327053, 0.19193827281706, 0.141574486903846, 
       0.194726536143571, 0.283735204080585, 0.568628130434081, 0.263901415467262, 0.174774201842956, 
       0.328938055085018, 0.135887520434335, 0.129762885859236, 0.258897052216344, 0.404448638693429
       ), dFfinal = c(0.0129984634822662, 0.0249354146388826, 0.0118014073762995, 0.0197233717920409, 
       0.0154394555103504, 0.0258882846337241, 0.0135779474298208, 0.019510388308425, 
       0.0155657799361369, 0.0157900848902536, 0.0224942046303215, 0.0150271325640867, 
       0.0118965514899494, 0.0265044070492502, 0.0145024161548754, 0.0173547515660514, 
       0.0182390511877018, 0.0244581748195603, 0.0107751531365828, 0.0220947172553005, 
       0.0159065775992616, 0.013180903359739, 0.0227590397741804, 0.0129839213931931, 
       0.0172577516600998, 0.0262873999014189, 0.0182378463392923, 0.0184271963910615, 
       0.00869308015742598), DR = c(0, 0, 0, 0, 0, 0, 0, 0, 0, 0, 0, 0, 0, 0, 0, 0, 
       0, 0, 0, 0, 0, 0, 0, 0, 0, 0, 0, 0, 0), Esd = c(0.129838071437553, 0.220347409253009, 
       0.338282061344944, 0.217664371547289, 0.120375411817804, 0.2458166686818, 0.121343086962588, 
       0.268685584934428, 0.293194935959764, 0.163957248535007, 0.11954559746664, 0.183252617064863, 
       0.226228550449014, 0.368993860972114, 0.318035661196336, 0.312017578980885, 0.399721344257705, 
       0.125236199283972, 0.114007316413336, 0.274235832202248, 0.162326756934635, 0.176392488786951, 
       0.173441807273775, 0.12148005431518, 0.208755234023556, 0.262227970943786, 0.380358860921115, 
       0.279295758390799, 0.167319927481003), Fdisc = c(0, 0, 0, 0, 0, 0, 0, 0, 0, 0, 
       0, 0, 0, 0, 0, 0, 0, 0, 0, 0, 0, 0, 0, 0, 0, 0, 0, 0, 0), FinF = c(0.963746333347075, 
       0.914727327830871, 0.952824012422505, 0.651377948268302, 1.07405334881419, 1.34569489940774, 
       0.743562056923769, 0.810064681872752, 0.886958128386822, 1.04113959694463, 0.980557464613533, 
       0.641166269138963, 0.8760904650077, 0.818050802722306, 0.829119106222797, 0.536829171219905, 
       0.773634643217821, 0.809792902119362, 0.731011680543904, 0.90716786494718, 0.780997898033416, 
       0.756210341587147, 0.807566556330239, 0.722198321722172, 0.685135316615066, 0.855515821112477, 
       0.854488662332076, 0.961453388032085, 0.930873840762355), FMSY = c(0.0241300685636817, 
       0.026824231551189, 0.0212307502507684, 0.0322490862731804, 0.0286746814490532, 
       0.033107218486784, 0.0248404408540841, 0.0325656663546284, 0.0180979620084751, 
       0.0388148476237874, 0.0447566170950787, 0.0283028041459854, 0.0371993229028415, 
       0.0294641810271371, 0.0322006416107711, 0.0339920783074524, 0.0435070634667541, 
       0.030567554410418, 0.0454025675031103, 0.0368048979562001, 0.0257511057543373, 
       0.0270162735454968, 0.0196833093791019, 0.0153705427747324, 0.0293403628339546, 
       0.0167163044370763, 0.0283126906472069, 0.0375017013309678, 0.0325046421463639
       ), FMSY_M = c(0.397124781801303, 0.480645653637888, 0.278293406330229, 0.598349593035448, 
       0.380696794378242, 0.777136354664394, 0.607172199425854, 0.564775922716305, 0.263695635545832, 
       0.640986829113646, 0.679648108970542, 0.430746349829298, 0.508353272912511, 0.642550696380809, 
       0.48526156858242, 0.65226665553831, 0.761376531593173, 0.665576328595229, 0.633207616006727, 
       0.639812140576498, 0.543867446278381, 0.407481484374171, 0.45172719742523, 0.298511043285904, 
       0.385917208158549, 0.290509540685712, 0.445657175910974, 0.526381030325123, 0.653754514072116
       ), Frac_area_1 = c(0.0998271843814291, 0.0958729882654734, 0.0955376775749028, 
       0.100114675259683, 0.101044048531912, 0.0964556910633109, 0.104685377706774, 
       0.102602522340603, 0.0957555432943627, 0.10457715639146, 0.100782122609671, 0.0959009975939989, 
       0.0950254830345511, 0.0984751818375662, 0.102288042681757, 0.103348658280447, 
       0.0999405540828593, 0.0967886537220329, 0.0967235554917715, 0.10194474371383, 
       0.0974664570577443, 0.100203230208717, 0.102675432094838, 0.0972572791669518, 
       0.0954559897235595, 0.101261898558587, 0.101210106129292, 0.104116021497175, 
       0.0998534617177211), hs = c(0.438666563741863, 0.489483467505779, 0.360555128222331, 
       0.569614675738849, 0.433043136260239, 0.64585677196621, 0.532110302882502, 0.550476101516979, 
       0.345164736004081, 0.630329414735315, 0.681786856816616, 0.476710277230013, 0.553832410949981, 
       0.554949713491369, 0.510509504353395, 0.605961755993776, 0.718929082037648, 0.617116006992292, 
       0.646231159712188, 0.614122849451378, 0.512466444137972, 0.444762847385136, 0.445854136690032, 
       0.357940931890625, 0.45443525552284, 0.356603077553445, 0.469171817384195, 0.545275436189258, 
       0.592942296322435), K = c(0.12566630814271, 0.126249335195869, 0.123676858292427, 
       0.126344957257621, 0.12417053040769, 0.126258910964243, 0.124177299065515, 0.127332816417795, 
       0.12782321633026, 0.124023290285375, 0.126139831872657, 0.122424813297112, 0.12570274926303, 
       0.124901690637227, 0.124065606594551, 0.126710476830602, 0.124888851983938, 0.122974450598937, 
       0.123956024236977, 0.122452895691618, 0.127818737306632, 0.126304092448205, 0.126946977422573, 
       0.124039933935739, 0.126984752944671, 0.126178661664948, 0.123158829214517, 0.127249533238355, 
       0.122839387962595), Ksd = c(0.016743343824055, 0.0127525351708755, 0.0177113094425295, 
       0.0095548770215828, 0.0245301365270279, 0.00176962704863399, 0.0248796826694161, 
       0.00059386815992184, 0.0121004364278633, 0.0149018946802244, 0.00236541588674299, 
       0.0152516321162693, 0.00631358316168189, 0.00375754415872507, 0.00849021547473967, 
       0.00153124650241807, 0.00602268580114469, 0.0207465845276602, 0.0225692195992451, 
       0.017915430793073, 0.00838732855045237, 0.0143248380278237, 0.00538011643802747, 
       0.00858821702422574, 0.0192136545374524, 0.0164620588591788, 0.0108602963562589, 
       0.019501180620864, 0.0153065985068679), L5 = c(11.1451405165211, 13.637538822514, 
       10.6094538813236, 8.47147638653248, 8.88484870107668, 12.678696781647, 11.7538996795104, 
       8.96565893036905, 11.3138512048772, 14.6739810976758, 12.7595758893928, 9.34356277693047, 
       11.5666496881914, 13.9837245373603, 7.62928949479847, 6.95868134298152, 8.83915154622552, 
       8.99927315317402, 12.197647341523, 7.79435307046478, 10.7817922923199, 10.3092800194001, 
       12.2439134123621, 13.5418568139529, 8.98408355563518, 13.0783333315219, 11.5996401370841, 
       10.9121558529212, 8.9687013871787), L50 = c(35.8811850519851, 37.8234051577747, 
       37.5024862601422, 33.6185893900692, 37.3870825311169, 37.4062437182292, 37.611716683954, 
       32.7358816368505, 32.265127372928, 37.7259047073312, 32.7800496607088, 37.5902515435591, 
       36.5580583992414, 37.0011262255721, 33.5000600800849, 32.3799312468618, 36.0070331981406, 
       36.1840561293066, 32.0538899139501, 33.4946039458737, 36.7801607032306, 37.0998120908625, 
       36.6666506808251, 36.8557770983316, 37.3732251469046, 34.4950278275646, 35.8048389549367, 
       36.8847521906719, 36.8114709197544), L50_95 = c(12.6277995777782, 14.0674853953533, 
       12.6272042824421, 13.8151602402795, 12.3796725855209, 12.8782377128955, 14.9756916356273, 
       13.8560581023339, 14.4194985881913, 13.0608671747614, 12.4654534421861, 13.3212543600239, 
       13.1156972846948, 12.7007644695695, 12.9410692113452, 12.4127761151176, 14.1874041790143, 
       13.1070366706699, 14.7200524681248, 13.09249236295, 13.179986045463, 14.972396928817, 
       12.6566949868575, 12.9285307363607, 14.3464601242449, 12.8576505957171, 14.7681379113346, 
       12.553772008745, 14.7391261321027), L95 = c(48.5089846297633, 51.890890553128, 
       50.1296905425843, 47.4337496303488, 49.7667551166378, 50.2844814311247, 52.5874083195813, 
       46.5919397391845, 46.6846259611193, 50.7867718820926, 45.2455031028949, 50.911505903583, 
       49.6737556839362, 49.7018906951416, 46.4411292914301, 44.7927073619794, 50.1944373771548, 
       49.2910927999765, 46.7739423820749, 46.5870963088237, 49.9601467486937, 52.0722090196796, 
       49.3233456676826, 49.7843078346923, 51.7196852711495, 47.3526784232818, 50.5729768662713, 
       49.4385241994169, 51.550597051857), LenCV = c(0.0805196969583631, 0.0939552766922861, 
       0.107871579509228, 0.0855252861324698, 0.112604406811297, 0.0808149881288409, 
       0.0908709535934031, 0.0905976276285946, 0.0923287921398878, 0.11025341771543, 
       0.0835109842382371, 0.0904261144157499, 0.102133811097592, 0.0912149568926543, 
       0.102446421151981, 0.0862880930677056, 0.0880557282734662, 0.0802784947585315, 
       0.103513762578368, 0.0860812388639897, 0.0874019568134099, 0.0967497457191348, 
       0.119341299859807, 0.0819836091529578, 0.107463841913268, 0.111627898383886, 
       0.119624892398715, 0.0900666038691997, 0.0864433762617409), LFR = c(0, 0, 0, 
       0, 0, 0, 0, 0, 0, 0, 0, 0, 0, 0, 0, 0, 0, 0, 0, 0, 0, 0, 0, 0, 0, 0, 0, 0, 0), 
       LFS = c(31.6046942273218, 30.6696028337263, 40.8897900366716, 35.0484003277918, 
       40.3816685456074, 39.30112430568, 37.0261997289346, 34.3912694466124, 33.7665804129419, 
       30.3647150628885, 27.0250318152827, 31.0494310863712, 29.2325139972021, 39.9278610031164, 
       34.3909198642544, 35.2864901355226, 35.4427823122558, 30.6353461833477, 30.6984429888609, 
       36.2946157907291, 32.543470638304, 37.7345098614617, 29.1086714990416, 34.5511770667108, 
       33.4258524395183, 34.1662380677037, 36.3978736837095, 35.4932223253386, 39.7538674668003
       ), Linf = c(65.9111688360572, 67.0017261207104, 67.2530370559543, 67.5085322381929, 
       67.5957920094952, 64.8575086845085, 64.7047013863921, 67.5407745810226, 64.6027483129874, 
       65.6200760509819, 67.9095247238874, 66.7774944361299, 64.1682403152809, 64.9875122318044, 
       66.9959513442591, 65.5688890311867, 64.6010421896353, 66.5512182423845, 66.9290033839643, 
       66.7750050472096, 66.2183092907071, 64.7004146156833, 64.7850928548723, 65.0432233186439, 
       67.9569459529594, 66.38434630353, 65.7588187940419, 67.5989053323865, 67.5093533387408
       ), Linfsd = c(0.0102862805651966, 0.00185729290824384, 0.0193956539558712, 0.0200573870097287, 
       0.0111134787322953, 0.0237813315005042, 0.00598599573713727, 0.0195698872732464, 
       0.00144405543105677, 0.007036145508755, 0.0142962727695704, 0.0148660864157137, 
       0.00785396838909946, 0.0131812004256062, 0.00859477967605926, 0.0178340555052273, 
       0.0148797177476808, 0.0231115836708341, 0.0120371135300957, 0.0109633428393863, 
       0.00333804104011506, 0.0135016574116889, 0.0239775815454777, 0.00752786432858557, 
       0.0153194457059726, 0.0181264751940034, 0.0161703192279674, 0.00169246557634324, 
       0.0138627257023472), LR5 = c(0, 0, 0, 0, 0, 0, 0, 0, 0, 0, 0, 0, 0, 0, 0, 0, 
       0, 0, 0, 0, 0, 0, 0, 0, 0, 0, 0, 0, 0), M = c(0.0607619309332222, 0.0558087467309088, 
       0.0762890883069485, 0.0538967296853662, 0.0753215731587261, 0.0426015567127615, 
       0.0409116900898516, 0.0576612157933414, 0.0686320119444281, 0.0605548286810517, 
       0.0658526324201375, 0.0657064282894134, 0.0731761255115271, 0.0458550293277949, 
       0.0663572878949344, 0.0521137758903205, 0.0571426379214972, 0.0459264446422458, 
       0.0717024974990636, 0.0575245382543653, 0.0473481285385787, 0.0663006163015962, 
       0.0435734432004392, 0.0514907006639987, 0.0760276095848531, 0.0575413268618286, 
       0.0635302025359124, 0.071244401242584, 0.0497199506033212), maxF = c(0.8, 0.8, 
       0.8, 0.8, 0.8, 0.8, 0.8, 0.8, 0.8, 0.8, 0.8, 0.8, 0.8, 0.8, 0.8, 0.8, 0.8, 0.8, 
       0.8, 0.8, 0.8, 0.8, 0.8, 0.8, 0.8, 0.8, 0.8, 0.8, 0.8), maxlen = c(65.9828705993797, 
       66.9573231426701, 67.4966564024875, 67.2086978654504, 68.0161518777035, 63.9419508991163, 
       64.6513102714986, 69.5949775126167, 64.7848229639676, 65.4908308203893, 68.865243935203, 
       67.8454889978626, 65.3852216686771, 65.3141730849723, 66.7805762284901, 64.19764383562, 
       64.9943680496435, 70.1942933662299, 66.9162444775139, 67.2841428631372, 66.6162705591136, 
       66.1691252596957, 65.4113812746359, 64.3496439895674, 68.8085437532173, 66.153541137136, 
       65.5232388394569, 67.3595451294773, 67.008851426726), Mexp = c(0, 0, 0, 0, 0, 
       0, 0, 0, 0, 0, 0, 0, 0, 0, 0, 0, 0, 0, 0, 0, 0, 0, 0, 0, 0, 0, 0, 0, 0), MGT = c(21.9875230207322, 
       24.6047604222949, 19.0095685594189, 23.7307858479794, 18.6587088908125, 29.1322527185958, 
       28.3379785048682, 22.2012756447391, 19.7837940477065, 22.7001680904024, 19.8131566599276, 
       20.8563855151387, 19.2748989356382, 27.2059124790502, 19.9692255784212, 23.0979697453326, 
       23.1972347757672, 27.2936863282348, 19.2769003529215, 22.5039264120657, 28.3952503545537, 
       20.8118441241804, 28.3285042617718, 25.8923101315894, 18.6238650356272, 23.2538212727357, 
       21.4193978513237, 19.731079752839, 25.135420960431), Msd = c(0.0440284432144836, 
       0.0268117759842426, 0.0228786323685199, 0.0415733912377618, 0.0330479947035201, 
       0.00827214055461809, 0.041083859372884, 0.00374233820475638, 0.0492445300915278, 
       0.000342936220113188, 0.013208222668618, 0.0277499510557391, 0.0281236920156516, 
       0.0169260638882406, 0.0194981094682589, 0.0319822177872993, 0.00647874461719766, 
       0.00885406187735498, 0.0215725686051883, 0.00527876471169293, 0.0493555026594549, 
       0.00613872457761318, 0.00141994665609673, 0.0459380849031732, 0.0214297893922776, 
       0.0113037541857921, 0.0156518657808192, 0.00821058700093999, 0.0213614191743545
       ), MSY = c(475.969111958847, 592.019465748233, 282.185134649771, 786.011660288297, 
       390.70087550317, 966.877616128197, 773.964351179, 699.804740236221, 257.832884088385, 
       690.835845184046, 766.722454548167, 470.352960569003, 475.148732138203, 778.778987880603, 
       530.491095492142, 750.392622184902, 798.293167508537, 899.169153218164, 648.34554149991, 
       751.747906468761, 705.968601608669, 411.13540711471, 602.45268842382, 362.513534563888, 
       426.877819571895, 350.021076915354, 466.902244819252, 573.470701064557, 839.687321700119
       ), OFLreal = c(376.327239401725, 712.824626412048, 54.6468706904821, 801.937452097276, 
       447.537631817756, 1300.30382533044, 907.012979387918, 97.6561127295527, 313.03277221607, 
       576.385037217993, 454.862681921868, 454.7414389625, 340.387828992373, 510.250118291265, 
       272.479816872893, 811.160679809071, 1027.99116736694, 399.016729676508, 208.872790686414, 
       313.78826170976, 457.30790616977, 512.630038122616, 334.419768131118, 139.677385934201, 
       298.884261177918, 102.480043013161, 139.733189192497, 331.492353102979, 777.345758645591
       ), Prob_staying = c(0.970925615215674, 0.976464772308245, 0.968399894200265, 
       0.963055392745882, 0.977003918606788, 0.960986666437238, 0.978126486437395, 0.953176658973098, 
       0.978575262809172, 0.955782146984711, 0.985305134048685, 0.972522161575034, 0.967982026524842, 
       0.977613266352564, 0.962116792742163, 0.956231792718172, 0.98322189762257, 0.968082671854645, 
       0.982497907243669, 0.985819861134514, 0.968159754471853, 0.969563887817785, 0.977500067101791, 
       0.977356650084257, 0.965197261292487, 0.976200297111645, 0.956158484788612, 0.955335002457723, 
       0.973090658001602), procmu = c(-0.0653365967826954, -0.0594323080482385, -0.0678498997469077, 
       -0.0810806065471761, -0.103742005625065, -0.0279791328225405, -0.0853811652027882, 
       -0.0316502681833022, -0.049327605654084, -0.0719941131097359, -0.0585617229046321, 
       -0.0416838433362374, -0.0352634681613415, -0.0817421603650917, -0.0481353803274725, 
       -0.0977876535129869, -0.0313515363988053, -0.0705439056321075, -0.0720995009199902, 
       -0.0678784443075724, -0.0674299060669094, -0.0824075415999025, -0.0550042013709654, 
       -0.117595461329639, -0.0529012089426757, -0.0462452952937315, -0.0248972815172935, 
       -0.0268901468914777, -0.0291235190408063), procsd = c(0.361487473594025, 0.344767481205054, 
       0.368374536978081, 0.402692454727367, 0.455504128686152, 0.236554994969629, 0.413233989896253, 
       0.251595978438854, 0.314094271371141, 0.379457805585116, 0.342233028518967, 0.28873463019263, 
       0.265569080132991, 0.404331943742, 0.310275298170745, 0.442238970496692, 0.25040581622161, 
       0.375616574799642, 0.379735436639749, 0.368452016706578, 0.367232640343718, 0.405974239576608, 
       0.331675146403722, 0.484964867448434, 0.325272836070508, 0.30412265714258, 0.223146953899413, 
       0.231905786436982, 0.24134423150681), qcv = c(0.148664266476408, 0.199950976856053, 
       0.158927939273417, 0.224700339045376, 0.246195670729503, 0.180192563822493, 0.204336916049942, 
       0.235963063081726, 0.287953924154863, 0.284189294232056, 0.197568251285702, 0.194029242964461, 
       0.263120520301163, 0.250623638229445, 0.183666298538446, 0.111257772985846, 0.180283965636045, 
       0.161622634110972, 0.169566759932786, 0.284389199689031, 0.211065451055765, 0.237163539696485, 
       0.137973886961117, 0.276356252189726, 0.253785872180015, 0.264617436053231, 0.205321865249425, 
       0.166839626664296, 0.153767631715164), qinc = c(-0.123160011135042, 1.00989833846688, 
       0.54338953550905, -0.707090577110648, -0.332387754693627, 0.331499910913408, 
       -0.366827772930264, 1.1132204644382, -0.600468113087118, 0.739357847720385, -0.61652803234756, 
       0.100310424342752, -1.92168888729066, 0.708562013693154, 1.79139800090343, -0.229125290177763, 
       -1.33672337792814, 0.175625433214009, 1.45505580864847, 1.15215138532221, 0.375910263508558, 
       1.12808113545179, -1.76947739254683, -1.80880927946419, 0.555788403376937, -0.448732659220695, 
       0.874357318505645, 1.31556213833392, -0.234099697321653), R0 = c(1000, 1000, 
       1000, 1000, 1000, 1000, 1000, 1000, 1000, 1000, 1000, 1000, 1000, 1000, 1000, 
       1000, 1000, 1000, 1000, 1000, 1000, 1000, 1000, 1000, 1000, 1000, 1000, 1000, 
       1000), RefY = c(422.647524391575, 607.741004712267, 84.6397360295929, 847.228403046965, 
       381.333855726644, 883.579895280062, 926.218214106825, 298.841587535868, 306.269380989466, 
       642.80650966513, 750.796866388318, 475.449212649517, 462.698532171869, 596.160707791451, 
       307.079281657559, 739.425650097958, 669.609963917401, 742.104862691766, 316.483906910379, 
       590.718143707416, 544.583168765451, 365.831036587384, 556.396602518651, 173.551770410562, 
       336.649003619571, 147.707521875808, 288.461218432619, 483.340394442899, 882.093879182571
       ), Rmaxlen = c(1, 1, 1, 1, 1, 1, 1, 1, 1, 1, 1, 1, 1, 1, 1, 1, 1, 1, 1, 1, 1, 
       1, 1, 1, 1, 1, 1, 1, 1), Size_area_1 = c(0.101750075807795, 0.100999036685098, 
       0.100268825362436, 0.104211484517436, 0.104324276838452, 0.101918442875613, 0.0981006241892464, 
       0.0961367843626067, 0.101691857334226, 0.098137309323065, 0.102296636959072, 
       0.0987028206069954, 0.104733296548948, 0.104370540857781, 0.0996362308762036, 
       0.100223268179689, 0.0987090262374841, 0.0990056550502777, 0.100073282334488, 
       0.0967455020686612, 0.098864437143784, 0.103117310570087, 0.104684761366807, 
       0.095359421367757, 0.103556639708113, 0.100597677552141, 0.0976426712307148, 
       0.104903202520218, 0.101502464325167), SizeLimFrac = c(1, 1, 1, 1, 1, 1, 1, 1, 
       1, 1, 1, 1, 1, 1, 1, 1, 1, 1, 1, 1, 1, 1, 1, 1, 1, 1, 1, 1, 1), SizeLimSD = c(0, 
       0, 0, 0, 0, 0, 0, 0, 0, 0, 0, 0, 0, 0, 0, 0, 0, 0, 0, 0, 0, 0, 0, 0, 0, 0, 0, 
       0, 0), Spat_targ = c(1, 1, 1, 1, 1, 1, 1, 1, 1, 1, 1, 1, 1, 1, 1, 1, 1, 1, 1, 
       1, 1, 1, 1, 1, 1, 1, 1, 1, 1), SRrel = c(2, 2, 2, 2, 2, 2, 2, 2, 2, 2, 2, 2, 
       2, 2, 2, 2, 2, 2, 2, 2, 2, 2, 2, 2, 2, 2, 2, 2, 2), SSB0 = c(38081.4333775894, 
       48237.2269628039, 27779.1291107878, 52821.9278349694, 29697.4090027579, 65757.1709828452, 
       64197.4425498408, 47207.9847671775, 29929.9598533394, 37927.9079319609, 38829.7944447252, 
       33868.4318246243, 25845.2755177744, 57221.2990728167, 35524.9225503888, 52560.697154298, 
       41364.1895369288, 63526.2262941053, 32708.5458414205, 43349.5225034451, 61379.4843340538, 
       32574.1798034962, 62632.8403991488, 50769.9121503359, 29636.4300056193, 44891.7807399849, 
       35495.1086263727, 32795.7783764165, 58020.7214687954), SSBMSY = c(19468.6980292575, 
       21458.8682211851, 13058.912500035, 24479.2520994861, 13375.9735055039, 28656.1493372302, 
       30343.9181523885, 21636.4700305364, 14262.230989229, 17017.7356716354, 17181.5550351289, 
       16001.2057953075, 12148.0522450833, 26080.7943988547, 16465.9324261739, 22295.7304064762, 
       17717.2265712356, 28945.5123723353, 14274.5435882469, 20435.4547511725, 27140.8311216857, 
       14631.3421914555, 30114.7081395861, 23230.2843774335, 14068.3069022355, 20946.6695917742, 
       16105.9133781944, 14970.4730522855, 25412.4119518453), SSBMSY_SSB0 = c(0.511238582755519, 
       0.44486114920603, 0.470097980680166, 0.463429736528476, 0.450408771494568, 0.435787442022195, 
       0.472665529142076, 0.458322254958439, 0.476520217839105, 0.448686378963047, 0.442483800927328, 
       0.472451924499016, 0.470029899148445, 0.455788226088081, 0.463503682599687, 0.424190157543468, 
       0.42832282632827, 0.455646652743502, 0.436416331605005, 0.471411299848769, 0.442180826641905, 
       0.449169933969761, 0.480813387157121, 0.457560066455222, 0.474696409100828, 0.466603668789576, 
       0.453750220846704, 0.456475613429893, 0.437988554925374), t0 = c(-0.0458717089192942, 
       -0.0461722348909825, -0.0378103441512212, -0.0340960670635104, -0.0453818270284683, 
       -0.0370037120208144, -0.0309156243829057, -0.0377303773676977, -0.0361640090774745, 
       -0.0448859351081774, -0.0454400423774496, -0.0461947921942919, -0.045132698235102, 
       -0.0307844854751602, -0.0314737395942211, -0.0408371124090627, -0.032005765796639, 
       -0.0341747344192117, -0.0384866670845076, -0.0485108341276646, -0.0487199253588915, 
       -0.0463459315197542, -0.033854218381457, -0.0333826567744836, -0.0386832409445196, 
       -0.0314218302397057, -0.0365886044269428, -0.0362328623514622, -0.0498118372401223
       ), TACFrac = c(1, 1, 1, 1, 1, 1, 1, 1, 1, 1, 1, 1, 1, 1, 1, 1, 1, 1, 1, 1, 1, 
       1, 1, 1, 1, 1, 1, 1, 1), TACSD = c(0, 0, 0, 0, 0, 0, 0, 0, 0, 0, 0, 0, 0, 0, 
       0, 0, 0, 0, 0, 0, 0, 0, 0, 0, 0, 0, 0, 0, 0), TAEFrac = c(1, 1, 1, 1, 1, 1, 1, 
       1, 1, 1, 1, 1, 1, 1, 1, 1, 1, 1, 1, 1, 1, 1, 1, 1, 1, 1, 1, 1, 1), TAESD = c(0, 
       0, 0, 0, 0, 0, 0, 0, 0, 0, 0, 0, 0, 0, 0, 0, 0, 0, 0, 0, 0, 0, 0, 0, 0, 0, 0, 
       0, 0), UMSY = c(0.0230878624068789, 0.0256993244328517, 0.0202123383306978, 0.0308342811266797, 
       0.0271825922743363, 0.0318762561096363, 0.0239806988398304, 0.0311134451395177, 
       0.0173011382335686, 0.0369352558140227, 0.0423462921414868, 0.0269860088771116, 
       0.0351761440441346, 0.0283620951369937, 0.0306470088094744, 0.0324907949065342, 
       0.0413635260372247, 0.0294129689898974, 0.0427892332439033, 0.0351104037665648, 
       0.0246815532772782, 0.0257791342629545, 0.0190653254078861, 0.0148481402935509, 
       0.0278444309061528, 0.0160986580645757, 0.0270376910106507, 0.0355179537151262, 
       0.0311743927019697), Vmaxlen = c(0.999694356901804, 0.999098628204083, 0.999664296959294, 
       0.999385261982446, 0.999340311251348, 0.999887546886224, 0.999614234983921, 0.999950456642546, 
       0.999561533601722, 0.999410027359845, 0.999703175317729, 0.999654674404068, 0.999697904934641, 
       0.999947864003247, 0.999261889074696, 0.999211313235108, 0.999844012805261, 0.999025749304797, 
       0.999644949778914, 0.999899760918226, 0.999406645880081, 0.999093763311859, 0.99990164239076, 
       0.999481032480719, 0.999124769504648, 0.999941680915654, 0.999611127431039, 0.999671815546695, 
       0.999838519461453)), class = "data.frame", row.names = c(NA, -29L)), structure(list(
       A = c(17940.4203542045, 17658.6003087986, 18786.2396031124, 20876.8920081205, 
       18290.7112935191, 6734.36953694213, 28117.2808910107, 3777.21106749093, 13221.641069375, 
       6871.83046619032, 3862.39323379822, 21206.8425306596, 15302.8514457708, 9768.53812606791, 
       22705.9416957492, 3932.34876770318, 23318.6880187482, 23389.6773397241, 5850.64445082689, 
       11690.6170058212, 7713.56091062364, 15983.8752646544, 20485.7166260479, 40518.5258568025, 
       9853.43400120189, 14820.8639844469, 8291.89704270299, 26071.9280120803, 23174.6553609533
       ), AC = c(0.142985163629055, 0.175651362165809, 0.342713038250804, 0.539843164198101, 
       0.743689509853721, 0.441157073713839, 0.741957978904247, 0.62911729644984, 0.857037593983114, 
       0.329639839567244, 0.215517509914935, 0.273491144925356, 0.831490410678089, 0.293588232062757, 
       0.186973710171878, 0.59389474503696, 0.706294068694115, 0.82110386248678, 0.839218306913972, 
       0.618177531287074, 0.471913604810834, 0.441774948872626, 0.645597473718226, 0.16051414553076, 
       0.76406619772315, 0.130459099635482, 0.723821098916233, 0.491154032386839, 0.328383054584265
       ), ageM = c(6.05591039883334, 5.6949139910916, 5.73712962735373, 6.52263941198611, 
       6.22226634127474, 5.02173825882114, 5.76201724143928, 5.35985604471526, 6.19204338568558, 
       6.39782148754538, 5.98561036029913, 5.21485591259943, 6.34506183246756, 6.70768058709192, 
       5.65889644627645, 5.82696622755522, 5.90461361805413, 6.97398710449587, 6.47395171616607, 
       5.45148986168019, 5.24751225305865, 5.39295062716428, 6.40483136632338, 6.45735896719864, 
       5.78436825094694, 6.1602886144009, 5.70405271988308, 5.72752431385344, 6.46176544645358
       ), Asp = c(16882.062472497, 16915.2739156255, 17831.3190157713, 19664.9999520026, 
       17097.9177018528, 6343.65650075807, 27052.2152259038, 3483.73054117029, 12415.111865054, 
       6348.2424980477, 3451.67654589865, 20146.0599263415, 14086.3918633711, 8489.84995747445, 
       21798.3505916924, 3503.26955133767, 22415.1429221041, 21881.8127491505, 5199.63050243221, 
       10902.7116281895, 6921.84451048925, 15603.1277680928, 19235.6379366563, 38744.4477259375, 
       9345.54076808146, 13834.7270011508, 7634.46596851401, 25105.8531282036, 21684.26528576
       ), Blow = c(1179.83333581656, 3113.46844646482, 945.813963063889, 857.343301164439, 
       641.545956900587, 1651.0005447377, 2757.55774376132, 849.168140559873, 2083.16246415786, 
       591.665028008243, 887.401200595982, 944.90538564771, 616.736702544058, 742.607304562964, 
       1367.21366190089, 406.499609124629, 1483.71816549751, 508.620206221537, 1126.71719229589, 
       624.398346839901, 529.039806369719, 3235.81956078047, 1111.53307961641, 915.11300075308, 
       2046.02638892838, 1396.29058743179, 502.624208842807, 1736.67161215754, 2477.71380784161
       ), BMSY = c(24893.9873601897, 17476.6556694782, 18366.3993578325, 18442.0629969631, 
       17572.1595103557, 17832.9787979613, 28056.5000041338, 12774.4674219034, 25597.1637129645, 
       17373.2663126104, 18219.9243024066, 18523.5968094099, 27329.8674998739, 14544.0768960559, 
       29429.5750313509, 16680.6847078081, 20853.2520917567, 29940.329191029, 20302.5384940483, 
       14296.5405837405, 16553.5381710382, 30818.8515004118, 22576.9830631925, 34043.9816040964, 
       16266.8819769066, 16876.9580760691, 13880.234003919, 27452.9770403193, 25989.9275620048
       ), BMSY_B0 = c(0.44758418611062, 0.48954653039285, 0.456234316740471, 0.476853287447983, 
       0.512099170440999, 0.488984438277805, 0.461866359288169, 0.449335697409552, 0.486261809482806, 
       0.455418840629673, 0.478212448402197, 0.460933939731502, 0.458222630921447, 0.474206372041855, 
       0.468817384762257, 0.475267763439443, 0.453772297125588, 0.461725547692798, 0.477867846221907, 
       0.481717948540488, 0.480713286207636, 0.466080138309019, 0.494277786731038, 0.45855964780751, 
       0.499089935981714, 0.478761312011747, 0.466554417123883, 0.460548561893287, 0.477090204846113
       ), D = c(0.321645627799444, 0.50878043329576, 0.471879290952347, 0.550478832283989, 
       0.541282908245921, 0.185567140195053, 0.467866747116204, 0.132969570090063, 0.250266200560145, 
       0.179586215503514, 0.0977241649641655, 0.53251560855424, 0.250095821812283, 0.308993719343562, 
       0.362203314516228, 0.107826518185902, 0.517806629755069, 0.357814297487494, 0.132483642350417, 
       0.399285861942917, 0.215812171425205, 0.245770426501986, 0.4513784422772, 0.549888813402504, 
       0.312164829636458, 0.427404714515433, 0.278854337451048, 0.442285476333927, 0.427215272071771
       ), dFfinal = c(0.0209124282031978, 0.0204126807511353, 0.018751377407758, 0.0225073624102825, 
       0.0165483585821136, 0.0119591103835054, 0.0184559747088237, 0.0161801309852318, 
       0.0173752257179716, 0.020375699575307, 0.0194211985781778, 0.0163228351926942, 
       0.0201429931416683, 0.00878319404971679, 0.0115473177002557, 0.0245661698187581, 
       0.0107390195797428, 0.0158002481229758, 0.0106257907246446, 0.0151097163796032, 
       0.0203068705327037, 0.0110649122051594, 0.0135105707363698, 0.0256140148897057, 
       0.0167040936206962, 0.0222939069969815, 0.0130162011886295, 0.0241556150909864, 
       0.0112069636488731), DR = c(0, 0, 0, 0, 0, 0, 0, 0, 0, 0, 0, 0, 0, 0, 0, 0, 0, 
       0, 0, 0, 0, 0, 0, 0, 0, 0, 0, 0, 0), Esd = c(0.305672471155413, 0.31370230645407, 
       0.262244220799767, 0.369001634349115, 0.389201171416789, 0.316042879782617, 0.162081900867634, 
       0.325937109277584, 0.331184287113138, 0.150333894672804, 0.227435161313042, 0.246504308003932, 
       0.139747347915545, 0.326844388688915, 0.227857733564451, 0.275523708830588, 0.299802681989968, 
       0.177952302293852, 0.197248381190002, 0.342648169351742, 0.33641626087483, 0.380346251744777, 
       0.288240254903212, 0.357227466348559, 0.234497313504107, 0.143991863634437, 0.292192750843242, 
       0.182012165803462, 0.281407726136968), Fdisc = c(0, 0, 0, 0, 0, 0, 0, 0, 0, 0, 
       0, 0, 0, 0, 0, 0, 0, 0, 0, 0, 0, 0, 0, 0, 0, 0, 0, 0, 0), FinF = c(0.585851159551928, 
       1.29977859478726, 0.886658282822017, 1.6293329785991, 0.957849988963033, 0.767684080988425, 
       1.00150359542605, 0.985607670438754, 1.00537792725033, 0.789211889306595, 0.825695936949541, 
       0.706140983767865, 1.22386411128001, 0.931722531856072, 0.731839794806916, 0.897480832626212, 
       0.715615359255609, 0.664637038214968, 0.553466529227297, 0.393782892679694, 0.846250326043655, 
       1.95064452776873, 0.939269376166183, 0.797705181895113, 1.03933702578329, 0.724169736320749, 
       1.04348486462529, 1.05183969811342, 0.767075551805212), FMSY = c(0.0311824358107247, 
       0.0197626792218983, 0.0319295342854176, 0.0336350065410993, 0.0357535705182712, 
       0.0265157808708945, 0.0201900347198214, 0.0441592497743746, 0.0221109559173238, 
       0.0397783106100708, 0.0311645566622823, 0.0350471717696785, 0.0331851387637489, 
       0.0420518299392024, 0.0261838017603466, 0.0488306312620782, 0.0316194169869143, 
       0.034488627438184, 0.0274431474601106, 0.042094897989153, 0.0426416791323694, 
       0.0209204583310049, 0.0260547868592879, 0.0316352864489121, 0.0235034248543563, 
       0.0296165426096109, 0.0494833693690708, 0.0244211305390874, 0.0189489201592213
       ), FMSY_M = c(0.614054375657706, 0.29446892298583, 0.531815304217823, 0.551622111053031, 
       0.522889311810065, 0.395403628149172, 0.418095005589441, 0.56392458342668, 0.446067520520089, 
       0.656916197863585, 0.481939461123215, 0.542143996355564, 0.685788217415556, 0.571255239368142, 
       0.605906587819918, 0.713301441580279, 0.559023839321399, 0.808645816354651, 0.468007400704242, 
       0.546692746372779, 0.602685309934602, 0.478846943722603, 0.48068250684828, 0.779686897635588, 
       0.328432527258718, 0.428677843091414, 0.651007991357884, 0.543230364935625, 0.360490493660331
       ), Frac_area_1 = c(0.104240427962504, 0.103041978338733, 0.104136599530466, 0.0974629352940247, 
       0.0974402312142774, 0.0955322210676968, 0.0965205063461326, 0.100962414806709, 
       0.0955072647379711, 0.0992061746725812, 0.0965492457523942, 0.0956011727708392, 
       0.0975634394679219, 0.0984614277584478, 0.10006599413231, 0.102136313682422, 
       0.0982729735737666, 0.0969882699940354, 0.10428063869942, 0.103616204012651, 
       0.0961838595196605, 0.0999859909317456, 0.100056498260237, 0.100791387197096, 
       0.0965247418847866, 0.100600282037631, 0.103593564736657, 0.097862641508691, 
       0.0955718166334555), hs = c(0.578660059893737, 0.382230796006042, 0.521488235854777, 
       0.530993254417554, 0.565684889500262, 0.448339046007022, 0.440870109769748, 0.595259542866843, 
       0.44594527041656, 0.632523110193433, 0.505447317321086, 0.558423549692379, 0.622577144064708, 
       0.57803673233022, 0.566645182842622, 0.719579149967758, 0.548507677913876, 0.681714049510192, 
       0.480506423277548, 0.567531053179409, 0.626486349238548, 0.464807506736834, 0.49083789173048, 
       0.656244928627275, 0.410574451728025, 0.479965779172489, 0.684182458003052, 0.493504632903496, 
       0.396347268075915), K = c(0.127529628245626, 0.124055823747069, 0.124473638300318, 
       0.126522203190718, 0.122627065835055, 0.1251432567304, 0.123296830245759, 0.122535334705841, 
       0.124524048887659, 0.124158199602738, 0.123586910540238, 0.125265429484658, 0.123085174718406, 
       0.125154352185316, 0.122118983751629, 0.12469354023179, 0.122174448289908, 0.125444204234984, 
       0.12622954272572, 0.127688574877568, 0.124433861748315, 0.123762275540736, 0.124239140516613, 
       0.125694582231343, 0.122581083294004, 0.126086657897569, 0.122525756442454, 0.126698183228727, 
       0.125879715901334), Ksd = c(0.00223613710259087, 0.0226630259130616, 0.00544122980209067, 
       0.00664071783539839, 0.0223284526204225, 0.0167937223741319, 0.00691446138662286, 
       0.00871302130981349, 0.0105937658750918, 0.0091499452420976, 0.0169003422604874, 
       0.0157276599784382, 0.0143989252159372, 0.0121269946335815, 4.41244803369045e-05, 
       0.0241029148164671, 0.0166150537319481, 0.016640370542882, 0.00785410900134593, 
       0.000497283972799778, 0.00369437293265946, 0.0135493191948626, 0.0101434839307331, 
       0.00863412694889121, 0.0184743986465037, 0.0183907902683131, 0.00446691380930133, 
       0.00126016301801428, 0.0198985152936075), L5 = c(9.68733393535376, 6.98680071520728, 
       12.8604162857109, 11.8506223562418, 9.65197775763697, 11.5726776620216, 8.04991385652319, 
       12.0828844223035, 9.91603539470361, 7.10912907987258, 8.22245188344062, 12.0991317171993, 
       11.6376578995872, 11.3834748538435, 7.11244662009003, 9.37681663356533, 8.09790763317498, 
       9.40282529972378, 12.5468419943847, 9.62930670937122, 8.72614837936516, 11.1974116705788, 
       10.0508953414426, 11.3190034806167, 9.30633492705504, 8.4822188279021, 8.66741359355139, 
       13.0477498348288, 11.5933957986765), L50 = c(35.5207419563085, 33.8369973883964, 
       33.23849976575, 36.3315177476034, 35.3767897528596, 32.3490952560678, 33.9484902345575, 
       32.1200546124019, 34.7126304688863, 35.1100970455445, 35.7811218709685, 32.679491261486, 
       36.2842149143107, 37.5982414768077, 32.2646241094917, 34.2079332619905, 33.8961530751549, 
       37.4128868165426, 36.8678771620616, 33.9298018915579, 32.5963309258223, 32.3398529030383, 
       35.9883216582239, 36.5664924713783, 34.9598201834597, 35.9343825383112, 34.0748206586577, 
       33.152002053801, 37.9589837505482), L50_95 = c(12.393122663023, 13.0820483251009, 
       13.0371889569797, 12.6554153265897, 14.8014867212623, 13.5384090626612, 13.0785840719473, 
       14.4962604450993, 14.1363139604218, 13.5330274680164, 12.5093427363317, 12.0358763895929, 
       13.3107257843949, 14.7240532706492, 12.8212213986553, 14.2495027037803, 12.1801755954511, 
       13.0337800795678, 13.9537207817193, 14.4680953749921, 14.6462015798315, 12.3746474201325, 
       13.7286945646629, 14.4421419859864, 14.6258052270859, 14.4240485876799, 13.2959341183305, 
       14.0532786247786, 14.2291167746298), L95 = c(47.9138646193314, 46.9190457134973, 
       46.2756887227297, 48.9869330741931, 50.178276474122, 45.887504318729, 47.0270743065048, 
       46.6163150575012, 48.8489444293082, 48.6431245135609, 48.2904646073002, 44.7153676510789, 
       49.5949406987056, 52.3222947474569, 45.085845508147, 48.4574359657709, 46.076328670606, 
       50.4466668961104, 50.8215979437809, 48.39789726655, 47.2425325056538, 44.7145003231708, 
       49.7170162228867, 51.0086344573647, 49.5856254105456, 50.358431125991, 47.3707547769882, 
       47.2052806785796, 52.188100525178), LenCV = c(0.0912948276754469, 0.0968656244594604, 
       0.0994497354887426, 0.115560239171609, 0.115665726270527, 0.0810562331881374, 
       0.0997686127852648, 0.115471180006862, 0.101279803207144, 0.0875584033410996, 
       0.112216299464926, 0.0885211941879243, 0.0967874829098582, 0.0856590195093304, 
       0.0815090912673622, 0.0906570994481444, 0.103910141019151, 0.106198545061052, 
       0.119559167157859, 0.0898077441193163, 0.10589928323403, 0.103004506221041, 0.110953516270965, 
       0.0959500719420612, 0.0994199762493372, 0.0943789897207171, 0.105102470526472, 
       0.116697645690292, 0.0901785035151988), LFR = c(0, 0, 0, 0, 0, 0, 0, 0, 0, 0, 
       0, 0, 0, 0, 0, 0, 0, 0, 0, 0, 0, 0, 0, 0, 0, 0, 0, 0, 0), LFS = c(30.11266768708, 
       26.2316760158513, 33.980476149055, 39.8006249808618, 29.3313710073865, 27.0093829285028, 
       26.7502878995369, 31.0196358923938, 36.9196743155336, 37.0406703596009, 36.0249260452648, 
       27.2171420713041, 33.173719210818, 39.2195316852132, 26.4332562793098, 33.3162273244422, 
       33.6007829929786, 39.2376382946634, 33.7086401108352, 36.6929465719952, 31.9312548633742, 
       27.9606446224991, 31.2798407818536, 35.2437691063574, 27.1715173351459, 30.4616711768135, 
       32.9725340083518, 35.2806644397436, 37.6250154445442), Linf = c(65.7814907180145, 
       66.4981264686212, 64.8297884268686, 64.7286618966609, 67.2796009853482, 67.3349267700687, 
       66.6030937554315, 66.8241174183786, 64.8982459381223, 64.3483543684706, 66.6752631459385, 
       67.4247837904841, 66.6577083813027, 66.234424543567, 64.3807406481355, 67.06011306867, 
       66.4267028085887, 64.6516962088645, 65.57708692085, 67.3010351024568, 67.7567800115794, 
       65.6345793316141, 65.3534322818741, 65.6608426887542, 67.3918000645936, 67.0804136190563, 
       67.3795186569914, 64.0109215406701, 67.0888008270413), Linfsd = c(0.0218289921700489, 
       0.0203449207299855, 0.0185515549266711, 0.00378764711786062, 0.0042852723505348, 
       0.0135909306758549, 0.0117585060943384, 0.019341832830105, 0.0115480581240263, 
       0.00986698117339984, 0.0100684911885764, 0.0066736634937115, 0.00454775449470617, 
       0.0172301918268204, 0.0219475189514924, 0.0145602223754395, 0.0110524982039351, 
       0.015708767331671, 0.0204978388617747, 0.0117544389679097, 0.0148581382411066, 
       0.0073621470364742, 0.0240156799729448, 0.00473584069986828, 0.00305839854991063, 
       0.00625969814136624, 0.00576839222339913, 0.0189766904863063, 0.0217579969496001
       ), LR5 = c(0, 0, 0, 0, 0, 0, 0, 0, 0, 0, 0, 0, 0, 0, 0, 0, 0, 0, 0, 0, 0, 0, 
       0, 0, 0, 0, 0, 0, 0), M = c(0.0507812289055437, 0.0671129537932575, 0.0600387653987855, 
       0.0609747250285, 0.0683769388869405, 0.0670600343123078, 0.0482905426993966, 
       0.0783070131577551, 0.0495686300843954, 0.0605530975479633, 0.0646648784261197, 
       0.0646455037873238, 0.0483897767867893, 0.0736130315158516, 0.0432142549473792, 
       0.0684572165645659, 0.0565618400555104, 0.0426498557720333, 0.0586382766999304, 
       0.0769991887919605, 0.0707528098486364, 0.0436892385035753, 0.0542037342488766, 
       0.0405743466317654, 0.0715624151192606, 0.0690881114732474, 0.0760103870090097, 
       0.0449553856253624, 0.0525642714370042), maxF = c(0.8, 0.8, 0.8, 0.8, 0.8, 0.8, 
       0.8, 0.8, 0.8, 0.8, 0.8, 0.8, 0.8, 0.8, 0.8, 0.8, 0.8, 0.8, 0.8, 0.8, 0.8, 0.8, 
       0.8, 0.8, 0.8, 0.8, 0.8, 0.8, 0.8), maxlen = c(65.7745862849807, 66.1714340117609, 
       65.746227169513, 64.9209493507904, 67.5036511073861, 67.6754275229639, 66.6659328546594, 
       66.0373854472407, 65.5562764385593, 63.667049630754, 66.6457213380958, 67.7350199364847, 
       66.9456137604879, 66.6999863091061, 62.0420646092007, 68.2158769027044, 65.8571138055948, 
       65.3524529874284, 64.9102690004757, 66.9023848959959, 67.4193918198847, 65.8565111684902, 
       65.4541280847681, 65.8766028445717, 67.4081888549874, 66.799612043443, 66.4606909003891, 
       63.6794702437464, 68.3721705318964), Mexp = c(0, 0, 0, 0, 0, 0, 0, 0, 0, 0, 0, 
       0, 0, 0, 0, 0, 0, 0, 0, 0, 0, 0, 0, 0, 0, 0, 0, 0, 0), MGT = c(24.2894308876641, 
       20.1602984845039, 22.3783061043509, 22.3860376277372, 21.4655301962529, 19.5687896572288, 
       25.7583633243749, 17.1082150852761, 25.4204246639443, 22.3301307733617, 21.2617391820326, 
       20.1357351203071, 26.8742733304826, 19.0817392602582, 28.4458809255629, 19.6228502117099, 
       22.3209205979925, 29.1753622616315, 22.8676557142841, 18.4803858755155, 18.968378988589, 
       27.3078595401307, 24.2019919087219, 29.2351440941477, 19.578678411043, 20.2473745606178, 
       18.4615055010431, 26.8985736133217, 24.7720887298661), Msd = c(0.0238170602824539, 
       0.00966501621296629, 0.0247186453780159, 0.00373126300983131, 0.0428373900474981, 
       0.00751476999139413, 0.00538212548708543, 0.0159686824539676, 0.00427322466857731, 
       0.0170710852253251, 0.0319420947227627, 0.047301365621388, 0.0263018706580624, 
       0.0115181441069581, 0.0344795826240443, 0.0217275521019474, 0.0320498735294677, 
       0.00490842034341767, 0.00332758913282305, 0.0351619638968259, 0.00285368768963963, 
       0.000882971240207553, 0.000589226861484349, 0.011950646142941, 0.02145308223553, 
       0.0107048158533871, 0.00775740458630025, 0.00425797358620912, 0.00634611569112167
       ), MSY = c(739.724011936958, 329.478025762121, 551.977389573253, 579.019447477575, 
       590.982048279517, 448.997967705007, 545.916539144065, 522.920117400519, 540.666300326438, 
       646.666196753676, 534.077680252185, 612.83126455311, 862.633074898607, 562.837560189565, 
       741.613564985082, 758.083128440369, 624.479214968586, 979.079830412838, 527.992646339345, 
       556.671198730975, 660.87256263072, 621.832769610132, 561.38103172426, 1029.72473783391, 
       362.914614924815, 472.428365268696, 636.289489692811, 640.710318306052, 470.359269960713
       ), OFLreal = c(550.793830105963, 345.555455890897, 590.360754549632, 690.516537124067, 
       642.405656336834, 176.220431046377, 561.996422998299, 163.169569367015, 289.134819611486, 
       267.984486307937, 118.513471067311, 730.366455728844, 499.493529427031, 402.267582424777, 
       586.811867619246, 187.406253226022, 725.7883493177, 792.925811294964, 158.376977331085, 
       481.901377738923, 322.004982086453, 330.916465240365, 526.857594664175, 1261.75200151774, 
       228.889070431871, 432.506463077085, 400.324615688904, 628.994320911425, 435.000285400776
       ), Prob_staying = c(0.977357362722978, 0.979533047443256, 0.972663531750441, 
       0.983342957375571, 0.973290025638416, 0.971206138534471, 0.989836904658005, 0.968780868519098, 
       0.983627979047596, 0.989125436916947, 0.98405341329053, 0.97605285464786, 0.959916558396071, 
       0.958997215656564, 0.963312195921317, 0.955160202886909, 0.984173265770078, 0.983121569706127, 
       0.969606725387275, 0.967164692310616, 0.965702632628381, 0.989422613205388, 0.986065872088075, 
       0.972744723837823, 0.969451252538711, 0.954435352003202, 0.960524417692795, 0.985963676599786, 
       0.956697451127693), procmu = c(-0.0404864681154467, -0.0907084416808645, -0.0243308608199588, 
       -0.0273224828097628, -0.100583312851876, -0.0264034761179284, -0.0202782140229379, 
       -0.0252231682255506, -0.0716831740562238, -0.0806137959768104, -0.0992865451086592, 
       -0.0575386538538619, -0.0385591071637054, -0.0493695531202733, -0.0600626790646013, 
       -0.0444164381860423, -0.0400089025161847, -0.0506262516069453, -0.0931422453789938, 
       -0.117907846184396, -0.0413687824355477, -0.0285716443954806, -0.0955268085865104, 
       -0.0417522846505999, -0.0822771254149763, -0.0925775793328492, -0.0753082620138927, 
       -0.0343226933631412, -0.0539232760158622), procsd = c(0.284557439247146, 0.42593060862273, 
       0.220594019955024, 0.233762626652606, 0.448516026139259, 0.229797633225098, 0.201386265782639, 
       0.224602618976496, 0.378637489047833, 0.401531557855196, 0.445615406171419, 0.339230464003049, 
       0.277701664250344, 0.314227793551981, 0.346591053158045, 0.298048446350731, 0.282874185871333, 
       0.318201984930783, 0.431606870610267, 0.485608579381369, 0.287641382403672, 0.239046624721959, 
       0.437096805265173, 0.28897157178726, 0.405652869865298, 0.430296593834646, 0.388093447545543, 
       0.262002646410838, 0.328399987868033), qcv = c(0.179529983736575, 0.104123585531488, 
       0.137888121278957, 0.121108417212963, 0.222532938234508, 0.112917650537565, 0.133561165397987, 
       0.1717138227541, 0.224793264502659, 0.16351088793017, 0.168291806150228, 0.173598715849221, 
       0.149767743051052, 0.291168744815513, 0.104046367574483, 0.250611981283873, 0.249413245683536, 
       0.232754418300465, 0.240750740887597, 0.231461489154026, 0.145809614798054, 0.275577346701175, 
       0.240300680417567, 0.296311200223863, 0.274695604108274, 0.130295570241287, 0.178871036693454, 
       0.268774035945535, 0.264011506969109), qinc = c(-0.552096821367741, 0.68759891204536, 
       -0.333221546374261, -0.469349836930633, -1.13926051743329, -1.24261450208724, 
       1.55487404577434, 1.5456340033561, 0.145703880116343, 0.754874045960605, -0.935919568873942, 
       0.434717098250985, 0.920848486945033, 0.0837459648028016, 0.232838259078562, 
       -1.98273600172251, -1.49632282927632, 0.0909898718819022, -1.14901207108051, 
       -1.48452099319547, -1.862659082748, 1.15269709192216, 1.73249118775129, 0.324928888119757, 
       1.63942585233599, -1.67994990572333, -1.07082266919315, -1.11496675107628, -0.316869210451841
       ), R0 = c(1000, 1000, 1000, 1000, 1000, 1000, 1000, 1000, 1000, 1000, 1000, 1000, 
       1000, 1000, 1000, 1000, 1000, 1000, 1000, 1000, 1000, 1000, 1000, 1000, 1000, 
       1000, 1000, 1000, 1000), RefY = c(578.739103739096, 354.980918083688, 514.091944431795, 
       647.955986154448, 581.367779530576, 299.59490627898, 546.779857342167, 358.891342868947, 
       245.429763844125, 527.334042996653, 245.761252656769, 544.305253763099, 524.841746298618, 
       521.386624527011, 762.511949008809, 614.891126216915, 539.358588363985, 950.90630300407, 
       455.969747201704, 414.461443628256, 521.773850784211, 400.548547401276, 432.373923156239, 
       1064.07154539141, 450.849205944786, 433.982029929942, 325.462236339905, 615.744488035045, 
       463.936458065829), Rmaxlen = c(1, 1, 1, 1, 1, 1, 1, 1, 1, 1, 1, 1, 1, 1, 1, 1, 
       1, 1, 1, 1, 1, 1, 1, 1, 1, 1, 1, 1, 1), Size_area_1 = c(0.10347697609337, 0.102296109825838, 
       0.103121243705973, 0.102927054006141, 0.0950448706466705, 0.0972611858230084, 
       0.10325333155226, 0.103517865010072, 0.0955558760790154, 0.0976817806414328, 
       0.10335684702266, 0.0960928505496122, 0.0963216122589074, 0.103839660661761, 
       0.104965049461462, 0.104353316610213, 0.104315403865185, 0.09666964631062, 0.101920987884514, 
       0.102673191078939, 0.102805955635849, 0.102999558369629, 0.0961468255822547, 
       0.103966996183153, 0.0966379388375208, 0.104203106779605, 0.100742469683755, 
       0.100309744244441, 0.102841626491863), SizeLimFrac = c(1, 1, 1, 1, 1, 1, 1, 1, 
       1, 1, 1, 1, 1, 1, 1, 1, 1, 1, 1, 1, 1, 1, 1, 1, 1, 1, 1, 1, 1), SizeLimSD = c(0, 
       0, 0, 0, 0, 0, 0, 0, 0, 0, 0, 0, 0, 0, 0, 0, 0, 0, 0, 0, 0, 0, 0, 0, 0, 0, 0, 
       0, 0), Spat_targ = c(1, 1, 1, 1, 1, 1, 1, 1, 1, 1, 1, 1, 1, 1, 1, 1, 1, 1, 1, 
       1, 1, 1, 1, 1, 1, 1, 1, 1, 1), SRrel = c(2, 2, 2, 2, 2, 2, 2, 2, 2, 2, 2, 2, 
       2, 2, 2, 2, 2, 2, 2, 2, 2, 2, 2, 2, 2, 2, 2, 2, 2), SSB0 = c(53902.1738068505, 
       34382.4682097463, 38909.3101998229, 36829.3061608032, 32601.6462558959, 35351.547291414, 
       59234.1209017783, 27292.0509906095, 50864.6957554066, 36435.1596120953, 36463.8064844091, 
       39094.9562049946, 57655.0102449472, 28542.4845310447, 61449.9190230038, 33649.1934418496, 
       44592.8508782692, 62471.5042866758, 40417.8007271947, 28336.6106981441, 33227.9153138504, 
       64889.765031311, 43786.3186879148, 71934.1547253904, 31003.262081931, 33492.8843359923, 
       28434.5025834811, 58063.0098540972, 52110.5482841591), SSBMSY = c(23451.0456946412, 
       16541.1241169086, 17280.5471985806, 16924.093339995, 16155.9640253187, 16982.7252498397, 
       26961.4940932374, 11812.1990870694, 24250.0688717583, 15870.8327638506, 16929.96759345, 
       17587.2100091256, 25581.5410765712, 12776.7315551986, 28313.019835402, 15266.2629924503, 
       19709.7624412826, 27713.9401484263, 18722.9131362615, 13165.3679883026, 15462.935502261, 
       29863.9602274539, 21070.6014805329, 31926.0051951805, 15156.8789235424, 15558.8373163843, 
       12670.7495034986, 26237.298849331, 24333.437239905), SSBMSY_SSB0 = c(0.435066789303787, 
       0.481091817376269, 0.444123709976725, 0.459527889721882, 0.495556693625462, 0.480395528655245, 
       0.45516829966878, 0.432807306828413, 0.476756392849959, 0.435591141436415, 0.464295125104089, 
       0.449858798073772, 0.443700226014843, 0.447639081359641, 0.460749506029503, 0.453688823740529, 
       0.441993773734873, 0.443625305087095, 0.46323433733157, 0.464606304845233, 0.46535978427198, 
       0.460226049717453, 0.481214272218515, 0.44382262246715, 0.488880134080341, 0.464541577258676, 
       0.445611786817739, 0.451876313598985, 0.466957996818891), t0 = c(-0.0491946359071881, 
       -0.049190532551147, -0.0440987991727889, -0.0335655943956226, -0.0473367699468508, 
       -0.0498222597595304, -0.0392484663706273, -0.035946857011877, -0.0338589437911287, 
       -0.0358014162536711, -0.0439699026057497, -0.0368837277777493, -0.0439435561234131, 
       -0.0406373166199774, -0.035671753087081, -0.0407572645135224, -0.0479427748126909, 
       -0.049351676995866, -0.0393279656628147, -0.0388253857987002, -0.0487591185839847, 
       -0.041696909875609, -0.0413055898761377, -0.0308562216209248, -0.0384713835362345, 
       -0.0329864995041862, -0.0464832773245871, -0.0312237138580531, -0.0410309676453471
       ), TACFrac = c(1, 1, 1, 1, 1, 1, 1, 1, 1, 1, 1, 1, 1, 1, 1, 1, 1, 1, 1, 1, 1, 
       1, 1, 1, 1, 1, 1, 1, 1), TACSD = c(0, 0, 0, 0, 0, 0, 0, 0, 0, 0, 0, 0, 0, 0, 
       0, 0, 0, 0, 0, 0, 0, 0, 0, 0, 0, 0, 0, 0, 0), TAEFrac = c(1, 1, 1, 1, 1, 1, 1, 
       1, 1, 1, 1, 1, 1, 1, 1, 1, 1, 1, 1, 1, 1, 1, 1, 1, 1, 1, 1, 1, 1), TAESD = c(0, 
       0, 0, 0, 0, 0, 0, 0, 0, 0, 0, 0, 0, 0, 0, 0, 0, 0, 0, 0, 0, 0, 0, 0, 0, 0, 0, 
       0, 0), UMSY = c(0.0298791187932724, 0.0189177955983801, 0.0304431602726933, 0.0320807441365051, 
       0.0338648582084316, 0.0253097181919468, 0.0195117791739814, 0.0414903196000251, 
       0.0213312000128821, 0.0378165066464413, 0.0296718782238249, 0.0332841109205565, 
       0.0318340448631095, 0.0396713555862085, 0.0252655277885812, 0.046029473517684, 
       0.0302052080068437, 0.0331759125751589, 0.0262824517480961, 0.0396294762142663, 
       0.0402944574755747, 0.02025615306644, 0.0250227570693659, 0.0305110126862552, 
       0.0224115929290657, 0.028188346215345, 0.0464731051762084, 0.0235849009781203, 
       0.0182838809948519), Vmaxlen = c(0.999665028112475, 0.999142745931866, 0.999814552105498, 
       0.999732279186603, 0.999239145207685, 0.999079463429283, 0.999332536828471, 0.999096533608157, 
       0.999935895353556, 0.999826312262332, 0.999091781826923, 0.999048836149974, 0.999408360176254, 
       0.999984375755768, 0.99978831238579, 0.999311215003487, 0.999887505838415, 0.999347677683923, 
       0.999445223512826, 0.999244548582472, 0.999902254030574, 0.999098955722759, 0.999924235917628, 
       0.999690868723905, 0.999417918999214, 0.999017359713791, 0.999086463831132, 0.999100214336533, 
       0.999684707071632)), class = "data.frame", row.names = c(NA, -29L)), structure(list(
       A = c(12283.1630432099, 24260.1664541346, 3339.95865807235, 17418.9895373073, 
       13204.2586952038, 6516.47435129483, 17663.4806158786, 22240.3673762266, 11172.3046523122, 
       32495.4278243657, 18721.3921094629, 5306.98558865738, 14101.9770679451, 12540.6630549883, 
       18958.8377358297, 9958.76413146805, 13263.2157156247, 11629.7689790074, 17345.3192694998, 
       13440.6252052089, 12639.4730567766, 16600.909858744, 8463.01096530766, 4799.02148210866, 
       8606.76166853489, 9608.49409080821, 8454.83239843057, 6400.39520913931, 2494.388808629
       ), AC = c(0.664178538322449, 0.344146191515028, 0.446557305753231, 0.538542023673654, 
       0.174976874887943, 0.746997831016779, 0.721696984581649, 0.105816567875445, 0.859343365207314, 
       0.384208610840142, 0.521871623583138, 0.47488259728998, 0.551403393037617, 0.553675963915884, 
       0.796664542704821, 0.554252303205431, 0.145916365459561, 0.301161234080791, 0.38900249954313, 
       0.635239469259977, 0.546667429246008, 0.550380753912032, 0.386363513022661, 0.336488554254174, 
       0.396183663792908, 0.554557418450713, 0.330892364867032, 0.766873080842197, 0.805248560383916
       ), ageM = c(6.83839793098358, 6.2539970237314, 6.40586200397427, 7.11443775477366, 
       5.85471749988932, 5.35940146739282, 6.37460264844906, 6.07233531469506, 6.33156957112145, 
       5.7524046407572, 6.44265061053028, 6.34670257681649, 6.55936583548632, 5.33884098367211, 
       5.76505252287087, 6.18460612865424, 6.97284814898947, 6.39032476102668, 5.46166558438038, 
       6.82081960837895, 5.41058345364793, 6.00870944324317, 5.27482112442169, 5.76818612035749, 
       6.24215034126735, 5.5791372307107, 5.47852397421911, 6.47109066145328, 6.05351797558001
       ), Asp = c(11175.0019285613, 23369.3229927444, 3029.46599247186, 16349.0765292837, 
       12164.0326816125, 6221.05941126449, 16792.2853903285, 21417.0012369688, 10385.2918383429, 
       31375.0836225666, 17069.7065887532, 4723.07733526339, 13356.7304684952, 11214.9613240132, 
       17884.546567619, 9180.28998102135, 12171.3565133271, 10398.150515709, 16796.5811089866, 
       12581.7606636924, 12127.3812401294, 15833.4130324199, 7810.39826581083, 4313.07532980042, 
       7836.79626395579, 9258.81234080596, 7896.10750377354, 5892.35559028558, 2295.05300379013
       ), Blow = c(601.477237059744, 3392.74981405897, 955.61382445806, 469.34952349234, 
       420.907174014266, 1883.88544258248, 3011.92523858115, 2246.5271927527, 1652.78307297306, 
       751.21629659443, 1035.38271233973, 814.085821199172, 2633.7501297901, 298.082945954176, 
       675.77342564343, 944.091833814613, 3214.83026416696, 405.676584022759, 3075.80908597036, 
       2056.93504539982, 2929.00163685451, 4008.43268803611, 496.774378843883, 347.019290919647, 
       919.873362661093, 1394.45284469255, 955.162700928256, 502.719964382387, 1146.18827730309
       ), BMSY = c(15462.2861206678, 20632.2877756318, 14292.1517150124, 18317.6275587786, 
       15009.2084130413, 15364.9333984881, 17433.5608314116, 32617.7794680903, 14802.5144074827, 
       30835.2321196499, 20533.6082122646, 21046.3298786256, 16138.3432577402, 22162.8997461797, 
       15761.7585081597, 23285.7586546552, 18423.6498666796, 12578.1282114672, 15489.9219028637, 
       13917.8170565214, 30803.4538111418, 17056.2272473681, 15200.074469558, 11978.6221259582, 
       15278.3225648665, 17912.2580411185, 13733.5641876888, 18354.1097536849, 15178.6217338179
       ), BMSY_B0 = c(0.473070754172344, 0.482099418065083, 0.45547944886448, 0.465482928958773, 
       0.468409789637562, 0.511668397796035, 0.48884960551244, 0.472584429659423, 0.493793934611011, 
       0.455663982612454, 0.463484218430668, 0.443890089053885, 0.484737216511367, 0.509614685388496, 
       0.472305395280681, 0.497691855865088, 0.485867794910193, 0.464460334321483, 0.503480038093072, 
       0.487659919222205, 0.467452539797232, 0.479663008190776, 0.472474885211766, 0.46719663354014, 
       0.482968961772582, 0.471804272801696, 0.500848925393055, 0.479356312755483, 0.48531704331633
       ), D = c(0.376839365705382, 0.585745313006919, 0.106070107920095, 0.453626892692409, 
       0.408734619896859, 0.22278472908074, 0.511538227030542, 0.324590700073168, 0.382310825039167, 
       0.485965648747515, 0.417274068796541, 0.107263206585776, 0.440023882419337, 0.273491320887115, 
       0.575197881413624, 0.210575235285796, 0.351209827989805, 0.427390679356176, 0.588210324465763, 
       0.493544025195297, 0.192554505192675, 0.482676206494216, 0.261299373186193, 0.183844858361408, 
       0.268522515823133, 0.260355221654754, 0.313996436295565, 0.166271883028094, 0.0798782879253849
       ), dFfinal = c(0.0115210161550769, 0.0178200491354706, 0.0192971985281511, 0.0192632347829477, 
       0.0226834851054042, 0.012825747422532, 0.0114895192056479, 0.00841458540578495, 
       0.0165946618686456, 0.0100621893820333, 0.0193005799534117, 0.0160198473581479, 
       0.0237630716423402, 0.0173787692504689, 0.0230078020589151, 0.0176242232700646, 
       0.0218521161344005, 0.0170566023369745, 0.0229338219147212, 0.0248136988899846, 
       0.0223038315443585, 0.012461739669294, 0.0096173586460633, 0.0129384350974053, 
       0.0148774681915625, 0.0198503591337081, 0.0144488089588545, 0.019213035842566, 
       0.0203671632573221), DR = c(0, 0, 0, 0, 0, 0, 0, 0, 0, 0, 0, 0, 0, 0, 0, 0, 0, 
       0, 0, 0, 0, 0, 0, 0, 0, 0, 0, 0, 0), Esd = c(0.283659066143446, 0.297145709418692, 
       0.268367943284102, 0.252010695915669, 0.352398680150509, 0.296261669741944, 0.187060564011335, 
       0.31175742035266, 0.245253298408352, 0.160906582023017, 0.259020498511381, 0.393034316669218, 
       0.10243959762156, 0.233697107527405, 0.271645509870723, 0.396938943490386, 0.277565534994938, 
       0.10803502544295, 0.213842862681486, 0.1324542703107, 0.333346241526306, 0.144571380247362, 
       0.100151825463399, 0.276797776552849, 0.273715896182694, 0.266874004201964, 0.113547858619131, 
       0.365652950736694, 0.262468603788875), Fdisc = c(0, 0, 0, 0, 0, 0, 0, 0, 0, 0, 
       0, 0, 0, 0, 0, 0, 0, 0, 0, 0, 0, 0, 0, 0, 0, 0, 0, 0, 0), FinF = c(0.359879381749847, 
       0.53058118465112, 0.65055313027404, 1.3318630334517, 0.904756725130187, 0.683247007317829, 
       0.565089004829555, 0.677124345147053, 0.586351922287561, 0.541537307301282, 1.2867411539939, 
       0.888032961777123, 0.937837711537562, 0.721036490101023, 1.36653804040224, 0.492717815905851, 
       0.645264449773528, 0.772616172326302, 0.80597492437166, 0.831888121285697, 0.826291751919709, 
       0.697781848379923, 0.709920515802801, 0.719918705452834, 0.586606071732674, 1.03526100059859, 
       0.719244476505092, 0.494160851845605, 0.778290947347313), FMSY = c(0.0388434381631713, 
       0.0176237406683313, 0.0369282232659636, 0.0438180257032666, 0.0400767813169847, 
       0.0200278146174764, 0.0172346279487968, 0.0205319592348088, 0.0267834494389971, 
       0.0347300272512227, 0.0309629870960604, 0.0412783419673643, 0.0222146864269947, 
       0.0415285032694325, 0.0379505321458086, 0.0322233710099383, 0.0178936075722085, 
       0.0530283246488285, 0.0190395762029382, 0.0210129494267815, 0.02144598600526, 
       0.0176508024799387, 0.0445459226042865, 0.0509153050114152, 0.0242573832550112, 
       0.0326373786820002, 0.0319425601510578, 0.0427204215166824, 0.0332062226710428
       ), FMSY_M = c(0.566849121837428, 0.315501741161283, 0.516002679331104, 0.74803782432173, 
       0.60190669641414, 0.27608835357493, 0.262862733431939, 0.47748420007035, 0.355612639044233, 
       0.751481721050727, 0.513572678097794, 0.731388355658272, 0.320544002521972, 0.742089619430737, 
       0.578101053599533, 0.565393668963179, 0.297717157890862, 0.682946342225947, 0.273475669153552, 
       0.281058371547154, 0.461541997329868, 0.250203924580562, 0.594759611949405, 0.649331791079285, 
       0.360249971680292, 0.511265622967367, 0.419002931080008, 0.709756810794828, 0.454760867403727
       ), Frac_area_1 = c(0.103872683797963, 0.0990386790968478, 0.103603091712575, 
       0.102249520400073, 0.100085895110387, 0.0972122497647069, 0.100175736753736, 
       0.0979331249254756, 0.103554710352328, 0.102532155537046, 0.101780073938426, 
       0.096389006129466, 0.0990211085113697, 0.0996928957314231, 0.0990522086480632, 
       0.097321704661008, 0.100332008285914, 0.0998268827237189, 0.100345667824149, 
       0.100270014251582, 0.0984059282625094, 0.104719804406632, 0.104920118760783, 
       0.103363346948754, 0.0991934192879125, 0.0997386799403466, 0.0974760561180301, 
       0.101442031934857, 0.0999200828978792), hs = c(0.598926595032681, 0.375633321875939, 
       0.532467152281897, 0.699762713250238, 0.623269143775105, 0.361389143129345, 0.345309398135869, 
       0.465994485419942, 0.422419880224625, 0.692118912439328, 0.515516746438807, 0.691631371270632, 
       0.382170067196712, 0.719105160852196, 0.605829042614205, 0.539242137571564, 0.365496408396866, 
       0.669023476423463, 0.361196409298573, 0.367423475777032, 0.459005151815945, 0.346793889852706, 
       0.642874725511065, 0.653760565967532, 0.412388092749752, 0.522349516219692, 0.471371890946757, 
       0.683726703630527, 0.495238221685868), K = c(0.125284983672667, 0.127149322471581, 
       0.127685256243218, 0.122032450320199, 0.125794395141304, 0.125705679759383, 0.126419923599809, 
       0.12293663496105, 0.122476277973037, 0.122290666942485, 0.122296436881181, 0.123017181615345, 
       0.122449466360267, 0.126507373456843, 0.122496767194476, 0.127240834279917, 0.127072949693538, 
       0.12779208285315, 0.127705302147195, 0.127793343779165, 0.125717097255401, 0.123983683946077, 
       0.127477079620585, 0.124118173784111, 0.123455179995392, 0.123445468845312, 0.123244969843421, 
       0.12220615541609, 0.124585268436465), Ksd = c(0.00372521510580555, 0.00232936377287842, 
       0.00260505083715543, 0.0099198984215036, 0.0204883147147484, 0.0177279545285273, 
       0.00175646119751036, 0.000598537817131728, 0.0122682803194039, 0.0134401023155078, 
       0.00593721675104462, 0.0179265474143904, 0.0188011558493599, 0.00293047995073721, 
       0.0183635407593101, 0.00384610841865651, 0.0222474100650288, 0.00860766217228956, 
       0.0203240498143714, 0.0216011319716927, 0.00715465924004093, 0.0228262390824966, 
       0.0198366578260902, 0.00149381792871282, 0.0164296931645367, 0.0164456441125367, 
       0.0221692529215943, 0.014811035071034, 0.0156682211556472), L5 = c(7.82956875583557, 
       9.22894900064815, 7.82860803768467, 13.8171096402859, 10.7365461571764, 10.7001125204822, 
       9.36387845880406, 8.71003969969035, 9.15598389577351, 12.801818730596, 11.4896038529769, 
       13.736920333057, 13.7604901843929, 8.01083608188373, 10.3751572496139, 13.0265100781585, 
       12.5704273458924, 11.8105283467238, 8.13628528344614, 7.66875674024649, 10.4108655358919, 
       9.32776307343887, 10.0513567353076, 11.426506494155, 9.44174302579008, 8.15543290509381, 
       12.5481149711572, 9.4917336941741, 13.7390678060695), L50 = c(37.5132588217966, 
       35.315494377166, 36.5967800831422, 37.4848131625913, 33.0632090023719, 32.7504219813272, 
       36.2174241407774, 34.768066897057, 36.8475811532699, 33.8536931225099, 37.0082334047183, 
       36.5411608065479, 36.616674781777, 32.5657996507362, 33.0049440800212, 36.9153926610015, 
       37.2003595880233, 36.4406546698883, 32.7460028785281, 37.6023381375708, 33.1899080080912, 
       34.7212633066811, 33.2128122569993, 33.3538243025541, 34.7276181206107, 33.1992113143206, 
       32.7000381839462, 34.92460261425, 34.5272321528755), L50_95 = c(12.4859861293808, 
       12.5549243618734, 12.465643459931, 12.9748136980925, 13.7752157952636, 12.5771289034747, 
       12.549446169287, 12.1450356203131, 12.9654029652011, 14.4688739483245, 14.8028772720136, 
       13.8820171875414, 12.8197521383408, 14.7572811262216, 12.1330051675905, 13.8787425868213, 
       13.0116572238039, 13.8356664804742, 12.8672145330347, 14.3614497121889, 14.3040519221686, 
       14.978506433079, 13.2810276146047, 13.1313063350972, 12.0647735595703, 12.3046080472413, 
       14.9826650060713, 14.2562033976428, 14.2516247229651), L95 = c(49.9992449511774, 
       47.8704187390395, 49.0624235430732, 50.4596268606838, 46.8384247976355, 45.3275508848019, 
       48.7668703100644, 46.9131025173701, 49.8129841184709, 48.3225670708343, 51.8111106767319, 
       50.4231779940892, 49.4364269201178, 47.3230807769578, 45.1379492476117, 50.7941352478229, 
       50.2120168118272, 50.2763211503625, 45.6132174115628, 51.9637878497597, 47.4939599302597, 
       49.6997697397601, 46.493839871604, 46.4851306376513, 46.792391680181, 45.5038193615619, 
       47.6827031900175, 49.1808060118929, 48.7788568758406), LenCV = c(0.111041251635179, 
       0.11770735161379, 0.0866194896399975, 0.100109598487616, 0.0890177773684263, 
       0.0892236797325313, 0.106867902725935, 0.118285655090585, 0.117408930230886, 
       0.0838389399927109, 0.0843930816836655, 0.0902351591456682, 0.11416589666158, 
       0.111766069810838, 0.0972685799468309, 0.0902128340583295, 0.0949288546200842, 
       0.108797998521477, 0.107176853315905, 0.0953953393828124, 0.105897578820586, 
       0.115134687293321, 0.109131011115387, 0.115425136396661, 0.0964861891511828, 
       0.0850282699614763, 0.11343206810765, 0.0921431416179985, 0.112839571759105), 
       LFR = c(0, 0, 0, 0, 0, 0, 0, 0, 0, 0, 0, 0, 0, 0, 0, 0, 0, 0, 0, 0, 0, 0, 0, 
       0, 0, 0, 0, 0, 0), LFS = c(32.330464323718, 31.5496467071691, 37.238168945196, 
       35.8497132672435, 26.7065609868016, 32.5028079066497, 38.8829481908213, 30.0294409088461, 
       37.6249277310273, 25.5237008588915, 37.7042328658458, 27.7459036708707, 38.6548701219288, 
       29.0286415606266, 24.9033143797184, 36.5957886273908, 33.6021356016012, 39.7391931684398, 
       28.5083496975199, 38.5848655939159, 29.5704285125869, 32.6389789316645, 25.2536306192486, 
       36.0693236152666, 36.3242969555972, 36.2937917525096, 31.8555636041345, 35.5759508101137, 
       31.1637360089492), Linf = c(65.0587326940149, 64.0290944920853, 65.3228887934238, 
       64.2552966596559, 64.1730354866013, 66.0674786763266, 65.188121072948, 65.8237905232236, 
       67.4422472612932, 67.556257231161, 67.5858444971964, 66.7260317960754, 65.9892210923135, 
       65.9393283203244, 64.661611026153, 67.3848619628698, 64.0571943623945, 65.2440095692873, 
       64.6827824460343, 65.0664572501555, 66.9571936056018, 67.8980239406228, 67.976126242429, 
       64.8688230197877, 64.0510104782879, 65.3148852596059, 65.872078650631, 64.5486814854667, 
       66.544929953292), Linfsd = c(0.00385527239996009, 0.0185979129280895, 0.00298555502668023, 
       0.0163183231605217, 0.00573073067353107, 0.0171940336935222, 0.00549717640969902, 
       0.00378624971490353, 0.00456528591457754, 0.0189195534447208, 0.0179225600440986, 
       0.00241852124454454, 0.0112138822441921, 0.0170215402264148, 0.00863841666723602, 
       0.0234018850314897, 0.0125513600418344, 0.018241449870402, 0.023323620215524, 
       0.002886989567196, 0.0108338097110391, 0.0219824905565474, 0.0114949087437708, 
       0.00308287329389714, 0.0248232462792657, 0.012359304522397, 0.0151650653569959, 
       0.0204308745509479, 0.0239991848124191), LR5 = c(0, 0, 0, 0, 0, 0, 0, 0, 0, 0, 
       0, 0, 0, 0, 0, 0, 0, 0, 0, 0, 0, 0, 0, 0, 0, 0, 0, 0, 0), M = c(0.068525180099532, 
       0.055859408583492, 0.0715659525524825, 0.0585772861726582, 0.0665830461028963, 
       0.0725413236673921, 0.0655651248991489, 0.04300029033795, 0.0753163597080857, 
       0.0462153985630721, 0.0602893970347941, 0.0564383362792432, 0.069303079303354, 
       0.0559615741576999, 0.0656468828581274, 0.0569928047992289, 0.0601027085538954, 
       0.0776463996805251, 0.0696207317523658, 0.0747636489570141, 0.046465947041288, 
       0.0705456659384072, 0.0748973563592881, 0.0784118469338864, 0.0673348651267588, 
       0.0638364427722991, 0.0762346937973052, 0.0601902241259813, 0.0730190855264664
       ), maxF = c(0.8, 0.8, 0.8, 0.8, 0.8, 0.8, 0.8, 0.8, 0.8, 0.8, 0.8, 0.8, 0.8, 
       0.8, 0.8, 0.8, 0.8, 0.8, 0.8, 0.8, 0.8, 0.8, 0.8, 0.8, 0.8, 0.8, 0.8, 0.8, 0.8
       ), maxlen = c(64.7885837197805, 64.9251486158928, 65.2053744112786, 63.1815883513568, 
       64.4172001105789, 65.9261493914425, 65.1109273734545, 66.0849726486386, 67.1265156238324, 
       68.0458441980288, 69.3259718630262, 66.5619843280462, 65.9894377513256, 66.9256223918765, 
       65.1968922208309, 66.6920270393981, 64.2384467082391, 63.718276211292, 64.3580923753966, 
       65.0793744693015, 66.3344347291815, 65.5569070430571, 68.2608027890476, 64.9128164745422, 
       66.2970949883784, 65.0698856326431, 68.0942547444718, 65.0722868935268, 67.5466606919542
       ), Mexp = c(0, 0, 0, 0, 0, 0, 0, 0, 0, 0, 0, 0, 0, 0, 0, 0, 0, 0, 0, 0, 0, 0, 
       0, 0, 0, 0, 0, 0, 0), MGT = c(20.7227638427123, 22.4993740981326, 19.4669157879005, 
       23.5863144024209, 21.2445604220239, 19.0272378068961, 21.1420075927384, 28.8528627842617, 
       18.7265310426573, 26.5861494066625, 22.1812134291398, 22.0526033872184, 19.9161472794971, 
       22.8514926381096, 20.4582001049773, 23.1722348740724, 21.8397471021323, 18.5993767914822, 
       18.9499867385447, 19.5191796375535, 26.3849985331141, 19.5805363473893, 18.3777623142698, 
       18.1439097159536, 21.3336382771064, 20.9915750494139, 17.849556800146, 22.3877414188047, 
       19.4547536310019), Msd = c(0.0284754151594825, 0.0409905500244349, 0.0492693860200234, 
       0.0149730017059483, 0.0420971441548318, 0.0466947899432853, 0.0265016906661913, 
       0.0354852957651019, 0.0175782112288289, 0.0257303651189432, 0.00608728664228693, 
       0.0482622413779609, 0.0352928085019812, 0.0455859003704973, 0.0148727185907774, 
       0.0495506934938021, 0.0425551894702949, 0.00452151335775852, 0.0221925533958711, 
       0.0152442346327007, 0.0275049397372641, 0.00069283542688936, 0.0129347273032181, 
       0.00691686741774902, 0.0420305893756449, 0.0169242308940738, 0.0247677032020874, 
       0.00778631949797273, 0.00875038123922423), MSY = c(563.219390575617, 348.046436880196, 
       489.053803035689, 746.841677020498, 565.189494804243, 290.84021155529, 284.005262349822, 
       645.753120289924, 370.707466379172, 1025.11874684756, 598.002406644731, 818.982652565889, 
       335.69340468879, 871.520646642688, 564.716294617442, 706.671839173863, 313.373896865336, 
       603.527713774764, 280.514023570232, 274.400718160631, 635.78357215971, 285.931098079053, 
       634.418708114862, 557.698061087417, 348.165425943994, 549.934617300343, 410.218839896706, 
       733.232843758149, 472.443856776396), OFLreal = c(467.972612723164, 423.809359625614, 
       121.089174588211, 746.784927720984, 518.720438744675, 129.21249923406, 301.815209567988, 
       451.982396188296, 295.261150393502, 1109.19442954234, 570.787971225553, 214.6038492853, 
       309.817013739169, 510.129202878788, 706.016397718086, 315.789722283736, 235.216069195876, 
       600.640930133285, 327.123499651333, 279.480538980763, 268.179991520085, 290.448515464954, 
       368.719193159252, 238.227468194315, 206.26566953016, 308.533805883655, 265.801206968419, 
       267.669398850916, 81.4691037312499), Prob_staying = c(0.959335102671757, 0.969107908392325, 
       0.955504506994039, 0.972754810769111, 0.962094387114048, 0.968378949640319, 0.986672215946019, 
       0.955121601540595, 0.96357939989306, 0.987848499463871, 0.953992124851793, 0.979807923734188, 
       0.971411501886323, 0.960488374773413, 0.963919508578256, 0.952730781193823, 0.952722922163084, 
       0.959912142967805, 0.974027371518314, 0.951028055716306, 0.951547316638753, 0.960731934048235, 
       0.988266060240567, 0.955129461353645, 0.961132596330717, 0.986254350617528, 0.962611451456323, 
       0.963224127432331, 0.967838629335165), procmu = c(-0.0587996132589237, -0.0730328789966058, 
       -0.0591977197406631, -0.0843877783019735, -0.0592966045689398, -0.0670838399481652, 
       -0.0316538566040505, -0.0280056726232722, -0.0826198313197057, -0.108861795835408, 
       -0.116457180187507, -0.102285152314482, -0.0286571165920419, -0.0580356044265011, 
       -0.0232412730735058, -0.0564951187599262, -0.0713670184842191, -0.102108230540704, 
       -0.111879542074347, -0.086129712617046, -0.0288543854926949, -0.0531823423056724, 
       -0.0589263443892039, -0.0287350085924638, -0.0550516829127006, -0.0592922004189978, 
       -0.0586138871627704, -0.0465595581120434, -0.0326675119591951), procsd = c(0.34292743622791, 
       0.382185502070934, 0.3440863837488, 0.410823023458943, 0.344373647565953, 0.366289066034369, 
       0.251610240666196, 0.236667161318474, 0.406496817502193, 0.466608606511727, 0.482612018473446, 
       0.452294488833286, 0.239403912215494, 0.340692249475978, 0.215598112577572, 0.336140205152333, 
       0.377801584126428, 0.451903154538013, 0.473031800356694, 0.415041474113241, 0.240226499340497, 
       0.326135990978219, 0.343296794011258, 0.23972904952243, 0.33181827228982, 0.344360858458094, 
       0.342385417805053, 0.305154249886982, 0.255607167189009), qcv = c(0.293024011515081, 
       0.231609006132931, 0.223099089274183, 0.21879574614577, 0.164666025713086, 0.148112968541682, 
       0.126316799782217, 0.289754757564515, 0.278364855935797, 0.202676283894107, 0.214195793028921, 
       0.269663617806509, 0.159257300663739, 0.200334213254973, 0.25722132679075, 0.105118230683729, 
       0.277059184247628, 0.237015765719116, 0.176922724815086, 0.187948502833024, 0.135855074692518, 
       0.178882665885612, 0.178804174577817, 0.214568436425179, 0.180631183832884, 0.250565110426396, 
       0.230065048253164, 0.104530214425176, 0.293506941245869), qinc = c(1.80667255632579, 
       1.67334224004298, -1.22437069844455, 0.282397474162281, -0.674293491058052, -1.25078719574958, 
       -1.49741710256785, 0.854090305045247, 0.195974391885102, 0.370411144569516, 0.159005773253739, 
       -0.81511736754328, 0.925968521274626, -1.92292293719947, 0.345875149592757, 1.99729128181934, 
       -0.724078822880983, 1.5485854530707, -0.553769486024976, 1.90961646474898, 0.851705960929394, 
       0.0954981492832303, 1.32826642505825, -1.36575805675238, 1.1283220956102, -0.700294145382941, 
       -1.18723904900253, 1.63670486677438, -0.106369026936591), R0 = c(1000, 1000, 
       1000, 1000, 1000, 1000, 1000, 1000, 1000, 1000, 1000, 1000, 1000, 1000, 1000, 
       1000, 1000, 1000, 1000, 1000, 1000, 1000, 1000, 1000, 1000, 1000, 1000, 1000, 
       1000), RefY = c(533.053326991758, 365.264331853944, 328.315132346951, 645.02319610922, 
       564.081501063895, 153.189365349488, 355.627185187284, 554.435748835665, 319.579269750253, 
       903.152969370322, 463.255317884897, 444.00258087578, 291.847863588592, 756.223421691325, 
       574.584266221418, 618.194627101959, 327.974521731665, 527.075878982996, 229.333637878047, 
       309.736070603165, 456.344231376161, 246.594050895363, 543.328249520125, 412.636219709456, 
       268.275767361041, 507.202346941121, 316.078330186386, 558.843517741065, 180.921293718678
       ), Rmaxlen = c(1, 1, 1, 1, 1, 1, 1, 1, 1, 1, 1, 1, 1, 1, 1, 1, 1, 1, 1, 1, 1, 
       1, 1, 1, 1, 1, 1, 1, 1), Size_area_1 = c(0.0965278025763109, 0.0970714827277698, 
       0.102092169169337, 0.102086803335696, 0.103390621209983, 0.104162198149133, 0.096212321408093, 
       0.103466518470086, 0.102964636569377, 0.0974036377156153, 0.0957548903254792, 
       0.0997643918218091, 0.0992120675183833, 0.103579709008336, 0.101914296173491, 
       0.103906855143141, 0.104636901922058, 0.0951443609176204, 0.095931555328425, 
       0.10067277149763, 0.100955341891386, 0.10395605518017, 0.104677059259266, 0.0972602179483511, 
       0.0995061299065128, 0.0963386978418566, 0.102449988899753, 0.104190815319307, 
       0.103617822369561), SizeLimFrac = c(1, 1, 1, 1, 1, 1, 1, 1, 1, 1, 1, 1, 1, 1, 
       1, 1, 1, 1, 1, 1, 1, 1, 1, 1, 1, 1, 1, 1, 1), SizeLimSD = c(0, 0, 0, 0, 0, 0, 
       0, 0, 0, 0, 0, 0, 0, 0, 0, 0, 0, 0, 0, 0, 0, 0, 0, 0, 0, 0, 0, 0, 0), Spat_targ = c(1, 
       1, 1, 1, 1, 1, 1, 1, 1, 1, 1, 1, 1, 1, 1, 1, 1, 1, 1, 1, 1, 1, 1, 1, 1, 1, 1, 
       1, 1), SRrel = c(2, 2, 2, 2, 2, 2, 2, 2, 2, 2, 2, 2, 2, 2, 2, 2, 2, 2, 2, 2, 
       2, 2, 2, 2, 2, 2, 2, 2, 2), SSB0 = c(30697.2288224589, 41106.2770095517, 29633.4484720242, 
       37105.3498233284, 30711.793043463, 28937.6688100295, 33920.3758878297, 67372.4093078687, 
       28236.6651365695, 66067.6216467426, 42178.0345628757, 45406.7049655983, 31466.3907906884, 
       42161.3670155466, 32141.0071944576, 44855.1821691839, 35790.547603655, 25292.4659902651, 
       29602.3616338115, 26456.0362808158, 64443.2545065897, 33981.4188187733, 31022.2653823396, 
       24392.1311516527, 30140.1498145626, 36705.4352280108, 26143.6591659508, 36526.4125774304, 
       29782.5472053564), SSBMSY = c(13796.8541965794, 19481.2912660961, 12907.9574790473, 
       16265.6326822492, 13840.1833178033, 14597.4233941186, 16285.7299013078, 31349.7293744642, 
       13539.8304794454, 29304.6939771742, 18868.7248451817, 19242.8166243505, 14889.8646844658, 
       20856.8065386381, 14697.504254263, 21619.2034672242, 17028.9416160214, 10991.3489022979, 
       14709.8584314157, 12525.0948404575, 29696.6898551473, 16027.1356867601, 14152.295583764, 
       10846.1740506997, 14205.9734381156, 16874.273895322, 12741.0664520817, 16705.9952560863, 
       14010.4897755681), SSBMSY_SSB0 = c(0.449449501659422, 0.473924974075598, 0.435587423827276, 
       0.438363544871442, 0.450647192699457, 0.504443654046497, 0.480116433708243, 0.46531999814949, 
       0.479512379169375, 0.443556060393149, 0.447359035117051, 0.423787998687188, 0.473199000912176, 
       0.494689997384272, 0.457282006296226, 0.481977832253168, 0.475794385841763, 0.434570077371199, 
       0.496915030408057, 0.473430513456768, 0.460819213469591, 0.471644099742703, 0.456198005185678, 
       0.444658729623335, 0.471330551623594, 0.45972139522391, 0.487348246517668, 0.457367534265025, 
       0.470426175402762), t0 = c(-0.0488282721117139, -0.0432011746661738, -0.0444130848301575, 
       -0.0368794276705012, -0.0447503630490974, -0.0300754554430023, -0.0401082763401791, 
       -0.0366206641774625, -0.0341589315701276, -0.0456083771167323, -0.0415029632719234, 
       -0.0483401536848396, -0.0333321490231901, -0.04230366459582, -0.0497250027861446, 
       -0.0369154126709327, -0.0373106836760417, -0.0402531293733045, -0.0428095547389239, 
       -0.0335421411925927, -0.0333444530563429, -0.0434712659101933, -0.0434660782851279, 
       -0.0438650730950758, -0.0464390471158549, -0.0437669359799474, -0.0371225985651836, 
       -0.0327415000181645, -0.0445175318978727), TACFrac = c(1, 1, 1, 1, 1, 1, 1, 1, 
       1, 1, 1, 1, 1, 1, 1, 1, 1, 1, 1, 1, 1, 1, 1, 1, 1, 1, 1, 1, 1), TACSD = c(0, 
       0, 0, 0, 0, 0, 0, 0, 0, 0, 0, 0, 0, 0, 0, 0, 0, 0, 0, 0, 0, 0, 0, 0, 0, 0, 0, 
       0, 0), TAEFrac = c(1, 1, 1, 1, 1, 1, 1, 1, 1, 1, 1, 1, 1, 1, 1, 1, 1, 1, 1, 1, 
       1, 1, 1, 1, 1, 1, 1, 1, 1), TAESD = c(0, 0, 0, 0, 0, 0, 0, 0, 0, 0, 0, 0, 0, 
       0, 0, 0, 0, 0, 0, 0, 0, 0, 0, 0, 0, 0, 0, 0, 0), UMSY = c(0.0368105319264154, 
       0.0169710087847759, 0.0348166999263814, 0.0416256096018691, 0.0379148922744537, 
       0.0190932283574202, 0.0165240458378065, 0.0198761533420143, 0.0254367405354379, 
       0.0333602902301522, 0.029567108135399, 0.0391811052868212, 0.0212012851060954, 
       0.0395485705697316, 0.0360206026152674, 0.0307399803240024, 0.0171856808711655, 
       0.0496633983951583, 0.0181995955353822, 0.0200344085059482, 0.0207252983943497, 
       0.0168902764500113, 0.0419548278022598, 0.0477319519497651, 0.0231218588284386, 
       0.0311071002008709, 0.0302345761660617, 0.0405716720824212, 0.0314710101778602
       ), Vmaxlen = c(0.999129050016869, 0.999625061587663, 0.999031004786491, 0.999459582632408, 
       0.999536086963723, 0.999874761057319, 0.999485301310197, 0.999217724468559, 0.999851728771813, 
       0.999980355914682, 0.999519330269191, 0.999881679015234, 0.999984380531823, 0.999317719260231, 
       0.999018177078571, 0.999568982187426, 0.999039554552408, 0.999116545996862, 0.999364965935936, 
       0.999658732048003, 0.999241480788682, 0.999276841806015, 0.999338446427602, 0.999621489878744, 
       0.999205856653396, 0.999123928639106, 0.99949569417513, 0.999216956092045, 0.999810478982283
       )), class = "data.frame", row.names = c(NA, -29L)), structure(list(A = c(26130.6817142221, 
   12864.1025187956, 16846.7307543629, 20420.1764684414, 11986.0834878425, 22092.5053279097, 
   12728.581333047, 36283.1865635554, 9055.63725063317, 9872.12055191119, 13465.2744893449, 
   21701.4300229784, 5916.96660116051, 3512.6026447386, 3973.57089460684, 21872.6670129203, 
   9966.47570049521, 15324.0643928557, 16291.2571290623, 10918.4952653284, 10175.229422464, 
   13908.0109197191, 40839.7181877194, 29459.5422685193, 10439.5382239797, 5804.18455758582, 
   14019.6862092584, 12126.6829056594, 9012.63006943058), AC = c(0.15011436957866, 0.421442764438689, 
   0.596706553921103, 0.858022371307015, 0.659349520690739, 0.321758339181542, 0.551029529236257, 
   0.498382520675659, 0.660306437127292, 0.308591988310218, 0.56756320875138, 0.375527621991932, 
   0.459689425304532, 0.556452422589064, 0.710169208049774, 0.543897708505392, 0.672852854244411, 
   0.500178462266922, 0.263091163150966, 0.342038654908538, 0.332846896350384, 0.684445530921221, 
   0.485407094284892, 0.744623021408916, 0.122734392248094, 0.553716243803501, 0.69029438663274, 
   0.808778384327889, 0.470218384079635), ageM = c(6.62362394295916, 6.0625071163532, 
   5.32636064499806, 6.36450824662898, 6.14876793432735, 6.354911058693, 6.35064735307466, 
   5.80332105081736, 5.74918563497025, 5.71822238598012, 5.41557037348098, 5.20402159165081, 
   6.34627174167136, 5.80324292410657, 5.88124213189916, 6.88920499213453, 7.03336977900747, 
   6.50382664532542, 6.63818962852492, 5.78545826326686, 6.13708723449156, 5.87006708130214, 
   6.32642087167636, 5.83117949761069, 5.80859860756036, 5.71005418848285, 6.43482045231375, 
   6.4127477413226, 5.3925629383785), Asp = c(24736.2975162896, 12152.8403854075, 16263.9997116059, 
   19385.0553961908, 11645.6305268899, 21156.1935213491, 10998.7475363218, 35147.8201159882, 
   8360.43485773184, 9143.76802240762, 12612.5952381306, 20932.9361065225, 5452.8158807726, 
   3267.56576993064, 3684.33491139944, 20564.015833167, 9314.95210409728, 14016.6853431698, 
   14749.8552396897, 10116.9604099335, 9511.27451696246, 13240.5279971755, 39448.1781150518, 
   28073.8480299657, 9478.27838407209, 5280.97098636521, 12640.665545962, 10712.16531686, 
   8539.77558022577), Blow = c(3560.77265944079, 1886.07791620046, 2780.14431318876, 
   1068.90211511838, 1488.13420926227, 1933.11504750059, 525.251086297962, 2150.89987123217, 
   716.466322479411, 621.59544119331, 337.896009555368, 3211.72434807406, 2660.30786863941, 
   2763.89616181741, 1217.5073505448, 1380.30181472331, 711.271454951766, 621.94231288914, 
   548.324425007661, 419.691012953923, 1008.97996263144, 1572.35116596726, 3776.84831117093, 
   589.542075428568, 460.255379478475, 486.068795202262, 914.093440077743, 617.259104796987, 
   378.442992897511), BMSY = c(32327.4329284673, 32539.0866471324, 24552.1155831214, 
   17834.2162880065, 29874.418306073, 19206.9615779929, 15061.7405760316, 38669.1856908339, 
   18366.7849258034, 13177.4842655772, 13452.7115554951, 26838.3563261368, 16926.7080883323, 
   12591.9333419923, 12349.6171949786, 20613.515280681, 32501.2157355199, 12258.0269476815, 
   24790.3613689791, 12900.4747956463, 15497.1428694383, 18433.7217681225, 34323.4724644273, 
   28435.456188219, 13549.0818576778, 26990.7748171834, 16747.1261754012, 18286.6236785896, 
   17790.779693945), BMSY_B0 = c(0.485186129743129, 0.470688128701194, 0.458278464968254, 
   0.469785891381292, 0.446069212159987, 0.480875524343461, 0.515925639223071, 0.478377872547497, 
   0.483159603115888, 0.473165676615787, 0.471284459476616, 0.481855307997426, 0.463362260043564, 
   0.4587465051527, 0.508764765067399, 0.501848184504136, 0.464450203186976, 0.449142909336052, 
   0.483960966472807, 0.486021018189806, 0.473890307183293, 0.484952080004517, 0.468303989731973, 
   0.461068851057868, 0.492039698663726, 0.468151357173268, 0.480848207666806, 0.479984721958553, 
   0.521376512641642), D = c(0.393530079512857, 0.18465774175711, 0.319388885446824, 
   0.558598961192183, 0.182554410875309, 0.57382405239623, 0.41269996133633, 0.452879477594979, 
   0.236679441470187, 0.357574393472169, 0.477922993979882, 0.394359947985504, 0.163490746577736, 
   0.12977230316028, 0.167182148154825, 0.542524328781292, 0.14107434382895, 0.569688690640032, 
   0.309323657187633, 0.419472679099999, 0.315145532065071, 0.374146907730028, 0.565339315659367, 
   0.478063161170576, 0.375371459207963, 0.0969409802579321, 0.394076003681403, 0.307409255497623, 
   0.266670222091488), dFfinal = c(0.021170536670714, 0.0213601294575851, 0.0197958316065993, 
   0.0239329602978226, 0.0143984593778448, 0.0167526248036964, 0.018571796425432, 0.01277248494483, 
   0.0165064902366395, 0.0238845165822294, 0.0147124030562439, 0.0123014586528204, 0.0106683378016062, 
   0.023314653608452, 0.0246785568812648, 0.0183424694601386, 0.01388659777285, 0.0163211067853319, 
   0.017957433147946, 0.0104339533600746, 0.0188418692307434, 0.0239068665602527, 0.0108345490758391, 
   0.021754143566406, 0.0232151920328319, 0.0189959495588192, 0.0146616513796095, 0.0224495584754532, 
   0.0157593372999284), DR = c(0, 0, 0, 0, 0, 0, 0, 0, 0, 0, 0, 0, 0, 0, 0, 0, 0, 0, 
   0, 0, 0, 0, 0, 0, 0, 0, 0, 0, 0), Esd = c(0.243274627369829, 0.327593215205707, 0.223027962632477, 
   0.186572490399703, 0.335369240189903, 0.306612671818584, 0.107878579525277, 0.350943487114273, 
   0.220683050830849, 0.383447385835461, 0.339458397054114, 0.223127848445438, 0.131767616001889, 
   0.182039339793846, 0.358170247031376, 0.356818962353282, 0.246934051322751, 0.35061499774456, 
   0.160672328784131, 0.31525845748838, 0.369386844686233, 0.37148790883366, 0.30702498392202, 
   0.194228406762704, 0.236824527126737, 0.376596634183079, 0.337535762460902, 0.125446967687458, 
   0.33216374120675), Fdisc = c(0, 0, 0, 0, 0, 0, 0, 0, 0, 0, 0, 0, 0, 0, 0, 0, 0, 0, 
   0, 0, 0, 0, 0, 0, 0, 0, 0, 0, 0), FinF = c(0.974038447028611, 0.970168756967991, 
   0.763263229093437, 0.863317114831106, 1.06914121935458, 0.86490624075048, 0.764525002965123, 
   0.427618219256931, 0.608134203088068, 0.443404736107822, 0.573685104848531, 0.465682729999355, 
   0.788576141225933, 0.857195239910335, 1.10869274776975, 0.45332493562327, 0.620061147634349, 
   0.888612445391664, 0.689307508482584, 0.586858777764349, 0.476623478259248, 1.20268494267855, 
   0.500378794226853, 1.3148172175258, 1.034347529887, 0.603924650802349, 0.546454183410267, 
   1.13378600899624, 0.617218086274944), FMSY = c(0.0173126156776424, 0.0231617575048064, 
   0.0229171638136821, 0.0345505295932463, 0.0316219074409178, 0.0255029991421371, 0.033114985066779, 
   0.0207890607903201, 0.0391033056221565, 0.0396701124345932, 0.0482720418528228, 0.0186314447385008, 
   0.0252644314950515, 0.0199128588688908, 0.032278265859211, 0.0242102918628127, 0.0299339340700204, 
   0.0407375961193673, 0.0349681521397945, 0.04703821802631, 0.0310374754448716, 0.0268599609955525, 
   0.0181473996874293, 0.0363449856971211, 0.0408697107818285, 0.0381926770312495, 0.029463476241928, 
   0.0393424526871654, 0.040635436122473), FMSY_M = c(0.389177760521577, 0.551065050475508, 
   0.433522509029903, 0.507684611795296, 0.718175767894791, 0.413640899705908, 0.479615930270491, 
   0.519436472568021, 0.580020661349919, 0.50831026604714, 0.627131712453025, 0.376953925763241, 
   0.369846779529746, 0.249528007958291, 0.404881995373942, 0.415206421829925, 0.71714500843961, 
   0.537689084896447, 0.65132461206478, 0.597057783486846, 0.46016145804216, 0.421117177749856, 
   0.437968470516029, 0.764160280873129, 0.558837142855784, 0.750753278395949, 0.445757564707809, 
   0.615308552146421, 0.629759464555915), Frac_area_1 = c(0.101164137192536, 0.098674009910319, 
   0.0993293703114614, 0.102906078533269, 0.0955491596995853, 0.0967088754288852, 0.0987881752918474, 
   0.0960989018692635, 0.0968044054694474, 0.103232858674601, 0.104739192763809, 0.0980182284303009, 
   0.103214723116253, 0.100706333974376, 0.0979254098632373, 0.0976674206811003, 0.103589323775377, 
   0.102779542934149, 0.0961965402308852, 0.0970437157503329, 0.0963744435622357, 0.0987429598276503, 
   0.100998900542036, 0.100557712796144, 0.102666620479431, 0.096900321925059, 0.097754163031932, 
   0.098355639888905, 0.0956372294039465), hs = c(0.400737873452017, 0.510790095197735, 
   0.453374866191298, 0.513254181946395, 0.608051952846581, 0.437755520890933, 0.522757878089324, 
   0.486936259868089, 0.59766270749853, 0.546673668081639, 0.690942466490669, 0.406013788188575, 
   0.417396962495986, 0.345037057005102, 0.463324405542808, 0.440408192079049, 0.634138334715972, 
   0.581927606805693, 0.62591519814916, 0.616889409574214, 0.497380743878894, 0.443936776601477, 
   0.431850949795917, 0.674442056041444, 0.604188013616949, 0.719149388575461, 0.496076251175255, 
   0.599685593477916, 0.646476260356139), K = c(0.124792613280937, 0.127084357729182, 
   0.126922022247687, 0.125040207316168, 0.124281635677442, 0.12659588027047, 0.125176159991883, 
   0.122964062720537, 0.127360980887897, 0.125968395153061, 0.123191086389124, 0.126295676365029, 
   0.125871825071517, 0.125692720746156, 0.127542537713423, 0.124012625241186, 0.122366879075766, 
   0.124944934026804, 0.122691577421036, 0.126582395569421, 0.123747461015824, 0.12543735331716, 
   0.123145913843066, 0.124769162045792, 0.122755548434332, 0.124943821850233, 0.122059651800431, 
   0.126850374612492, 0.122899791122414), Ksd = c(0.024136778555112, 0.0125398774980567, 
   0.00353141787345521, 0.0105489685083739, 0.0214180542505346, 0.0196790944202803, 
   0.0214896183810197, 0.00336283321375959, 0.0183968755824026, 0.0194868067279458, 
   0.00582900291192345, 0.0243413839198183, 0.000557501270668581, 0.0181329067389015, 
   0.0170410454215016, 0.0227051286550704, 0.0195057850913145, 0.0183229560323525, 0.011213833099464, 
   0.0248755744716618, 0.0117801801010501, 0.00713902758434415, 0.0168757278646808, 
   0.00411479427129962, 0.0149312679131981, 0.022009938780684, 0.019065304286778, 0.00932146044797264, 
   0.0233831980614923), L5 = c(13.8828700840723, 9.22018052261426, 10.8664164501108, 
   13.7265760526384, 11.6462652404441, 11.4722054568707, 10.3787622021833, 7.72708085905924, 
   8.53462996981563, 13.1899772407678, 6.88412546583075, 11.5177899813079, 8.67216788193736, 
   10.3809462860933, 6.96048808039608, 12.3626477166361, 13.9151604448101, 11.3794254123074, 
   13.4134385727043, 12.9723564523729, 7.95103547817816, 13.0991008663386, 12.1295631461643, 
   13.059916959903, 7.85143702867277, 8.55747404097111, 8.86294116914691, 13.0152247128341, 
   10.0179589704855), L50 = c(37.3630989487283, 35.2431874256581, 32.7264619534835, 
   37.2552155540325, 35.0137624940835, 36.3747655013576, 35.5193803580478, 34.8273460855708, 
   34.7584712482058, 34.0108694168739, 32.7824172871187, 32.0236779474653, 37.2683365656994, 
   33.4853132627904, 34.3998540900648, 37.0264456933364, 37.9392699822783, 36.6123267784715, 
   37.6831888789311, 34.4113630801439, 34.5199161553755, 34.5223259204067, 35.4227977301925, 
   34.6067142467946, 33.8183363522403, 35.0294204382226, 35.710087292362, 36.8510867278092, 
   32.2746815131977), L50_95 = c(13.8290749539156, 13.8987526686396, 13.5832680158783, 
   14.7756227664649, 12.9580508905929, 13.9486957511399, 13.1524376850575, 12.6709476190154, 
   13.9623931066599, 12.8409024991561, 12.9951358633116, 14.4284775014967, 13.5823179844301, 
   12.553901852807, 12.5883432801347, 13.2665724931285, 13.2792625464499, 12.2722398319747, 
   14.4814995161723, 14.6947204764001, 12.9162323365454, 13.0455987474415, 14.3960641196463, 
   12.5393462805077, 12.9456997818779, 14.4799890252762, 12.5809643659741, 14.9315884220414, 
   12.1870004315861), L95 = c(51.1921739026438, 49.1419400942978, 46.3097299693618, 
   52.0308383204974, 47.9718133846764, 50.3234612524975, 48.6718180431053, 47.4982937045861, 
   48.7208643548656, 46.85177191603, 45.7775531504303, 46.452155448962, 50.8506545501295, 
   46.0392151155975, 46.9881973701995, 50.2930181864649, 51.2185325287282, 48.8845666104462, 
   52.1646883951034, 49.106083556544, 47.4361484919209, 47.5679246678483, 49.8188618498389, 
   47.1460605273023, 46.7640361341182, 49.5094094634987, 48.2910516583361, 51.7826751498505, 
   44.4616819447838), LenCV = c(0.0990668397210538, 0.0862753178272396, 0.0989172965660691, 
   0.118944498365745, 0.112229655692354, 0.089880886329338, 0.10266762281768, 0.114112086566165, 
   0.111314344154671, 0.0855684271082282, 0.119986561294645, 0.0876939443405718, 0.102016051625833, 
   0.0849683796055615, 0.0802518256101757, 0.0985021773632616, 0.0854375222045928, 0.100780868846923, 
   0.105588730433956, 0.106136654643342, 0.119105943534523, 0.0803368941042572, 0.082980935415253, 
   0.0815719974506646, 0.107872356958687, 0.10444552606903, 0.0888387025240809, 0.100023686168715, 
   0.0900993282999843), LFR = c(0, 0, 0, 0, 0, 0, 0, 0, 0, 0, 0, 0, 0, 0, 0, 0, 0, 0, 
   0, 0, 0, 0, 0, 0, 0, 0, 0, 0, 0), LFS = c(35.8895440056821, 29.8995992040473, 26.1968379691264, 
   40.1639532487963, 38.3494000682426, 39.0381607462152, 28.8588635493102, 29.943297425272, 
   31.464576757871, 30.4610628898813, 26.7308794113235, 28.8897830569686, 38.7835548750737, 
   35.8145482899041, 36.4788410343677, 36.690082441918, 30.1971373781857, 28.5949796360543, 
   30.423004938241, 34.0274514727899, 33.8893061844943, 37.5824322625596, 31.1068286648181, 
   32.519063042173, 28.6242513892934, 27.0545176875897, 28.7585206666579, 37.1186727501463, 
   27.4311384161771), Linf = c(66.503342053853, 65.1130805602297, 66.4193573193625, 
   67.8434123853222, 66.2658287519589, 65.794694933109, 64.5064866533503, 67.6825026422739, 
   67.8754656827077, 66.3689750945196, 66.9384312620386, 65.948605382815, 67.3879356225953, 
   65.2381321126595, 64.7781143253669, 65.3845316320658, 65.1847954485565, 64.8140423735604, 
   67.6646245056763, 65.8025682326406, 64.4891721438617, 66.1233791513368, 66.1070305546746, 
   66.6573170954362, 64.9971620319411, 67.2884968779981, 65.763346651569, 65.8741653794423, 
   65.5791272269562), Linfsd = c(0.00249784950283356, 0.00019061203347519, 0.00869535662932321, 
   0.022872833017027, 0.00435054639237933, 0.0113060535804834, 0.0224359290325083, 0.00146896183141507, 
   0.0129441299184691, 0.002658757584868, 0.00300462862360291, 0.0194421210733708, 0.00324008876341395, 
   0.00933321254560724, 0.00484229027060792, 0.0155507221003063, 0.0175624108407646, 
   0.0238001732446719, 0.0221281179925427, 0.0174586644978262, 0.00280113319167867, 
   0.0158333061845042, 0.0184866335883271, 0.00586724858731031, 0.00311778588220477, 
   0.00591388830798678, 0.00694401836371981, 0.011284041457111, 0.024721666064579), 
       LR5 = c(0, 0, 0, 0, 0, 0, 0, 0, 0, 0, 0, 0, 0, 0, 0, 0, 0, 0, 0, 0, 0, 0, 0, 
       0, 0, 0, 0, 0, 0), M = c(0.0444851104915142, 0.0420308954175562, 0.0528626849502325, 
       0.068055105060339, 0.0440308749675751, 0.0616549261938781, 0.069044798091054, 
       0.0400223355274648, 0.0674170908518135, 0.078043106906116, 0.0769727329909801, 
       0.0494263183511794, 0.0683105353172869, 0.0798020992986858, 0.0797226506192237, 
       0.0583090496435761, 0.0417404203023762, 0.0757642237190157, 0.0536877487692982, 
       0.0787833595462143, 0.0674490983597934, 0.0637826296687126, 0.041435402110219, 
       0.0475619926955551, 0.0731334903277457, 0.0508724745269865, 0.0660975350160152, 
       0.0639393887016922, 0.0645253281760961), maxF = c(0.8, 0.8, 0.8, 0.8, 0.8, 0.8, 
       0.8, 0.8, 0.8, 0.8, 0.8, 0.8, 0.8, 0.8, 0.8, 0.8, 0.8, 0.8, 0.8, 0.8, 0.8, 0.8, 
       0.8, 0.8, 0.8, 0.8, 0.8, 0.8, 0.8), maxlen = c(66.5493167805111, 65.0968775674921, 
       65.699044577835, 69.0190057829342, 66.4381243679292, 65.3172671750486, 65.8431372445946, 
       67.7089568299633, 68.5337171934213, 66.4340352028044, 67.086916826403, 65.7987457997727, 
       67.0448827795122, 66.0145441735686, 65.1280876905987, 66.2019505833168, 65.9904666819676, 
       63.0262934346736, 67.3023411810266, 64.4920472335248, 64.422230309038, 67.368167235265, 
       64.8679484425507, 67.1129675250988, 64.8739613466487, 66.9722722096674, 65.6656055799125, 
       66.4616080595886, 66.6084651964331), Mexp = c(0, 0, 0, 0, 0, 0, 0, 0, 0, 0, 0, 
       0, 0, 0, 0, 0, 0, 0, 0, 0, 0, 0, 0, 0, 0, 0, 0, 0, 0), MGT = c(27.7009995806286, 
       28.7100497400504, 23.7435560312591, 20.4988350006417, 27.0826227698341, 22.057740694708, 
       20.166160023399, 29.1353165242933, 20.1030491352063, 18.0536195739133, 18.0253027247577, 
       24.3958735897778, 19.3191594099368, 17.8435420016063, 17.6274644764806, 24.1257704341715, 
       30.4158693449948, 19.0239130796731, 25.098716513857, 18.3584208820611, 20.6258772522791, 
       21.1869494592296, 28.9161671211137, 26.2831999011612, 18.7480657079814, 24.6760534326814, 
       21.1310238743937, 21.3913620653355, 21.0186919887916), Msd = c(0.0140121737844311, 
       0.0162978403037414, 0.0139761680271477, 0.0239503469434567, 0.0445872799609788, 
       0.00542601915076375, 0.00910935431020334, 0.0416251923539676, 0.00134990875376388, 
       0.00607167400885373, 0.00956971662817523, 0.0248267526156269, 0.0499678800813854, 
       0.0437808388844132, 0.0381066679023206, 0.0270344626973383, 0.0354742323048413, 
       0.0132088874699548, 0.0452728623407893, 0.0327141841058619, 0.0297818348743022, 
       0.0161928165820427, 0.0115583812701516, 0.0390055105788633, 0.0403184909606353, 
       0.0167617590283044, 0.00563137594144791, 0.0388204944436438, 0.0306697774794884
       ), MSY = c(538.119825579251, 726.373154065932, 539.714802438849, 571.673776911076, 
       896.87436634178, 461.253473676423, 470.146349601967, 776.939770576685, 675.7287422733, 
       486.935649554862, 606.411077750369, 480.487363198443, 400.831185312045, 234.353359718154, 
       370.079170988442, 471.942358641033, 932.707989830356, 465.932390718396, 822.282720633212, 
       557.74332209138, 452.334544423889, 465.257686115267, 601.575432815552, 980.147590034986, 
       518.631314060171, 982.064197742034, 467.718369958197, 669.427084203126, 680.530101876225
       ), OFLreal = c(448.496920354675, 294.531126721577, 381.688969114132, 693.478895128072, 
       373.092781098377, 556.301317077234, 414.604089362694, 746.506896939546, 347.271372689117, 
       383.961874251438, 634.557388153754, 400.585661512656, 147.616225579215, 69.2541483025274, 
       126.212066399761, 523.184868381874, 293.914866111569, 611.720929849835, 559.830003281117, 
       501.694649196031, 310.962721650437, 368.596230367395, 734.450350888584, 1051.48283361326, 
       418.059727857303, 217.497502661323, 407.04279803374, 467.830310666038, 358.890925650894
       ), Prob_staying = c(0.975292872209102, 0.983068570168689, 0.958711844393983, 
       0.984034708505496, 0.954753275737166, 0.989442700995132, 0.960315593173727, 0.987237317487597, 
       0.971139539191499, 0.953530223350972, 0.963578863134608, 0.972670647008344, 0.989338249424472, 
       0.983651669230312, 0.953330709896982, 0.959975566649809, 0.983123279744759, 0.972075502611697, 
       0.971037475159392, 0.950547541547567, 0.955534177860245, 0.988697229642421, 0.971506886938587, 
       0.958800782067701, 0.957677729232237, 0.962610345790163, 0.974952284535393, 0.98998142182827, 
       0.951386672053486), procmu = c(-0.0631462373316032, -0.114988780144942, -0.0605863671340487, 
       -0.0695491376812407, -0.105925920561556, -0.0901601512462662, -0.117542412983915, 
       -0.0868426660058496, -0.02786080172175, -0.0206603747916479, -0.0275112923887034, 
       -0.0399076883972462, -0.0248106153272828, -0.0763988510272679, -0.0407743389673897, 
       -0.0786392123455318, -0.110197859054062, -0.0204518921676265, -0.0305409348853846, 
       -0.10279965517269, -0.0810182864638559, -0.0638802054358933, -0.114377463328693, 
       -0.106315208905504, -0.0241343818157993, -0.0273272874918324, -0.020314893128161, 
       -0.093645041828068, -0.0232052802240765), procsd = c(0.355376525199972, 0.479559756745584, 
       0.348098742123693, 0.372958811884746, 0.460273658949882, 0.424641381041147, 0.484855469153263, 
       0.4167557222303, 0.236054238351062, 0.20327505893074, 0.234568933956325, 0.282516153156757, 
       0.222758233640343, 0.390893466374837, 0.285567291430198, 0.396583439758979, 0.469463223381899, 
       0.202246840111911, 0.247147465636954, 0.453430601465516, 0.402537666470744, 0.357435883581638, 
       0.478283312125131, 0.461118659144267, 0.219701533066109, 0.233783179428428, 0.201568316598423, 
       0.432770243496634, 0.215431103715673), qcv = c(0.153240862069651, 0.146025512553751, 
       0.293594100140035, 0.2261114068795, 0.267954145930707, 0.210376514680684, 0.173049290198833, 
       0.125285702478141, 0.15877664568834, 0.258008991880342, 0.116217474685982, 0.200363133987412, 
       0.212815959239379, 0.203209593938664, 0.239995964802802, 0.188998861890286, 0.179126681620255, 
       0.22812457093969, 0.296982432901859, 0.137181118642911, 0.270071213599294, 0.207427277136594, 
       0.118879421846941, 0.254746103240177, 0.103877928387374, 0.127001882437617, 0.114314958965406, 
       0.14673593561165, 0.217658434482291), qinc = c(0.0780301718041301, 1.13360589556396, 
       -1.83692407235503, 1.01786161866039, 1.2755682412535, 1.5481786178425, -1.11350585892797, 
       -0.200861898250878, -1.7314313268289, -0.555657494813204, 0.384909392334521, 
       1.22717712726444, 1.82108467631042, 0.92593549285084, 1.93085068743676, 1.60548252426088, 
       -1.0669397553429, 1.49317004159093, 1.4690283741802, 1.87867346405983, -0.285065855830908, 
       1.53350872267038, -1.20283014141023, 1.88021968957037, 0.463853104971349, -0.248801677487791, 
       0.287660215049982, -0.212406580336392, 1.78315548505634), R0 = c(1000, 1000, 
       1000, 1000, 1000, 1000, 1000, 1000, 1000, 1000, 1000, 1000, 1000, 1000, 1000, 
       1000, 1000, 1000, 1000, 1000, 1000, 1000, 1000, 1000, 1000, 1000, 1000, 1000, 
       1000), RefY = c(629.54661426956, 345.088612705091, 401.824814992053, 534.713480164106, 
       426.583372061908, 434.017270845363, 327.709450773882, 1020.09313768204, 493.931480735931, 
       443.579453205114, 576.13339633034, 500.119398245248, 259.120198579576, 70.5389823344856, 
       220.488519149543, 524.349765109852, 434.904043342288, 517.119446074127, 788.568272896608, 
       648.042236826456, 305.228080971352, 330.943383798829, 718.609243583804, 701.529019074989, 
       529.359765257501, 608.906286375586, 465.353223965727, 863.591190964927, 495.958022187453
       ), Rmaxlen = c(1, 1, 1, 1, 1, 1, 1, 1, 1, 1, 1, 1, 1, 1, 1, 1, 1, 1, 1, 1, 1, 
       1, 1, 1, 1, 1, 1, 1, 1), Size_area_1 = c(0.100785746739712, 0.100147954800632, 
       0.0962467986531556, 0.104478110305499, 0.104915771370288, 0.101198831589427, 
       0.0979349849466234, 0.102902224850841, 0.097896531757433, 0.100924102829304, 
       0.102911747323815, 0.095582285032142, 0.0969071506243199, 0.10273791519925, 0.0968099114042707, 
       0.104322900648694, 0.0958256745128892, 0.103500738444272, 0.100597208123654, 
       0.0981989509146661, 0.0999369789520279, 0.0995250372868031, 0.0978713899687864, 
       0.095714836625848, 0.100376332805026, 0.100292072671, 0.0995201314659789, 0.103266943418421, 
       0.101709217547905), SizeLimFrac = c(1, 1, 1, 1, 1, 1, 1, 1, 1, 1, 1, 1, 1, 1, 
       1, 1, 1, 1, 1, 1, 1, 1, 1, 1, 1, 1, 1, 1, 1), SizeLimSD = c(0, 0, 0, 0, 0, 0, 
       0, 0, 0, 0, 0, 0, 0, 0, 0, 0, 0, 0, 0, 0, 0, 0, 0, 0, 0, 0, 0, 0, 0), Spat_targ = c(1, 
       1, 1, 1, 1, 1, 1, 1, 1, 1, 1, 1, 1, 1, 1, 1, 1, 1, 1, 1, 1, 1, 1, 1, 1, 1, 1, 
       1, 1), SRrel = c(2, 2, 2, 2, 2, 2, 2, 2, 2, 2, 2, 2, 2, 2, 2, 2, 2, 2, 2, 2, 
       2, 2, 2, 2, 2, 2, 2, 2, 2), SSB0 = c(64295.8362755348, 67206.537397676, 52284.9653535116, 
       35900.9964015744, 65272.2962105037, 38017.6001393794, 27596.0962854198, 79200.6985626885, 
       36538.3620482874, 26593.1165963996, 27425.514785035, 54438.9334158824, 34607.6035173237, 
       26208.6318052008, 22958.3263709591, 38978.0320063517, 67364.3631414532, 25562.8655872261, 
       48941.1982567396, 25053.2636837437, 31204.9678350792, 36530.2711263134, 71253.8306639326, 
       60125.4197770292, 26210.3876023751, 55885.4054105052, 33149.6692179291, 35978.7728794801, 
       33041.883698447), SSBMSY = c(30688.9256910615, 30996.1257788064, 23588.9194587726, 
       16210.177117115, 28328.39324804, 17794.1488457026, 13729.200524534, 37367.7843322017, 
       17086.7514460429, 12122.295673749, 12416.1630073418, 25914.6394252247, 15567.8604954417, 
       11795.3899636478, 11329.5999297297, 19064.4431683057, 30189.0830323515, 10911.3023722546, 
       22767.4340964865, 11641.6421700193, 14323.0555057731, 17319.9548901115, 32838.8140515606, 
       26954.3395915607, 12414.1566049959, 25320.0066962854, 15453.3070631856, 16491.9440789498, 
       16755.7815096552), SSBMSY_SSB0 = c(0.477308134846346, 0.461207004244177, 0.451160659652007, 
       0.451524435026659, 0.434003319826236, 0.468050291982294, 0.497505168214236, 0.471811297252947, 
       0.467638681325172, 0.455843361939391, 0.452723061158976, 0.476031358425994, 0.449839310244318, 
       0.450057448680214, 0.493485446049801, 0.489107381439859, 0.448146195176815, 0.426841909997252, 
       0.465199768445622, 0.464675673276579, 0.458999207481051, 0.474126097510283, 0.460870857686855, 
       0.448301894465251, 0.473634987521931, 0.453070108560504, 0.466167760576856, 0.458379837861445, 
       0.507107332698552), t0 = c(-0.0348566966317594, -0.0489778947783634, -0.0350713977077976, 
       -0.0416308921249583, -0.0308806433482096, -0.0385145708872005, -0.041602005334571, 
       -0.0424019788345322, -0.0325338900275528, -0.0449395154044032, -0.0395863586151972, 
       -0.0312531484756619, -0.0490964109543711, -0.0300288106733933, -0.0466986850230023, 
       -0.0386334831826389, -0.0479195313574746, -0.0345361506426707, -0.0369011352304369, 
       -0.0437800238560885, -0.0300753651466221, -0.0414982683444396, -0.0377572527574375, 
       -0.0401017502043396, -0.0470161504205316, -0.0332121092220768, -0.0347894463920966, 
       -0.0435868245828897, -0.0484189249901101), TACFrac = c(1, 1, 1, 1, 1, 1, 1, 1, 
       1, 1, 1, 1, 1, 1, 1, 1, 1, 1, 1, 1, 1, 1, 1, 1, 1, 1, 1, 1, 1), TACSD = c(0, 
       0, 0, 0, 0, 0, 0, 0, 0, 0, 0, 0, 0, 0, 0, 0, 0, 0, 0, 0, 0, 0, 0, 0, 0, 0, 0, 
       0, 0), TAEFrac = c(1, 1, 1, 1, 1, 1, 1, 1, 1, 1, 1, 1, 1, 1, 1, 1, 1, 1, 1, 1, 
       1, 1, 1, 1, 1, 1, 1, 1, 1), TAESD = c(0, 0, 0, 0, 0, 0, 0, 0, 0, 0, 0, 0, 0, 
       0, 0, 0, 0, 0, 0, 0, 0, 0, 0, 0, 0, 0, 0, 0, 0), UMSY = c(0.0167860213111464, 
       0.0224173516712426, 0.0220605816037013, 0.0328089780633227, 0.0304148729553828, 
       0.0244192265957492, 0.031463596771921, 0.0201512563657303, 0.0370717074086849, 
       0.0374067080733294, 0.045334790053806, 0.0179806541977008, 0.0240331669458639, 
       0.0188866913087586, 0.0304582381750415, 0.0232022415748448, 0.028873760555078, 
       0.0384087008587623, 0.0334131059326655, 0.0440838214293558, 0.0295233918457439, 
       0.0256522313142086, 0.0176089231363158, 0.0347594623661083, 0.0385662356534537, 
       0.0365249574792985, 0.0280943355001272, 0.0373091134551758, 0.038488324541524
       ), Vmaxlen = c(0.999247669760138, 0.999201007808559, 0.999204718359746, 0.999346680246759, 
       0.999847724361811, 0.99928388179536, 0.999064784446964, 0.999641290061874, 0.999653355593793, 
       0.999573351992061, 0.999887959679123, 0.999315283370903, 0.999839071496623, 0.999292636575177, 
       0.999124672608217, 0.999520504887681, 0.999884598949226, 0.999314368086634, 0.999981604929781, 
       0.999157398752868, 0.999252488828497, 0.999702312417096, 0.999532158163143, 0.999738442143193, 
       0.999810172253754, 0.99935353125399, 0.999795481969602, 0.99921204025019, 0.999297718640417
       )), class = "data.frame", row.names = c(NA, -29L)), structure(list(A = c(17088.7662316854, 
   11181.7476582345, 9679.96856974246, 12053.0536974975, 24429.282911837, 3186.25146136739, 
   6337.1627694403, 32478.4748288814, 8222.80446090528, 19946.1589863663, 17640.1248632288, 
   37238.8777722001, 24035.9543259662, 7727.83075063849, 13452.3109400479, 22450.3118824039, 
   17772.6505335925, 7924.8660032112, 22258.9251991153, 5580.75132208791, 13996.6983964474, 
   4040.65600930497, 2552.79891171025, 16348.9513655035, 2114.01492705426, 4386.50084334895, 
   26386.8034892639, 20541.2776724273, 9937.58729754578), AC = c(0.268560085631907, 
   0.72117940094322, 0.804503146372736, 0.142785579524934, 0.719912303984165, 0.352105480059981, 
   0.254637119360268, 0.497183564119041, 0.374689281359315, 0.212736614234746, 0.156176079064608, 
   0.387827592529357, 0.192400967516005, 0.140363983809948, 0.616739203222096, 0.44491604603827, 
   0.786898596212268, 0.629223716072738, 0.687280827760696, 0.327234148606658, 0.170105087012053, 
   0.153217353671789, 0.894103822484613, 0.512016226164997, 0.133058267273009, 0.168906357698143, 
   0.747179119102657, 0.279884055815637, 0.189611771516502), ageM = c(6.34010107800086, 
   5.96515092408789, 6.72680980296332, 6.98966535377221, 6.30706372502229, 6.15330373436991, 
   6.75508226900919, 5.94375277600897, 6.14018541273586, 6.67770288837172, 6.00116193235799, 
   6.32548956759554, 6.80238465789262, 5.7091482297655, 6.04907952091274, 6.31806220449155, 
   5.80483216930582, 5.52552559698521, 6.99536622288112, 6.46152891608045, 6.02460207422772, 
   5.24142480890028, 5.58574829546233, 5.73328674413269, 5.56746190743491, 6.32708938257277, 
   6.25759434073398, 6.37690196923122, 6.69082688596289), Asp = c(16056.4221367314, 
   10330.4456395578, 9050.87219647093, 11165.9453451469, 23308.5320416065, 2900.98823209859, 
   5483.14655581797, 31269.5435002596, 7579.28170895983, 18029.3723021223, 16395.8235505995, 
   35517.3706734322, 22569.4298479873, 7325.79900518467, 12462.9479379796, 21138.3666485591, 
   16905.4795167439, 7465.16142213001, 20840.6474891834, 4833.70482548428, 13092.6810504836, 
   3748.19439519996, 2406.34044074467, 15873.8653683108, 1952.58556726393, 4093.56839670239, 
   25001.4094787849, 19557.8238591637, 8758.73704417355), Blow = c(1397.54504888351, 
   751.873967416697, 1113.12412122815, 832.408252846265, 2381.39495401168, 646.504869925538, 
   317.528329703531, 2785.02291132414, 519.954683221794, 999.602920307671, 708.742079622023, 
   1080.24471736636, 686.595688080974, 2342.16581017115, 390.556877948004, 2215.86346603686, 
   1001.77460958037, 864.575237897637, 611.596070724346, 436.076081689427, 887.564779449174, 
   868.883763624469, 866.599762185071, 2633.09313169713, 2096.19135592291, 2859.58533568585, 
   4741.1302712592, 2819.88400626938, 452.890497758083), BMSY = c(36116.9111255539, 
   15905.8804808393, 17887.4135799682, 12333.5448587571, 30616.2905400552, 16830.0782336495, 
   14652.9713009467, 29912.0594496153, 22476.0538029363, 15973.2223347815, 14394.3602261606, 
   32122.5260569117, 21339.5590003645, 31909.1888967537, 15883.9736123968, 37050.7628288553, 
   34419.0280132409, 13298.7509600737, 18512.1157763519, 20174.3874441315, 12220.1338798284, 
   15518.6132626182, 19182.8475244213, 27626.5751911799, 13754.3661359327, 27778.8604903833, 
   28549.0245211177, 29683.9002646243, 12440.8568431395), BMSY_B0 = c(0.474221573209435, 
   0.457752762612257, 0.501708694569875, 0.456283793153149, 0.471916496202939, 0.456863415970305, 
   0.462107784952593, 0.461858603754869, 0.462645406643428, 0.474744973768343, 0.480845142501736, 
   0.454098183139515, 0.468020810445519, 0.461270315768671, 0.461252988358721, 0.452691527799191, 
   0.458984749891224, 0.48456870102205, 0.460010373465392, 0.474471003462901, 0.47544580035149, 
   0.489418222934161, 0.4779963502875, 0.466477787290346, 0.494467703451423, 0.488279584909661, 
   0.464762999625068, 0.465566654217608, 0.464286996518559), D = c(0.2223300981801, 
   0.322199355752673, 0.278393386304378, 0.463258779374883, 0.380856669030618, 0.0854730751016177, 
   0.191145942674484, 0.507544171402696, 0.165986506151967, 0.587783858645707, 0.598297853441909, 
   0.52911392126698, 0.534966464096215, 0.110763870808296, 0.393645599088632, 0.271822861733381, 
   0.235745344194584, 0.294478782021906, 0.56338807598222, 0.123646270588506, 0.562916157278232, 
   0.126771781756543, 0.0637140948558226, 0.282013883953914, 0.0759584938758053, 0.0759410923579708, 
   0.432737612107303, 0.323302672605496, 0.366891836293507), dFfinal = c(0.0161086269330597, 
   0.00804444589353492, 0.0102947499316006, 0.00836888342947237, 0.0191707510781626, 
   0.0217036045468587, 0.0205524849388407, 0.0145520373203467, 0.0153333911608772, 0.0234426843626899, 
   0.0184358647632515, 0.018001282916483, 0.0222581028124442, 0.027644930057051, 0.0214593725622721, 
   0.0171330301455697, 0.0122013486349457, 0.0100399316245539, 0.0202790099690404, 0.0191491834940605, 
   0.0188150653403679, 0.021181349975291, 0.0146521601933793, 0.0150958244161841, 0.0191360897409315, 
   0.00850981220823983, 0.0229154295219635, 0.0164000400369694, 0.0167525516805797), 
       DR = c(0, 0, 0, 0, 0, 0, 0, 0, 0, 0, 0, 0, 0, 0, 0, 0, 0, 0, 0, 0, 0, 0, 0, 0, 
       0, 0, 0, 0, 0), Esd = c(0.132920575980097, 0.147078325483017, 0.351264814287424, 
       0.113360805273987, 0.355969028291293, 0.384021686180495, 0.195781942293979, 0.370230848272331, 
       0.125944749847986, 0.354011269682087, 0.188125685974956, 0.202857790514827, 0.166171795548871, 
       0.107085996400565, 0.273511763801798, 0.27722593115177, 0.281137996632606, 0.205485664121807, 
       0.38957494283095, 0.239001521118917, 0.259327772725374, 0.230683226673864, 0.227137631340884, 
       0.133510806900449, 0.345832540141419, 0.217687758174725, 0.246493861987256, 0.125222786492668, 
       0.157857687585056), Fdisc = c(0, 0, 0, 0, 0, 0, 0, 0, 0, 0, 0, 0, 0, 0, 0, 0, 
       0, 0, 0, 0, 0, 0, 0, 0, 0, 0, 0, 0, 0), FinF = c(0.816043376286722, 0.570563437438704, 
       0.58077922277897, 0.64451156450461, 1.65958640179212, 0.828816012967813, 1.24366686017503, 
       0.576400139823022, 0.58359986666684, 0.470879789723268, 0.829783255620312, 0.82565577277132, 
       0.911759983325057, 1.13070958203388, 0.960107424753549, 0.767351209200749, 0.784847989122659, 
       0.743955360414618, 0.731533551668396, 0.697520298987918, 0.834146585321806, 0.795771294880583, 
       1.10628625211222, 0.750485122557154, 1.10258174972783, 0.981260121815788, 1.00054499641143, 
       0.868544341201524, 0.908347683456391), FMSY = c(0.0276199190859453, 0.0435361720181302, 
       0.0329660591305202, 0.0338991379036053, 0.0241038526960769, 0.0402438833423215, 
       0.0485530058446269, 0.0169684813111677, 0.0356550055769722, 0.0293479644829946, 
       0.0346338893511759, 0.0268793757922316, 0.032999638817285, 0.0234781118742241, 
       0.0504111379562668, 0.0236219904237567, 0.0296003908469387, 0.033863659720909, 
       0.0389616690392971, 0.0425360300402638, 0.0332079536238846, 0.0340317747306395, 
       0.039149905669113, 0.0213209092273616, 0.026776540168473, 0.0188192149876897, 
       0.0154196426732733, 0.0193609595981146, 0.047423855408102), FMSY_M = c(0.65674078750379, 
       0.622067484107871, 0.528047091703658, 0.444361018756606, 0.510488885944913, 0.584540787157445, 
       0.662096814447721, 0.393023202766842, 0.668444220138515, 0.44404158300222, 0.471668844090719, 
       0.644298489485865, 0.609500739184235, 0.527694789690786, 0.756383998510073, 0.577339959620404, 
       0.719935817064861, 0.440239619086582, 0.638020589445025, 0.724725585608261, 0.422414936553633, 
       0.471967617125952, 0.660597900446779, 0.45922008918139, 0.348107070774171, 0.408204647914319, 
       0.307485298805828, 0.421852093558928, 0.600405569210723), Frac_area_1 = c(0.0972524619475007, 
       0.102910164229106, 0.0960606135986745, 0.0980357466358691, 0.100031863418408, 
       0.104434670349583, 0.0987942513404414, 0.0965868824347854, 0.100645567739848, 
       0.103684756027069, 0.100292017539032, 0.0970743728452362, 0.0984207008313388, 
       0.103813078515232, 0.0991238315450028, 0.103891631886363, 0.0984630860784091, 
       0.104136089649983, 0.101587155321613, 0.103574517141096, 0.10413989135297, 0.0974935095990077, 
       0.101360558958258, 0.097391603088472, 0.0976996202464216, 0.100775699696969, 
       0.103538323228713, 0.104740247246809, 0.102256571662147), hs = c(0.55591015386628, 
       0.618264459392522, 0.544493924825219, 0.48522133871913, 0.49628552983515, 0.58125627765432, 
       0.696437026401982, 0.40884791265009, 0.607414661818184, 0.498236119978828, 0.526750876450678, 
       0.571463048835285, 0.586236347093945, 0.495571007252438, 0.714104792887811, 0.507434588157339, 
       0.621044730388094, 0.495528251862852, 0.638587481661234, 0.653804752741707, 0.472979301527375, 
       0.511853091126541, 0.637096791527001, 0.449148686863482, 0.421155729882885, 0.422137455489719, 
       0.363347285978962, 0.42313042786438, 0.634723440626403), K = c(0.127616588357836, 
       0.122947319952771, 0.126259652284905, 0.124731402591802, 0.123188628599979, 0.125754533480853, 
       0.12354676561337, 0.125642854853999, 0.123354721328244, 0.126042855513282, 0.12431371654151, 
       0.126622623359784, 0.124535898420494, 0.124334292004351, 0.12676237431867, 0.125206175293773, 
       0.126102352974936, 0.124041537499987, 0.124148206542712, 0.127278935744893, 0.127804891300853, 
       0.122821598795243, 0.124110408738721, 0.123157589950133, 0.122451480516233, 0.127298289032653, 
       0.127069696977269, 0.125593606910668, 0.126552424120251), Ksd = c(0.00477717475150712, 
       0.0137664920126554, 0.0109269783715717, 0.00792096744989976, 0.0200447225419339, 
       0.0233565253089182, 0.0224962924432475, 0.00424255456309766, 0.0229840338986833, 
       0.00267045074724592, 0.0221933967550285, 0.0249165474437177, 0.0229332017945126, 
       0.0027800204756204, 0.00195844232221134, 0.0240929809689987, 0.0012033985753078, 
       0.00271605987800285, 0.00655279027414508, 0.0145160663931165, 0.0136091900465544, 
       0.0110881048429292, 0.00896374493604526, 0.0117316342075355, 0.0220091865921859, 
       0.0131123324332293, 0.00579619380296208, 0.0158441205741838, 0.0063908273645211
       ), L5 = c(14.8826526668871, 13.1681528834371, 14.5457140474856, 11.292028019641, 
       13.2079901992533, 9.25029039495216, 8.5107762467137, 12.5731977330783, 11.3927937189094, 
       7.48742127882453, 8.44307065241759, 10.2243609769216, 13.3309647458448, 8.99701608612422, 
       13.3065425207023, 12.5762278065108, 7.9406343468118, 12.6247170597745, 10.9119930281341, 
       13.301226919044, 12.8129813054347, 7.43061515698225, 7.77472554160385, 9.75063035367956, 
       11.6676842045373, 9.95132187701719, 10.2000031402658, 11.3209391209277, 8.78013660522673
       ), L50 = c(37.4613875006326, 34.6857683858834, 36.8882867190987, 37.8606398194097, 
       37.3251000195742, 36.4712844239548, 37.5267199585214, 34.1188602228649, 35.1761824050918, 
       36.5716876783408, 35.0616396791302, 36.2242660103366, 37.9401460266672, 34.073537572287, 
       35.0011449190788, 37.425000699237, 34.4294867189601, 33.0086564696394, 37.8138962769881, 
       37.5149509590119, 35.1158024463803, 32.0009475210682, 32.9101549098268, 33.1133617036976, 
       32.9409420536831, 35.0109761720523, 36.9679717165418, 35.8462684950791, 37.3138519260101
       ), L50_95 = c(14.5941257381346, 14.011022712104, 14.2089559177402, 12.0635161371902, 
       13.6676311623305, 12.8845997352619, 13.8139121916611, 14.5072369789705, 12.2713378539775, 
       12.5717594171874, 13.7350311109331, 14.4508530974854, 12.419627567986, 12.9971840847284, 
       14.5898872723337, 14.9018598950934, 14.8855983596295, 12.2176668292377, 12.0680876285769, 
       14.1543216984719, 13.0192956472747, 13.5476137935184, 12.1451170386281, 14.6326515942346, 
       13.7211562755983, 12.8166531000752, 14.1033062569331, 13.1883633329999, 13.5376152747776
       ), L95 = c(52.0555132387672, 48.6967910979874, 51.0972426368389, 49.9241559565999, 
       50.9927311819047, 49.3558841592167, 51.3406321501825, 48.6260972018354, 47.4475202590693, 
       49.1434470955282, 48.7966707900632, 50.675119107822, 50.3597735946532, 47.0707216570154, 
       49.5910321914125, 52.3268605943304, 49.3150850785896, 45.2263232988771, 49.881983905565, 
       51.6692726574838, 48.135098093655, 45.5485613145865, 45.0552719484549, 47.7460132979322, 
       46.6620983292814, 47.8276292721275, 51.0712779734749, 49.034631828079, 50.8514672007877
       ), LenCV = c(0.109327690005302, 0.104960792586207, 0.0945526594202965, 0.114457408804446, 
       0.0821746744588017, 0.115563299655914, 0.11848333616741, 0.0828657668270171, 
       0.0828589802701026, 0.0962458409089595, 0.0885825832001865, 0.10384710399434, 
       0.0813812141027302, 0.0816376192681491, 0.0803398724738509, 0.0985247954167426, 
       0.0980895596183836, 0.0952505586203188, 0.115212470730767, 0.097699776655063, 
       0.099794800831005, 0.0974248200003058, 0.0940976634435356, 0.105162314595655, 
       0.0835510308854282, 0.0838673135451972, 0.119845248563215, 0.115055942460895, 
       0.103652796857059), LFR = c(0, 0, 0, 0, 0, 0, 0, 0, 0, 0, 0, 0, 0, 0, 0, 0, 0, 
       0, 0, 0, 0, 0, 0, 0, 0, 0, 0, 0, 0), LFS = c(40.1128822122497, 35.3548324632285, 
       28.9124077376777, 36.5017394153485, 29.7950166923187, 39.3451993840285, 33.60179840535, 
       26.8811659211977, 38.2390665096935, 27.6672653286035, 29.4033540802629, 31.9285503341913, 
       31.2853217203927, 33.9283095035485, 36.7627996993516, 38.734986524253, 34.6399054154585, 
       27.2659314014855, 32.6603850480908, 40.9805433572899, 31.5414173577578, 34.6420578922507, 
       35.4926283556665, 36.3925545530992, 30.237884053753, 30.8750808983651, 34.1414115385319, 
       34.7542448872741, 36.0378735218362), Linf = c(67.2113152854145, 67.2730803303421, 
       64.5207712100819, 64.5207111444324, 67.6904611550272, 67.2566712880507, 66.9482445856556, 
       64.55689870473, 65.3044922873378, 64.1367803858593, 65.8133377069607, 65.414781502448, 
       64.2871656930074, 66.6814584126696, 64.9957891674712, 67.9721075454727, 66.1285333083943, 
       66.1525248279795, 64.9688447797671, 65.4693247471005, 64.4860887490213, 67.0274696489796, 
       64.9306459892541, 64.9300668444484, 67.7469111345708, 64.0290566328913, 67.3635314553976, 
       66.3310636701062, 65.1035304618999), Linfsd = c(0.015746471559396, 0.0152923633577302, 
       0.0225709168764297, 0.0110856280312873, 0.00103352614678442, 0.00262240386218764, 
       0.0181996550702024, 0.023994789092103, 0.0154203533485997, 0.0118430129950866, 
       0.0019328641530592, 0.0199282932386268, 0.00769312303746119, 0.0142913979652803, 
       0.0166918539325707, 0.0148643503431231, 0.00902009556302801, 0.00701586796203628, 
       0.0105789557681419, 0.00410001844866201, 0.0095020174398087, 0.017941671248991, 
       0.00662993942387402, 0.00345229886588641, 0.0241240012052003, 0.00285480074235238, 
       0.00342471764306538, 0.00568995025241747, 0.0228056615742389), LR5 = c(0, 0, 
       0, 0, 0, 0, 0, 0, 0, 0, 0, 0, 0, 0, 0, 0, 0, 0, 0, 0, 0, 0, 0, 0, 0, 0, 0, 0, 
       0), M = c(0.0420560434367508, 0.0699862525053322, 0.0624301499780267, 0.0762873800192028, 
       0.0472171938698739, 0.0688470064476132, 0.0733321846369654, 0.0431742482166737, 
       0.0533402855508029, 0.0660928291548044, 0.0734284016955644, 0.0417188247852027, 
       0.0541420817002654, 0.0444918394740671, 0.0666475468222052, 0.0409152182005346, 
       0.041115319095552, 0.0769209726992995, 0.0610664760414511, 0.0586926015652716, 
       0.0786145345494151, 0.0721061646938324, 0.0592643507383764, 0.0464285202883184, 
       0.0769204144831747, 0.046102402517572, 0.0501475769188255, 0.0458951369300485, 
       0.0789863682817668), maxF = c(0.8, 0.8, 0.8, 0.8, 0.8, 0.8, 0.8, 0.8, 0.8, 0.8, 
       0.8, 0.8, 0.8, 0.8, 0.8, 0.8, 0.8, 0.8, 0.8, 0.8, 0.8, 0.8, 0.8, 0.8, 0.8, 0.8, 
       0.8, 0.8, 0.8), maxlen = c(66.9060834466342, 65.6665754106407, 63.9810912740084, 
       63.0819026003803, 67.6798977145861, 67.3345685624071, 69.3116829511086, 66.2508274791895, 
       67.1906666892313, 64.9708778508533, 65.7714315254017, 64.955483974389, 63.746105139401, 
       66.0722776489658, 64.1438133977733, 68.1714600033686, 65.8748235461943, 66.3061957906259, 
       64.3003144434144, 65.4282823139689, 64.3638662844382, 68.0616523425086, 64.3272445355036, 
       64.8666575723996, 64.9606692859527, 63.593547957501, 67.5231855595868, 66.6753595459648, 
       65.0151124065277), Mexp = c(0, 0, 0, 0, 0, 0, 0, 0, 0, 0, 0, 0, 0, 0, 0, 0, 0, 
       0, 0, 0, 0, 0, 0, 0, 0, 0, 0, 0, 0), MGT = c(28.8486352900197, 19.3574464365599, 
       21.8869906304424, 19.4958132593632, 26.3825942564205, 20.3752440151667, 20.1052299477339, 
       27.9294741670404, 24.190465978923, 20.4417805894934, 19.4839764411082, 29.0357367363896, 
       25.1790596384529, 27.2617927256525, 20.7027640537472, 29.2667685168497, 29.4427095369257, 
       18.2707788534501, 23.3784003325458, 22.6356305941189, 18.0254278318382, 18.9545746244514, 
       21.967286924043, 25.9978074850348, 18.1048783160691, 27.6455093706969, 24.6552281768944, 
       27.3677397407856, 18.616221155021), Msd = c(0.00797393500106409, 0.025493393978104, 
       0.045018794410862, 0.0230943305767141, 0.0339442821335979, 0.0157821380533278, 
       0.0315585715696216, 0.0260412559844553, 0.00560852760681883, 0.0434524470823817, 
       0.0159359776065685, 0.0120154842967168, 0.0302017704001628, 0.00104087820509449, 
       0.0109964241157286, 0.0157552485936321, 0.0136848161462694, 0.00531867485260591, 
       0.0331671418854967, 0.0117421648814343, 0.0129685137886554, 0.0170466206735, 
       0.0232624025666155, 0.0451559810433537, 0.00581748296972364, 0.0214372465619817, 
       0.0476385336485691, 0.0322624627617188, 0.0136135904234834), MSY = c(950.221433217963, 
       641.345740700588, 556.730293126919, 387.100379297418, 707.631200290706, 628.621093385927, 
       659.172133278527, 490.417739585694, 753.204636217615, 444.291293411449, 468.866551716509, 
       829.547673301398, 667.659303547154, 719.829533810506, 737.340010681226, 838.783344021569, 
       977.030675493844, 422.882596001599, 678.221622588577, 794.316470974924, 378.655596358152, 
       495.105938973325, 706.055462805038, 563.933889150238, 346.357328277262, 503.472705804737, 
       423.333365876621, 551.998390635707, 542.761255882163), OFLreal = c(465.531771416925, 
       476.365680884956, 313.907836056545, 401.740333002345, 581.799859393657, 125.681219929195, 
       300.338142226278, 546.460974945232, 288.018967889622, 576.872740561697, 600.487500976533, 
       987.624955947687, 780.23329951016, 179.321571859086, 661.336882479771, 524.106462719434, 
       518.367612027131, 263.871915565319, 850.567516840244, 232.405169154229, 457.168877952438, 
       135.1971475434, 98.0107623079321, 344.884814369685, 55.8548683383289, 81.7785844695876, 
       403.754208417481, 393.87365767793, 460.278354588635), Prob_staying = c(0.952991165556014, 
       0.964231448760256, 0.987175838788971, 0.987856243280694, 0.955355255557224, 0.977135280640796, 
       0.971871192287654, 0.959732210701331, 0.957206459259614, 0.976655892981216, 0.954403891069814, 
       0.979203524859622, 0.974078686144203, 0.956443672701716, 0.987644031569362, 0.959940480040386, 
       0.953304466689005, 0.96220507347025, 0.954363263770938, 0.968351417202503, 0.980221919203177, 
       0.972882318440825, 0.986794131780043, 0.952127223908901, 0.975334195410833, 0.969860978238285, 
       0.988768722424284, 0.97812674456276, 0.966927124978974), procmu = c(-0.0352135386754119, 
       -0.0581360436748201, -0.0819278263599868, -0.116929716305028, -0.0516265636778423, 
       -0.0658723521085289, -0.0912392686913808, -0.0301440579705943, -0.0679702507166078, 
       -0.0476470929066371, -0.0229478706926935, -0.0463521376823439, -0.0807462686837718, 
       -0.0505652263931234, -0.0786756736237606, -0.0739845803285841, -0.0296706243630247, 
       -0.0494199771292885, -0.117583426501956, -0.0486866279989728, -0.0943177086960691, 
       -0.0898526347879541, -0.0801796064806996, -0.0682304904993462, -0.104033817057072, 
       -0.0641444964691482, -0.0573778995245278, -0.0256754317303091, -0.0352095548358817
       ), procsd = c(0.265381004125811, 0.340986931347288, 0.404790875292383, 0.483590149413794, 
       0.321330246562138, 0.362966533191502, 0.427175066433847, 0.245536384149455, 0.368701100395992, 
       0.308697563665919, 0.214232913870364, 0.304473767941818, 0.401861340971664, 0.318010145728476, 
       0.396675367583521, 0.384667597617954, 0.243600592622533, 0.314388222200796, 0.484940050938167, 
       0.312046881089918, 0.434321790141985, 0.423916583275422, 0.400448764464818, 0.36940625468269, 
       0.456144312815741, 0.358174528600648, 0.338756253151223, 0.226607289072126, 0.265365991927683
       ), qcv = c(0.113446271931753, 0.273928163386881, 0.130503702908754, 0.266149143269286, 
       0.293776175566018, 0.297376093547791, 0.203111653123051, 0.188123787427321, 0.291674039373174, 
       0.194864161452278, 0.273746573319659, 0.120175864826888, 0.230344542814419, 0.262382212560624, 
       0.270938468864188, 0.163743385579437, 0.186953682731837, 0.122356207668781, 0.193180448701605, 
       0.18870333400555, 0.225033600162715, 0.19095872011967, 0.138696058513597, 0.211626227246597, 
       0.190830819075927, 0.173226857744157, 0.209232859499753, 0.121730482717976, 0.132509514922276
       ), qinc = c(-1.24113034550101, 1.34323141910136, 1.60833886917681, -1.55156563408673, 
       0.774942481890321, 0.994508826173842, -0.869307450950146, 0.054220711812377, 
       -1.77771465294063, -1.3918006401509, 1.6222452968359, 1.26076077017933, -1.38064554426819, 
       -0.374569478444755, -1.88228055369109, -0.272223417647183, 0.123985467478633, 
       1.65399007126689, 1.63315899576992, -0.983680808916688, 1.49104690365493, 0.732169784605503, 
       -1.27476646285504, 0.106526055373251, -0.848975880071521, 1.23532912693918, -1.6126916250214, 
       -1.78060434479266, -1.54676787462085), R0 = c(1000, 1000, 1000, 1000, 1000, 1000, 
       1000, 1000, 1000, 1000, 1000, 1000, 1000, 1000, 1000, 1000, 1000, 1000, 1000, 
       1000, 1000, 1000, 1000, 1000, 1000, 1000, 1000, 1000, 1000), RefY = c(693.002292421425, 
       711.097936942406, 326.574627177135, 389.00644964344, 562.86672960087, 276.614797712013, 
       578.736910119539, 548.958155618686, 502.625614001558, 477.657082309537, 515.329915500936, 
       945.067221461538, 600.127270141699, 347.431277923393, 811.205315392898, 714.132819235729, 
       876.799749504741, 369.473374780255, 469.01568653683, 507.057966049428, 366.634587738622, 
       332.034566455261, 109.994110794477, 429.494011323695, 161.901617698123, 179.333725797229, 
       577.665317435186, 510.077325940701, 501.41179957149), Rmaxlen = c(1, 1, 1, 1, 
       1, 1, 1, 1, 1, 1, 1, 1, 1, 1, 1, 1, 1, 1, 1, 1, 1, 1, 1, 1, 1, 1, 1, 1, 1), Size_area_1 = c(0.100784929499496, 
       0.104866097944323, 0.104857889937703, 0.102144721213263, 0.104302534721792, 0.0980085276160389, 
       0.104847353461664, 0.102355783316307, 0.103396281334572, 0.100891317776404, 0.0995958001143299, 
       0.0957809019554406, 0.0982875945325941, 0.10479978524847, 0.101548187432345, 
       0.104651933410205, 0.100976945823058, 0.0992132797255181, 0.10444874558365, 0.103709274427965, 
       0.0965984612354077, 0.0989872920862399, 0.099389663990587, 0.103155548542272, 
       0.100577357723378, 0.102513639186509, 0.0972265469189733, 0.0960030843457207, 
       0.101343091821764), SizeLimFrac = c(1, 1, 1, 1, 1, 1, 1, 1, 1, 1, 1, 1, 1, 1, 
       1, 1, 1, 1, 1, 1, 1, 1, 1, 1, 1, 1, 1, 1, 1), SizeLimSD = c(0, 0, 0, 0, 0, 0, 
       0, 0, 0, 0, 0, 0, 0, 0, 0, 0, 0, 0, 0, 0, 0, 0, 0, 0, 0, 0, 0, 0, 0), Spat_targ = c(1, 
       1, 1, 1, 1, 1, 1, 1, 1, 1, 1, 1, 1, 1, 1, 1, 1, 1, 1, 1, 1, 1, 1, 1, 1, 1, 1, 
       1, 1), SRrel = c(2, 2, 2, 2, 2, 2, 2, 2, 2, 2, 2, 2, 2, 2, 2, 2, 2, 2, 2, 2, 
       2, 2, 2, 2, 2, 2, 2, 2, 2), SSB0 = c(73754.0080758301, 33234.802291473, 33552.2716857261, 
       25037.9855012866, 62682.7434935213, 35117.7425730931, 29731.134193635, 62958.6893687514, 
       46905.9144869709, 31763.4869371903, 28400.6264846352, 68536.6940443187, 43308.667316039, 
       67627.2541970915, 32716.7528803741, 79381.5144023085, 73154.7717669032, 26336.4135868631, 
       38097.5338447712, 40271.8149305772, 24205.6688782735, 30634.096955247, 38909.866777048, 
       57638.8360023828, 26713.5442319208, 55124.4823290471, 59310.2649895664, 61889.9280287113, 
       24837.1199036572), SSBMSY = c(34048.6333717329, 14594.3843139293, 16160.1380167529, 
       10859.1387952069, 28883.2520660404, 15372.502214604, 12861.3311896876, 28675.4205526902, 
       20992.6308817786, 14559.8881962223, 13158.7554760535, 30240.1678463935, 19397.0932276464, 
       30684.6445268637, 14285.4464439255, 35108.6883514183, 32786.0686097734, 12416.1827456035, 
       16652.9468755529, 18146.04314356, 11089.5696872004, 14640.6453242301, 18057.7834890965, 
       26444.7952190188, 12913.4068671905, 26496.6667227727, 27131.7107091679, 28304.8871741069, 
       10795.8925289929), SSBMSY_SSB0 = c(0.461651295435034, 0.439129566228044, 0.481640652177594, 
       0.433706569350355, 0.46078474642747, 0.437741753548314, 0.432587976830059, 0.455464064455619, 
       0.447547630429627, 0.45838444075782, 0.463326239763493, 0.441225948640577, 0.44788016879159, 
       0.453731929399899, 0.436640105946912, 0.44227788567356, 0.448174026353898, 0.471445464837206, 
       0.437113513525719, 0.450589157077752, 0.45813936160856, 0.477919925161118, 0.464092657848634, 
       0.458801687423486, 0.483402979218305, 0.480669669868459, 0.457453877738378, 0.457342383093029, 
       0.434667649504852), t0 = c(-0.0319409066392109, -0.0357856303313747, -0.0326325216982514, 
       -0.0417604851769283, -0.0446164626535028, -0.0441129334876314, -0.0303467891830951, 
       -0.0443484534835443, -0.0434302817704156, -0.0359419119730592, -0.0450170296756551, 
       -0.0430418160976842, -0.040750028709881, -0.0459631609497592, -0.0452153994468972, 
       -0.0461291320063174, -0.0412060458492488, -0.0306951547414064, -0.0302622613264248, 
       -0.0377225879533216, -0.0482766150170937, -0.0384605075558647, -0.0453107764665037, 
       -0.0463729080883786, -0.0319124974776059, -0.0457995139760897, -0.0427297982340679, 
       -0.0429757527401671, -0.0470110302232206), TACFrac = c(1, 1, 1, 1, 1, 1, 1, 1, 
       1, 1, 1, 1, 1, 1, 1, 1, 1, 1, 1, 1, 1, 1, 1, 1, 1, 1, 1, 1, 1), TACSD = c(0, 
       0, 0, 0, 0, 0, 0, 0, 0, 0, 0, 0, 0, 0, 0, 0, 0, 0, 0, 0, 0, 0, 0, 0, 0, 0, 0, 
       0, 0), TAEFrac = c(1, 1, 1, 1, 1, 1, 1, 1, 1, 1, 1, 1, 1, 1, 1, 1, 1, 1, 1, 1, 
       1, 1, 1, 1, 1, 1, 1, 1, 1), TAESD = c(0, 0, 0, 0, 0, 0, 0, 0, 0, 0, 0, 0, 0, 
       0, 0, 0, 0, 0, 0, 0, 0, 0, 0, 0, 0, 0, 0, 0, 0), UMSY = c(0.02667323231415, 0.0410645743639266, 
       0.0314105510060599, 0.0320625481049894, 0.023230766370664, 0.0381005453658158, 
       0.0456091081231511, 0.0164473700684566, 0.034089395530314, 0.0279579563151349, 
       0.0328087099728898, 0.0259695589511361, 0.0315859027418498, 0.0226909875895495, 
       0.0475482369367646, 0.0228642936091497, 0.0285675215483323, 0.0320384739542038, 
       0.0370674616757188, 0.04043650332801, 0.0313976930794453, 0.0322807709802361, 
       0.0372708923800402, 0.0205961755243408, 0.0254064578126988, 0.0182127996212744, 
       0.0149177031209071, 0.0187288822168112, 0.0445154975530913), Vmaxlen = c(0.999334491366753, 
       0.999806998727843, 0.999096530599287, 0.999152592185652, 0.999432955008699, 0.999489717268851, 
       0.999658124982147, 0.999869175357278, 0.999082440691069, 0.999497245485662, 0.999911237739958, 
       0.999739096645266, 0.999613318939926, 0.999779324839124, 0.999448941039853, 0.999841226908844, 
       0.999874746522866, 0.999845935788006, 0.999042862036265, 0.999373295355821, 0.999735858199652, 
       0.99909281811025, 0.999706240191124, 0.99974278782215, 0.999803587811068, 0.999450513237156, 
       0.999297572430456, 0.999668191203615, 0.999351635399275)), class = "data.frame", row.names = c(NA, 
   -29L)), structure(list(A = c(16291.7146825398, 2987.5886286696, 9135.5427173171, 
   13520.5746346422, 14556.2610944785, 28615.1012757639, 17074.5874116044, 3327.01218587903, 
   23021.5376279993, 2916.40597618113, 4893.53798395586, 12848.8857404839, 4640.07051966151, 
   9231.71140001231, 7424.00962865461, 10823.9642736093, 18489.6993463081, 14659.4668978359, 
   17102.9839428616, 24062.5574013457, 2831.49113238328, 8505.43945826457, 5393.59999697724, 
   8530.80178982271, 19032.750307462, 33006.7651486328, 21931.4392070673, 20416.28434919, 
   8365.64310062801), AC = c(0.559867669641972, 0.623084696009755, 0.112657456845045, 
   0.273576027154922, 0.444650397822261, 0.325497885234654, 0.399387166649103, 0.678157618828118, 
   0.452740189433098, 0.332301006838679, 0.514528656005859, 0.339749406464398, 0.68739118874073, 
   0.258961496502161, 0.507644223794341, 0.836355199292302, 0.229171332530677, 0.321551017090678, 
   0.610153555497527, 0.10533594340086, 0.217836816981435, 0.622815432585776, 0.507420772686601, 
   0.510671198368073, 0.39534765612334, 0.575406269542873, 0.746892907656729, 0.180847099982202, 
   0.878298429772258), ageM = c(6.70660145774561, 6.33979511960789, 6.37094179121875, 
   5.74868213513925, 7.14173684422041, 6.14706676326831, 7.26314359051808, 5.15795047146911, 
   6.07549609331795, 5.59307523230927, 5.56642433164688, 5.61544713640905, 6.2467367335768, 
   6.63521218371033, 5.92227350136659, 6.09917376619579, 5.46552515340792, 5.78560921758342, 
   6.32452794874698, 5.75694076164273, 5.92955476741274, 5.67588826221871, 6.02499372093192, 
   5.6787253618427, 5.59341475214393, 6.62270978124386, 6.79805525173348, 6.44550438283787, 
   5.90595396300305), Asp = c(15239.472917976, 2567.31958238082, 8499.58099031457, 13069.514166427, 
   13384.7478108957, 27372.5457952898, 15716.4088929683, 3178.1632920622, 22160.0857951747, 
   2630.62456169675, 4611.34047471643, 12049.0836069418, 4104.09255322885, 8344.93455821104, 
   6880.31355205716, 9743.78334953489, 17907.3042480639, 13840.0767056658, 16080.3579295862, 
   22939.1565187527, 2563.79615962023, 8107.70712993602, 4941.05072728607, 7967.25698040209, 
   18158.209418802, 31062.2771597957, 19803.94897852, 19321.534375604, 7605.28050387225
   ), Blow = c(2639.1617132639, 428.7025250897, 1031.01696942903, 6879.31157002281, 
   1742.4341447562, 1956.20416582264, 726.978366545633, 3755.33399631002, 2318.34024776649, 
   687.571867453664, 2052.35547819618, 1586.54570930002, 983.678235571519, 1257.94218971442, 
   1634.13007541131, 628.804612018863, 1206.51209004976, 417.313729039808, 1467.96578919586, 
   942.995418641957, 799.126123835112, 2779.40492536177, 772.165294535702, 772.418131814253, 
   1105.40368135057, 471.175783035884, 1017.6383175425, 1413.46081787392, 517.537431991927
   ), BMSY = c(30878.4851013939, 13480.7989706399, 20071.0735265192, 37716.8289764954, 
   20532.8285770609, 25209.7795627447, 20203.4118320686, 24904.4326979025, 28005.9722742284, 
   20218.024747295, 18022.3064519817, 15094.6482967799, 25591.0140128872, 22995.4850132959, 
   27152.4206839463, 19391.124715564, 23114.665216572, 14014.7091372544, 21335.4618696696, 
   34037.7547932215, 17290.6080688482, 26454.2018004023, 28402.1426127558, 21405.2139979455, 
   31699.0988690824, 32570.7064114751, 17723.4758276686, 18271.6758200852, 21684.7149544682
   ), BMSY_B0 = c(0.481332595688627, 0.449563285882136, 0.492590867280148, 0.462341934125781, 
   0.505713281974409, 0.455526035919127, 0.469536170158777, 0.49721319345406, 0.472237919828453, 
   0.45923878454624, 0.492390561457784, 0.499088157554068, 0.442967453700878, 0.466128076187879, 
   0.482537395547327, 0.460136286084936, 0.476104784237615, 0.490179310262698, 0.494242681222721, 
   0.455281128719109, 0.464150216646672, 0.502196637729766, 0.466761450135204, 0.473444066582474, 
   0.485549843273284, 0.472823216411909, 0.465233887098303, 0.491654371670836, 0.484799856381924
   ), D = c(0.252200201863889, 0.093805468105711, 0.224167807260528, 0.167045926779974, 
   0.358736890519503, 0.525411542528309, 0.396257567824796, 0.0669297790504061, 0.393120393238496, 
   0.0634020159486681, 0.134668665437493, 0.429243626561947, 0.0755121423630044, 0.182187213352881, 
   0.129791121114977, 0.247775602957699, 0.3897685341537, 0.522691275982652, 0.400663753948174, 
   0.319816337432712, 0.0741160811390728, 0.162665828142781, 0.0858442533994093, 0.186623370926827, 
   0.291076867689844, 0.476155590289272, 0.56983870373806, 0.567709604103584, 0.181686237396207
   ), dFfinal = c(0.0150743173933138, 0.0204334576026044, 0.0214574289340111, 0.0112515313672237, 
   0.0223481069889156, 0.0180107210988734, 0.0141175557350833, 0.0146765703273831, 0.0204997070703776, 
   0.027573679157768, 0.010395950397294, 0.019700985319711, 0.0165339923758685, 0.0189104636783545, 
   0.0160298372999194, 0.00819568376575881, 0.00989577470899006, 0.0162312941640897, 
   0.0129470308999594, 0.0130522376252813, 0.0206038680385032, 0.01910567063875, 0.0247555688623621, 
   0.012380727259705, 0.0146225054100012, 0.010624629292201, 0.0203405411899237, 0.0151686919350611, 
   0.0193004450677635), DR = c(0, 0, 0, 0, 0, 0, 0, 0, 0, 0, 0, 0, 0, 0, 0, 0, 0, 0, 
   0, 0, 0, 0, 0, 0, 0, 0, 0, 0, 0), Esd = c(0.176866175699979, 0.349952890048735, 0.212585987849161, 
   0.154069154942408, 0.147558105411008, 0.215169265680015, 0.346842235233635, 0.186944640125148, 
   0.223668737546541, 0.253830061340705, 0.274474499910139, 0.124383628135547, 0.39791002322454, 
   0.174611985846423, 0.224381995946169, 0.321092086215504, 0.39263167406898, 0.341820107796229, 
   0.171107590291649, 0.12948390271049, 0.33887715593446, 0.270699388580397, 0.135702787106857, 
   0.106747261062264, 0.169619713211432, 0.151161289727315, 0.171936831669882, 0.2091643468244, 
   0.337393371248618), Fdisc = c(0, 0, 0, 0, 0, 0, 0, 0, 0, 0, 0, 0, 0, 0, 0, 0, 0, 
   0, 0, 0, 0, 0, 0, 0, 0, 0, 0, 0, 0), FinF = c(0.716015862524032, 0.605057179295521, 
   0.837180080646684, 0.603099910171922, 0.914289285849745, 0.814286914889089, 0.656396436702972, 
   0.716012014473622, 0.573649178107235, 0.810148664613412, 0.468573190292726, 0.828717939995106, 
   0.476434775727411, 0.749775878163805, 0.818424469907397, 0.954713124441195, 0.530896720093478, 
   0.647792604910309, 0.555866101575776, 0.690043116576375, 0.448211363612601, 0.626204983859856, 
   0.884460467830555, 0.718553341486194, 0.750418078909478, 0.595090204920928, 0.974868686205029, 
   0.944009905080705, 0.546012670828928), FMSY = c(0.0174251121369283, 0.0429023214364699, 
   0.0298424877126295, 0.0122037149693318, 0.0229987853398702, 0.0278703730841549, 0.0328667018452909, 
   0.0187290261294159, 0.0219730690630236, 0.0384646920605129, 0.0202071031394454, 0.0210020648980291, 
   0.0314813967105047, 0.0329202171096944, 0.0254015234605021, 0.0361871154909808, 0.0305788430541231, 
   0.0410444998775968, 0.0265397468601806, 0.0317435069567651, 0.0314767209168571, 0.0223647967469007, 
   0.0339877154198702, 0.0368441061266552, 0.0251868336087261, 0.032815090320239, 0.0296016149330212, 
   0.0314335165643631, 0.0373300471078406), FMSY_M = c(0.395029985392215, 0.588544829481755, 
   0.526601466931143, 0.302588845882064, 0.406969297181157, 0.532041927471588, 0.580152852636722, 
   0.335304974645683, 0.489161489350998, 0.64638514199317, 0.307062612904731, 0.300249661387262, 
   0.621442261726771, 0.587629722227047, 0.493231071921015, 0.628115252440615, 0.564214917469574, 
   0.585030554366556, 0.453113929574743, 0.74718677190322, 0.461048450489057, 0.453507208342706, 
   0.722385417767328, 0.674331404695904, 0.56008856864702, 0.758197761122685, 0.458148600729907, 
   0.466616066836936, 0.611196382100415), Frac_area_1 = c(0.102946929314639, 0.0976212609582581, 
   0.101103491322137, 0.101715714570601, 0.100447574541904, 0.100506023860071, 0.099940929596778, 
   0.10173684097128, 0.0962377142813057, 0.10454100825591, 0.096636224668473, 0.103394308064599, 
   0.0977348865871318, 0.0979294089693576, 0.103920379716437, 0.0971656827209517, 0.102746265120804, 
   0.0993771389615722, 0.10019232531311, 0.100570422941819, 0.100722809345461, 0.100710118038114, 
   0.0983701041364111, 0.102998306090012, 0.0967593235825188, 0.102203796477988, 0.0969258928694762, 
   0.0984110114513896, 0.0993415427557193), hs = c(0.41297191631631, 0.632736807775218, 
   0.51793967839214, 0.34792966523557, 0.449975989612285, 0.510848829987226, 0.562545560299186, 
   0.389181120756548, 0.482215142691275, 0.655844407591503, 0.379353174967691, 0.387761960910866, 
   0.586699431091547, 0.583457833678694, 0.4775602515426, 0.588511454231339, 0.543980732064228, 
   0.614075321004493, 0.478876010397216, 0.663873908749083, 0.501585325836204, 0.457241404858651, 
   0.655471088625491, 0.653734538673889, 0.519269708921202, 0.650394834140316, 0.496718801673269, 
   0.49049422627897, 0.602797660538927), K = c(0.12507158464659, 0.126181239456404, 
   0.124016465669964, 0.127525927931536, 0.1232888347595, 0.126428707971238, 0.122576331467368, 
   0.126386650348548, 0.123304565845523, 0.122657332070172, 0.122202152495738, 0.122597044362687, 
   0.12686446035048, 0.122995275060181, 0.127297456697095, 0.125888232015539, 0.122473814604338, 
   0.122664850648493, 0.123046050993726, 0.122631274146959, 0.126692403810099, 0.126588898582384, 
   0.126507801369764, 0.126496901636478, 0.124408693477511, 0.124185797358397, 0.124115668441635, 
   0.123809477221221, 0.125914815225638), Ksd = c(0.00161046740831807, 0.0134445018484257, 
   0.0224262787320185, 0.0155598845274653, 0.020714960724581, 0.00884393304586411, 0.0113856609736104, 
   0.0244975210342091, 0.020960372389527, 0.00824763856944628, 0.0214968794898596, 0.00971867064363323, 
   0.0244584738800768, 0.0161740143783391, 0.00338882981450297, 0.0092029023100622, 
   0.00317204752936959, 0.0026205220259726, 0.00127751466352493, 0.014000558690168, 
   0.00225570000475273, 0.0243475814408157, 0.0230609367368743, 0.00702802892192267, 
   0.00664938599220477, 0.0181073379178997, 0.016396252712002, 0.0210924328712281, 0.0132845204614569
   ), L5 = c(9.23066639576544, 7.68447061709697, 10.3894752352003, 9.69055668196921, 
   8.05507580088634, 11.1322131648899, 9.87185451056791, 11.589292454697, 8.23881707916694, 
   7.04616008632826, 11.6007781465605, 11.5501276060242, 7.30807746659802, 11.8151077167643, 
   10.4254649471853, 13.049779497244, 11.4639821703413, 11.2164485237601, 13.2604366203781, 
   8.17676185919456, 12.6581587417611, 12.3229315844352, 12.1257464249409, 11.6324016309163, 
   11.9399781027221, 13.2750048992746, 10.0703978998767, 11.9024900139733, 11.2319318215234
   ), L50 = c(37.0338814989664, 35.705114514567, 35.0509059745818, 35.2505188849755, 
   37.582592938561, 35.7775333253667, 37.753867469728, 32.4026105003431, 33.3224386489019, 
   33.2608751445077, 33.3185623232275, 32.2695645177737, 36.4380172146484, 37.340596891474, 
   35.9978454336524, 35.0327718891203, 32.5395917263813, 33.1816981281154, 36.2756875837222, 
   33.9891301183961, 35.8046832191758, 33.706242073793, 35.2398907197639, 32.8958949022926, 
   33.6881268084981, 37.0956104411744, 37.798698249273, 37.7212713854387, 35.7540763849393
   ), L50_95 = c(14.2602095848415, 12.6065759793855, 13.9423063548747, 12.3786044418812, 
   12.6335690813139, 13.5802345611155, 12.7763355122879, 13.9793397949543, 14.4880472018849, 
   12.4889581175521, 12.9289402530994, 14.5995175663847, 12.8540714532137, 14.3749739401974, 
   13.901800922351, 12.7629795055836, 14.2357573974878, 12.1705589345656, 13.0100653292611, 
   12.455912229605, 12.0837231364567, 14.542767009465, 14.5176565109286, 12.3494716419373, 
   14.3120207008906, 12.2444827747531, 14.3212681801524, 12.9911565708462, 12.8019087798893
   ), L95 = c(51.2940910838079, 48.3116904939525, 48.9932123294566, 47.6291233268566, 
   50.2161620198749, 49.3577678864822, 50.5302029820159, 46.3819502952974, 47.8104858507868, 
   45.7498332620598, 46.247502576327, 46.8690820841584, 49.2920886678621, 51.7155708316714, 
   49.8996463560034, 47.795751394704, 46.7753491238691, 45.352257062681, 49.2857529129833, 
   46.4450423480012, 47.8884063556325, 48.249009083258, 49.7575472306926, 45.2453665442299, 
   48.0001475093886, 49.3400932159275, 52.1199664294254, 50.712427956285, 48.5559851648286
   ), LenCV = c(0.109535533739254, 0.117441382762045, 0.104025685396045, 0.087638132693246, 
   0.11726784138009, 0.0971678347606212, 0.0963551114499569, 0.104838395789266, 0.0898710758890957, 
   0.119689615797251, 0.119037772361189, 0.103446792587638, 0.093105642972514, 0.0816424053069204, 
   0.0922478247713298, 0.0870772767160088, 0.0883804877102375, 0.0901508185639977, 0.109506060509011, 
   0.0944996221642941, 0.106586890909821, 0.112738888319582, 0.100576577233151, 0.0804606326017529, 
   0.0985871735308319, 0.108235240960494, 0.0880818181205541, 0.0991399494558573, 0.0805034376401454
   ), LFR = c(0, 0, 0, 0, 0, 0, 0, 0, 0, 0, 0, 0, 0, 0, 0, 0, 0, 0, 0, 0, 0, 0, 0, 0, 
   0, 0, 0, 0, 0), LFS = c(31.4934586105284, 28.5067829659554, 35.81723162731, 30.1182978447565, 
   28.5150106263333, 35.3209098992486, 37.748271894339, 27.7181524049726, 27.1706924466741, 
   28.5651236970091, 31.8472638002447, 24.2804551705989, 33.814481440887, 30.4335521331251, 
   38.6692209578156, 34.6743523132703, 34.0056967815919, 28.2292097641447, 29.5945458724328, 
   29.4081221040242, 27.8662043225086, 28.1914755166813, 29.0670752098483, 25.9742869013042, 
   32.4510947899502, 35.8419413962775, 31.3808911688596, 38.293037817723, 34.910809142957
   ), Linf = c(65.0434121284634, 64.6069152532145, 64.4660119833425, 67.6448878422379, 
   64.0681991931051, 66.7271234290674, 64.6724522802979, 67.3382207630202, 64.3342730021104, 
   66.845761266537, 67.1134554287419, 65.0138321537524, 66.3016496514902, 67.3418747754768, 
   67.5704022627324, 64.4676993945614, 66.0320125604048, 64.7658608173952, 66.6727062733844, 
   66.9534433055669, 67.6111167613417, 65.3086460242048, 65.9538743114099, 64.1232107272372, 
   66.4481698721647, 65.364700245671, 66.4890943691134, 67.7780874567106, 67.9018631894141
   ), Linfsd = c(0.00823194750701077, 0.00589617860387079, 0.0225622722588014, 0.0246341054036748, 
   0.0136008548783138, 0.0190377098100726, 0.00604748977930285, 0.0198793936870061, 
   0.0225310599664226, 0.00891942181624472, 0.00449846444535069, 0.008527660171967, 
   0.00865778130828403, 0.0170161868969444, 0.00189257428864948, 0.0215987234783825, 
   0.00271807952667587, 0.0247614378866274, 0.000962610659189522, 0.0218041630112566, 
   0.0242221097520087, 0.0174612579634413, 0.00131476457463577, 0.024340160889551, 0.0149740053049754, 
   0.0236857221229002, 0.0111921081377659, 0.00557992726680823, 0.0170318574586418), 
       LR5 = c(0, 0, 0, 0, 0, 0, 0, 0, 0, 0, 0, 0, 0, 0, 0, 0, 0, 0, 0, 0, 0, 0, 0, 
       0, 0, 0, 0, 0, 0), M = c(0.044110859381035, 0.0728955880459398, 0.0566699669230729, 
       0.0403310139663517, 0.056512335203588, 0.052383790910244, 0.0566517973598093, 
       0.0558566903136671, 0.0449198670405895, 0.0595073889568448, 0.065807761317119, 
       0.0699486713856459, 0.0506586028169841, 0.056022042222321, 0.0515002498961985, 
       0.0576122222002596, 0.054197154501453, 0.0701578739285469, 0.0585719068162143, 
       0.0424840323068202, 0.068272045776248, 0.049315195735544, 0.0470492822583765, 
       0.0546379804797471, 0.0449693763069808, 0.043280384093523, 0.0646113834809512, 
       0.0673648397438228, 0.0610770092904568), maxF = c(0.8, 0.8, 0.8, 0.8, 0.8, 0.8, 
       0.8, 0.8, 0.8, 0.8, 0.8, 0.8, 0.8, 0.8, 0.8, 0.8, 0.8, 0.8, 0.8, 0.8, 0.8, 0.8, 
       0.8, 0.8, 0.8, 0.8, 0.8, 0.8, 0.8), maxlen = c(65.8687170744293, 64.0624692617836, 
       65.272607292738, 68.6300887724113, 63.9492373180435, 65.578426686615, 64.1967829137694, 
       66.827809295904, 63.9597365498065, 66.5213089388919, 66.9926613298843, 64.2019774319821, 
       66.661200622786, 65.5272759253454, 67.5239793720749, 64.8191203207637, 66.1048842898045, 
       63.8416145302235, 66.5582313483693, 65.77469406749, 68.4102701751319, 64.5718187435405, 
       66.0176509399856, 64.5536502900605, 67.0367211477631, 67.7754502046872, 66.446571323283, 
       67.3550733149258, 68.5145899968583), Mexp = c(0, 0, 0, 0, 0, 0, 0, 0, 0, 0, 0, 
       0, 0, 0, 0, 0, 0, 0, 0, 0, 0, 0, 0, 0, 0, 0, 0, 0, 0), MGT = c(28.7737429466547, 
       19.718591884066, 23.3622251496654, 27.8855391748001, 24.1869879589036, 24.428420828632, 
       24.9000866430251, 22.4157374490019, 27.2118391805329, 21.7902425024656, 20.7769662128295, 
       20.5026732593069, 24.5429359047237, 23.4143512069495, 24.247400139185, 22.6008075041219, 
       23.3509372084673, 20.1656397724499, 22.5873695895777, 28.4342190868664, 20.7283470205451, 
       24.7522181545545, 26.2846827939142, 22.9205289878282, 28.2004117167915, 28.6520994675785, 
       21.6784489520657, 20.8197363216041, 22.7175024222363), Msd = c(0.024005677853711, 
       0.0377483771648258, 0.0129891382646747, 0.0332141960388981, 0.0189424884156324, 
       0.0084576252149418, 0.0342041858122684, 0.00484843568410724, 0.00441120750037953, 
       0.023923623515293, 0.0165693019982427, 0.0466026057023555, 0.0311950221308507, 
       0.0325378550682217, 0.0267403906676918, 0.014407078246586, 0.0200328073231503, 
       0.0384812521049753, 0.0237521178089082, 0.0223116095992737, 0.0376302464981563, 
       0.0433008332387544, 0.00630723624490202, 0.04805480488576, 0.0382569436565973, 
       0.00206662713317201, 0.0412304335855879, 0.00877719759009779, 0.0363731407094747
       ), MSY = c(519.089056824332, 540.167571931862, 566.121831337243, 446.313343586844, 
       451.749238361707, 668.113388821824, 624.344698373262, 447.526907420132, 593.064682635729, 
       736.395561385369, 346.126387211677, 301.504265115946, 767.050957551745, 718.618787362004, 
       655.972934220436, 659.758900341555, 670.933260217822, 538.189456907593, 538.963739220015, 
       1036.46523714494, 514.013283419902, 567.704356696132, 922.118283920469, 742.94960638387, 
       764.523014647766, 1017.29934996476, 495.878551752598, 537.372195117839, 761.586915834916
       ), OFLreal = c(281.425895503411, 125.463897853367, 268.599548243764, 163.998508176057, 
       330.955943935614, 786.502578743958, 552.063426628196, 61.731805369731, 500.336738670166, 
       110.048597059701, 97.8918405319172, 267.039130073054, 143.80050416719, 298.961997366136, 
       186.2061822416, 384.685733555984, 556.836516983748, 589.509665093306, 447.93848527447, 
       751.833904799567, 87.7379605101472, 188.111051232261, 180.235888890342, 308.589997040337, 
       473.388115992024, 1065.54144461183, 639.691359275109, 631.774151949826, 306.532812739765
       ), Prob_staying = c(0.983862570011988, 0.98142527799122, 0.971992519879714, 0.950661476859823, 
       0.957857902646065, 0.989315562732518, 0.970892166076228, 0.960488043539226, 0.955384391872212, 
       0.957340595377609, 0.987855049706995, 0.964423743514344, 0.951208069939166, 0.95604741666466, 
       0.974506741790101, 0.966637752689421, 0.98958515801467, 0.960094226459041, 0.966427683271468, 
       0.95980525075458, 0.967358247190714, 0.977270860429853, 0.962968190824613, 0.960058550918475, 
       0.989193629389629, 0.98634506107308, 0.982460411144421, 0.956122300708666, 0.950319356610998
       ), procmu = c(-0.0928460691525487, -0.10883511841187, -0.107753003984619, -0.09506583873712, 
       -0.0847485846950818, -0.0448756455855014, -0.0240867717663075, -0.0426472301881904, 
       -0.0349522996527521, -0.114218651601403, -0.0247553890953542, -0.0933794974248613, 
       -0.0380839220257456, -0.0272950620417617, -0.123682505587186, -0.0325109680483138, 
       -0.0536202559001644, -0.0288959105514705, -0.0372281628780469, -0.0329834529886739, 
       -0.0278544497087455, -0.100439704352559, -0.0335842044736927, -0.0843641982891758, 
       -0.0217832418386792, -0.0303697711477756, -0.0282103355678109, -0.0994958236225046, 
       -0.0973865953858795), procsd = c(0.430920106638223, 0.466551429987885, 0.464226246532053, 
       0.436040912615135, 0.411700339312665, 0.299585198517889, 0.21948472277727, 0.292052153521217, 
       0.264394779270515, 0.47795115148183, 0.222510175476782, 0.432156215794384, 0.275985224335454, 
       0.233645295444876, 0.497358031175099, 0.254993992275558, 0.327475971332751, 0.240399295138195, 
       0.272866864525713, 0.256840234342962, 0.236027327692136, 0.448195725888945, 0.259168688207865, 
       0.410765622439794, 0.208725857711397, 0.246453935443424, 0.237530358345248, 0.446084798267111, 
       0.441331157716922), qcv = c(0.100375743489712, 0.292310731066391, 0.1181438756641, 
       0.148371937731281, 0.12633774522692, 0.275472117960453, 0.199287199461833, 0.225474024517462, 
       0.216589040635154, 0.288389624608681, 0.101933494769037, 0.260447937622666, 0.222907332936302, 
       0.291439932165667, 0.10432413155213, 0.298998681316152, 0.249777597282082, 0.135655704000965, 
       0.264225037721917, 0.110746978828684, 0.123652484593913, 0.114243006473407, 0.108113589230925, 
       0.171016521845013, 0.155412885639817, 0.24158061533235, 0.239625207148492, 0.122738129645586, 
       0.272431266820058), qinc = c(0.449216987937689, -0.872786884196103, 1.69689232297242, 
       -1.33658630307764, 1.99657502584159, 1.32531698606908, -1.691829578951, 0.729947189800441, 
       -1.7438677130267, -1.43163885548711, 1.32341455575079, 1.46586282271892, -1.38913732394576, 
       1.99512414168566, 0.452148735523224, 0.0085388096049428, 0.504584098234773, -0.794088719412684, 
       1.07754853647202, 1.96963258553296, 0.0577451474964619, -0.260538506321609, 1.97773336339742, 
       -0.699756187386811, 0.266092829406261, 0.26709774043411, -1.32592785172164, -0.453078419901431, 
       1.55153599567711), R0 = c(1000, 1000, 1000, 1000, 1000, 1000, 1000, 1000, 1000, 
       1000, 1000, 1000, 1000, 1000, 1000, 1000, 1000, 1000, 1000, 1000, 1000, 1000, 
       1000, 1000, 1000, 1000, 1000, 1000, 1000), RefY = c(511.734029328184, 213.521055669307, 
       342.489627880381, 204.691104734217, 401.119146472476, 690.679517952721, 588.863415144607, 
       133.899921119131, 526.080323345776, 240.980392390507, 181.619283747473, 310.198557878563, 
       401.712762019924, 509.983272218278, 278.551735625162, 702.745652932451, 572.350167581955, 
       578.944119283983, 476.610348708505, 990.753293191763, 241.505647663343, 260.131858810306, 
       563.448976564116, 478.222027434593, 670.790247740099, 1024.28638658416, 585.961905135984, 
       526.595804592023, 398.157833890335), Rmaxlen = c(1, 1, 1, 1, 1, 1, 1, 1, 1, 1, 
       1, 1, 1, 1, 1, 1, 1, 1, 1, 1, 1, 1, 1, 1, 1, 1, 1, 1, 1), Size_area_1 = c(0.0999934009951539, 
       0.10251926668454, 0.103887695618905, 0.101957063160371, 0.100293803259265, 0.0976676549878903, 
       0.0994477041088976, 0.0999759115744382, 0.0996000487497076, 0.0984729955135845, 
       0.097497362436261, 0.0991909895907156, 0.0966066352347843, 0.0977249071444385, 
       0.100668433289975, 0.104156379424967, 0.100422548963688, 0.0981251454702578, 
       0.0970433798152953, 0.101368417304475, 0.104499165364541, 0.103447094920557, 
       0.101862494433299, 0.0986476241028868, 0.102615331609268, 0.100441469999496, 
       0.103618854463566, 0.104931094408967, 0.101226788575295), SizeLimFrac = c(1, 
       1, 1, 1, 1, 1, 1, 1, 1, 1, 1, 1, 1, 1, 1, 1, 1, 1, 1, 1, 1, 1, 1, 1, 1, 1, 1, 
       1, 1), SizeLimSD = c(0, 0, 0, 0, 0, 0, 0, 0, 0, 0, 0, 0, 0, 0, 0, 0, 0, 0, 0, 
       0, 0, 0, 0, 0, 0, 0, 0, 0, 0), Spat_targ = c(1, 1, 1, 1, 1, 1, 1, 1, 1, 1, 1, 
       1, 1, 1, 1, 1, 1, 1, 1, 1, 1, 1, 1, 1, 1, 1, 1, 1, 1), SRrel = c(2, 2, 2, 2, 
       2, 2, 2, 2, 2, 2, 2, 2, 2, 2, 2, 2, 2, 2, 2, 2, 2, 2, 2, 2, 2, 2, 2, 2, 2), SSB0 = c(61737.4759478518, 
       28370.0407640193, 39006.7171824148, 79948.8888923144, 38377.6998392952, 53492.7026544052, 
       40755.5392566809, 48844.2587668721, 57657.95805948, 42761.0776060378, 35356.3296789698, 
       28997.4427183433, 55810.4323629261, 47134.4506664905, 54428.6681790649, 40499.2632013579, 
       47208.0635414858, 27389.2709620095, 41347.7870089626, 73248.68297691, 35749.8294898556, 
       51121.0863450422, 58935.5756789482, 43914.3441821332, 63710.2326318519, 66661.5995951951, 
       35888.1188870897, 35196.9665215662, 43090.211703816), SSBMSY = c(29157.7634398021, 
       12093.3275765779, 18637.8953789933, 36665.0916198887, 18894.5905864375, 23752.2783400034, 
       18311.1288172472, 24027.4227900355, 26734.5752683758, 19074.8168162317, 17163.7856453672, 
       14243.0327522763, 23943.5283245049, 21156.5614352787, 25710.3076524478, 17974.3884393495, 
       21985.9865741613, 12970.8440353985, 19925.4189695762, 32620.3446887915, 16114.9483056093, 
       25226.700931614, 26675.3630986485, 20227.2368402324, 30397.6327543663, 30463.3883967305, 
       16053.1357570232, 16721.6081294269, 20247.0235773388), SSBMSY_SSB0 = c(0.472286289520987, 
       0.426271068031578, 0.477812457065618, 0.458606643918142, 0.492332543783438, 0.444028384459414, 
       0.449291780975407, 0.491919079061381, 0.463675374018559, 0.446078955071476, 0.48545156698141, 
       0.491182373929352, 0.429015281028536, 0.448855585163733, 0.472367017467036, 0.443820134454862, 
       0.465725236851545, 0.473573906125132, 0.481898075107555, 0.445336944816801, 0.450769934726041, 
       0.493469578509075, 0.452619030039897, 0.460606601714025, 0.477123242195932, 0.456985559628339, 
       0.447310593445402, 0.475086627683697, 0.469875240263575), t0 = c(-0.0345906085334718, 
       -0.0429785047331825, -0.0498006262537092, -0.0342182835610583, -0.0412685235030949, 
       -0.0450297709507868, -0.0415137876104563, -0.0429674632102251, -0.0400851213326678, 
       -0.040891150967218, -0.0362803981034085, -0.0458576560905203, -0.0428320721164346, 
       -0.0318448891956359, -0.0408200581045821, -0.0305230490118265, -0.0400604340573773, 
       -0.0486399284936488, -0.0483874900639057, -0.0419501976575702, -0.0468888837238774, 
       -0.0384264174895361, -0.0476957918005064, -0.0491973037179559, -0.045839434331283, 
       -0.040652301684022, -0.0376517272135243, -0.0446036441810429, -0.0460819413326681
       ), TACFrac = c(1, 1, 1, 1, 1, 1, 1, 1, 1, 1, 1, 1, 1, 1, 1, 1, 1, 1, 1, 1, 1, 
       1, 1, 1, 1, 1, 1, 1, 1), TACSD = c(0, 0, 0, 0, 0, 0, 0, 0, 0, 0, 0, 0, 0, 0, 
       0, 0, 0, 0, 0, 0, 0, 0, 0, 0, 0, 0, 0, 0, 0), TAEFrac = c(1, 1, 1, 1, 1, 1, 1, 
       1, 1, 1, 1, 1, 1, 1, 1, 1, 1, 1, 1, 1, 1, 1, 1, 1, 1, 1, 1, 1, 1), TAESD = c(0, 
       0, 0, 0, 0, 0, 0, 0, 0, 0, 0, 0, 0, 0, 0, 0, 0, 0, 0, 0, 0, 0, 0, 0, 0, 0, 0, 
       0, 0), UMSY = c(0.0168901030189961, 0.040381779944501, 0.0285678474682011, 0.0118714564023105, 
       0.0221010975577425, 0.0267611813228935, 0.0314022275971539, 0.0180396754669815, 
       0.0212489318582684, 0.0366126930758453, 0.0193587528810801, 0.0200538579584621, 
       0.030201403264624, 0.0314767071736803, 0.0244321765465775, 0.0345229290686904, 
       0.0293094312406456, 0.0387571313337536, 0.0254328389196986, 0.0305734403140418, 
       0.0299181791494523, 0.0215471579926309, 0.0326402345785907, 0.034870962748677, 
       0.0242614226726153, 0.0315781873735259, 0.0282037326204564, 0.0299179880390752, 
       0.0355269958375009), Vmaxlen = c(0.999108527029399, 0.999308489019982, 0.999591941394145, 
       0.999059264493873, 0.999455788577208, 0.999262594638625, 0.999294923316222, 0.999175833559129, 
       0.999092938597547, 0.999545536351157, 0.999348828739719, 0.999779701309744, 0.999087841324741, 
       0.999297141202958, 0.999618760890095, 0.999183449251577, 0.99992913653492, 0.999359765318222, 
       0.99959145680978, 0.999325206630863, 0.999554421948269, 0.999990299077937, 0.999811424190411, 
       0.999963908539619, 0.999923999309773, 0.999031887778314, 0.999776350251632, 0.99932280174247, 
       0.99934684225102)), class = "data.frame", row.names = c(NA, -29L)), structure(list(
       A = c(24904.465835917, 15711.523664433, 4038.03790497702, 12620.5146775097, 4777.42209315575, 
       11710.7177808344, 7652.72372486851, 20242.242857793, 19459.2101714319, 3804.31658608768, 
       18991.6633582189, 19640.2869178809, 12722.1920160667, 7213.60413316347, 1805.81362882361, 
       7569.78006766072, 29453.8369047895, 10916.3111384915, 26107.679646376, 9807.29094490502, 
       21586.4308990641, 21466.2281504555, 11283.0930742385, 16137.6216665716, 5323.09282141598, 
       20666.2845585612, 27916.8702690084, 15196.5552019838, 12588.9966360201), AC = c(0.82603845000267, 
       0.707359009049833, 0.199337521009147, 0.761953384056687, 0.222799788601696, 0.814841691404581, 
       0.212977508082986, 0.692581938393414, 0.41608663238585, 0.677324413135648, 0.170894341915846, 
       0.139301436580718, 0.605377592146397, 0.362145241908729, 0.359768455661833, 0.617178556509316, 
       0.355656124651432, 0.510361486114562, 0.132152268849313, 0.403409066796303, 0.239406937360764, 
       0.705314638279378, 0.781876750104129, 0.698208281770349, 0.582142246328294, 0.770674263313413, 
       0.200687511637807, 0.314727176167071, 0.114518252760172), ageM = c(5.49921541917653, 
       6.22372280795001, 5.96574030910718, 6.13791472851452, 6.33309658227212, 6.51992081242797, 
       5.61870467034994, 5.94739113494425, 6.88019695633221, 5.4997527410613, 6.25741554982083, 
       5.12086280352241, 5.86325730242222, 6.57246756316857, 6.2315308451852, 5.81888981420035, 
       6.72696631645054, 5.41496915349529, 6.01415710246811, 5.76766352104646, 6.76754074591012, 
       6.03119560643694, 6.43323078199367, 5.6767711115573, 6.28157333498706, 6.47173144436655, 
       5.33448774103163, 6.27829461649317, 6.25227996763692), Asp = c(24270.0630997018, 
       14826.8864566286, 3692.86027089252, 11721.6985787815, 4417.37664195325, 10827.6816781181, 
       7150.7546012656, 19068.8113783745, 17972.232870258, 3472.325637355, 17922.9247571963, 
       18976.6716708165, 12240.9953857825, 6589.54724234044, 1626.60687558557, 6897.55611246648, 
       28135.3427304884, 10314.4837075884, 24700.8584081218, 9288.889814594, 20465.4291792211, 
       20447.7318861698, 10221.1139251532, 15793.5778026625, 4994.47349465164, 19038.8249992333, 
       27295.2116013312, 14093.0969781845, 11884.6365393845), Blow = c(3994.42935159345, 
       1422.68021912323, 1307.69880682265, 1740.99953924482, 4684.87962460483, 871.498244627716, 
       1195.46204968418, 427.71623817674, 566.664675198508, 446.19013303022, 1401.19636355616, 
       577.60808880735, 2838.68805204384, 740.830877698055, 1453.24520576961, 876.644511732469, 
       1526.41600749328, 824.965937907211, 715.598678335367, 1312.39337401941, 7048.94619956398, 
       979.960855409289, 436.379293168301, 2753.05754539724, 1986.75145485525, 646.15145549098, 
       4151.32948109921, 1412.43636381038, 1245.17880099879), BMSY = c(33182.9052185803, 
       12957.50492595, 12969.5604167673, 22892.6437340598, 32805.8424568528, 12797.4902813341, 
       17319.9799213717, 17700.8272486076, 19976.4683602914, 17670.8451912443, 20920.6840090645, 
       28490.2641915482, 16169.5064538728, 22578.3620921592, 12201.7426810704, 14972.480107331, 
       31359.7794848835, 21479.8555776098, 28698.6529904103, 12490.2077370111, 35159.5496518492, 
       20445.6290278964, 12549.8645024553, 16825.6962315015, 21531.7482780926, 21282.524397828, 
       37062.0945092893, 16656.0055976755, 26371.9599540283), BMSY_B0 = c(0.461904369186743, 
       0.457668397468709, 0.48185284217397, 0.462964628971346, 0.495809663161412, 0.467969899684811, 
       0.465494861421022, 0.461035834229675, 0.458571885314915, 0.505291621864532, 0.485166849217991, 
       0.501623568376743, 0.488326112585474, 0.469822353083511, 0.436541888097698, 0.488242996248698, 
       0.468455194603111, 0.446242510489637, 0.487479282528551, 0.460238968089774, 0.452853498667074, 
       0.478247113640428, 0.464716763835462, 0.479187961588867, 0.480728395808174, 0.477444142758, 
       0.470233746813541, 0.478957739006563, 0.464018029583204), D = c(0.352909618301783, 
       0.578413539868779, 0.150512845965568, 0.253357185423374, 0.0708243877743371, 
       0.441823701397516, 0.206582619273104, 0.533447529631667, 0.448883064568508, 0.106430417264346, 
       0.445657700684387, 0.349894791922998, 0.40467511927709, 0.1469793203054, 0.0640331309637986, 
       0.244422858871985, 0.442548001336399, 0.226583976298571, 0.442903616756666, 0.37260077924002, 
       0.279199080588296, 0.513015418802388, 0.42066684383899, 0.483162731362972, 0.120439228694886, 
       0.460240239475388, 0.359289369278122, 0.442964596534148, 0.221622062614188), 
       dFfinal = c(0.0175809604319754, 0.0172155616033755, 0.0218056759074827, 0.019498372859004, 
       0.0183426350419559, 0.0213494420580292, 0.0219556884187186, 0.0156503828445445, 
       0.0132483067996482, 0.0197511484008443, 0.0187932433626909, 0.0218782769068986, 
       0.0199526638558736, 0.0220036923410239, 0.0234991615463272, 0.0142181539963734, 
       0.0139339570783676, 0.0189445309692931, 0.0151504378480541, 0.0131542736752211, 
       0.0161725076575531, 0.0125515537149712, 0.011594380762044, 0.0238099655960153, 
       0.0176317577065882, 0.0219240268417499, 0.0218978667391246, 0.011824620053342, 
       0.0121889219045132), DR = c(0, 0, 0, 0, 0, 0, 0, 0, 0, 0, 0, 0, 0, 0, 0, 0, 0, 
       0, 0, 0, 0, 0, 0, 0, 0, 0, 0, 0, 0), Esd = c(0.351286864839494, 0.177689080988057, 
       0.200252190278843, 0.164149893587455, 0.203525296365842, 0.329087754921056, 0.303576021594927, 
       0.188284977478907, 0.374687568633817, 0.227133188932203, 0.338498304598033, 0.362097994983196, 
       0.151480421819724, 0.391728812479414, 0.295691778836772, 0.332577679050155, 0.224710277933627, 
       0.367001023818739, 0.206739519583061, 0.246687330282293, 0.345939295692369, 0.307057876535691, 
       0.124395135440864, 0.15377593068406, 0.194252414419316, 0.277222380158491, 0.206322395778261, 
       0.217637137137353, 0.245808546897024), Fdisc = c(0, 0, 0, 0, 0, 0, 0, 0, 0, 0, 
       0, 0, 0, 0, 0, 0, 0, 0, 0, 0, 0, 0, 0, 0, 0, 0, 0, 0, 0), FinF = c(1.03613348679914, 
       0.903760631484315, 0.70526181195047, 0.629634552151484, 0.658611320359913, 1.6092036610055, 
       0.830843890481625, 0.926160054777766, 0.802933618466751, 1.12277367900934, 0.525900045034372, 
       0.675275285293782, 0.664163918625484, 1.28304510678497, 0.906748427090894, 0.654870641748844, 
       0.979282809351801, 0.708544299234257, 0.883015572159862, 0.470565407914564, 0.553064407668845, 
       0.919522396988144, 0.88788695942677, 0.949327986375657, 1.00001180809527, 0.748782603032397, 
       0.825219382431839, 0.913738311453251, 0.736335378500421), FMSY = c(0.0194515966273959, 
       0.0328905239244057, 0.0282747400054781, 0.0283925014115644, 0.015663897037563, 
       0.038698661395017, 0.0328644996231991, 0.0447246569584841, 0.0375217740362958, 
       0.0426859307721368, 0.0264408699080251, 0.0375233280894721, 0.0206186615175871, 
       0.0402991611640688, 0.0312024063067608, 0.0358129981169114, 0.0224439133983801, 
       0.0330196018035663, 0.0289706962305815, 0.0244808159989302, 0.0131788679343791, 
       0.0348273674093458, 0.0491481276345549, 0.0201226819010619, 0.023889481775884, 
       0.0352246820724755, 0.0180207527463428, 0.0282164394496625, 0.0313495200502279
       ), FMSY_M = c(0.442677685863177, 0.421693172987348, 0.365196434665627, 0.514761886216543, 
       0.339504142745323, 0.489552844690947, 0.500111847418257, 0.706662420499788, 0.66858739185372, 
       0.641520877962927, 0.439675081928792, 0.772264630610829, 0.283177702491166, 0.734705642011226, 
       0.399223526723315, 0.484147920272748, 0.524730746562186, 0.562583737723664, 0.643700387083208, 
       0.324926056432347, 0.323588626394326, 0.564109131050311, 0.633696462366695, 0.301208135912023, 
       0.411155679092042, 0.633675509366499, 0.436281436551059, 0.404637097490528, 0.639719137143441
       ), Frac_area_1 = c(0.103564189923927, 0.102489043646492, 0.100996200444642, 0.10238572625909, 
       0.104459809602704, 0.0958102088002488, 0.102270840907004, 0.0996876360592432, 
       0.102752195787616, 0.096931246065069, 0.103853402519599, 0.0970514854951762, 
       0.0975282210065052, 0.099991005891934, 0.101021517394111, 0.10330102128908, 0.0964005279750563, 
       0.104314520941116, 0.104923583013006, 0.0969696954730898, 0.0954736201348715, 
       0.0954975835606456, 0.104444606609177, 0.102533382668626, 0.0998971549700946, 
       0.0983248087973334, 0.100948444148526, 0.0951344847679138, 0.0956374941300601
       ), hs = c(0.451580037041567, 0.47231931702001, 0.437116673360579, 0.524844989441335, 
       0.371457579864655, 0.551967325648293, 0.502901142403716, 0.685389168210095, 0.65505024688784, 
       0.648355834039394, 0.459546966244234, 0.694186626408482, 0.367694379847962, 0.65862629821524, 
       0.47113354367204, 0.533520047493512, 0.498945923026185, 0.552428636174882, 0.599779861512361, 
       0.391599027409684, 0.355007046977989, 0.581467032314977, 0.664384372152854, 0.36746466759243, 
       0.449713840788463, 0.606149565019878, 0.435501605212921, 0.455634857788682, 0.58128285038285
       ), K = c(0.123074329081923, 0.12561286052363, 0.126192783880979, 0.123826020188164, 
       0.126170978568029, 0.123708872857038, 0.124515313695651, 0.125581010910682, 0.123041690333746, 
       0.125478579639457, 0.122389411774464, 0.126799879745115, 0.125601179130375, 0.126563199446537, 
       0.122037044513971, 0.123607230162248, 0.123122298870236, 0.122284810329322, 0.122816943783779, 
       0.122284147533122, 0.125998554009013, 0.12637068376597, 0.12506061667623, 0.12689801107347, 
       0.127990492417011, 0.123254003939684, 0.124574974291492, 0.124923724915832, 0.122299112038221
       ), Ksd = c(0.00929376507992856, 0.0134093788277823, 0.0149989295285195, 0.0097537170862779, 
       0.00138755025109276, 0.00203751536319032, 0.00592665365547873, 0.0231971679604612, 
       0.00115929739549756, 0.0219879328738898, 0.0134773191646673, 0.00304017635062337, 
       0.0157665448554326, 0.0129843345377594, 0.0166797660640441, 0.00239382105064578, 
       0.0244977943133563, 0.0201272075646557, 0.0202464796195272, 0.00805692861322314, 
       0.0223423707007896, 0.0228131344309077, 0.0105780322512146, 0.00328540344489738, 
       0.000464322214247659, 0.00229196935542859, 0.01518837515614, 0.020531098858919, 
       0.0144660927471705), L5 = c(6.87313534943522, 10.3247989702041, 7.5469643918069, 
       9.09185212469739, 13.7655707450359, 10.5046389748564, 13.1867492804729, 12.2595530113288, 
       7.86602724918184, 10.386198408959, 14.1025978547633, 11.3559061079973, 8.07671243543571, 
       13.5721241528715, 7.02990141016945, 7.51622526268232, 7.98514519834743, 12.2280651886355, 
       9.23211165285383, 9.58234460893058, 9.72209008398583, 8.89255551312723, 11.3752467277025, 
       11.8686401301073, 9.81180461353391, 10.7263529184524, 7.65569046954119, 14.5353137926682, 
       13.8572179209378), L50 = c(33.066600590013, 35.990665466059, 34.8349387878552, 
       35.4006505655125, 37.0969552393071, 37.1109296237119, 33.7126441379078, 34.7771508530714, 
       37.0649861576967, 33.4280167967081, 35.7819472313859, 32.2197710438631, 36.1678051655181, 
       37.1189733059146, 34.8715516715311, 34.6504341042601, 36.3446840187535, 33.2058514691889, 
       34.0848230505362, 33.28675105609, 37.8152993768454, 35.1640682374127, 35.7119617038406, 
       33.9077931386419, 36.7314645126462, 35.9259201646782, 32.8073111861013, 36.925581170246, 
       35.809126291424), L50_95 = c(14.4883910492063, 13.21374371415, 12.6554921180941, 
       13.9708621494938, 14.7763900039718, 13.4836337431334, 14.2276773259509, 12.213977604406, 
       14.9071060402784, 13.4987871358171, 12.6437438344583, 13.5091389601585, 14.7313383563887, 
       12.5293181827292, 12.6751295167487, 13.3426722243894, 12.3559023477137, 13.5003930742387, 
       14.7038318181876, 14.3217267268337, 14.9198558921926, 14.6920074757654, 14.8018755214289, 
       13.1003853902221, 14.8263451340608, 14.3269889038056, 12.2488006828353, 13.1523033266421, 
       13.3638558690436), L95 = c(47.5549916392192, 49.204409180209, 47.4904309059493, 
       49.3715127150062, 51.8733452432789, 50.5945633668453, 47.9403214638587, 46.9911284574773, 
       51.9720921979751, 46.9268039325252, 48.4256910658441, 45.7289100040216, 50.8991435219068, 
       49.6482914886437, 47.5466811882798, 47.9931063286494, 48.7005863664672, 46.7062445434276, 
       48.7886548687238, 47.6084777829237, 52.7351552690379, 49.8560757131781, 50.5138372252695, 
       47.0081785288639, 51.557809646707, 50.2529090684839, 45.0561118689366, 50.0778844968881, 
       49.1729821604677), LenCV = c(0.0922289132513106, 0.0958916584029794, 0.100696759326383, 
       0.0817690835986286, 0.0968898748978972, 0.117824310949072, 0.112135983807966, 
       0.081185674900189, 0.113198647499084, 0.0968413496762514, 0.0878037528507411, 
       0.0859383229445666, 0.0930536908097565, 0.107741028405726, 0.0973385189380497, 
       0.0838080949056894, 0.111498692696914, 0.108264656625688, 0.101788725387305, 
       0.0957036993186921, 0.102289336426184, 0.103910288121551, 0.112755192145705, 
       0.0943298879545182, 0.10122659035027, 0.11297033553943, 0.10740182178095, 0.118762546600774, 
       0.106764066210017), LFR = c(0, 0, 0, 0, 0, 0, 0, 0, 0, 0, 0, 0, 0, 0, 0, 0, 0, 
       0, 0, 0, 0, 0, 0, 0, 0, 0, 0, 0, 0), LFS = c(24.8571934649721, 33.6853614078084, 
       31.3026651464953, 31.1089148356389, 38.0995597737423, 28.5817383812083, 36.6298882032874, 
       32.4739600848272, 33.0215021215629, 32.8835539254203, 36.0613666964101, 31.6833991473094, 
       36.3992032961805, 39.5981115460616, 31.2369600022709, 31.3925437544403, 28.359500767359, 
       34.6181149519543, 26.9851145376277, 36.0003517787714, 37.0715306654112, 32.3694041054139, 
       32.7380481139433, 36.8833525471951, 27.9809215721269, 34.8724060635559, 26.1193723539606, 
       29.9924755343318, 35.3257843833802), Linf = c(66.8306126818061, 66.4364535864443, 
       65.4737217258662, 66.1758027691394, 67.150932315737, 66.6633376739919, 66.4023848753422, 
       65.474510146305, 64.6079821577296, 66.690453668125, 67.192061977461, 67.0253844605759, 
       67.9170016646385, 65.9492659391835, 65.2528928732499, 67.2712935367599, 65.273120068945, 
       67.851550319232, 64.228694004938, 65.2673210455105, 65.9615204203874, 66.6248404514045, 
       64.8816930940375, 65.8182496652007, 66.2580459071323, 64.9438944589347, 67.6036257026717, 
       67.1975727016106, 66.373436124064), Linfsd = c(0.0196181993873324, 0.00690083476947621, 
       0.0069721108826343, 0.0237762773293071, 0.0238027090206742, 0.0140580014151055, 
       0.0089544493239373, 0.024984812096227, 0.0238349013903644, 0.00804352538543753, 
       0.00417304727598093, 0.00257293721078895, 0.00979331291164272, 0.0187851498951204, 
       0.022763536835555, 0.0214110851520672, 0.0172391021915246, 0.0197549539501779, 
       0.0153310210967902, 0.0169297292944975, 0.00182057443307713, 0.0017112554225605, 
       0.0127395430929028, 0.0114219688577577, 0.0135210567270406, 0.0114617154176813, 
       0.00575853759073652, 0.0105600964510813, 0.0240949629747774), LR5 = c(0, 0, 0, 
       0, 0, 0, 0, 0, 0, 0, 0, 0, 0, 0, 0, 0, 0, 0, 0, 0, 0, 0, 0, 0, 0, 0, 0, 0, 0), 
       M = c(0.043940766043961, 0.0779963395930827, 0.0774233736190945, 0.0551565727218986, 
       0.0461375726107508, 0.0790489970892668, 0.0657142992969602, 0.0632899891957641, 
       0.056120971608907, 0.066538646267727, 0.060137294549495, 0.0485886917542666, 
       0.0728117409534752, 0.0548507577180862, 0.0781577342469245, 0.0739711906574667, 
       0.0427722475677729, 0.0586927768960595, 0.0450064918585122, 0.0753427295666188, 
       0.0407272285223007, 0.0617387053184211, 0.0775578381028026, 0.0668065682891756, 
       0.0581032513733953, 0.055587886152789, 0.0413053392525762, 0.0697327052429318, 
       0.0490051308926195), maxF = c(0.8, 0.8, 0.8, 0.8, 0.8, 0.8, 0.8, 0.8, 0.8, 0.8, 
       0.8, 0.8, 0.8, 0.8, 0.8, 0.8, 0.8, 0.8, 0.8, 0.8, 0.8, 0.8, 0.8, 0.8, 0.8, 0.8, 
       0.8, 0.8, 0.8), maxlen = c(66.1506743032577, 65.8654284428792, 65.0282040948324, 
       65.2309181498514, 66.9981569717041, 66.2764532850952, 66.7653615875289, 65.7119366150689, 
       63.7514007329411, 67.6331191752724, 66.7335494666396, 66.6626018835633, 67.6873846782749, 
       64.749943053382, 64.2651298543036, 67.4400746522838, 67.7813189122145, 69.3616127458955, 
       66.7780663811225, 65.001292512505, 66.0426564162324, 66.4101696694299, 63.3913396899557, 
       65.7079216901227, 67.7568788591512, 64.5838797760169, 67.1155119647257, 66.6879615815896, 
       64.2420692688041), Mexp = c(0, 0, 0, 0, 0, 0, 0, 0, 0, 0, 0, 0, 0, 0, 0, 0, 0, 
       0, 0, 0, 0, 0, 0, 0, 0, 0, 0, 0, 0), MGT = c(27.2768898315484, 18.1945921272193, 
       18.425829673078, 22.9247104799139, 26.7502496979944, 18.1346418512494, 20.1709336844291, 
       21.3469163972165, 24.0275368287959, 20.7849230113265, 22.5042520917525, 24.6291795161872, 
       19.085128613539, 24.1339254401732, 18.416794856098, 18.8553131382583, 29.3679903691172, 
       22.6192463099346, 27.1993032348485, 19.4467663740932, 28.3095055321871, 22.6301661773564, 
       19.1640372735245, 20.6590563523528, 22.7905752924975, 23.1972027977091, 28.299762922515, 
       20.2087167129825, 25.9402854093184), Msd = c(0.00362779481802136, 0.0293402657960542, 
       0.00627128108171746, 0.0436641835840419, 0.0255797589663416, 0.0399911675602198, 
       0.0135002261027694, 0.00319279824616388, 0.0105897290515713, 0.0475487809279002, 
       0.0389379707514308, 0.0426026707165875, 0.0189058207790367, 0.02234592406312, 
       0.0147914129425772, 0.0120792275527492, 0.049098505359143, 0.026100154069718, 
       0.000816078658681363, 0.0495749907218851, 0.0378105598385446, 0.0479547999915667, 
       0.0413977721240371, 0.0171579428599216, 0.0192053699167445, 0.0205121766426601, 
       0.0100466151256114, 0.0156366963521577, 0.00244190607918426), MSY = c(623.995037078124, 
       397.425255883889, 344.848206782591, 618.724391200984, 493.38207287129, 462.362202221158, 
       532.496665004977, 740.36027066911, 708.26009215817, 704.299636701136, 522.380638770389, 
       1016.13190998059, 314.527239240452, 848.926640946617, 357.027805463047, 503.298837415561, 
       677.449720492745, 667.874625852453, 798.204896995113, 285.384826951591, 447.37256075723, 
       672.273473762297, 568.469861222319, 319.526852056733, 491.528177472163, 707.236120278738, 
       647.0863760248, 443.383463909728, 784.372861607219), OFLreal = c(479.750540044167, 
       508.354396992261, 112.575451215523, 353.288870551928, 74.2500073922266, 444.532225326532, 
       247.415081043821, 885.380615456039, 716.615667428509, 158.973686592172, 495.575504592382, 
       723.31349813856, 259.628774118168, 284.922566317879, 55.4757414353268, 266.299564674946, 
       653.696174318625, 354.566214808124, 745.506592484847, 237.175514972646, 282.618336648261, 
       734.743360729865, 541.136062854032, 321.486791193726, 125.658988735781, 715.291389008745, 
       498.577156172729, 422.799677707807, 388.536958458583), Prob_staying = c(0.955855033947155, 
       0.954863215619698, 0.95908389929682, 0.989267607107759, 0.982113999715075, 0.974779372569174, 
       0.95989102714695, 0.955665501123294, 0.950246671540663, 0.981575793540105, 0.977580652134493, 
       0.965459737963974, 0.980925964470953, 0.956938785966486, 0.971991524174809, 0.973055225778371, 
       0.96799049613066, 0.983241665204987, 0.966347108967602, 0.96008187985979, 0.956832575723529, 
       0.968880432294682, 0.966636632438749, 0.981071606725454, 0.978386983675882, 0.974709450602531, 
       0.960066012917086, 0.975468701710924, 0.986162560870871), procmu = c(-0.0345961132664742, 
       -0.123021187966067, -0.0329626491105841, -0.0498926090575028, -0.098916500768662, 
       -0.0558481822975892, -0.0265520486683472, -0.0457123224172093, -0.0933971589536755, 
       -0.101742498089447, -0.0283565831955527, -0.0408628364616372, -0.0913279370846327, 
       -0.0223954010241162, -0.120696059323677, -0.0478841452054732, -0.104691418996053, 
       -0.0292327251501522, -0.027681854996642, -0.0727800298411911, -0.0302973459896617, 
       -0.120572427973153, -0.120526032887652, -0.121017083509496, -0.0614136938446551, 
       -0.0976442741914831, -0.0593341752020722, -0.0743807235181582, -0.110130965566395
       ), procsd = c(0.263044153200462, 0.496026587928645, 0.256759222270921, 0.315887983492576, 
       0.444784219074063, 0.334210060583428, 0.230443262727931, 0.302365085342899, 0.432197082252242, 
       0.451093112537637, 0.238145263213664, 0.285877024126239, 0.427382585243322, 0.211638375651091, 
       0.49131671928335, 0.30946452205535, 0.457583695068024, 0.241796299186535, 0.235294942557812, 
       0.381523340940475, 0.246159891085699, 0.491065022116527, 0.490970534528606, 0.49196968099568, 
       0.350467384629883, 0.441914639249444, 0.344482728745788, 0.385696055251174, 0.469320712448098
       ), qcv = c(0.275237906724215, 0.17878427291289, 0.148093778360635, 0.131373057095334, 
       0.294971264479682, 0.28113116058521, 0.145438528200611, 0.203247571364045, 0.292679754598066, 
       0.270126853184774, 0.265034836437553, 0.254618653282523, 0.184918237989768, 0.157174078654498, 
       0.215085753565654, 0.143095254665241, 0.156881568906829, 0.139595650369301, 0.144786214828491, 
       0.129397303331643, 0.123163893539459, 0.220036026602611, 0.255722625600174, 0.270559504395351, 
       0.241773894941434, 0.219232229236513, 0.265591068705544, 0.227214775281027, 0.219669977203012
       ), qinc = c(-1.26031910069287, 0.370912876911461, 1.83055095281452, 0.288949771784246, 
       0.565784756094217, 0.667922332882881, -1.17515874374658, 0.813261413946748, -1.36248455569148, 
       1.35237642750144, -1.43100585229695, 1.63640356529504, 1.33682005479932, -0.659862086176872, 
       -0.472869100049138, -0.43284023925662, -1.77133640181273, -1.57754467520863, 
       -1.46818511933088, 1.10509884543717, 0.569164927117527, 0.554767998866737, -0.209691791795194, 
       -0.676624252460897, -1.00334098841995, 0.447817276231945, 1.80628952849656, 0.18892658688128, 
       -1.04192600306123), R0 = c(1000, 1000, 1000, 1000, 1000, 1000, 1000, 1000, 1000, 
       1000, 1000, 1000, 1000, 1000, 1000, 1000, 1000, 1000, 1000, 1000, 1000, 1000, 
       1000, 1000, 1000, 1000, 1000, 1000, 1000), RefY = c(465.061736909606, 237.808589892659, 
       207.143191664147, 376.90330602126, 137.972824382728, 347.394557512982, 359.773573808483, 
       584.704306643081, 595.175376814132, 242.454770867393, 565.505102638958, 1038.1362378014, 
       293.309511543735, 768.484556781005, 107.634786110847, 367.602405703153, 578.253536274324, 
       529.966111917043, 747.395750966017, 366.440037060277, 384.281486413734, 442.396398848738, 
       265.034583655851, 261.456319667039, 203.934233257438, 707.356735621142, 566.310344592884, 
       366.345184905853, 592.857655163865), Rmaxlen = c(1, 1, 1, 1, 1, 1, 1, 1, 1, 1, 
       1, 1, 1, 1, 1, 1, 1, 1, 1, 1, 1, 1, 1, 1, 1, 1, 1, 1, 1), Size_area_1 = c(0.103189114462584, 
       0.103030632720329, 0.102232151073404, 0.0997501508519053, 0.096855811860878, 
       0.103038539385889, 0.101680332203396, 0.0981225042510778, 0.0999598864768632, 
       0.0953494859091006, 0.0951603447343223, 0.104253756853286, 0.102641850160435, 
       0.100533274710178, 0.098833043682389, 0.103833867812064, 0.0961972866836004, 
       0.101226512873545, 0.102827419652604, 0.101790347108617, 0.103859514340293, 0.0987888137856498, 
       0.0978805534006096, 0.0977382360212505, 0.100219502986874, 0.100670361486264, 
       0.0960208734497428, 0.104979066231754, 0.097938257905189), SizeLimFrac = c(1, 
       1, 1, 1, 1, 1, 1, 1, 1, 1, 1, 1, 1, 1, 1, 1, 1, 1, 1, 1, 1, 1, 1, 1, 1, 1, 1, 
       1, 1), SizeLimSD = c(0, 0, 0, 0, 0, 0, 0, 0, 0, 0, 0, 0, 0, 0, 0, 0, 0, 0, 0, 
       0, 0, 0, 0, 0, 0, 0, 0, 0, 0), Spat_targ = c(1, 1, 1, 1, 1, 1, 1, 1, 1, 1, 1, 
       1, 1, 1, 1, 1, 1, 1, 1, 1, 1, 1, 1, 1, 1, 1, 1, 1, 1), SRrel = c(2, 2, 2, 2, 
       2, 2, 2, 2, 2, 2, 2, 2, 2, 2, 2, 2, 2, 2, 2, 2, 2, 2, 2, 2, 2, 2, 2, 2, 2), SSB0 = c(70298.6690323838, 
       26677.4546553162, 25502.9203782739, 47617.896286941, 63852.196906617, 25526.7871060611, 
       35788.1361424585, 36894.7034118494, 41167.309571695, 33682.5083061407, 41436.633992133, 
       55601.0748411179, 31368.517232077, 46085.0349179019, 26420.0780997068, 29285.5253166398, 
       64920.6798429259, 46830.839367544, 57043.4960617628, 25823.7228212139, 74929.4058593425, 
       41035.0064214719, 25215.6566538332, 33766.3344787186, 42698.2428759867, 42573.6947849878, 
       77561.8373731651, 32936.9205216089, 54951.952115794), SSBMSY = c(32054.15722676, 
       11761.8900036846, 11953.8113689533, 21447.8466433419, 31195.0763446887, 11357.9073675707, 
       16190.0973835416, 16298.5496688229, 17935.2337764804, 16465.1505244703, 19639.3749955608, 
       27312.4379425182, 14994.6120630639, 20716.3833675117, 11124.8974683732, 13822.9847669031, 
       29749.1874776421, 20389.6374051052, 27086.5274509417, 11592.4839656458, 33400.0568695408, 
       18973.5578624888, 11005.237982129, 15916.1020543689, 19995.6868502134, 19533.308342085, 
       36136.8312926245, 15303.9835604974, 24740.9549245632), SSBMSY_SSB0 = c(0.4559710399637, 
       0.440892512260002, 0.468723236070517, 0.450415669648638, 0.488551339749689, 0.444940733057389, 
       0.452387274908511, 0.441758522541432, 0.435666891110415, 0.488833859248793, 0.473961639820683, 
       0.491221402114338, 0.478014690720881, 0.449525174591206, 0.421077387674211, 0.472007403570426, 
       0.458239001033562, 0.43538910855474, 0.474839890977479, 0.448908317592484, 0.445753659547754, 
       0.462374921246771, 0.43644463173066, 0.47136007802091, 0.468302335257428, 0.458811677979445, 
       0.465909943813776, 0.464645246675594, 0.450228863069858), t0 = c(-0.0309308761171997, 
       -0.0417545428266749, -0.0427668125648051, -0.043678943044506, -0.0488676794804633, 
       -0.0347552195610479, -0.0432375569129363, -0.0358919512759894, -0.0440545603493229, 
       -0.0361607083631679, -0.0306189261516556, -0.037875404888764, -0.0499448589747772, 
       -0.0334767140587792, -0.0435296296607703, -0.0498270864691585, -0.0302210341766477, 
       -0.0439374148612842, -0.0393115984695032, -0.0337277188664302, -0.0448851344082505, 
       -0.0496993700135499, -0.0491232557687908, -0.0331387172173709, -0.0367667678883299, 
       -0.0486062480555847, -0.0368747965758666, -0.039250015723519, -0.0315578596200794
       ), TACFrac = c(1, 1, 1, 1, 1, 1, 1, 1, 1, 1, 1, 1, 1, 1, 1, 1, 1, 1, 1, 1, 1, 
       1, 1, 1, 1, 1, 1, 1, 1), TACSD = c(0, 0, 0, 0, 0, 0, 0, 0, 0, 0, 0, 0, 0, 0, 
       0, 0, 0, 0, 0, 0, 0, 0, 0, 0, 0, 0, 0, 0, 0), TAEFrac = c(1, 1, 1, 1, 1, 1, 1, 
       1, 1, 1, 1, 1, 1, 1, 1, 1, 1, 1, 1, 1, 1, 1, 1, 1, 1, 1, 1, 1, 1), TAESD = c(0, 
       0, 0, 0, 0, 0, 0, 0, 0, 0, 0, 0, 0, 0, 0, 0, 0, 0, 0, 0, 0, 0, 0, 0, 0, 0, 0, 
       0, 0), UMSY = c(0.0188443755797663, 0.0310936154900626, 0.0268187470374997, 0.0271885217206652, 
       0.0151779119356123, 0.0364417831124923, 0.0312685455510065, 0.0423632613321495, 
       0.0357968944257481, 0.0403168773188492, 0.025314089876786, 0.0359206206777895, 
       0.0196672272236818, 0.0384219331960653, 0.0295415906631283, 0.0338919851439905, 
       0.021667623764995, 0.0314575531839993, 0.0279207899269353, 0.0232192056256771, 
       0.0128037966353314, 0.0331427597903209, 0.0460780576783775, 0.019263039946111, 
       0.0229232899981881, 0.0336327527749225, 0.017493653237473, 0.0268660125524117, 
       0.0301005106217269), Vmaxlen = c(0.999060512301279, 0.999089164263802, 0.999466990890447, 
       0.999977385389386, 0.999587297741789, 0.999566578660859, 0.999704658349743, 0.999649436686886, 
       0.999795434453292, 0.999410698086023, 0.999255458850879, 0.999465149131371, 0.999365883533377, 
       0.99974765330879, 0.999374649410136, 0.999842270838562, 0.999813738849713, 0.999602684259415, 
       0.999052945972653, 0.99952957031806, 0.999853683858877, 0.999840380994836, 0.999210447385907, 
       0.999006971139461, 0.999571431914344, 0.99981109482795, 0.999439913529903, 0.999390122510958, 
       0.999706650232198)), class = "data.frame", row.names = c(NA, -29L)), structure(list(
       A = c(8506.4641976232, 27136.5663340962, 17683.819608388, 18524.8742951474, 8642.79690859205, 
       6682.77961347944, 16218.7550556924, 32606.3329475868, 9294.96789302867, 29680.0307557712, 
       24483.8868787223, 19658.6021182836, 14582.0319544046, 15321.708904031, 3775.86427962524, 
       8119.6940463701, 32283.9199368691, 22876.3918223015, 3620.25947342233, 14529.4597375921, 
       3829.91288879385, 7425.78621280764, 13722.2236252186, 10371.8673403927, 17355.6745358565, 
       3447.47146386388, 6381.86292985248, 22385.4039426036, 8597.99982429014), AC = c(0.170523773506284, 
       0.168539130501449, 0.189613888412714, 0.649199225381017, 0.327828674577177, 0.483781477808952, 
       0.395691093243659, 0.603959177806974, 0.809348836913705, 0.192692209593952, 0.843182011134923, 
       0.256680498272181, 0.710134717077017, 0.604210468567908, 0.388294924236834, 0.13486663531512, 
       0.789591256156564, 0.351130033656955, 0.1965736316517, 0.405471984110773, 0.279852463304996, 
       0.834809021651745, 0.884305204823613, 0.18599832765758, 0.727942665666342, 0.49519267976284, 
       0.555670252814889, 0.377349629253149, 0.264091580547392), ageM = c(6.85435869108541, 
       5.52055535824792, 5.64913288456291, 5.35038419076144, 5.49612284988167, 5.46836049464889, 
       5.48800379839914, 6.12656412763577, 5.49071203222416, 6.8429815119351, 6.72878479853788, 
       6.51980659630237, 6.24194665904829, 5.18630921534516, 5.43215125335331, 6.86144449710891, 
       5.8078011814832, 6.61355147690288, 5.42735604690675, 5.62074359197839, 5.58149345834434, 
       6.34686296894192, 6.40006129016191, 6.16812836140072, 5.85098926556595, 6.03107360247205, 
       6.67400668815776, 7.06302173849571, 6.51334683236406), Asp = c(7642.71471352911, 
       26155.5486588218, 16571.3416790811, 17625.1619989589, 8117.34059085564, 6273.39072092337, 
       15487.6737514738, 31745.7686828792, 8821.53224911557, 28080.9924650686, 23249.7883122507, 
       17796.9524845769, 13904.8533547147, 14518.3994905194, 3557.14651643587, 6842.64676876934, 
       31131.1641643268, 21443.0965582305, 3423.61588006184, 13761.4994878948, 3565.61809973594, 
       6794.78029174285, 12773.744306733, 9560.79246744749, 16760.1702310435, 2982.88488164539, 
       5800.87764721502, 20998.1829197908, 7950.68242777208), Blow = c(1465.03250319294, 
       649.200282700344, 1768.91537317384, 751.61107419099, 683.291534405662, 1381.5056268655, 
       1024.19185103207, 4446.293101103, 1145.5369708824, 801.633707990401, 302.898257474397, 
       372.407540554479, 3014.44033976852, 706.407337208282, 1726.14132710442, 397.993451018821, 
       988.779553762249, 878.117956909589, 976.65677321316, 1864.52242969582, 1860.00737019797, 
       2189.33399847764, 637.855068127808, 888.936267332243, 1823.10739696067, 623.107419949109, 
       1041.45994664335, 2546.02730545916, 1510.87275816838), BMSY = c(15812.8783601307, 
       31033.4123281709, 20483.922926709, 18189.2499330381, 16629.8760261867, 22100.3523573166, 
       14555.3628732993, 29406.6088507605, 21232.6306225852, 25664.4708716343, 21528.6969858878, 
       18314.9750487763, 17676.658212593, 22538.769331111, 16643.9748350684, 11992.6054086654, 
       30552.7531933694, 29523.1051936945, 30234.3512164435, 17632.0714048924, 18303.7325269291, 
       12984.3660105632, 22281.8700158207, 21163.7747246648, 23107.4520662182, 15708.9566350897, 
       18912.8818221317, 22090.2670155495, 33266.6082478519), BMSY_B0 = c(0.498323304014418, 
       0.448504043827485, 0.465268693292763, 0.444209447675333, 0.456346774933665, 0.465495256047513, 
       0.450451972941606, 0.476229063903317, 0.451524049663408, 0.483323125452033, 0.480878775942333, 
       0.486217688005914, 0.475197364760861, 0.455321899256829, 0.507334035647631, 0.45185152516408, 
       0.445182513344598, 0.47331742578042, 0.486127126621753, 0.501255203226323, 0.449123785239472, 
       0.477204967129569, 0.474133188558572, 0.474730300831086, 0.455423645345246, 0.458779243437797, 
       0.489676111804667, 0.469912562980677, 0.465056163584138), CAL_binsmid = c(1.5, 
       4.5, 7.5, 10.5, 13.5, 16.5, 19.5, 22.5, 25.5, 28.5, 31.5, 34.5, 37.5, 40.5, 43.5, 
       46.5, 49.5, 52.5, 55.5, 58.5, 61.5, 64.5, 67.5, 70.5, 73.5, 76.5, 79.5, 82.5, 
       85.5), D = c(0.266503739345353, 0.393438236112706, 0.402338148537092, 0.457324195641559, 
       0.237905167485587, 0.139629610371776, 0.518106304947287, 0.540559468336869, 0.198864401155151, 
       0.564333654323127, 0.562970818474423, 0.51558535748627, 0.403652713610791, 0.309800511330832, 
       0.11661250354955, 0.289386954403017, 0.474735865951516, 0.365522992657497, 0.0575270857079886, 
       0.419639190786984, 0.0935965561540797, 0.276383435120806, 0.290591282118112, 
       0.229666972591076, 0.350148163421545, 0.0943408647202887, 0.163474545592908, 
       0.483208595437463, 0.117134873196483), dFfinal = c(0.0158604632662418, 0.013146230071297, 
       0.0156006790444748, 0.0170714723443341, 0.0139708335861649, 0.0127299025996089, 
       0.0165958168466127, 0.0138233202856372, 0.0197484879803662, 0.0182893577056019, 
       0.0158789491436507, 0.0199973852978359, 0.0163300146641745, 0.0143310201461326, 
       0.0149467556959621, 0.0205172109794809, 0.01739857813542, 0.0260875404921257, 
       0.02306543730995, 0.0238634659830224, 0.0173781909411727, 0.0231075558188152, 
       0.0142035375357193, 0.0119915687362513, 0.0204655159032427, 0.0186836103120258, 
       0.0163454798192085, 0.0268607626271079, 0.0140632887530097), DR = c(0, 0, 0, 
       0, 0, 0, 0, 0, 0, 0, 0, 0, 0, 0, 0, 0, 0, 0, 0, 0, 0, 0, 0, 0, 0, 0, 0, 0, 0), 
       Esd = c(0.357624597358517, 0.136773368902504, 0.233628212613985, 0.139049493079074, 
       0.26443384939339, 0.277814403967932, 0.126095372368582, 0.231407327624038, 0.223104947339743, 
       0.32940628840588, 0.228707729303278, 0.308043423155323, 0.385825641197152, 0.258066086331382, 
       0.390320172463544, 0.243982237484306, 0.235555227729492, 0.219113773386925, 0.211162630049512, 
       0.249078880110756, 0.266866708942689, 0.269175415043719, 0.351849312894046, 0.130847636051476, 
       0.184213890321553, 0.349785526632331, 0.321120565128513, 0.240673291217536, 0.369967843359336
       ), Fdisc = c(0, 0, 0, 0, 0, 0, 0, 0, 0, 0, 0, 0, 0, 0, 0, 0, 0, 0, 0, 0, 0, 0, 
       0, 0, 0, 0, 0, 0, 0), FinF = c(0.232993769818704, 0.651340083969767, 0.838619450747521, 
       0.666614378603329, 0.605286347501089, 0.514233443981255, 0.767375477122039, 1.09144500211907, 
       0.626862579421044, 0.603194185416549, 0.882899442308918, 0.583232092455473, 0.665846162529305, 
       0.759053468551518, 0.513220176351893, 0.924935134769866, 1.18102905888682, 0.825914675168702, 
       0.606319910897284, 0.796726829969627, 1.11853182485081, 1.3226856060185, 0.719923867349671, 
       0.788306160100606, 0.783793887885332, 0.857431062602108, 0.694191608773039, 0.941052088438281, 
       0.672250913104872), FMSY = c(0.0216123826935095, 0.0331926793373843, 0.0278882254188114, 
       0.0367191122373241, 0.0338612469225706, 0.0304142337062319, 0.0341873677947635, 
       0.0161794086991768, 0.0318622296001566, 0.0288302452703678, 0.0399490584036234, 
       0.0438601462449162, 0.0196420478549352, 0.0425763472855024, 0.0245625101989254, 
       0.0486477048434152, 0.0304496064214503, 0.0314823308801595, 0.0266799899297032, 
       0.0228523143518649, 0.0267020869881776, 0.0229060711020649, 0.0363258768051119, 
       0.0318563403905781, 0.0273694272934016, 0.0392697344438325, 0.0289685241528708, 
       0.018198791970687, 0.0249041277490298), FMSY_M = c(0.322742419646073, 0.793432325142278, 
       0.455547483126082, 0.584007745222791, 0.533064959648451, 0.548457756799837, 0.468187131582513, 
       0.353670767664832, 0.567610717508341, 0.591657722045632, 0.717472273594121, 0.668655278975993, 
       0.313468814329177, 0.760356098221262, 0.360082137030348, 0.609098939490805, 0.70281235712416, 
       0.675366344381704, 0.596524822059104, 0.338424750674066, 0.439621408144758, 0.288642749834752, 
       0.688485897980281, 0.584658475229659, 0.52249334928697, 0.590012864321836, 0.472010710979301, 
       0.342375492025387, 0.599048272413051), Frac_area_1 = c(0.0970015429425985, 0.0960525581124239, 
       0.099450562922284, 0.102688973783515, 0.0976207250216976, 0.103902849182487, 
       0.103979341932572, 0.102742851828225, 0.0984311307314783, 0.101314209457487, 
       0.0980317592411302, 0.0971531644021161, 0.103040028878022, 0.0996606331854127, 
       0.0975298796035349, 0.101149051315151, 0.0959213531529531, 0.101430614842102, 
       0.095894216101151, 0.0983907439280301, 0.0996380143868737, 0.101531068363693, 
       0.100730269395281, 0.10195754972985, 0.0963063425128348, 0.097095275700558, 0.104058854554314, 
       0.103722181052435, 0.0963076676940545), hs = c(0.395995040248381, 0.700486899730749, 
       0.493609334311914, 0.584604296861216, 0.555618732729927, 0.529552708931733, 0.488638086912688, 
       0.388534093099879, 0.555857045167359, 0.56421806098544, 0.658526940881275, 0.68842739690328, 
       0.38818285730551, 0.70747905952041, 0.421163822435774, 0.634583156030858, 0.634841126214014, 
       0.627667932595359, 0.558099965971196, 0.406171098874183, 0.45908605237375, 0.383106807216536, 
       0.66822037423728, 0.564362642703345, 0.51764665447874, 0.594194170843111, 0.503988263719948, 
       0.379814327198546, 0.536972186788917), K = c(0.124158836049028, 0.123556219219696, 
       0.126375968613196, 0.123851644811686, 0.124291118427645, 0.12536701810779, 0.127265065263957, 
       0.122792080069426, 0.127472252411302, 0.123449884589761, 0.122466052053962, 0.125097273319028, 
       0.124127702229656, 0.127113217726815, 0.122558920209296, 0.122804729741532, 0.123348811801523, 
       0.123592141917907, 0.125524264113046, 0.124450495601632, 0.126242930297274, 0.125231781299692, 
       0.124148206150159, 0.12303135180939, 0.124787720087916, 0.127189290816896, 0.122752108525019, 
       0.122514415360056, 0.125931726078503), Ksd = c(0.0211870220082346, 0.000381395278964192, 
       0.00799662657664157, 0.00564038344309665, 0.0109624690841883, 0.016830818168819, 
       0.0140035001502838, 0.00896284041227773, 0.00156803989666514, 0.00824203357915394, 
       0.0160879305971321, 0.0136122665775474, 0.0168831639981363, 0.00675436767633073, 
       0.00270660513197072, 0.0223007306689397, 0.00731369518907741, 0.0141537458111998, 
       0.0232373617356643, 0.00839504622854292, 0.0191225843678694, 0.0123057684919331, 
       0.022439944249345, 0.020649161527399, 0.00752049243892543, 0.0195977704948746, 
       0.00276203463436104, 0.00544573761289939, 0.0139782720711082), L5 = c(8.20925448718926, 
       8.0244998527385, 8.53403766691232, 10.2896514285208, 10.1334756857751, 12.8523865093985, 
       11.4049315982697, 7.64040164653539, 11.4096686602953, 7.94449093767487, 10.565931425569, 
       8.86056228113047, 8.21839640111791, 10.9741892528181, 11.8692932319696, 12.7520198091241, 
       11.0159371857326, 10.7009248149876, 8.65682794879885, 12.3295413084332, 10.7041273614556, 
       8.74474132751834, 8.32111044522775, 9.45429806691791, 6.86588959633347, 10.9140523527307, 
       8.45446457352037, 13.5051995163083, 9.28275273330556), L50 = c(37.2280486952513, 
       32.2549574435689, 34.1846461989917, 32.2133437558077, 32.1253844089806, 32.4103643083945, 
       34.087119194679, 34.4376566284336, 33.1433697747998, 36.7685500350781, 37.549709607847, 
       36.9221966094337, 35.188418019563, 32.3459965460934, 32.139728020411, 37.633693321608, 
       33.9772895779461, 37.3612414575182, 32.4253085670061, 33.951952425763, 33.92745312443, 
       36.7962509510107, 34.9356956048869, 34.6154345776886, 33.8140460373834, 34.8055967707187, 
       36.9129244643264, 37.7155457995832, 37.276948644314), L50_95 = c(13.7064124632161, 
       13.0510973799974, 14.4859969276004, 13.2896827224176, 13.754891421413, 13.8478644923307, 
       12.1974724908359, 12.3990379446186, 14.025432237424, 13.2166163467336, 14.3627411657944, 
       14.0985488835722, 13.645342197502, 14.4410067801364, 14.9854518603534, 12.7666584437247, 
       13.8470996387769, 14.1830191486515, 14.2448636591434, 12.1570775737055, 13.8557577452157, 
       12.1100371379871, 14.0749422709923, 14.2893798386212, 13.6639059958979, 12.9648649196606, 
       14.022906025406, 13.84524853318, 12.6459546878468), L95 = c(50.9344611584675, 
       45.3060548235662, 48.670643126592, 45.5030264782254, 45.8802758303937, 46.2582288007252, 
       46.2845916855149, 46.8366945730522, 47.1688020122238, 49.9851663818117, 51.9124507736415, 
       51.020745493006, 48.833760217065, 46.7870033262298, 47.1251798807643, 50.4003517653327, 
       47.8243892167229, 51.5442606061697, 46.6701722261496, 46.1090299994685, 47.7832108696457, 
       48.9062880889978, 49.0106378758792, 48.9048144163098, 47.4779520332813, 47.7704616903793, 
       50.9358304897323, 51.5607943327632, 49.9229033321608), LenCV = c(0.11439559077844, 
       0.10876387999393, 0.0847430571634322, 0.113794205151498, 0.086172995287925, 0.110387362865731, 
       0.106190086379647, 0.081594967097044, 0.0835463776439428, 0.105229327259585, 
       0.09930648971349, 0.109977547172457, 0.113441964173689, 0.109997420879081, 0.0900473716855049, 
       0.0848241380508989, 0.105056065190583, 0.0845701300166547, 0.106444196682423, 
       0.113253650693223, 0.11266733346507, 0.117221249630675, 0.112218281244859, 0.102600381923839, 
       0.095556041682139, 0.102474286369979, 0.109031001599506, 0.101311451727524, 0.100262343594804
       ), LFR = c(0, 0, 0, 0, 0, 0, 0, 0, 0, 0, 0, 0, 0, 0, 0, 0, 0, 0, 0, 0, 0, 0, 
       0, 0, 0, 0, 0, 0, 0), LFS = c(33.7070172645233, 27.3150875240066, 26.8183832012991, 
       30.9119586274092, 25.8812270659522, 32.7985537832452, 36.9942060425082, 31.4901614629205, 
       29.0606356618811, 34.0142080816671, 40.2911082192005, 30.816887595635, 27.4879840405214, 
       33.2197454740691, 29.4727745216376, 34.5517771321188, 27.199195035218, 29.326636399031, 
       27.1664350376432, 28.0252250145852, 33.5683488009451, 29.2887686740921, 27.666230789439, 
       33.9077779518538, 31.3726553351949, 31.9827386817782, 31.7655137312617, 39.6869394279863, 
       34.1214111102859), Linf = c(64.3185426946729, 64.8262783279642, 67.1079629557207, 
       66.3603749163449, 64.5761370239779, 65.7667365726084, 66.129746296443, 65.0863501084968, 
       65.5900982767344, 64.7906881608069, 65.740603454411, 66.3702574055642, 65.4671619487926, 
       66.5489984881133, 65.8603668203577, 65.8005349403247, 66.1419156370685, 66.9386275038123, 
       65.8776668244973, 66.9060639962554, 65.7462561223656, 66.768740943633, 64.2832691157237, 
       64.0514344852418, 64.5995402261615, 64.3973787231371, 65.9092752663419, 64.9735502526164, 
       65.589689809829), Linfsd = c(0.0215381979534868, 0.00522821508347988, 0.0081520875741262, 
       0.0202589541731868, 0.00851744065876119, 0.00423754963558167, 0.0208688487589825, 
       0.0142419044394046, 0.00943260018830188, 0.014658486074768, 0.0205038998101372, 
       0.0148477048613131, 0.0186480238335207, 0.0157723364478443, 0.0170235709170811, 
       0.0124699778796639, 0.0221831495640799, 0.010116286855191, 0.0199823183531407, 
       0.000539074128028005, 0.0173672131961212, 0.0140529002354015, 0.00964200348244049, 
       0.0114632663549855, 0.0244819605373777, 0.0199403143429663, 0.0152664198889397, 
       0.0184162541583646, 0.00488793958793394), LR5 = c(0, 0, 0, 0, 0, 0, 0, 0, 0, 
       0, 0, 0, 0, 0, 0, 0, 0, 0, 0, 0, 0, 0, 0, 0, 0, 0, 0, 0, 0), M = c(0.0669648034404963, 
       0.041834291703999, 0.0612191405985504, 0.062874358324334, 0.0635218021925539, 
       0.0554541044030339, 0.0730207335669547, 0.0457470907364041, 0.0561339464131743, 
       0.0487279117573053, 0.0556802818365395, 0.0655945561546832, 0.0626602933276445, 
       0.0559952729847282, 0.0682136314827949, 0.079868313157931, 0.0433253714349121, 
       0.0466151906177402, 0.0447256994899362, 0.0675255409255624, 0.0607388232089579, 
       0.0793578605912626, 0.0527619765512645, 0.0544870924483985, 0.0523823457863182, 
       0.0665574207250029, 0.0613725991360843, 0.0531544821243733, 0.0415728229191154
       ), maxF = c(0.8, 0.8, 0.8, 0.8, 0.8, 0.8, 0.8, 0.8, 0.8, 0.8, 0.8, 0.8, 0.8, 
       0.8, 0.8, 0.8, 0.8, 0.8, 0.8, 0.8, 0.8, 0.8, 0.8, 0.8, 0.8, 0.8, 0.8, 0.8, 0.8
       ), maxlen = c(64.3324487961131, 64.7637838241085, 66.9533467337173, 66.0384873199593, 
       65.1709392842447, 65.8197708626674, 64.9063467144412, 64.7649301333755, 65.3591518424008, 
       65.0032589609543, 68.4456541231955, 66.9897586998412, 64.176655845432, 66.264749123969, 
       67.6677146591557, 67.2710115534443, 65.0569660006129, 66.277105855568, 67.690084990208, 
       66.8878309581673, 63.5040560778501, 65.7165702590753, 64.0200923496243, 63.8116475522277, 
       63.7021585916358, 63.2791535183404, 65.7070372359459, 63.1425419599546, 64.9677902896067
       ), Mexp = c(0, 0, 0, 0, 0, 0, 0, 0, 0, 0, 0, 0, 0, 0, 0, 0, 0, 0, 0, 0, 0, 0, 
       0, 0, 0, 0, 0, 0, 0), MGT = c(21.3114365987541, 28.3264598410205, 21.0030072223911, 
       20.9106661021204, 20.7455753951985, 22.9617619251427, 18.802391475041, 26.8375693919985, 
       22.7867083288769, 26.9547927794077, 24.021312384137, 21.3673539134681, 21.5761931890607, 
       22.28458297836, 19.5941410532247, 18.3569589092143, 28.2019556440136, 27.206418570673, 
       26.7661545395425, 20.2425671835883, 21.5603330063351, 18.5544717740985, 24.6472888440164, 
       23.9405088636339, 24.1137004423871, 20.7617605083, 22.3891331073299, 25.476258699192, 
       29.3604498079901), Msd = c(0.0426627982757054, 0.0278803113149479, 0.0486301481723785, 
       0.00692773229675368, 0.013570177485235, 0.0040562026319094, 0.0153126881108619, 
       0.0211074795923196, 0.000931992090772837, 0.0328861223417334, 0.00987766406033188, 
       0.0421230251318775, 0.0061310488730669, 0.0303521095542237, 0.00288781732087955, 
       0.0472649536910467, 0.0372200476005673, 0.0334734153002501, 0.0101222180877812, 
       0.0411309121642262, 0.0208483235910535, 0.0250509603996761, 0.0222074933233671, 
       0.0195747181540355, 0.0362659086589701, 0.0220529285958037, 0.0036637686076574, 
       0.0463807855849154, 0.0073252355097793), MSY = c(323.610776867669, 988.619677259262, 
       543.749122902734, 629.916453363341, 533.541325813927, 637.677433118768, 462.873953301145, 
       459.229387611803, 643.360963493627, 705.852846704286, 802.156621980095, 753.053278901337, 
       331.838830690128, 903.850882127893, 387.41829972425, 534.063291973241, 892.710764374279, 
       888.979864522642, 776.110870020152, 382.493219552061, 462.880968356193, 280.535507351086, 
       770.547973612987, 639.171388493772, 602.854081545598, 578.147653414801, 519.58778490563, 
       380.386498914264, 796.250696832364), OFLreal = c(181.872530978522, 885.950469595894, 
       486.357008824891, 667.879919748551, 287.756489231248, 200.19184849416, 545.105590442993, 
       523.306377477243, 291.489981105842, 843.465485862292, 958.828562744098, 843.593857240332, 
       283.626349539424, 638.65022938716, 91.6149522540067, 385.550375028639, 968.216935503921, 
       708.983355062587, 95.3113793137911, 328.266669010241, 100.913372412354, 168.162265905621, 
       489.526731837348, 325.202356469516, 468.573330722873, 132.75755183907, 182.221069916307, 
       403.702716652169, 211.481376181743), Prob_staying = c(0.955173029350117, 0.960058336667716, 
       0.953244663877413, 0.962458574222401, 0.967096224520355, 0.961259690225124, 0.989835991226137, 
       0.957157172830775, 0.980426875520498, 0.975752167040482, 0.968932455303147, 0.975559925958514, 
       0.953688318887725, 0.983436250258237, 0.984978080736473, 0.967998399417847, 0.973401582371443, 
       0.969694963749498, 0.97950650270097, 0.960336537733674, 0.950590175259858, 0.960647184075788, 
       0.954608511840925, 0.985317332074046, 0.965306305512786, 0.9671436008811, 0.950976262185723, 
       0.953078912692145, 0.9834765469376), procmu = c(-0.0665399190769326, -0.0427319062722301, 
       -0.0593160669207864, -0.0429778370480975, -0.0938662878711584, -0.0641652260991535, 
       -0.0857898891089467, -0.0843780685162875, -0.0898707628489196, -0.0276004803041962, 
       -0.112743857082846, -0.0778433848673729, -0.0407163245356388, -0.0432581317789177, 
       -0.102685219906641, -0.0235201482695453, -0.0372711654891415, -0.0404753178900409, 
       -0.0819359483868227, -0.0999067201453362, -0.0364867365393847, -0.0930429039079725, 
       -0.0413928756128542, -0.110467192248674, -0.0636584391039794, -0.0906028145337584, 
       -0.0637750952233355, -0.020145657248387, -0.0348901076979347), procsd = c(0.36480109395925, 
       0.292341944552027, 0.344430158147588, 0.293181981192902, 0.433281173999421, 0.358232399704866, 
       0.41422189490404, 0.410799387819134, 0.423959344392642, 0.23494884679094, 0.474855466606095, 
       0.394571628142148, 0.285364064085297, 0.294136470975354, 0.453178154607303, 0.216887751012109, 
       0.273024414619431, 0.284518252103589, 0.404810939542949, 0.447004966740496, 0.270136026991531, 
       0.43137664264068, 0.287725131376646, 0.47003657782916, 0.356814907491207, 0.425682544941083, 
       0.357141695194878, 0.200726965046488, 0.264159450703301), qcv = c(0.255562466289848, 
       0.288557411450893, 0.238035396113992, 0.265372212277725, 0.108421189570799, 0.200300938822329, 
       0.230356428353116, 0.22554223802872, 0.168926916690543, 0.240254055941477, 0.18235609405674, 
       0.123851891513914, 0.154216758720577, 0.236259749438614, 0.1017389559187, 0.212270901212469, 
       0.133339756028727, 0.136126857576892, 0.299377001170069, 0.149970058072358, 0.239855378447101, 
       0.242736952099949, 0.273026969889179, 0.277242603618652, 0.104024728294462, 0.277051295945421, 
       0.179443769715726, 0.176548876566812, 0.161998926615342), qinc = c(0.231830537319183, 
       -0.861078024841845, 0.0840875627472997, 1.34110633749515, -1.15514053683728, 
       -1.3131283884868, -1.70004603452981, 1.38640901632607, 0.813890002667904, 1.42278199456632, 
       -1.43653377424926, 1.68202273268253, 0.584421640262008, 1.78498092293739, -1.90186191629618, 
       -1.63771418388933, 0.168117308989167, -0.79404619615525, -0.0635437238961458, 
       -1.65288073476404, 0.0690319919958711, 0.517146532423794, 0.382940692827106, 
       -0.11258046515286, -1.73319877218455, 0.332593969069421, -1.90258682519197, -1.68148850556463, 
       -1.60101440735161), R0 = c(1000, 1000, 1000, 1000, 1000, 1000, 1000, 1000, 1000, 
       1000, 1000, 1000, 1000, 1000, 1000, 1000, 1000, 1000, 1000, 1000, 1000, 1000, 
       1000, 1000, 1000, 1000, 1000, 1000, 1000), RefY = c(280.367998003111, 821.983150243204, 
       528.411099812545, 502.055509472352, 412.43122420324, 345.524526121828, 403.941397170904, 
       509.861589611257, 416.694712947122, 777.878661718819, 910.214491895507, 608.827533447137, 
       275.57325753092, 842.575963457211, 147.506308252552, 469.562476639518, 917.124403268558, 
       799.407943659974, 194.370446064816, 342.944699720574, 254.557234462063, 115.633669668534, 
       506.211921288938, 519.18645675656, 572.962540507992, 344.05197214028, 375.689985985689, 
       469.098699046475, 480.091135266346), Rmaxlen = c(1, 1, 1, 1, 1, 1, 1, 1, 1, 1, 
       1, 1, 1, 1, 1, 1, 1, 1, 1, 1, 1, 1, 1, 1, 1, 1, 1, 1, 1), Size_area_1 = c(0.0978733762190677, 
       0.0975821253168397, 0.10436124043772, 0.097478292263113, 0.104771566779818, 0.100295860001352, 
       0.0954285547626205, 0.101035201058257, 0.102254179362208, 0.101308649049606, 
       0.101371490415186, 0.101068651229143, 0.0998607190954499, 0.103364377191756, 
       0.0950167091400363, 0.104212943643797, 0.099575272325892, 0.0992168385488912, 
       0.100914508253336, 0.0956345979450271, 0.101282173346262, 0.104069775806274, 
       0.100723641719669, 0.0962413959833793, 0.102111424102914, 0.0971983252605423, 
       0.0962221067748033, 0.102588016812224, 0.104958792140242), SizeLimFrac = c(1, 
       1, 1, 1, 1, 1, 1, 1, 1, 1, 1, 1, 1, 1, 1, 1, 1, 1, 1, 1, 1, 1, 1, 1, 1, 1, 1, 
       1, 1), SizeLimSD = c(0, 0, 0, 0, 0, 0, 0, 0, 0, 0, 0, 0, 0, 0, 0, 0, 0, 0, 0, 
       0, 0, 0, 0, 0, 0, 0, 0, 0, 0), Spat_targ = c(1, 1, 1, 1, 1, 1, 1, 1, 1, 1, 1, 
       1, 1, 1, 1, 1, 1, 1, 1, 1, 1, 1, 1, 1, 1, 1, 1, 1, 1), SRrel = c(2, 2, 2, 2, 
       2, 2, 2, 2, 2, 2, 2, 2, 2, 2, 2, 2, 2, 2, 2, 2, 2, 2, 2, 2, 2, 2, 2, 2, 2), SSB0 = c(29640.5553672194, 
       67880.8308017472, 42509.083567235, 39766.576152433, 35225.9268890538, 46195.2744841047, 
       31005.9442243872, 60106.366600805, 45622.8864997472, 50957.5287362904, 42463.0605529648, 
       35653.5408410288, 35548.4440082446, 48217.9501856, 31566.2079513011, 24639.922776086, 
       66983.8820063982, 60040.4103345578, 60870.6821005432, 33906.3410810967, 39269.5065931155, 
       25572.3658254507, 45132.4950921523, 42773.4013991675, 49151.4366667288, 32675.1299043894, 
       36586.8183598837, 44597.990161253, 69296.9848355298), SSBMSY = c(14386.9890807212, 
       29764.1323036518, 19316.6623202084, 17201.3963873499, 15633.3073767091, 21044.8903732157, 
       13558.9062280678, 28262.1090894601, 20089.4080030793, 23862.2226020826, 19397.4965357533, 
       16455.1510338703, 16560.5402745378, 21308.7875290442, 15717.5928955547, 10318.296110725, 
       29130.5820269193, 27483.4697325347, 29075.3182275674, 16724.2065919156, 17221.9064454006, 
       11883.6514735095, 20643.1046137565, 19665.6656386566, 21861.3933606505, 14380.0323871062, 
       17311.8285017468, 20474.5906292926, 31417.3202980104), SSBMSY_SSB0 = c(0.485381899983978, 
       0.438476252457501, 0.454412579599746, 0.43255915021232, 0.443801164578215, 0.455563704474947, 
       0.437300219917293, 0.470201589078945, 0.44033618967074, 0.468276684404607, 0.456808724645708, 
       0.461529223906263, 0.465858372611107, 0.441926449528083, 0.497924645234647, 0.418763329921608, 
       0.434889426446452, 0.457749532013373, 0.477657177876571, 0.493247164355331, 0.438556731151287, 
       0.464706768025442, 0.4573889516103, 0.459763895209871, 0.444776284137564, 0.440091054853753, 
       0.473171193282243, 0.459092227144376, 0.453372110959468), t0 = c(-0.0357606501411647, 
       -0.0489137904951349, -0.0351311196386814, -0.0355770033691078, -0.0333168309135363, 
       -0.0353932975232601, -0.0430647726543248, -0.0401974067464471, -0.0328842627350241, 
       -0.0347354322345927, -0.0340044010989368, -0.0356496771192178, -0.038043562117964, 
       -0.0375036870734766, -0.0337958422768861, -0.0489003194170073, -0.0375139807024971, 
       -0.0333315458009019, -0.0392646594438702, -0.0376657587382942, -0.0376092070993036, 
       -0.0469137884350494, -0.0420354256080464, -0.0350922554545104, -0.0383086066320538, 
       -0.0435377398319542, -0.0365429489454255, -0.039554709289223, -0.0315835988242179
       ), TACFrac = c(1, 1, 1, 1, 1, 1, 1, 1, 1, 1, 1, 1, 1, 1, 1, 1, 1, 1, 1, 1, 1, 
       1, 1, 1, 1, 1, 1, 1, 1), TACSD = c(0, 0, 0, 0, 0, 0, 0, 0, 0, 0, 0, 0, 0, 0, 
       0, 0, 0, 0, 0, 0, 0, 0, 0, 0, 0, 0, 0, 0, 0), TAEFrac = c(1, 1, 1, 1, 1, 1, 1, 
       1, 1, 1, 1, 1, 1, 1, 1, 1, 1, 1, 1, 1, 1, 1, 1, 1, 1, 1, 1, 1, 1), TAESD = c(0, 
       0, 0, 0, 0, 0, 0, 0, 0, 0, 0, 0, 0, 0, 0, 0, 0, 0, 0, 0, 0, 0, 0, 0, 0, 0, 0, 
       0, 0), UMSY = c(0.0206584518688197, 0.0319630094775549, 0.0266388451912204, 0.0349181470888443, 
       0.0322399759604953, 0.0291384203593033, 0.0323929851858912, 0.0156832471273853, 
       0.0304921268554359, 0.0277228397904899, 0.0380595478321821, 0.0414550500134977, 
       0.0188494638956652, 0.0405113031255788, 0.0234463041103036, 0.0455201160909489, 
       0.0293407263345317, 0.0302687523718284, 0.0257529729866229, 0.0218170972119903, 
       0.0255444102442636, 0.0217538746308422, 0.0347477512678536, 0.0305004577741381, 
       0.0262371413372621, 0.0372248926935976, 0.0276862207503709, 0.0175081011858709, 
       0.0240893310716004), Vmaxlen = c(0.999872049367055, 0.999732507684268, 0.999817283215234, 
       0.999904389729956, 0.999680073973723, 0.999116281553404, 0.999136941410368, 0.999333625819068, 
       0.999432486499893, 0.999417091839481, 0.99981587894517, 0.999600928890519, 0.999612241736613, 
       0.999743027289398, 0.999315534829861, 0.999946804120205, 0.999143402139423, 0.999095809806371, 
       0.999334097315325, 0.999347305966075, 0.999694849948632, 0.999190145125147, 0.999522186700488, 
       0.999789234905271, 0.999486020825338, 0.999877676364966, 0.999141287494916, 0.999934106829111, 
       0.99950604240247)), class = "data.frame", row.names = c(NA, -29L)))
9: rbind(deparse.level, ...)
10: stop("numbers of columns of arguments do not match")</error>
    </testcase>
  </testsuite>
  <testsuite name="slot descriptions" timestamp="2019-08-23 12:55:52" hostname="DESKTOP-32IEE7L" tests="6" skipped="0" failures="0" errors="0" time="0.05">
    <testcase time="0.05" classname="slot_descriptions" name="slots_are_in_correct_order_for_Stock"/>
    <testcase time="0" classname="slot_descriptions" name="slots_are_in_correct_order_for_Fleet"/>
    <testcase time="0" classname="slot_descriptions" name="slots_are_in_correct_order_for_Obs"/>
    <testcase time="0" classname="slot_descriptions" name="slots_are_in_correct_order_for_Imp"/>
    <testcase time="0" classname="slot_descriptions" name="slots_are_in_correct_order_for_Data"/>
    <testcase time="0" classname="slot_descriptions" name="slots_are_in_correct_order_for_OM"/>
  </testsuite>
</testsuites>
