/ |  0       | Test Data2csv function- |  1       | Test Data2csv function\ |  2       | Test Data2csv function| |  3       | Test Data2csv function/ |  4       | Test Data2csv function- |  5       | Test Data2csv function\ |  6       | Test Data2csv function| |  7       | Test Data2csv function/ |  8       | Test Data2csv function- |  9       | Test Data2csv function\ | 10       | Test Data2csv function| | 11       | Test Data2csv function/ | 12       | Test Data2csv function- | 13       | Test Data2csv function\ | 14       | Test Data2csv function| | 15       | Test Data2csv function/ | 16       | Test Data2csv function- | 17       | Test Data2csv function\ | 18       | Test Data2csv function| | 19       | Test Data2csv function/ | 20       | Test Data2csv function- | 21       | Test Data2csv function\ | 22       | Test Data2csv function| | 23       | Test Data2csv function/ | 24       | Test Data2csv function- | 25       | Test Data2csv function\ | 26       | Test Data2csv function| | 27       | Test Data2csv function/ | 28       | Test Data2csv function- | 29       | Test Data2csv function\ | 30       | Test Data2csv function| | 31       | Test Data2csv function/ | 32       | Test Data2csv function- | 33       | Test Data2csv function\ | 34       | Test Data2csv function| | 35       | Test Data2csv function/ | 36       | Test Data2csv function- | 37       | Test Data2csv function\ | 38       | Test Data2csv function| | 39       | Test Data2csv function/ | 40       | Test Data2csv function- | 41       | Test Data2csv function\ | 42       | Test Data2csv function| | 43       | Test Data2csv function/ | 44       | Test Data2csv function- | 45       | Test Data2csv function\ | 46       | Test Data2csv function| | 47       | Test Data2csv function/ | 48       | Test Data2csv function- | 49       | Test Data2csv function\ | 50       | Test Data2csv function| | 51       | Test Data2csv function/ | 52       | Test Data2csv function- | 53       | Test Data2csv function\ | 54       | Test Data2csv function| | 55       | Test Data2csv function/ | 56       | Test Data2csv function- | 57       | Test Data2csv function\ | 58       | Test Data2csv function| | 59       | Test Data2csv function/ | 60       | Test Data2csv function- | 61       | Test Data2csv function\ | 62       | Test Data2csv function| | 63       | Test Data2csv function/ | 64       | Test Data2csv function- | 65       | Test Data2csv function\ | 66       | Test Data2csv function| | 67       | Test Data2csv function/ | 68       | Test Data2csv function- | 69       | Test Data2csv function\ | 70       | Test Data2csv function| | 71       | Test Data2csv function/ | 72       | Test Data2csv function- | 73       | Test Data2csv function\ | 74       | Test Data2csv function| | 75       | Test Data2csv function/ | 76       | Test Data2csv function- | 77       | Test Data2csv function\ | 78       | Test Data2csv function| | 79       | Test Data2csv function/ | 80       | Test Data2csv function- | 81       | Test Data2csv function\ | 82       | Test Data2csv function| | 83       | Test Data2csv function/ | 84       | Test Data2csv function- | 85       | Test Data2csv function\ | 86       | Test Data2csv function| | 87       | Test Data2csv function/ | 88       | Test Data2csv function- | 89       | Test Data2csv function\ | 90       | Test Data2csv function| | 91       | Test Data2csv function/ | 92       | Test Data2csv function- | 93       | Test Data2csv function\ | 94       | Test Data2csv function| | 95       | Test Data2csv function/ | 96       | Test Data2csv function- | 97       | Test Data2csv function\ | 98       | Test Data2csv function| | 99       | Test Data2csv function/ | 100       | Test Data2csv function- | 101       | Test Data2csv function\ | 102       | Test Data2csv function| | 103       | Test Data2csv function/ | 104       | Test Data2csv function- | 105       | Test Data2csv function\ | 106       | Test Data2csv function| | 107       | Test Data2csv function/ | 108       | Test Data2csv function- | 109       | Test Data2csv function\ | 110       | Test Data2csv function| | 111       | Test Data2csv function/ | 112       | Test Data2csv function- | 113       | Test Data2csv function\ | 114       | Test Data2csv function| | 115       | Test Data2csv function/ | 116       | Test Data2csv function- | 117       | Test Data2csv function\ | 118       | Test Data2csv function| | 119       | Test Data2csv function/ | 120       | Test Data2csv function- | 121       | Test Data2csv function\ | 122       | Test Data2csv function| | 123       | Test Data2csv function/ | 124       | Test Data2csv function- | 125       | Test Data2csv function\ | 126       | Test Data2csv function| | 127       | Test Data2csv function/ | 128       | Test Data2csv function- | 129       | Test Data2csv function\ | 130       | Test Data2csv function| | 131       | Test Data2csv function/ | 132       | Test Data2csv function- | 133       | Test Data2csv function\ | 134       | Test Data2csv function| | 135       | Test Data2csv function/ | 136       | Test Data2csv function- | 137       | Test Data2csv function\ | 138       | Test Data2csv function| | 139       | Test Data2csv function/ | 140       | Test Data2csv function- | 141       | Test Data2csv function\ | 142       | Test Data2csv function| | 143       | Test Data2csv function/ | 144       | Test Data2csv function- | 145       | Test Data2csv function\ | 146       | Test Data2csv function| | 147       | Test Data2csv function/ | 148       | Test Data2csv function- | 149       | Test Data2csv function\ | 150       | Test Data2csv function| | 151       | Test Data2csv function/ | 152       | Test Data2csv function- | 153       | Test Data2csv function\ | 154       | Test Data2csv function| | 155       | Test Data2csv function/ | 156       | Test Data2csv function- | 157       | Test Data2csv function\ | 158       | Test Data2csv function| | 159       | Test Data2csv function/ | 160       | Test Data2csv function- | 161       | Test Data2csv function\ | 162       | Test Data2csv function| | 163       | Test Data2csv function/ | 164       | Test Data2csv function- | 165       | Test Data2csv function\ | 166       | Test Data2csv function| | 167       | Test Data2csv function/ | 168       | Test Data2csv function- | 169       | Test Data2csv function\ | 170       | Test Data2csv function| | 171       | Test Data2csv function/ | 172       | Test Data2csv function- | 173       | Test Data2csv function\ | 174       | Test Data2csv function| | 175       | Test Data2csv function/ | 176       | Test Data2csv function- | 177       | Test Data2csv function\ | 178       | Test Data2csv function| | 179       | Test Data2csv function/ | 180       | Test Data2csv function- | 181       | Test Data2csv function\ | 182       | Test Data2csv function| | 183       | Test Data2csv function/ | 184       | Test Data2csv function- | 185       | Test Data2csv function\ | 186       | Test Data2csv function| | 187       | Test Data2csv function/ | 188       | Test Data2csv function- | 189       | Test Data2csv function\ | 190       | Test Data2csv function| | 191       | Test Data2csv function/ | 192       | Test Data2csv function- | 193       | Test Data2csv function\ | 194       | Test Data2csv function| | 195       | Test Data2csv function/ | 196       | Test Data2csv function- | 197       | Test Data2csv function\ | 198       | Test Data2csv function| | 199       | Test Data2csv function/ | 200       | Test Data2csv function- | 201       | Test Data2csv function\ | 202       | Test Data2csv function| | 203       | Test Data2csv function/ | 204       | Test Data2csv function- | 205       | Test Data2csv function\ | 206       | Test Data2csv function| | 207       | Test Data2csv function/ | 208       | Test Data2csv function- | 209       | Test Data2csv function\ | 210       | Test Data2csv function| | 211       | Test Data2csv function/ | 212       | Test Data2csv function- | 213       | Test Data2csv function\ | 214       | Test Data2csv function| | 215       | Test Data2csv function/ | 216       | Test Data2csv function- | 217       | Test Data2csv function\ | 218       | Test Data2csv function| | 219       | Test Data2csv function/ | 220       | Test Data2csv function- | 221       | Test Data2csv function\ | 222       | Test Data2csv function| | 223       | Test Data2csv function/ | 224       | Test Data2csv function- | 225       | Test Data2csv function\ | 226       | Test Data2csv function| | 227       | Test Data2csv function/ | 228       | Test Data2csv function- | 229       | Test Data2csv function\ | 230       | Test Data2csv function| | 231       | Test Data2csv function/ | 232       | Test Data2csv function- | 233       | Test Data2csv function\ | 234       | Test Data2csv function| | 235       | Test Data2csv function/ | 236       | Test Data2csv function- | 237       | Test Data2csv function\ | 238       | Test Data2csv function| | 239       | Test Data2csv function/ | 240       | Test Data2csv function- | 241       | Test Data2csv function\ | 242       | Test Data2csv function| | 243       | Test Data2csv function/ | 244       | Test Data2csv function- | 245       | Test Data2csv function\ | 246       | Test Data2csv function| | 247       | Test Data2csv function/ | 248       | Test Data2csv function- | 249       | Test Data2csv function\ | 250       | Test Data2csv function| | 251       | Test Data2csv function/ | 252       | Test Data2csv function- | 253       | Test Data2csv function\ | 254       | Test Data2csv function| | 255       | Test Data2csv function/ | 256       | Test Data2csv function- | 257       | Test Data2csv function\ | 258       | Test Data2csv function| | 259       | Test Data2csv function/ | 260       | Test Data2csv function- | 261       | Test Data2csv function\ | 262       | Test Data2csv function| | 263       | Test Data2csv function/ | 264       | Test Data2csv function- | 265       | Test Data2csv function\ | 266       | Test Data2csv function| | 267       | Test Data2csv function/ | 268       | Test Data2csv function- | 269       | Test Data2csv function\ | 270       | Test Data2csv function| | 271       | Test Data2csv function/ | 272       | Test Data2csv function- | 273       | Test Data2csv function\ | 274       | Test Data2csv function| | 275       | Test Data2csv function/ | 276       | Test Data2csv function- | 277       | Test Data2csv function\ | 278       | Test Data2csv function| | 279       | Test Data2csv function/ | 280       | Test Data2csv function- | 281       | Test Data2csv function\ | 282       | Test Data2csv function| | 283       | Test Data2csv function/ | 284       | Test Data2csv function- | 285       | Test Data2csv function\ | 286       | Test Data2csv function| | 287       | Test Data2csv function/ | 288       | Test Data2csv function- | 289       | Test Data2csv function\ | 290       | Test Data2csv function| | 291       | Test Data2csv function/ | 292       | Test Data2csv function- | 293       | Test Data2csv function\ | 294       | Test Data2csv function| | 295       | Test Data2csv function/ | 296       | Test Data2csv function- | 297       | Test Data2csv function\ | 298       | Test Data2csv function| | 299       | Test Data2csv function/ | 300       | Test Data2csv function- | 301       | Test Data2csv function\ | 302       | Test Data2csv function| | 303       | Test Data2csv function/ | 304       | Test Data2csv function- | 305       | Test Data2csv function\ | 306       | Test Data2csv function| | 307       | Test Data2csv function/ | 308       | Test Data2csv function- | 309       | Test Data2csv function\ | 310       | Test Data2csv function| | 311       | Test Data2csv function/ | 312       | Test Data2csv function- | 313       | Test Data2csv function\ | 314       | Test Data2csv function| | 315       | Test Data2csv function/ | 316       | Test Data2csv function- | 317       | Test Data2csv function\ | 318       | Test Data2csv function| | 319       | Test Data2csv function/ | 320       | Test Data2csv function- | 321       | Test Data2csv function\ | 322       | Test Data2csv function| | 323       | Test Data2csv function/ | 324       | Test Data2csv function- | 325       | Test Data2csv function\ | 326       | Test Data2csv function| | 327       | Test Data2csv function/ | 328       | Test Data2csv function- | 329       | Test Data2csv function\ | 330       | Test Data2csv function| | 331       | Test Data2csv function/ | 332       | Test Data2csv function- | 333       | Test Data2csv function\ | 334       | Test Data2csv function| | 335       | Test Data2csv function/ | 336       | Test Data2csv function- | 337       | Test Data2csv function\ | 338       | Test Data2csv function| | 339       | Test Data2csv function/ | 340       | Test Data2csv function- | 341       | Test Data2csv function\ | 342       | Test Data2csv function| | 343       | Test Data2csv function/ | 344       | Test Data2csv function- | 345       | Test Data2csv function\ | 346       | Test Data2csv function| | 347       | Test Data2csv function/ | 348       | Test Data2csv function- | 349       | Test Data2csv function\ | 350       | Test Data2csv function| | 351       | Test Data2csv function/ | 352       | Test Data2csv function- | 353       | Test Data2csv function\ | 354       | Test Data2csv function| | 355       | Test Data2csv function/ | 356       | Test Data2csv function- | 357       | Test Data2csv function\ | 358       | Test Data2csv function| | 359       | Test Data2csv function/ | 360       | Test Data2csv function- | 361       | Test Data2csv function\ | 362       | Test Data2csv function| | 363       | Test Data2csv function/ | 364       | Test Data2csv function- | 365       | Test Data2csv function\ | 366       | Test Data2csv function| | 367       | Test Data2csv function/ | 368       | Test Data2csv function- | 369       | Test Data2csv function\ | 370       | Test Data2csv function| | 371       | Test Data2csv function/ | 372       | Test Data2csv function- | 373       | Test Data2csv function\ | 374       | Test Data2csv function| | 375       | Test Data2csv function/ | 376       | Test Data2csv function- | 377       | Test Data2csv function\ | 378       | Test Data2csv function| | 379       | Test Data2csv function/ | 380       | Test Data2csv function- | 381       | Test Data2csv function\ | 382       | Test Data2csv function| | 383       | Test Data2csv function/ | 384       | Test Data2csv function- | 385       | Test Data2csv function\ | 386       | Test Data2csv function| | 387       | Test Data2csv function/ | 388       | Test Data2csv function- | 389       | Test Data2csv function\ | 390       | Test Data2csv function| | 391       | Test Data2csv function/ | 392       | Test Data2csv function- | 393       | Test Data2csv function\ | 394       | Test Data2csv function| | 395       | Test Data2csv function/ | 396       | Test Data2csv function- | 397       | Test Data2csv function\ | 398       | Test Data2csv function| | 399       | Test Data2csv function/ | 400       | Test Data2csv function- | 401       | Test Data2csv function\ | 402       | Test Data2csv function| | 403       | Test Data2csv function/ | 404       | Test Data2csv function- | 405       | Test Data2csv function\ | 406       | Test Data2csv function| | 407       | Test Data2csv function/ | 408       | Test Data2csv function- | 409       | Test Data2csv function\ | 410       | Test Data2csv function| | 411       | Test Data2csv function/ | 412       | Test Data2csv function- | 413       | Test Data2csv function\ | 414       | Test Data2csv function| | 415       | Test Data2csv function/ | 416       | Test Data2csv function- | 417       | Test Data2csv function\ | 418       | Test Data2csv function| | 419       | Test Data2csv function/ | 420       | Test Data2csv function- | 421       | Test Data2csv function\ | 422       | Test Data2csv function| | 423       | Test Data2csv function/ | 424       | Test Data2csv function- | 425       | Test Data2csv function\ | 426       | Test Data2csv function| | 427       | Test Data2csv function/ | 428       | Test Data2csv function- | 429       | Test Data2csv function\ | 430       | Test Data2csv function| | 431       | Test Data2csv function/ | 432       | Test Data2csv function- | 433       | Test Data2csv function\ | 434       | Test Data2csv function| | 435       | Test Data2csv function/ | 436       | Test Data2csv function- | 437       | Test Data2csv function\ | 438       | Test Data2csv function| | 439       | Test Data2csv function/ | 440       | Test Data2csv function- | 441       | Test Data2csv function\ | 442       | Test Data2csv function| | 443       | Test Data2csv function/ | 444       | Test Data2csv function- | 445       | Test Data2csv function\ | 446       | Test Data2csv function| | 447       | Test Data2csv function/ | 448       | Test Data2csv function- | 449       | Test Data2csv function\ | 450       | Test Data2csv function| | 451       | Test Data2csv function/ | 452       | Test Data2csv function- | 453       | Test Data2csv function\ | 454       | Test Data2csv function| | 455       | Test Data2csv function/ | 456       | Test Data2csv function- | 457       | Test Data2csv function\ | 458       | Test Data2csv function| | 459       | Test Data2csv function/ | 460       | Test Data2csv function- | 461       | Test Data2csv function\ | 462       | Test Data2csv function| | 463       | Test Data2csv function/ | 464       | Test Data2csv function- | 465       | Test Data2csv function\ | 466       | Test Data2csv function| | 467       | Test Data2csv function/ | 468       | Test Data2csv function- | 469       | Test Data2csv function\ | 470       | Test Data2csv function| | 471       | Test Data2csv function/ | 472       | Test Data2csv function- | 473       | Test Data2csv function\ | 474       | Test Data2csv function| | 475       | Test Data2csv function/ | 476       | Test Data2csv function- | 477       | Test Data2csv function\ | 478       | Test Data2csv function| | 479       | Test Data2csv function/ | 480       | Test Data2csv function- | 481       | Test Data2csv function\ | 482       | Test Data2csv function| | 483       | Test Data2csv function/ | 484       | Test Data2csv function- | 485       | Test Data2csv function\ | 486       | Test Data2csv function| | 487       | Test Data2csv function/ | 488       | Test Data2csv function- | 489       | Test Data2csv function\ | 490       | Test Data2csv function| | 491       | Test Data2csv function/ | 492       | Test Data2csv function- | 493       | Test Data2csv function\ | 494       | Test Data2csv function| | 495       | Test Data2csv function/ | 496       | Test Data2csv function- | 497       | Test Data2csv function\ | 498       | Test Data2csv function| | 499       | Test Data2csv function/ | 500       | Test Data2csv function- | 501       | Test Data2csv function\ | 502       | Test Data2csv function| | 503       | Test Data2csv function/ | 504       | Test Data2csv function- | 505       | Test Data2csv function\ | 506       | Test Data2csv function| | 507       | Test Data2csv function/ | 508       | Test Data2csv function- | 509       | Test Data2csv function\ | 510       | Test Data2csv function| | 511       | Test Data2csv function/ | 512       | Test Data2csv function- | 513       | Test Data2csv function\ | 514       | Test Data2csv function| | 515       | Test Data2csv function/ | 516       | Test Data2csv function- | 517       | Test Data2csv function\ | 518       | Test Data2csv function| | 519       | Test Data2csv function/ | 520       | Test Data2csv function- | 521       | Test Data2csv function\ | 522       | Test Data2csv function| | 523       | Test Data2csv function/ | 524       | Test Data2csv function- | 525       | Test Data2csv function\ | 526       | Test Data2csv function| | 527       | Test Data2csv function/ | 528       | Test Data2csv function- | 529       | Test Data2csv function\ | 530       | Test Data2csv function| | 531       | Test Data2csv function/ | 532       | Test Data2csv function- | 533       | Test Data2csv function\ | 534       | Test Data2csv function| | 535       | Test Data2csv function/ | 536       | Test Data2csv function- | 537       | Test Data2csv function\ | 538       | Test Data2csv function| | 539       | Test Data2csv function/ | 540       | Test Data2csv function- | 541       | Test Data2csv function\ | 542       | Test Data2csv function| | 543       | Test Data2csv function/ | 544       | Test Data2csv function- | 545       | Test Data2csv function\ | 546       | Test Data2csv function| | 547       | Test Data2csv function/ | 548       | Test Data2csv function- | 549       | Test Data2csv function\ | 550       | Test Data2csv function| | 551       | Test Data2csv function/ | 552       | Test Data2csv function- | 553       | Test Data2csv function\ | 554       | Test Data2csv function| | 555       | Test Data2csv function/ | 556       | Test Data2csv function- | 557       | Test Data2csv function\ | 558       | Test Data2csv function| | 559       | Test Data2csv function/ | 560       | Test Data2csv function- | 561       | Test Data2csv function\ | 562       | Test Data2csv function| | 563       | Test Data2csv function/ | 564       | Test Data2csv function- | 565       | Test Data2csv function\ | 566       | Test Data2csv function| | 567       | Test Data2csv function/ | 568       | Test Data2csv function- | 569       | Test Data2csv function\ | 570       | Test Data2csv function| | 571       | Test Data2csv function/ | 572       | Test Data2csv function- | 573       | Test Data2csv function\ | 574       | Test Data2csv function| | 575       | Test Data2csv function/ | 576       | Test Data2csv function- | 577       | Test Data2csv function\ | 578       | Test Data2csv function| | 579       | Test Data2csv function/ | 580       | Test Data2csv function- | 581       | Test Data2csv function\ | 582       | Test Data2csv function| | 583       | Test Data2csv function/ | 584       | Test Data2csv function- | 585       | Test Data2csv function\ | 586       | Test Data2csv function| | 587       | Test Data2csv function/ | 588       | Test Data2csv function- | 589       | Test Data2csv function\ | 590       | Test Data2csv function| | 591       | Test Data2csv function/ | 592       | Test Data2csv function- | 593       | Test Data2csv function\ | 594       | Test Data2csv function| | 595       | Test Data2csv function/ | 596       | Test Data2csv function- | 597       | Test Data2csv function\ | 598       | Test Data2csv function| | 599       | Test Data2csv function/ | 600       | Test Data2csv function- | 601       | Test Data2csv function\ | 602       | Test Data2csv function| | 603       | Test Data2csv function/ | 604       | Test Data2csv function- | 605       | Test Data2csv function\ | 606       | Test Data2csv function| | 607       | Test Data2csv function/ | 608       | Test Data2csv function- | 609       | Test Data2csv function\ | 610       | Test Data2csv function| | 611       | Test Data2csv function/ | 612       | Test Data2csv function- | 613       | Test Data2csv function\ | 614       | Test Data2csv function| | 615       | Test Data2csv function/ | 616       | Test Data2csv function- | 617       | Test Data2csv function\ | 618       | Test Data2csv function| | 619       | Test Data2csv function/ | 620       | Test Data2csv function- | 621       | Test Data2csv function\ | 622       | Test Data2csv function| | 623       | Test Data2csv function/ | 624       | Test Data2csv function- | 625       | Test Data2csv function\ | 626       | Test Data2csv function| | 627       | Test Data2csv function/ | 628       | Test Data2csv function- | 629       | Test Data2csv function\ | 630       | Test Data2csv function| | 631       | Test Data2csv function/ | 632       | Test Data2csv function- | 633       | Test Data2csv function\ | 634       | Test Data2csv function| | 635       | Test Data2csv function/ | 636       | Test Data2csv function- | 637       | Test Data2csv function\ | 638       | Test Data2csv function| | 639       | Test Data2csv function/ | 640       | Test Data2csv function- | 641       | Test Data2csv function\ | 642       | Test Data2csv function| | 643       | Test Data2csv function/ | 644       | Test Data2csv function- | 645       | Test Data2csv function\ | 646       | Test Data2csv function| | 647       | Test Data2csv function/ | 648       | Test Data2csv function- | 649       | Test Data2csv function\ | 650       | Test Data2csv function| | 651       | Test Data2csv function/ | 652       | Test Data2csv function- | 653       | Test Data2csv function\ | 654       | Test Data2csv function| | 655       | Test Data2csv function/ | 656       | Test Data2csv function- | 657       | Test Data2csv function\ | 658       | Test Data2csv function| | 659       | Test Data2csv function/ | 660       | Test Data2csv function- | 661       | Test Data2csv function\ | 662       | Test Data2csv function| | 663       | Test Data2csv function/ | 664       | Test Data2csv function- | 665       | Test Data2csv function\ | 666       | Test Data2csv function| | 667       | Test Data2csv function/ | 668       | Test Data2csv function- | 669       | Test Data2csv function\ | 670       | Test Data2csv function| | 671       | Test Data2csv function/ | 672       | Test Data2csv function- | 673       | Test Data2csv function\ | 674       | Test Data2csv function| | 675       | Test Data2csv function/ | 676       | Test Data2csv function- | 677       | Test Data2csv function\ | 678       | Test Data2csv function| | 679       | Test Data2csv function/ | 680       | Test Data2csv function- | 681       | Test Data2csv function\ | 682       | Test Data2csv function| | 683       | Test Data2csv function/ | 684       | Test Data2csv function- | 685       | Test Data2csv function\ | 686       | Test Data2csv function| | 687       | Test Data2csv function/ | 688       | Test Data2csv function- | 689       | Test Data2csv function\ | 690       | Test Data2csv function| | 691       | Test Data2csv function/ | 692       | Test Data2csv function- | 693       | Test Data2csv function\ | 694       | Test Data2csv function| | 695       | Test Data2csv function/ | 696       | Test Data2csv function- | 697       | Test Data2csv function\ | 698       | Test Data2csv function| | 699       | Test Data2csv function/ | 700       | Test Data2csv function- | 701       | Test Data2csv function\ | 702       | Test Data2csv function| | 703       | Test Data2csv function/ | 704       | Test Data2csv function- | 705       | Test Data2csv function\ | 706       | Test Data2csv function| | 707       | Test Data2csv function/ | 708       | Test Data2csv function- | 709       | Test Data2csv function\ | 710       | Test Data2csv function| | 711       | Test Data2csv function/ | 712       | Test Data2csv function- | 713       | Test Data2csv function\ | 714       | Test Data2csv function| | 715       | Test Data2csv function/ | 716       | Test Data2csv function- | 717       | Test Data2csv function\ | 718       | Test Data2csv function| | 719       | Test Data2csv function/ | 720       | Test Data2csv function- | 721       | Test Data2csv function\ | 722       | Test Data2csv function| | 723       | Test Data2csv function/ | 724       | Test Data2csv function- | 725       | Test Data2csv function\ | 726       | Test Data2csv function| | 727       | Test Data2csv function/ | 728       | Test Data2csv function- | 729       | Test Data2csv function\ | 730       | Test Data2csv function| | 731       | Test Data2csv function/ | 732       | Test Data2csv function- | 733       | Test Data2csv function\ | 734       | Test Data2csv function| | 735       | Test Data2csv function/ | 736       | Test Data2csv function- | 737       | Test Data2csv function\ | 738       | Test Data2csv function| | 739       | Test Data2csv function/ | 740       | Test Data2csv function- | 741       | Test Data2csv function\ | 742       | Test Data2csv function| | 743       | Test Data2csv function/ | 744       | Test Data2csv function- | 745       | Test Data2csv function\ | 746       | Test Data2csv function| | 747       | Test Data2csv function/ | 748       | Test Data2csv function- | 749       | Test Data2csv function\ | 750       | Test Data2csv function| | 751       | Test Data2csv function/ | 752       | Test Data2csv function- | 753       | Test Data2csv function\ | 754       | Test Data2csv function| | 755       | Test Data2csv function/ | 756       | Test Data2csv function- | 757       | Test Data2csv function\ | 758       | Test Data2csv function| | 759       | Test Data2csv function/ | 760       | Test Data2csv function- | 761       | Test Data2csv function\ | 762       | Test Data2csv function| | 763       | Test Data2csv function/ | 764       | Test Data2csv function- | 765       | Test Data2csv function\ | 766       | Test Data2csv function| | 767       | Test Data2csv function/ | 768       | Test Data2csv function- | 769       | Test Data2csv function\ | 770       | Test Data2csv function| | 771       | Test Data2csv function/ | 772       | Test Data2csv function- | 773       | Test Data2csv function\ | 774       | Test Data2csv function| | 775       | Test Data2csv function/ | 776       | Test Data2csv function- | 777       | Test Data2csv function\ | 778       | Test Data2csv function| | 779       | Test Data2csv function/ | 780       | Test Data2csv function- | 781       | Test Data2csv function\ | 782       | Test Data2csv function| | 783       | Test Data2csv function/ | 784       | Test Data2csv function- | 785       | Test Data2csv function\ | 786       | Test Data2csv function| | 787       | Test Data2csv function/ | 788       | Test Data2csv function- | 789       | Test Data2csv function\ | 790       | Test Data2csv function| | 791       | Test Data2csv function/ | 792       | Test Data2csv function- | 793       | Test Data2csv function\ | 794       | Test Data2csv function| | 795       | Test Data2csv function/ | 796       | Test Data2csv function- | 797       | Test Data2csv function\ | 798       | Test Data2csv function| | 799       | Test Data2csv function/ | 800       | Test Data2csv function- | 801       | Test Data2csv function\ | 802       | Test Data2csv function| | 803       | Test Data2csv function/ | 804       | Test Data2csv function- | 805       | Test Data2csv function\ | 806       | Test Data2csv function| | 807       | Test Data2csv function/ | 808       | Test Data2csv function- | 809       | Test Data2csv function\ | 810       | Test Data2csv function| | 811       | Test Data2csv function/ | 812       | Test Data2csv function- | 813       | Test Data2csv function\ | 814       | Test Data2csv function| | 815       | Test Data2csv function/ | 816       | Test Data2csv function- | 817       | Test Data2csv function\ | 818       | Test Data2csv function| | 819       | Test Data2csv function/ | 820       | Test Data2csv function- | 821       | Test Data2csv function\ | 822       | Test Data2csv function| | 823       | Test Data2csv function/ | 824       | Test Data2csv function- | 825       | Test Data2csv function\ | 826       | Test Data2csv function| | 827       | Test Data2csv function/ | 828       | Test Data2csv function- | 829       | Test Data2csv function\ | 830       | Test Data2csv function| | 831       | Test Data2csv function/ | 832       | Test Data2csv function- | 833       | Test Data2csv function\ | 834       | Test Data2csv function| | 835       | Test Data2csv function/ | 836       | Test Data2csv function- | 837       | Test Data2csv function\ | 838       | Test Data2csv function| | 839       | Test Data2csv function/ | 840       | Test Data2csv function- | 841       | Test Data2csv function\ | 842       | Test Data2csv function| | 843       | Test Data2csv function/ | 844       | Test Data2csv function- | 845       | Test Data2csv function\ | 846       | Test Data2csv function| | 847       | Test Data2csv function/ | 848       | Test Data2csv function- | 849       | Test Data2csv function\ | 850       | Test Data2csv function| | 851       | Test Data2csv function/ | 852       | Test Data2csv function- | 853       | Test Data2csv function\ | 854       | Test Data2csv function| | 855       | Test Data2csv function/ | 856       | Test Data2csv function- | 857       | Test Data2csv function\ | 858       | Test Data2csv function| | 859       | Test Data2csv function/ | 860       | Test Data2csv function- | 861       | Test Data2csv function\ | 862       | Test Data2csv function| | 863       | Test Data2csv function/ | 864       | Test Data2csv function- | 865       | Test Data2csv function\ | 866       | Test Data2csv function| | 867       | Test Data2csv function/ | 868       | Test Data2csv function- | 869       | Test Data2csv function\ | 870       | Test Data2csv function| | 871       | Test Data2csv function/ | 872       | Test Data2csv function- | 873       | Test Data2csv function\ | 874       | Test Data2csv function| | 875       | Test Data2csv function/ | 876       | Test Data2csv function- | 877       | Test Data2csv function\ | 878       | Test Data2csv function| | 879       | Test Data2csv function/ | 880       | Test Data2csv function- | 881       | Test Data2csv function\ | 882       | Test Data2csv function| | 883       | Test Data2csv function/ | 884       | Test Data2csv function- | 885       | Test Data2csv function\ | 886       | Test Data2csv function| | 887       | Test Data2csv function/ | 888       | Test Data2csv function- | 889       | Test Data2csv function\ | 890       | Test Data2csv function| | 891       | Test Data2csv function/ | 892       | Test Data2csv function- | 893       | Test Data2csv function\ | 894       | Test Data2csv function| | 895       | Test Data2csv function/ | 896       | Test Data2csv function- | 897       | Test Data2csv function\ | 898       | Test Data2csv function| | 899       | Test Data2csv function/ | 900       | Test Data2csv function- | 901       | Test Data2csv function\ | 902       | Test Data2csv function| | 903       | Test Data2csv function/ | 904       | Test Data2csv function- | 905       | Test Data2csv function\ | 906       | Test Data2csv function| | 907       | Test Data2csv function/ | 908       | Test Data2csv function- | 909       | Test Data2csv function\ | 910       | Test Data2csv function| | 911       | Test Data2csv function/ | 912       | Test Data2csv function- | 913       | Test Data2csv function\ | 914       | Test Data2csv function| | 915       | Test Data2csv function/ | 916       | Test Data2csv function- | 917       | Test Data2csv function\ | 918       | Test Data2csv function| | 919       | Test Data2csv function/ | 920       | Test Data2csv function- | 921       | Test Data2csv function\ | 922       | Test Data2csv function| | 923       | Test Data2csv function/ | 924       | Test Data2csv function- | 925       | Test Data2csv function\ | 926       | Test Data2csv function| | 927       | Test Data2csv function/ | 928       | Test Data2csv function- | 929       | Test Data2csv function\ | 930       | Test Data2csv function| | 931       | Test Data2csv function/ | 932       | Test Data2csv function- | 933       | Test Data2csv function\ | 934       | Test Data2csv function| | 935       | Test Data2csv function/ | 936       | Test Data2csv function- | 937       | Test Data2csv function\ | 938       | Test Data2csv function| | 939       | Test Data2csv function/ | 940       | Test Data2csv function- | 941       | Test Data2csv function\ | 942       | Test Data2csv function| | 943       | Test Data2csv function/ | 944       | Test Data2csv function- | 945       | Test Data2csv function\ | 946       | Test Data2csv function| | 947       | Test Data2csv function/ | 948       | Test Data2csv function- | 949       | Test Data2csv function\ | 950       | Test Data2csv function| | 951       | Test Data2csv function/ | 952       | Test Data2csv function- | 953       | Test Data2csv function\ | 954       | Test Data2csv function| | 955       | Test Data2csv function/ | 956       | Test Data2csv function- | 957       | Test Data2csv function\ | 958       | Test Data2csv function| | 959       | Test Data2csv function/ | 960       | Test Data2csv function- | 961       | Test Data2csv function\ | 962       | Test Data2csv function| | 963       | Test Data2csv function/ | 964       | Test Data2csv function- | 965       | Test Data2csv function\ | 966       | Test Data2csv function| | 967       | Test Data2csv function/ | 968       | Test Data2csv function- | 969       | Test Data2csv function\ | 970       | Test Data2csv function| | 971       | Test Data2csv function/ | 972       | Test Data2csv function- | 973       | Test Data2csv function\ | 974       | Test Data2csv function| | 975       | Test Data2csv function/ | 976       | Test Data2csv function- | 977       | Test Data2csv function\ | 978       | Test Data2csv function| | 979       | Test Data2csv function/ | 980       | Test Data2csv function- | 981       | Test Data2csv function\ | 982       | Test Data2csv function| | 983       | Test Data2csv function/ | 984       | Test Data2csv function- | 985       | Test Data2csv function\ | 986       | Test Data2csv function| | 987       | Test Data2csv function/ | 988       | Test Data2csv function- | 989       | Test Data2csv function\ | 990       | Test Data2csv function| | 991       | Test Data2csv function/ | 992       | Test Data2csv function- | 993       | Test Data2csv function\ | 994       | Test Data2csv function| | 995       | Test Data2csv function/ | 996       | Test Data2csv function- | 997       | Test Data2csv function\ | 998       | Test Data2csv function| | 999       | Test Data2csv function/ | 1000       | Test Data2csv function- | 1001       | Test Data2csv function\ | 1002       | Test Data2csv function| | 1003       | Test Data2csv function/ | 1004       | Test Data2csv function- | 1005       | Test Data2csv function\ | 1006       | Test Data2csv function| | 1007       | Test Data2csv function/ | 1008       | Test Data2csv function- | 1009       | Test Data2csv function\ | 1010       | Test Data2csv function| | 1011       | Test Data2csv function/ | 1012       | Test Data2csv function- | 1013       | Test Data2csv function\ | 1014       | Test Data2csv function| | 1015       | Test Data2csv function/ | 1016       | Test Data2csv function- | 1017       | Test Data2csv function\ | 1018       | Test Data2csv function| | 1019       | Test Data2csv function/ | 1020       | Test Data2csv function- | 1021       | Test Data2csv function\ | 1022       | Test Data2csv function| | 1023       | Test Data2csv function/ | 1024       | Test Data2csv function- | 1025       | Test Data2csv function\ | 1026       | Test Data2csv function| | 1027       | Test Data2csv function/ | 1028       | Test Data2csv function- | 1029       | Test Data2csv function\ | 1030       | Test Data2csv function| | 1031       | Test Data2csv function/ | 1032       | Test Data2csv function- | 1033       | Test Data2csv function\ | 1034       | Test Data2csv function| | 1035       | Test Data2csv function/ | 1036       | Test Data2csv function- | 1037       | Test Data2csv function\ | 1038       | Test Data2csv function| | 1039       | Test Data2csv function/ | 1040       | Test Data2csv function- | 1041       | Test Data2csv function\ | 1042       | Test Data2csv function| | 1043       | Test Data2csv function/ | 1044       | Test Data2csv function- | 1045       | Test Data2csv function\ | 1046       | Test Data2csv function| | 1047       | Test Data2csv function/ | 1048       | Test Data2csv function- | 1049       | Test Data2csv function\ | 1050       | Test Data2csv function| | 1051       | Test Data2csv function/ | 1052       | Test Data2csv function- | 1053       | Test Data2csv function\ | 1054       | Test Data2csv function| | 1055       | Test Data2csv function/ | 1056       | Test Data2csv function- | 1057       | Test Data2csv function\ | 1058       | Test Data2csv function| | 1059       | Test Data2csv function/ | 1060       | Test Data2csv function- | 1061       | Test Data2csv function\ | 1062       | Test Data2csv function| | 1063       | Test Data2csv function/ | 1064       | Test Data2csv function- | 1065       | Test Data2csv function\ | 1066       | Test Data2csv function| | 1067       | Test Data2csv function/ | 1068       | Test Data2csv function- | 1069       | Test Data2csv function\ | 1070       | Test Data2csv function| | 1071       | Test Data2csv function/ | 1072       | Test Data2csv function- | 1073       | Test Data2csv function\ | 1074       | Test Data2csv function| | 1075       | Test Data2csv function/ | 1076       | Test Data2csv function- | 1077       | Test Data2csv function\ | 1078       | Test Data2csv function| | 1079       | Test Data2csv function/ | 1080       | Test Data2csv function- | 1081       | Test Data2csv function\ | 1082       | Test Data2csv function| | 1083       | Test Data2csv function/ | 1084       | Test Data2csv function- | 1085       | Test Data2csv function\ | 1086       | Test Data2csv function| | 1087       | Test Data2csv function/ | 1088       | Test Data2csv function- | 1089       | Test Data2csv function\ | 1090       | Test Data2csv function| | 1091       | Test Data2csv function/ | 1092       | Test Data2csv function- | 1093       | Test Data2csv function\ | 1094       | Test Data2csv function| | 1095       | Test Data2csv function/ | 1096       | Test Data2csv function- | 1097       | Test Data2csv function\ | 1098       | Test Data2csv function| | 1099       | Test Data2csv function/ | 1100       | Test Data2csv function- | 1101       | Test Data2csv function\ | 1102       | Test Data2csv function| | 1103       | Test Data2csv function/ | 1104       | Test Data2csv function- | 1105       | Test Data2csv function\ | 1106       | Test Data2csv function| | 1107       | Test Data2csv function/ | 1108       | Test Data2csv function- | 1109       | Test Data2csv function\ | 1110       | Test Data2csv function| | 1111       | Test Data2csv function/ | 1112       | Test Data2csv function- | 1113       | Test Data2csv function\ | 1114       | Test Data2csv function| | 1115       | Test Data2csv function/ | 1116       | Test Data2csv function- | 1117       | Test Data2csv function\ | 1118       | Test Data2csv function| | 1119       | Test Data2csv function/ | 1120       | Test Data2csv function- | 1121       | Test Data2csv function\ | 1122       | Test Data2csv function| | 1123       | Test Data2csv function/ | 1124       | Test Data2csv function- | 1125       | Test Data2csv function\ | 1126       | Test Data2csv function| | 1127       | Test Data2csv function/ | 1128       | Test Data2csv function- | 1129       | Test Data2csv function\ | 1130       | Test Data2csv function| | 1131       | Test Data2csv function/ | 1132       | Test Data2csv function- | 1133       | Test Data2csv function\ | 1134       | Test Data2csv function| | 1135       | Test Data2csv function/ | 1136       | Test Data2csv function- | 1137       | Test Data2csv function\ | 1138       | Test Data2csv function| | 1139       | Test Data2csv function/ | 1140       | Test Data2csv function- | 1141       | Test Data2csv function\ | 1142       | Test Data2csv function| | 1143       | Test Data2csv function/ | 1144       | Test Data2csv function- | 1145       | Test Data2csv function\ | 1146       | Test Data2csv function| | 1147       | Test Data2csv function/ | 1148       | Test Data2csv function- | 1149       | Test Data2csv function\ | 1150       | Test Data2csv function| | 1151       | Test Data2csv function/ | 1152       | Test Data2csv function- | 1153       | Test Data2csv function\ | 1154       | Test Data2csv function| | 1155       | Test Data2csv function/ | 1156       | Test Data2csv function- | 1157       | Test Data2csv function\ | 1158       | Test Data2csv function| | 1159       | Test Data2csv function/ | 1160       | Test Data2csv function- | 1161       | Test Data2csv function\ | 1162       | Test Data2csv function| | 1163       | Test Data2csv function/ | 1164       | Test Data2csv function- | 1165       | Test Data2csv function\ | 1166       | Test Data2csv function| | 1167       | Test Data2csv function/ | 1168       | Test Data2csv function- | 1169       | Test Data2csv function\ | 1170       | Test Data2csv function| | 1171       | Test Data2csv function/ | 1172       | Test Data2csv function- | 1173       | Test Data2csv function\ | 1174       | Test Data2csv function| | 1175       | Test Data2csv function/ | 1176       | Test Data2csv function- | 1177       | Test Data2csv function\ | 1178       | Test Data2csv function| | 1179       | Test Data2csv function/ | 1180       | Test Data2csv function- | 1181       | Test Data2csv function\ | 1182       | Test Data2csv function| | 1183       | Test Data2csv function/ | 1184       | Test Data2csv function- | 1185       | Test Data2csv function\ | 1186       | Test Data2csv function| | 1187       | Test Data2csv function/ | 1188       | Test Data2csv function- | 1189       | Test Data2csv function\ | 1190       | Test Data2csv function| | 1191       | Test Data2csv function/ | 1192       | Test Data2csv function- | 1193       | Test Data2csv function\ | 1194       | Test Data2csv function| | 1195       | Test Data2csv function/ | 1196       | Test Data2csv function- | 1197       | Test Data2csv function\ | 1198       | Test Data2csv function| | 1199       | Test Data2csv function/ | 1200       | Test Data2csv function- | 1201       | Test Data2csv function\ | 1202       | Test Data2csv function| | 1203       | Test Data2csv function/ | 1204       | Test Data2csv function- | 1205       | Test Data2csv function\ | 1206       | Test Data2csv function| | 1207       | Test Data2csv function/ | 1208       | Test Data2csv function- | 1209       | Test Data2csv function\ | 1210       | Test Data2csv function| | 1211       | Test Data2csv function/ | 1212       | Test Data2csv function- | 1213       | Test Data2csv function\ | 1214       | Test Data2csv function| | 1215       | Test Data2csv function/ | 1216       | Test Data2csv function- | 1217       | Test Data2csv function\ | 1218       | Test Data2csv function| | 1219       | Test Data2csv function/ | 1220       | Test Data2csv function- | 1221       | Test Data2csv function\ | 1222       | Test Data2csv function| | 1223       | Test Data2csv function/ | 1224       | Test Data2csv function- | 1225       | Test Data2csv function\ | 1226       | Test Data2csv function| | 1227       | Test Data2csv function/ | 1228       | Test Data2csv function- | 1229       | Test Data2csv function\ | 1230       | Test Data2csv function| | 1231       | Test Data2csv function/ | 1232       | Test Data2csv function- | 1233       | Test Data2csv function\ | 1234       | Test Data2csv function| | 1235       | Test Data2csv function/ | 1236       | Test Data2csv function- | 1237       | Test Data2csv function\ | 1238       | Test Data2csv function| | 1239       | Test Data2csv function/ | 1240       | Test Data2csv function- | 1241       | Test Data2csv function\ | 1242       | Test Data2csv function| | 1243       | Test Data2csv function/ | 1244       | Test Data2csv function- | 1245       | Test Data2csv function\ | 1246       | Test Data2csv function| | 1247       | Test Data2csv function/ | 1248       | Test Data2csv function- | 1249       | Test Data2csv function\ | 1250       | Test Data2csv function| | 1251       | Test Data2csv function/ | 1252       | Test Data2csv function- | 1253       | Test Data2csv function\ | 1254       | Test Data2csv function| | 1255       | Test Data2csv function/ | 1256       | Test Data2csv function- | 1257       | Test Data2csv function\ | 1258       | Test Data2csv function| | 1259       | Test Data2csv function/ | 1260       | Test Data2csv function- | 1261       | Test Data2csv function\ | 1262       | Test Data2csv function| | 1263       | Test Data2csv function/ | 1264       | Test Data2csv function- | 1265       | Test Data2csv function\ | 1266       | Test Data2csv function| | 1267       | Test Data2csv function/ | 1268       | Test Data2csv function- | 1269       | Test Data2csv function\ | 1270       | Test Data2csv function| | 1271       | Test Data2csv function/ | 1272       | Test Data2csv function- | 1273       | Test Data2csv function\ | 1274       | Test Data2csv function| | 1275       | Test Data2csv function/ | 1276       | Test Data2csv function- | 1277       | Test Data2csv function\ | 1278       | Test Data2csv function| | 1279       | Test Data2csv function/ | 1280       | Test Data2csv function- | 1281       | Test Data2csv function\ | 1282       | Test Data2csv function| | 1283       | Test Data2csv function/ | 1284       | Test Data2csv function- | 1285       | Test Data2csv function\ | 1286       | Test Data2csv function| | 1287       | Test Data2csv function/ | 1288       | Test Data2csv function- | 1289       | Test Data2csv function\ | 1290       | Test Data2csv function| | 1291       | Test Data2csv function/ | 1292       | Test Data2csv function- | 1293       | Test Data2csv function\ | 1294       | Test Data2csv function| | 1295       | Test Data2csv function/ | 1296       | Test Data2csv function- | 1297       | Test Data2csv function\ | 1298       | Test Data2csv function| | 1299       | Test Data2csv function/ | 1300       | Test Data2csv function- | 1301       | Test Data2csv function\ | 1302       | Test Data2csv function| | 1303       | Test Data2csv function/ | 1304       | Test Data2csv function- | 1305       | Test Data2csv function\ | 1306       | Test Data2csv function| | 1307       | Test Data2csv function/ | 1308       | Test Data2csv function- | 1309       | Test Data2csv function\ | 1310       | Test Data2csv function| | 1311       | Test Data2csv function/ | 1312       | Test Data2csv function- | 1313       | Test Data2csv function\ | 1314       | Test Data2csv function| | 1315       | Test Data2csv function/ | 1316       | Test Data2csv function- | 1317       | Test Data2csv function\ | 1318       | Test Data2csv function| | 1319       | Test Data2csv function/ | 1320       | Test Data2csv function- | 1321       | Test Data2csv function\ | 1322       | Test Data2csv function| | 1323       | Test Data2csv function/ | 1324       | Test Data2csv function- | 1325       | Test Data2csv function\ | 1326       | Test Data2csv function| | 1327       | Test Data2csv function/ | 1328       | Test Data2csv function- | 1329       | Test Data2csv function\ | 1330       | Test Data2csv function| | 1331       | Test Data2csv function/ | 1332       | Test Data2csv function- | 1333       | Test Data2csv function\ | 1334       | Test Data2csv function| | 1335       | Test Data2csv function/ | 1336       | Test Data2csv function- | 1337       | Test Data2csv function\ | 1338       | Test Data2csv function| | 1339       | Test Data2csv function/ | 1340       | Test Data2csv function- | 1341       | Test Data2csv function\ | 1342       | Test Data2csv function| | 1343       | Test Data2csv function/ | 1344       | Test Data2csv function- | 1345       | Test Data2csv function\ | 1346       | Test Data2csv function| | 1347       | Test Data2csv function/ | 1348       | Test Data2csv function- | 1349       | Test Data2csv function\ | 1350       | Test Data2csv function| | 1351       | Test Data2csv function/ | 1352       | Test Data2csv function- | 1353       | Test Data2csv function\ | 1353 1     | Test Data2csv function| | 1354 1     | Test Data2csv function/ | 1355 1     | Test Data2csv function- | 1356 1     | Test Data2csv function\ | 1357 1     | Test Data2csv function| | 1358 1     | Test Data2csv function/ | 1359 1     | Test Data2csv function- | 1360 1     | Test Data2csv function\ | 1361 1     | Test Data2csv function| | 1362 1     | Test Data2csv function/ | 1363 1     | Test Data2csv function- | 1364 1     | Test Data2csv function\ | 1365 1     | Test Data2csv function| | 1366 1     | Test Data2csv function/ | 1367 1     | Test Data2csv function- | 1368 1     | Test Data2csv function\ | 1369 1     | Test Data2csv function| | 1370 1     | Test Data2csv function/ | 1371 1     | Test Data2csv function- | 1372 1     | Test Data2csv function\ | 1373 1     | Test Data2csv function| | 1374 1     | Test Data2csv function/ | 1375 1     | Test Data2csv function- | 1376 1     | Test Data2csv function\ | 1377 1     | Test Data2csv function| | 1378 1     | Test Data2csv function/ | 1379 1     | Test Data2csv function- | 1380 1     | Test Data2csv function\ | 1381 1     | Test Data2csv function| | 1382 1     | Test Data2csv function/ | 1383 1     | Test Data2csv function- | 1384 1     | Test Data2csv function\ | 1385 1     | Test Data2csv function| | 1386 1     | Test Data2csv function/ | 1387 1     | Test Data2csv function- | 1388 1     | Test Data2csv function\ | 1389 1     | Test Data2csv function| | 1390 1     | Test Data2csv function/ | 1391 1     | Test Data2csv function- | 1392 1     | Test Data2csv function\ | 1393 1     | Test Data2csv function| | 1394 1     | Test Data2csv function/ | 1395 1     | Test Data2csv function- | 1396 1     | Test Data2csv function\ | 1397 1     | Test Data2csv function| | 1398 1     | Test Data2csv function/ | 1399 1     | Test Data2csv function- | 1400 1     | Test Data2csv function\ | 1401 1     | Test Data2csv function| | 1402 1     | Test Data2csv function/ | 1403 1     | Test Data2csv function- | 1404 1     | Test Data2csv function\ | 1405 1     | Test Data2csv function| | 1406 1     | Test Data2csv function/ | 1407 1     | Test Data2csv function- | 1408 1     | Test Data2csv function\ | 1409 1     | Test Data2csv function| | 1410 1     | Test Data2csv function/ | 1411 1     | Test Data2csv function- | 1412 1     | Test Data2csv function\ | 1413 1     | Test Data2csv function| | 1414 1     | Test Data2csv function/ | 1415 1     | Test Data2csv function- | 1416 1     | Test Data2csv function\ | 1417 1     | Test Data2csv function| | 1418 1     | Test Data2csv function/ | 1419 1     | Test Data2csv function- | 1420 1     | Test Data2csv function\ | 1421 1     | Test Data2csv function| | 1422 1     | Test Data2csv function/ | 1423 1     | Test Data2csv function- | 1424 1     | Test Data2csv function\ | 1425 1     | Test Data2csv function| | 1426 1     | Test Data2csv function/ | 1427 1     | Test Data2csv function- | 1428 1     | Test Data2csv function\ | 1429 1     | Test Data2csv function| | 1430 1     | Test Data2csv function/ | 1431 1     | Test Data2csv function- | 1432 1     | Test Data2csv function\ | 1433 1     | Test Data2csv function| | 1434 1     | Test Data2csv function/ | 1435 1     | Test Data2csv function- | 1436 1     | Test Data2csv function\ | 1437 1     | Test Data2csv function| | 1438 1     | Test Data2csv function/ | 1439 1     | Test Data2csv function- | 1440 1     | Test Data2csv function\ | 1441 1     | Test Data2csv function| | 1442 1     | Test Data2csv function/ | 1443 1     | Test Data2csv function- | 1444 1     | Test Data2csv function\ | 1445 1     | Test Data2csv function| | 1446 1     | Test Data2csv function/ | 1447 1     | Test Data2csv function- | 1448 1     | Test Data2csv function\ | 1449 1     | Test Data2csv function| | 1450 1     | Test Data2csv function/ | 1451 1     | Test Data2csv function- | 1452 1     | Test Data2csv function\ | 1453 1     | Test Data2csv function| | 1454 1     | Test Data2csv function/ | 1455 1     | Test Data2csv function- | 1456 1     | Test Data2csv function\ | 1457 1     | Test Data2csv function| | 1458 1     | Test Data2csv function/ | 1459 1     | Test Data2csv function- | 1460 1     | Test Data2csv function\ | 1461 1     | Test Data2csv function| | 1462 1     | Test Data2csv function/ | 1463 1     | Test Data2csv function- | 1464 1     | Test Data2csv function\ | 1465 1     | Test Data2csv function| | 1466 1     | Test Data2csv function/ | 1467 1     | Test Data2csv function- | 1468 1     | Test Data2csv function\ | 1469 1     | Test Data2csv function| | 1470 1     | Test Data2csv function/ | 1471 1     | Test Data2csv function- | 1472 1     | Test Data2csv function\ | 1473 1     | Test Data2csv function| | 1474 1     | Test Data2csv function/ | 1475 1     | Test Data2csv function- | 1476 1     | Test Data2csv function\ | 1477 1     | Test Data2csv function| | 1478 1     | Test Data2csv function/ | 1479 1     | Test Data2csv function- | 1480 1     | Test Data2csv function\ | 1481 1     | Test Data2csv function| | 1482 1     | Test Data2csv function/ | 1483 1     | Test Data2csv function- | 1484 1     | Test Data2csv function\ | 1485 1     | Test Data2csv function| | 1486 1     | Test Data2csv function/ | 1487 1     | Test Data2csv function- | 1488 1     | Test Data2csv function\ | 1489 1     | Test Data2csv function| | 1490 1     | Test Data2csv function/ | 1491 1     | Test Data2csv function- | 1492 1     | Test Data2csv function\ | 1493 1     | Test Data2csv function| | 1494 1     | Test Data2csv function/ | 1495 1     | Test Data2csv function- | 1495 2     | Test Data2csv function\ | 1496 2     | Test Data2csv function| | 1497 2     | Test Data2csv function/ | 1498 2     | Test Data2csv function- | 1499 2     | Test Data2csv function\ | 1500 2     | Test Data2csv function| | 1501 2     | Test Data2csv function/ | 1502 2     | Test Data2csv function- | 1503 2     | Test Data2csv function\ | 1504 2     | Test Data2csv function| | 1505 2     | Test Data2csv function/ | 1506 2     | Test Data2csv function- | 1507 2     | Test Data2csv function\ | 1508 2     | Test Data2csv function| | 1509 2     | Test Data2csv function/ | 1510 2     | Test Data2csv function- | 1511 2     | Test Data2csv function\ | 1512 2     | Test Data2csv function| | 1513 2     | Test Data2csv function/ | 1514 2     | Test Data2csv function- | 1515 2     | Test Data2csv function\ | 1516 2     | Test Data2csv function| | 1517 2     | Test Data2csv function/ | 1518 2     | Test Data2csv function- | 1519 2     | Test Data2csv function\ | 1520 2     | Test Data2csv function| | 1521 2     | Test Data2csv function/ | 1522 2     | Test Data2csv function- | 1523 2     | Test Data2csv function\ | 1524 2     | Test Data2csv function| | 1525 2     | Test Data2csv function/ | 1526 2     | Test Data2csv function- | 1527 2     | Test Data2csv function\ | 1528 2     | Test Data2csv function| | 1529 2     | Test Data2csv function/ | 1530 2     | Test Data2csv function- | 1531 2     | Test Data2csv function\ | 1532 2     | Test Data2csv function| | 1533 2     | Test Data2csv function/ | 1534 2     | Test Data2csv function- | 1535 2     | Test Data2csv function\ | 1536 2     | Test Data2csv function| | 1537 2     | Test Data2csv function/ | 1538 2     | Test Data2csv function- | 1539 2     | Test Data2csv function\ | 1540 2     | Test Data2csv function| | 1541 2     | Test Data2csv function/ | 1542 2     | Test Data2csv function- | 1543 2     | Test Data2csv function\ | 1544 2     | Test Data2csv function| | 1545 2     | Test Data2csv function/ | 1546 2     | Test Data2csv function- | 1547 2     | Test Data2csv function\ | 1547 3     | Test Data2csv function| | 1547 4     | Test Data2csv function/ | 1548 4     | Test Data2csv function- | 1549 4     | Test Data2csv function\ | 1550 4     | Test Data2csv function| | 1551 4     | Test Data2csv function/ | 1552 4     | Test Data2csv function- | 1553 4     | Test Data2csv function\ | 1554 4     | Test Data2csv function| | 1555 4     | Test Data2csv function/ | 1556 4     | Test Data2csv function- | 1557 4     | Test Data2csv function\ | 1558 4     | Test Data2csv function| | 1559 4     | Test Data2csv function/ | 1560 4     | Test Data2csv function- | 1561 4     | Test Data2csv function\ | 1562 4     | Test Data2csv function| | 1563 4     | Test Data2csv function/ | 1564 4     | Test Data2csv function- | 1565 4     | Test Data2csv function\ | 1566 4     | Test Data2csv function| | 1567 4     | Test Data2csv function/ | 1568 4     | Test Data2csv function- | 1569 4     | Test Data2csv function\ | 1570 4     | Test Data2csv function